travis_fold:start:system_info[0K[33;1mBuild system information[0m
Build language: java
Build group: stable
Build dist: precise
Build id: ''
Job id: ''
[34m[1mBuild image provisioning date and time[0m
Thu Feb  5 15:09:33 UTC 2015
[34m[1mOperating System Details[0m
Distributor ID:	Ubuntu
Description:	Ubuntu 12.04.5 LTS
Release:	12.04
Codename:	precise
[34m[1mLinux Version[0m
3.13.0-29-generic
[34m[1mCookbooks Version[0m
a68419e https://github.com/travis-ci/travis-cookbooks/tree/a68419e
[34m[1mGCC version[0m
gcc (Ubuntu/Linaro 4.6.3-1ubuntu5) 4.6.3
Copyright (C) 2011 Free Software Foundation, Inc.
This is free software; see the source for copying conditions.  There is NO
warranty; not even for MERCHANTABILITY or FITNESS FOR A PARTICULAR PURPOSE.

[34m[1mLLVM version[0m
clang version 3.4 (tags/RELEASE_34/final)
Target: x86_64-unknown-linux-gnu
Thread model: posix
[34m[1mPre-installed Ruby versions[0m
ruby-1.9.3-p551
[34m[1mPre-installed Node.js versions[0m
v0.10.36
[34m[1mPre-installed Go versions[0m
1.4.1
[34m[1mRedis version[0m
redis-server 2.8.19
[34m[1mriak version[0m
2.0.2
[34m[1mMongoDB version[0m
MongoDB 2.4.12
[34m[1mCouchDB version[0m
couchdb 1.6.1
[34m[1mNeo4j version[0m
1.9.4
[34m[1mRabbitMQ Version[0m
3.4.3
[34m[1mElasticSearch version[0m
1.4.0
[34m[1mInstalled Sphinx versions[0m
2.0.10
2.1.9
2.2.6
[34m[1mDefault Sphinx version[0m
2.2.6
[34m[1mInstalled Firefox version[0m
firefox 31.0esr
[34m[1mPhantomJS version[0m
1.9.8
[34m[1mant -version[0m
Apache Ant(TM) version 1.8.2 compiled on December 3 2011
[34m[1mmvn -version[0m
Apache Maven 3.2.5 (12a6b3acb947671f09b81f49094c53f426d8cea1; 2014-12-14T17:29:23+00:00)
Maven home: /usr/local/maven
Java version: 1.7.0_76, vendor: Oracle Corporation
Java home: /usr/lib/jvm/java-7-oracle/jre
Default locale: en_US, platform encoding: ANSI_X3.4-1968
OS name: "linux", version: "3.13.0-29-generic", arch: "amd64", family: "unix"
travis_fold:end:system_info[0K
grep: /etc/apt/sources.list.d/*: No such file or directory
W: Failed to fetch http://us.archive.ubuntu.com/ubuntu/dists/precise/main/source/Sources  404  Not Found [IP: 91.189.91.38 80]

W: Failed to fetch http://us.archive.ubuntu.com/ubuntu/dists/precise/restricted/source/Sources  404  Not Found [IP: 91.189.91.38 80]

W: Failed to fetch http://us.archive.ubuntu.com/ubuntu/dists/precise/universe/source/Sources  404  Not Found [IP: 91.189.91.38 80]

W: Failed to fetch http://us.archive.ubuntu.com/ubuntu/dists/precise/multiverse/source/Sources  404  Not Found [IP: 91.189.91.38 80]

W: Failed to fetch http://us.archive.ubuntu.com/ubuntu/dists/precise/main/binary-amd64/Packages  404  Not Found [IP: 91.189.91.38 80]

W: Failed to fetch http://us.archive.ubuntu.com/ubuntu/dists/precise/restricted/binary-amd64/Packages  404  Not Found [IP: 91.189.91.38 80]

W: Failed to fetch http://us.archive.ubuntu.com/ubuntu/dists/precise/universe/binary-amd64/Packages  404  Not Found [IP: 91.189.91.38 80]

W: Failed to fetch http://us.archive.ubuntu.com/ubuntu/dists/precise/multiverse/binary-amd64/Packages  404  Not Found [IP: 91.189.91.38 80]

W: Failed to fetch http://us.archive.ubuntu.com/ubuntu/dists/precise/main/binary-i386/Packages  404  Not Found [IP: 91.189.91.38 80]

W: Failed to fetch http://us.archive.ubuntu.com/ubuntu/dists/precise/restricted/binary-i386/Packages  404  Not Found [IP: 91.189.91.38 80]

W: Failed to fetch http://us.archive.ubuntu.com/ubuntu/dists/precise/universe/binary-i386/Packages  404  Not Found [IP: 91.189.91.38 80]

W: Failed to fetch http://us.archive.ubuntu.com/ubuntu/dists/precise/multiverse/binary-i386/Packages  404  Not Found [IP: 91.189.91.38 80]

W: Failed to fetch http://us.archive.ubuntu.com/ubuntu/dists/precise-updates/main/source/Sources  404  Not Found [IP: 91.189.91.38 80]

W: Failed to fetch http://us.archive.ubuntu.com/ubuntu/dists/precise-updates/restricted/source/Sources  404  Not Found [IP: 91.189.91.38 80]

W: Failed to fetch http://us.archive.ubuntu.com/ubuntu/dists/precise-updates/universe/source/Sources  404  Not Found [IP: 91.189.91.38 80]

W: Failed to fetch http://us.archive.ubuntu.com/ubuntu/dists/precise-updates/multiverse/source/Sources  404  Not Found [IP: 91.189.91.38 80]

W: Failed to fetch http://us.archive.ubuntu.com/ubuntu/dists/precise-updates/main/binary-amd64/Packages  404  Not Found [IP: 91.189.91.38 80]

W: Failed to fetch http://us.archive.ubuntu.com/ubuntu/dists/precise-updates/restricted/binary-amd64/Packages  404  Not Found [IP: 91.189.91.38 80]

W: Failed to fetch http://us.archive.ubuntu.com/ubuntu/dists/precise-updates/universe/binary-amd64/Packages  404  Not Found [IP: 91.189.91.38 80]

W: Failed to fetch http://us.archive.ubuntu.com/ubuntu/dists/precise-updates/multiverse/binary-amd64/Packages  404  Not Found [IP: 91.189.91.38 80]

W: Failed to fetch http://us.archive.ubuntu.com/ubuntu/dists/precise-updates/main/binary-i386/Packages  404  Not Found [IP: 91.189.91.38 80]

W: Failed to fetch http://us.archive.ubuntu.com/ubuntu/dists/precise-updates/restricted/binary-i386/Packages  404  Not Found [IP: 91.189.91.38 80]

W: Failed to fetch http://us.archive.ubuntu.com/ubuntu/dists/precise-updates/universe/binary-i386/Packages  404  Not Found [IP: 91.189.91.38 80]

W: Failed to fetch http://us.archive.ubuntu.com/ubuntu/dists/precise-updates/multiverse/binary-i386/Packages  404  Not Found [IP: 91.189.91.38 80]

W: Failed to fetch http://us.archive.ubuntu.com/ubuntu/dists/precise-backports/main/source/Sources  404  Not Found [IP: 91.189.91.38 80]

W: Failed to fetch http://us.archive.ubuntu.com/ubuntu/dists/precise-backports/restricted/source/Sources  404  Not Found [IP: 91.189.91.38 80]

W: Failed to fetch http://us.archive.ubuntu.com/ubuntu/dists/precise-backports/universe/source/Sources  404  Not Found [IP: 91.189.91.38 80]

W: Failed to fetch http://us.archive.ubuntu.com/ubuntu/dists/precise-backports/multiverse/source/Sources  404  Not Found [IP: 91.189.91.38 80]

W: Failed to fetch http://us.archive.ubuntu.com/ubuntu/dists/precise-backports/main/binary-amd64/Packages  404  Not Found [IP: 91.189.91.38 80]

W: Failed to fetch http://us.archive.ubuntu.com/ubuntu/dists/precise-backports/restricted/binary-amd64/Packages  404  Not Found [IP: 91.189.91.38 80]

W: Failed to fetch http://us.archive.ubuntu.com/ubuntu/dists/precise-backports/universe/binary-amd64/Packages  404  Not Found [IP: 91.189.91.38 80]

W: Failed to fetch http://us.archive.ubuntu.com/ubuntu/dists/precise-backports/multiverse/binary-amd64/Packages  404  Not Found [IP: 91.189.91.38 80]

W: Failed to fetch http://us.archive.ubuntu.com/ubuntu/dists/precise-backports/main/binary-i386/Packages  404  Not Found [IP: 91.189.91.38 80]

W: Failed to fetch http://us.archive.ubuntu.com/ubuntu/dists/precise-backports/restricted/binary-i386/Packages  404  Not Found [IP: 91.189.91.38 80]

W: Failed to fetch http://us.archive.ubuntu.com/ubuntu/dists/precise-backports/universe/binary-i386/Packages  404  Not Found [IP: 91.189.91.38 80]

W: Failed to fetch http://us.archive.ubuntu.com/ubuntu/dists/precise-backports/multiverse/binary-i386/Packages  404  Not Found [IP: 91.189.91.38 80]

W: Failed to fetch http://security.ubuntu.com/ubuntu/dists/precise-security/main/source/Sources  404  Not Found [IP: 185.125.190.36 80]

W: Failed to fetch http://security.ubuntu.com/ubuntu/dists/precise-security/restricted/source/Sources  404  Not Found [IP: 185.125.190.36 80]

W: Failed to fetch http://security.ubuntu.com/ubuntu/dists/precise-security/universe/source/Sources  404  Not Found [IP: 185.125.190.36 80]

W: Failed to fetch http://security.ubuntu.com/ubuntu/dists/precise-security/multiverse/source/Sources  404  Not Found [IP: 185.125.190.36 80]

W: Failed to fetch http://security.ubuntu.com/ubuntu/dists/precise-security/main/binary-amd64/Packages  404  Not Found [IP: 185.125.190.36 80]

W: Failed to fetch http://security.ubuntu.com/ubuntu/dists/precise-security/restricted/binary-amd64/Packages  404  Not Found [IP: 185.125.190.36 80]

W: Failed to fetch http://security.ubuntu.com/ubuntu/dists/precise-security/universe/binary-amd64/Packages  404  Not Found [IP: 185.125.190.36 80]

W: Failed to fetch http://security.ubuntu.com/ubuntu/dists/precise-security/multiverse/binary-amd64/Packages  404  Not Found [IP: 185.125.190.36 80]

W: Failed to fetch http://security.ubuntu.com/ubuntu/dists/precise-security/main/binary-i386/Packages  404  Not Found [IP: 185.125.190.36 80]

W: Failed to fetch http://security.ubuntu.com/ubuntu/dists/precise-security/restricted/binary-i386/Packages  404  Not Found [IP: 185.125.190.36 80]

W: Failed to fetch http://security.ubuntu.com/ubuntu/dists/precise-security/universe/binary-i386/Packages  404  Not Found [IP: 185.125.190.36 80]

W: Failed to fetch http://security.ubuntu.com/ubuntu/dists/precise-security/multiverse/binary-i386/Packages  404  Not Found [IP: 185.125.190.36 80]

E: Some index files failed to download. They have been ignored, or old ones used instead.
sed: cannot rename /etc/hosts: Device or resource busy
sed: cannot rename /etc/hosts: Device or resource busy
$ jdk_switcher use oraclejdk8
Switching to Oracle JDK8 (java-8-oracle), JAVA_HOME will be set to /usr/lib/jvm/java-8-oracle
$ cd passed/spring-projects/spring-hateoas
travis_fold:start:apt[0K[33;1mInstalling APT Packages (BETA)[0m
$ export DEBIAN_FRONTEND=noninteractive
travis_time:start:1cc49e58[0K$ sudo -E apt-get -yq update &>> ~/apt-get-update.log

travis_time:end:1cc49e58:start=1659273449390086354,finish=1659273452047271646,duration=2657185292[0Ktravis_time:start:242c35c5[0K$ sudo -E apt-get -yq --no-install-suggests --no-install-recommends --force-yes install oracle-java8-installer
Reading package lists...
Building dependency tree...
Reading state information...
oracle-java8-installer is already the newest version.
0 upgraded, 0 newly installed, 0 to remove and 0 not upgraded.

travis_time:end:242c35c5:start=1659273452053914465,finish=1659273452131225257,duration=77310792[0Ktravis_fold:end:apt[0K
[33;1mSetting environment variables from .travis.yml[0m
$ export PROFILE=spring5-next

travis_fold:start:cache.1[0KSetting up build cache
$ export CASHER_DIR=$HOME/.casher
travis_time:start:02eafdc4[0K$ Installing caching utilities

travis_time:end:02eafdc4:start=1659273452617002873,finish=1659273452673039433,duration=56036560[0Ktravis_time:start:240a9be0[0K
travis_time:end:240a9be0:start=1659273452685920147,finish=1659273452698852954,duration=12932807[0Ktravis_time:start:01261ade[0K/home/travis/.casher/bin/casher:213:in `cache_archive_name': undefined method `[]' for nil:NilClass (NoMethodError)
	from /home/travis/.casher/bin/casher:65:in `block in fetch'
	from /home/travis/.casher/bin/casher:64:in `each'
	from /home/travis/.casher/bin/casher:64:in `fetch'
	from /home/travis/.casher/bin/casher:53:in `block in run'
	from /home/travis/.rvm/rubies/ruby-1.9.3-p551/lib/ruby/1.9.1/timeout.rb:69:in `timeout'
	from /home/travis/.casher/bin/casher:53:in `run'
	from /home/travis/.casher/bin/casher:263:in `<main>'
[32;1mattempting to download cache archive[0m

travis_time:end:01261ade:start=1659273452706737201,finish=1659273453515889202,duration=809152001[0Ktravis_time:start:0d4cf3e0[0K
travis_time:end:0d4cf3e0:start=1659273453525693762,finish=1659273453534146789,duration=8453027[0Ktravis_time:start:2f85ad85[0K[32;1madding /home/travis/.m2 to cache[0m

travis_time:end:2f85ad85:start=1659273453542315877,finish=1659273454383076977,duration=840761100[0Ktravis_fold:end:cache.1[0K$ java -Xmx32m -version
java version "1.8.0_31"
Java(TM) SE Runtime Environment (build 1.8.0_31-b13)
Java HotSpot(TM) 64-Bit Server VM (build 25.31-b07, mixed mode)
$ javac -J-Xmx32m -version
javac 1.8.0_31
travis_fold:start:install[0Ktravis_time:start:0b3bbba0[0K$ true

travis_time:end:0b3bbba0:start=1659273454694901835,finish=1659273454703303438,duration=8401603[0Ktravis_fold:end:install[0Ktravis_time:start:26930f23[0K$ mvn clean dependency:list test -P${PROFILE} -Dsort
Java HotSpot(TM) 64-Bit Server VM warning: ignoring option MaxPermSize=192m; support was removed in 8.0
[INFO] Scanning for projects...
[INFO]                                                                         
[INFO] ------------------------------------------------------------------------
[INFO] Building Spring HATEOAS 0.24.0.BUILD-SNAPSHOT
[INFO] ------------------------------------------------------------------------
Downloading: https://repository.apache.org/snapshots/org/springframework/spring-aop/5.0.0.BUILD-SNAPSHOT/maven-metadata.xml
Downloading: https://repo.spring.io/snapshot/org/springframework/spring-aop/5.0.0.BUILD-SNAPSHOT/maven-metadata.xml
Downloading: http://repo.spring.io/libs-snapshot/org/springframework/spring-aop/5.0.0.BUILD-SNAPSHOT/maven-metadata.xml
1/2 KB   2/2 KB                     Downloaded: https://repo.spring.io/snapshot/org/springframework/spring-aop/5.0.0.BUILD-SNAPSHOT/maven-metadata.xml (2 KB at 1.1 KB/sec)
[WARNING] Could not transfer metadata org.springframework:spring-aop:5.0.0.BUILD-SNAPSHOT/maven-metadata.xml from/to spring-libs-snapshot (http://repo.spring.io/libs-snapshot): Failed to transfer file: http://repo.spring.io/libs-snapshot/org/springframework/spring-aop/5.0.0.BUILD-SNAPSHOT/maven-metadata.xml. Return code is: 308 , ReasonPhrase:Permanent Redirect.
[WARNING] Failure to transfer org.springframework:spring-aop:5.0.0.BUILD-SNAPSHOT/maven-metadata.xml from http://repo.spring.io/libs-snapshot was cached in the local repository, resolution will not be reattempted until the update interval of spring-libs-snapshot has elapsed or updates are forced. Original error: Could not transfer metadata org.springframework:spring-aop:5.0.0.BUILD-SNAPSHOT/maven-metadata.xml from/to spring-libs-snapshot (http://repo.spring.io/libs-snapshot): Failed to transfer file: http://repo.spring.io/libs-snapshot/org/springframework/spring-aop/5.0.0.BUILD-SNAPSHOT/maven-metadata.xml. Return code is: 308 , ReasonPhrase:Permanent Redirect.
Downloading: http://repo.spring.io/libs-snapshot/org/springframework/spring-beans/5.0.0.BUILD-SNAPSHOT/maven-metadata.xml
Downloading: https://repository.apache.org/snapshots/org/springframework/spring-beans/5.0.0.BUILD-SNAPSHOT/maven-metadata.xml
Downloading: https://repo.spring.io/snapshot/org/springframework/spring-beans/5.0.0.BUILD-SNAPSHOT/maven-metadata.xml
         1/2 KB   2/2 KB            Downloaded: https://repo.spring.io/snapshot/org/springframework/spring-beans/5.0.0.BUILD-SNAPSHOT/maven-metadata.xml (2 KB at 4.8 KB/sec)
         [WARNING] Could not transfer metadata org.springframework:spring-beans:5.0.0.BUILD-SNAPSHOT/maven-metadata.xml from/to spring-libs-snapshot (http://repo.spring.io/libs-snapshot): Failed to transfer file: http://repo.spring.io/libs-snapshot/org/springframework/spring-beans/5.0.0.BUILD-SNAPSHOT/maven-metadata.xml. Return code is: 308 , ReasonPhrase:Permanent Redirect.
[WARNING] Failure to transfer org.springframework:spring-beans:5.0.0.BUILD-SNAPSHOT/maven-metadata.xml from http://repo.spring.io/libs-snapshot was cached in the local repository, resolution will not be reattempted until the update interval of spring-libs-snapshot has elapsed or updates are forced. Original error: Could not transfer metadata org.springframework:spring-beans:5.0.0.BUILD-SNAPSHOT/maven-metadata.xml from/to spring-libs-snapshot (http://repo.spring.io/libs-snapshot): Failed to transfer file: http://repo.spring.io/libs-snapshot/org/springframework/spring-beans/5.0.0.BUILD-SNAPSHOT/maven-metadata.xml. Return code is: 308 , ReasonPhrase:Permanent Redirect.
Downloading: https://repository.apache.org/snapshots/org/springframework/spring-core/5.0.0.BUILD-SNAPSHOT/maven-metadata.xml
Downloading: http://repo.spring.io/libs-snapshot/org/springframework/spring-core/5.0.0.BUILD-SNAPSHOT/maven-metadata.xml
Downloading: https://repo.spring.io/snapshot/org/springframework/spring-core/5.0.0.BUILD-SNAPSHOT/maven-metadata.xml
1/2 KB   2/2 KB                     Downloaded: https://repo.spring.io/snapshot/org/springframework/spring-core/5.0.0.BUILD-SNAPSHOT/maven-metadata.xml (2 KB at 5.3 KB/sec)
         [WARNING] Could not transfer metadata org.springframework:spring-core:5.0.0.BUILD-SNAPSHOT/maven-metadata.xml from/to spring-libs-snapshot (http://repo.spring.io/libs-snapshot): Failed to transfer file: http://repo.spring.io/libs-snapshot/org/springframework/spring-core/5.0.0.BUILD-SNAPSHOT/maven-metadata.xml. Return code is: 308 , ReasonPhrase:Permanent Redirect.
[WARNING] Failure to transfer org.springframework:spring-core:5.0.0.BUILD-SNAPSHOT/maven-metadata.xml from http://repo.spring.io/libs-snapshot was cached in the local repository, resolution will not be reattempted until the update interval of spring-libs-snapshot has elapsed or updates are forced. Original error: Could not transfer metadata org.springframework:spring-core:5.0.0.BUILD-SNAPSHOT/maven-metadata.xml from/to spring-libs-snapshot (http://repo.spring.io/libs-snapshot): Failed to transfer file: http://repo.spring.io/libs-snapshot/org/springframework/spring-core/5.0.0.BUILD-SNAPSHOT/maven-metadata.xml. Return code is: 308 , ReasonPhrase:Permanent Redirect.
Downloading: https://repo.spring.io/snapshot/org/springframework/spring-jcl/5.0.0.BUILD-SNAPSHOT/maven-metadata.xml
Downloading: http://repo.spring.io/libs-snapshot/org/springframework/spring-jcl/5.0.0.BUILD-SNAPSHOT/maven-metadata.xml
Downloading: https://repository.apache.org/snapshots/org/springframework/spring-jcl/5.0.0.BUILD-SNAPSHOT/maven-metadata.xml
         1/2 KB   2/2 KB            Downloaded: https://repo.spring.io/snapshot/org/springframework/spring-jcl/5.0.0.BUILD-SNAPSHOT/maven-metadata.xml (2 KB at 4.6 KB/sec)
         [WARNING] Could not transfer metadata org.springframework:spring-jcl:5.0.0.BUILD-SNAPSHOT/maven-metadata.xml from/to spring-libs-snapshot (http://repo.spring.io/libs-snapshot): Failed to transfer file: http://repo.spring.io/libs-snapshot/org/springframework/spring-jcl/5.0.0.BUILD-SNAPSHOT/maven-metadata.xml. Return code is: 308 , ReasonPhrase:Permanent Redirect.
[WARNING] Failure to transfer org.springframework:spring-jcl:5.0.0.BUILD-SNAPSHOT/maven-metadata.xml from http://repo.spring.io/libs-snapshot was cached in the local repository, resolution will not be reattempted until the update interval of spring-libs-snapshot has elapsed or updates are forced. Original error: Could not transfer metadata org.springframework:spring-jcl:5.0.0.BUILD-SNAPSHOT/maven-metadata.xml from/to spring-libs-snapshot (http://repo.spring.io/libs-snapshot): Failed to transfer file: http://repo.spring.io/libs-snapshot/org/springframework/spring-jcl/5.0.0.BUILD-SNAPSHOT/maven-metadata.xml. Return code is: 308 , ReasonPhrase:Permanent Redirect.
Downloading: https://repository.apache.org/snapshots/org/springframework/spring-context/5.0.0.BUILD-SNAPSHOT/maven-metadata.xml
Downloading: http://repo.spring.io/libs-snapshot/org/springframework/spring-context/5.0.0.BUILD-SNAPSHOT/maven-metadata.xml
Downloading: https://repo.spring.io/snapshot/org/springframework/spring-context/5.0.0.BUILD-SNAPSHOT/maven-metadata.xml
1/2 KB   2/2 KB                     Downloaded: https://repo.spring.io/snapshot/org/springframework/spring-context/5.0.0.BUILD-SNAPSHOT/maven-metadata.xml (2 KB at 5.2 KB/sec)
         [WARNING] Could not transfer metadata org.springframework:spring-context:5.0.0.BUILD-SNAPSHOT/maven-metadata.xml from/to spring-libs-snapshot (http://repo.spring.io/libs-snapshot): Failed to transfer file: http://repo.spring.io/libs-snapshot/org/springframework/spring-context/5.0.0.BUILD-SNAPSHOT/maven-metadata.xml. Return code is: 308 , ReasonPhrase:Permanent Redirect.
[WARNING] Failure to transfer org.springframework:spring-context:5.0.0.BUILD-SNAPSHOT/maven-metadata.xml from http://repo.spring.io/libs-snapshot was cached in the local repository, resolution will not be reattempted until the update interval of spring-libs-snapshot has elapsed or updates are forced. Original error: Could not transfer metadata org.springframework:spring-context:5.0.0.BUILD-SNAPSHOT/maven-metadata.xml from/to spring-libs-snapshot (http://repo.spring.io/libs-snapshot): Failed to transfer file: http://repo.spring.io/libs-snapshot/org/springframework/spring-context/5.0.0.BUILD-SNAPSHOT/maven-metadata.xml. Return code is: 308 , ReasonPhrase:Permanent Redirect.
Downloading: http://repo.spring.io/libs-snapshot/org/springframework/spring-expression/5.0.0.BUILD-SNAPSHOT/maven-metadata.xml
Downloading: https://repo.spring.io/snapshot/org/springframework/spring-expression/5.0.0.BUILD-SNAPSHOT/maven-metadata.xml
Downloading: https://repository.apache.org/snapshots/org/springframework/spring-expression/5.0.0.BUILD-SNAPSHOT/maven-metadata.xml
1/2 KB   2/2 KB                     Downloaded: https://repo.spring.io/snapshot/org/springframework/spring-expression/5.0.0.BUILD-SNAPSHOT/maven-metadata.xml (2 KB at 6.5 KB/sec)
         [WARNING] Could not transfer metadata org.springframework:spring-expression:5.0.0.BUILD-SNAPSHOT/maven-metadata.xml from/to spring-libs-snapshot (http://repo.spring.io/libs-snapshot): Failed to transfer file: http://repo.spring.io/libs-snapshot/org/springframework/spring-expression/5.0.0.BUILD-SNAPSHOT/maven-metadata.xml. Return code is: 308 , ReasonPhrase:Permanent Redirect.
[WARNING] Failure to transfer org.springframework:spring-expression:5.0.0.BUILD-SNAPSHOT/maven-metadata.xml from http://repo.spring.io/libs-snapshot was cached in the local repository, resolution will not be reattempted until the update interval of spring-libs-snapshot has elapsed or updates are forced. Original error: Could not transfer metadata org.springframework:spring-expression:5.0.0.BUILD-SNAPSHOT/maven-metadata.xml from/to spring-libs-snapshot (http://repo.spring.io/libs-snapshot): Failed to transfer file: http://repo.spring.io/libs-snapshot/org/springframework/spring-expression/5.0.0.BUILD-SNAPSHOT/maven-metadata.xml. Return code is: 308 , ReasonPhrase:Permanent Redirect.
Downloading: https://repository.apache.org/snapshots/org/springframework/spring-web/5.0.0.BUILD-SNAPSHOT/maven-metadata.xml
Downloading: https://repo.spring.io/snapshot/org/springframework/spring-web/5.0.0.BUILD-SNAPSHOT/maven-metadata.xml
Downloading: http://repo.spring.io/libs-snapshot/org/springframework/spring-web/5.0.0.BUILD-SNAPSHOT/maven-metadata.xml
1/2 KB   2/2 KB                     Downloaded: https://repo.spring.io/snapshot/org/springframework/spring-web/5.0.0.BUILD-SNAPSHOT/maven-metadata.xml (2 KB at 6.8 KB/sec)
         [WARNING] Could not transfer metadata org.springframework:spring-web:5.0.0.BUILD-SNAPSHOT/maven-metadata.xml from/to spring-libs-snapshot (http://repo.spring.io/libs-snapshot): Failed to transfer file: http://repo.spring.io/libs-snapshot/org/springframework/spring-web/5.0.0.BUILD-SNAPSHOT/maven-metadata.xml. Return code is: 308 , ReasonPhrase:Permanent Redirect.
[WARNING] Failure to transfer org.springframework:spring-web:5.0.0.BUILD-SNAPSHOT/maven-metadata.xml from http://repo.spring.io/libs-snapshot was cached in the local repository, resolution will not be reattempted until the update interval of spring-libs-snapshot has elapsed or updates are forced. Original error: Could not transfer metadata org.springframework:spring-web:5.0.0.BUILD-SNAPSHOT/maven-metadata.xml from/to spring-libs-snapshot (http://repo.spring.io/libs-snapshot): Failed to transfer file: http://repo.spring.io/libs-snapshot/org/springframework/spring-web/5.0.0.BUILD-SNAPSHOT/maven-metadata.xml. Return code is: 308 , ReasonPhrase:Permanent Redirect.
Downloading: https://repo.spring.io/snapshot/org/springframework/spring-webmvc/5.0.0.BUILD-SNAPSHOT/maven-metadata.xml
Downloading: http://repo.spring.io/libs-snapshot/org/springframework/spring-webmvc/5.0.0.BUILD-SNAPSHOT/maven-metadata.xml
Downloading: https://repository.apache.org/snapshots/org/springframework/spring-webmvc/5.0.0.BUILD-SNAPSHOT/maven-metadata.xml
1/2 KB   2/2 KB                     Downloaded: https://repo.spring.io/snapshot/org/springframework/spring-webmvc/5.0.0.BUILD-SNAPSHOT/maven-metadata.xml (2 KB at 6.8 KB/sec)
         [WARNING] Could not transfer metadata org.springframework:spring-webmvc:5.0.0.BUILD-SNAPSHOT/maven-metadata.xml from/to spring-libs-snapshot (http://repo.spring.io/libs-snapshot): Failed to transfer file: http://repo.spring.io/libs-snapshot/org/springframework/spring-webmvc/5.0.0.BUILD-SNAPSHOT/maven-metadata.xml. Return code is: 308 , ReasonPhrase:Permanent Redirect.
[WARNING] Failure to transfer org.springframework:spring-webmvc:5.0.0.BUILD-SNAPSHOT/maven-metadata.xml from http://repo.spring.io/libs-snapshot was cached in the local repository, resolution will not be reattempted until the update interval of spring-libs-snapshot has elapsed or updates are forced. Original error: Could not transfer metadata org.springframework:spring-webmvc:5.0.0.BUILD-SNAPSHOT/maven-metadata.xml from/to spring-libs-snapshot (http://repo.spring.io/libs-snapshot): Failed to transfer file: http://repo.spring.io/libs-snapshot/org/springframework/spring-webmvc/5.0.0.BUILD-SNAPSHOT/maven-metadata.xml. Return code is: 308 , ReasonPhrase:Permanent Redirect.
Downloading: https://repository.apache.org/snapshots/org/springframework/spring-test/5.0.0.BUILD-SNAPSHOT/maven-metadata.xml
Downloading: http://repo.spring.io/libs-snapshot/org/springframework/spring-test/5.0.0.BUILD-SNAPSHOT/maven-metadata.xml
Downloading: https://repo.spring.io/snapshot/org/springframework/spring-test/5.0.0.BUILD-SNAPSHOT/maven-metadata.xml
1/2 KB   2/2 KB                     Downloaded: https://repo.spring.io/snapshot/org/springframework/spring-test/5.0.0.BUILD-SNAPSHOT/maven-metadata.xml (2 KB at 5.6 KB/sec)
         [WARNING] Could not transfer metadata org.springframework:spring-test:5.0.0.BUILD-SNAPSHOT/maven-metadata.xml from/to spring-libs-snapshot (http://repo.spring.io/libs-snapshot): Failed to transfer file: http://repo.spring.io/libs-snapshot/org/springframework/spring-test/5.0.0.BUILD-SNAPSHOT/maven-metadata.xml. Return code is: 308 , ReasonPhrase:Permanent Redirect.
[WARNING] Failure to transfer org.springframework:spring-test:5.0.0.BUILD-SNAPSHOT/maven-metadata.xml from http://repo.spring.io/libs-snapshot was cached in the local repository, resolution will not be reattempted until the update interval of spring-libs-snapshot has elapsed or updates are forced. Original error: Could not transfer metadata org.springframework:spring-test:5.0.0.BUILD-SNAPSHOT/maven-metadata.xml from/to spring-libs-snapshot (http://repo.spring.io/libs-snapshot): Failed to transfer file: http://repo.spring.io/libs-snapshot/org/springframework/spring-test/5.0.0.BUILD-SNAPSHOT/maven-metadata.xml. Return code is: 308 , ReasonPhrase:Permanent Redirect.
[INFO] 
[INFO] --- maven-clean-plugin:2.5:clean (default-clean) @ spring-hateoas ---
[INFO] Deleting /home/travis/build/passed/spring-projects/spring-hateoas/target
[INFO] 
[INFO] --- maven-dependency-plugin:2.8:list (default-cli) @ spring-hateoas ---
[INFO] 
[INFO] The following files have been resolved:
[INFO]    ch.qos.logback:logback-classic:jar:1.1.8:test
[INFO]    ch.qos.logback:logback-core:jar:1.1.8:test
[INFO]    com.fasterxml.jackson.core:jackson-annotations:jar:2.9.0.pr3:compile
[INFO]    com.fasterxml.jackson.core:jackson-core:jar:2.9.0.pr3:compile
[INFO]    com.fasterxml.jackson.core:jackson-databind:jar:2.9.0.pr3:compile
[INFO]    com.jayway.jsonpath:json-path:jar:2.2.0:compile
[INFO]    commons-collections:commons-collections:jar:3.2.1:test
[INFO]    commons-io:commons-io:jar:2.4:test
[INFO]    commons-lang:commons-lang:jar:2.6:test
[INFO]    javax.servlet:servlet-api:jar:2.5:provided
[INFO]    javax.ws.rs:javax.ws.rs-api:jar:2.0.1:compile
[INFO]    joda-time:joda-time:jar:2.9.7:test
[INFO]    junit:junit:jar:4.12:test
[INFO]    net.jadler:jadler-all:jar:1.1.1:test
[INFO]    net.jadler:jadler-core:jar:1.1.1:test
[INFO]    net.jadler:jadler-jetty:jar:1.1.1:test
[INFO]    net.jadler:jadler-junit:jar:1.1.1:test
[INFO]    net.minidev:accessors-smart:jar:1.1:compile
[INFO]    net.minidev:json-smart:jar:2.2.1:compile
[INFO]    org.atteo:evo-inflector:jar:1.2.1:compile
[INFO]    org.eclipse.jetty.orbit:javax.servlet:jar:3.0.0.v201112011016:test
[INFO]    org.eclipse.jetty:jetty-continuation:jar:8.1.11.v20130520:test
[INFO]    org.eclipse.jetty:jetty-http:jar:8.1.11.v20130520:test
[INFO]    org.eclipse.jetty:jetty-io:jar:8.1.11.v20130520:test
[INFO]    org.eclipse.jetty:jetty-server:jar:8.1.11.v20130520:test
[INFO]    org.eclipse.jetty:jetty-util:jar:8.1.11.v20130520:test
[INFO]    org.hamcrest:hamcrest-core:jar:1.3:test
[INFO]    org.hamcrest:hamcrest-library:jar:1.3:test
[INFO]    org.mockito:mockito-all:jar:1.10.19:test
[INFO]    org.ow2.asm:asm:jar:5.0.3:compile
[INFO]    org.projectlombok:lombok:jar:1.16.12:provided
[INFO]    org.slf4j:jcl-over-slf4j:jar:1.7.22:test
[INFO]    org.slf4j:slf4j-api:jar:1.7.22:compile
[INFO]    org.springframework.plugin:spring-plugin-core:jar:1.2.0.RELEASE:compile
[INFO]    org.springframework:spring-aop:jar:5.0.0.BUILD-SNAPSHOT:compile
[INFO]    org.springframework:spring-beans:jar:5.0.0.BUILD-SNAPSHOT:compile
[INFO]    org.springframework:spring-context:jar:5.0.0.BUILD-SNAPSHOT:compile
[INFO]    org.springframework:spring-core:jar:5.0.0.BUILD-SNAPSHOT:compile
[INFO]    org.springframework:spring-expression:jar:5.0.0.BUILD-SNAPSHOT:compile
[INFO]    org.springframework:spring-jcl:jar:5.0.0.BUILD-SNAPSHOT:compile
[INFO]    org.springframework:spring-test:jar:5.0.0.BUILD-SNAPSHOT:test
[INFO]    org.springframework:spring-web:jar:5.0.0.BUILD-SNAPSHOT:compile
[INFO]    org.springframework:spring-webmvc:jar:5.0.0.BUILD-SNAPSHOT:compile
[INFO]    xmlunit:xmlunit:jar:1.6:test
[INFO] 
[INFO] 
[INFO] --- maven-resources-plugin:2.6:resources (default-resources) @ spring-hateoas ---
[INFO] Using 'UTF-8' encoding to copy filtered resources.
[INFO] Copying 3 resources
[INFO] 
[INFO] --- maven-compiler-plugin:3.3:compile (default-compile) @ spring-hateoas ---
[INFO] Changes detected - recompiling the module!
[INFO] Compiling 89 source files to /home/travis/build/passed/spring-projects/spring-hateoas/target/classes
[INFO] /home/travis/build/passed/spring-projects/spring-hateoas/src/main/java/org/springframework/hateoas/mvc/ControllerLinkBuilder.java: Some input files use or override a deprecated API.
[INFO] /home/travis/build/passed/spring-projects/spring-hateoas/src/main/java/org/springframework/hateoas/mvc/ControllerLinkBuilder.java: Recompile with -Xlint:deprecation for details.
[INFO] 
[INFO] --- com.springsource.bundlor.maven:1.0.0.RELEASE:bundlor (bundlor) @ spring-hateoas ---
Manifest written to '/home/travis/build/passed/spring-projects/spring-hateoas/target/classes/META-INF/MANIFEST.MF'
[INFO] 
[INFO] --- maven-resources-plugin:2.6:testResources (default-testResources) @ spring-hateoas ---
[INFO] Using 'UTF-8' encoding to copy filtered resources.
[INFO] Copying 11 resources
[INFO] 
[INFO] --- maven-compiler-plugin:3.3:testCompile (default-testCompile) @ spring-hateoas ---
[INFO] Changes detected - recompiling the module!
[INFO] Compiling 61 source files to /home/travis/build/passed/spring-projects/spring-hateoas/target/test-classes
[INFO] 
[INFO] --- maven-surefire-plugin:2.12.4:test (default-test) @ spring-hateoas ---
[INFO] Surefire report directory: /home/travis/build/passed/spring-projects/spring-hateoas/target/surefire-reports

-------------------------------------------------------
 T E S T S
-------------------------------------------------------
Running org.springframework.hateoas.alps.JacksonSerializationTest
Tests run: 1, Failures: 0, Errors: 0, Skipped: 0, Time elapsed: 0.334 sec
Running org.springframework.hateoas.config.XmlConfigurationIntegrationTest
Tests run: 1, Failures: 0, Errors: 0, Skipped: 0, Time elapsed: 0.986 sec
Running org.springframework.hateoas.config.EnableEntityLinksIntegrationTest
Tests run: 1, Failures: 0, Errors: 0, Skipped: 0, Time elapsed: 0.25 sec
Running org.springframework.hateoas.config.EnableHypermediaSupportIntegrationTest
Tests run: 6, Failures: 0, Errors: 0, Skipped: 0, Time elapsed: 0.801 sec
Running org.springframework.hateoas.core.MethodParametersUnitTest
Tests run: 2, Failures: 0, Errors: 0, Skipped: 0, Time elapsed: 0.005 sec
Running org.springframework.hateoas.core.DelegatingRelProviderUnitTest
Tests run: 1, Failures: 0, Errors: 0, Skipped: 0, Time elapsed: 0.009 sec
Running org.springframework.hateoas.core.EmbeddedWrappersUnitTest
Tests run: 3, Failures: 0, Errors: 0, Skipped: 0, Time elapsed: 0 sec
Running org.springframework.hateoas.core.ControllerEntityLinksUnitTest
Tests run: 6, Failures: 0, Errors: 0, Skipped: 0, Time elapsed: 0.22 sec
Running org.springframework.hateoas.core.ControllerEntityLinksFactoryBeanUnitTest
Tests run: 2, Failures: 0, Errors: 0, Skipped: 0, Time elapsed: 0.002 sec
Running org.springframework.hateoas.core.JsonPathLinkDiscovererUnitTest
Tests run: 3, Failures: 0, Errors: 0, Skipped: 0, Time elapsed: 0 sec
Running org.springframework.hateoas.core.LinkBuilderSupportUnitTest
Tests run: 3, Failures: 0, Errors: 0, Skipped: 0, Time elapsed: 0.003 sec
Running org.springframework.hateoas.core.DelegatingEntityLinksUnitTest
Tests run: 4, Failures: 0, Errors: 0, Skipped: 0, Time elapsed: 0.025 sec
Running org.springframework.hateoas.core.EvoInflectorRelProviderUnitTest
Tests run: 1, Failures: 0, Errors: 0, Skipped: 0, Time elapsed: 0.003 sec
Running org.springframework.hateoas.core.AnnotationMappingDiscovererUnitTest
Tests run: 13, Failures: 0, Errors: 0, Skipped: 0, Time elapsed: 0.021 sec
Running org.springframework.hateoas.hal.DefaultCurieProviderUnitTest
Tests run: 14, Failures: 0, Errors: 0, Skipped: 0, Time elapsed: 0.014 sec
Running org.springframework.hateoas.hal.Jackson2HalIntegrationTest
Tests run: 24, Failures: 0, Errors: 0, Skipped: 0, Time elapsed: 0.237 sec
Running org.springframework.hateoas.hal.HalEmbeddedBuilderUnitTest
Tests run: 11, Failures: 0, Errors: 0, Skipped: 0, Time elapsed: 0.016 sec
Running org.springframework.hateoas.hal.HalLinkDiscovererUnitTest
Tests run: 7, Failures: 0, Errors: 0, Skipped: 0, Time elapsed: 0.056 sec
Running org.springframework.hateoas.TemplateVariablesUnitTest
Tests run: 15, Failures: 0, Errors: 0, Skipped: 0, Time elapsed: 0.005 sec
Running org.springframework.hateoas.client.TraversonTest
Tests run: 19, Failures: 0, Errors: 0, Skipped: 0, Time elapsed: 9.494 sec
Running org.springframework.hateoas.client.HopUnitTest
Tests run: 7, Failures: 0, Errors: 0, Skipped: 0, Time elapsed: 0.004 sec
Running org.springframework.hateoas.mvc.ForwardedHeaderUnitTest
Tests run: 3, Failures: 0, Errors: 0, Skipped: 0, Time elapsed: 0.001 sec
Running org.springframework.hateoas.mvc.DummyInvocationUtilsUnitTest
Tests run: 1, Failures: 0, Errors: 0, Skipped: 0, Time elapsed: 0.101 sec
Running org.springframework.hateoas.mvc.ControllerLinkBuilderUnitTest
Tests run: 43, Failures: 0, Errors: 0, Skipped: 0, Time elapsed: 0.108 sec
Running org.springframework.hateoas.mvc.ControllerLinkBuilderFactoryUnitTest
Tests run: 9, Failures: 0, Errors: 0, Skipped: 0, Time elapsed: 0.089 sec
Running org.springframework.hateoas.mvc.HeaderLinksResponseEntityUnitTest
Tests run: 2, Failures: 0, Errors: 0, Skipped: 0, Time elapsed: 0.001 sec
Running org.springframework.hateoas.mvc.TypeConstrainedMappingJackson2HttpMessageConverterUnitTest
Tests run: 3, Failures: 0, Errors: 0, Skipped: 0, Time elapsed: 0.013 sec
Running org.springframework.hateoas.mvc.ControllerLinkBuilderOutsideSpringMvcUnitTest
Tests run: 1, Failures: 0, Errors: 0, Skipped: 0, Time elapsed: 0 sec
Running org.springframework.hateoas.mvc.IdentifiableResourceAssemblerSupportUnitTest
Tests run: 4, Failures: 0, Errors: 0, Skipped: 0, Time elapsed: 0.007 sec
Running org.springframework.hateoas.mvc.TypeReferencesIntegrationTest
Tests run: 3, Failures: 0, Errors: 0, Skipped: 0, Time elapsed: 0.153 sec
Running org.springframework.hateoas.ResourceUnitTest
Tests run: 5, Failures: 0, Errors: 0, Skipped: 0, Time elapsed: 0 sec
Running org.springframework.hateoas.ResourceSupportUnitTest
Tests run: 12, Failures: 0, Errors: 0, Skipped: 0, Time elapsed: 0.002 sec
Running org.springframework.hateoas.VndErrorsMarshallingTest
Tests run: 4, Failures: 0, Errors: 0, Skipped: 0, Time elapsed: 0.124 sec
Running org.springframework.hateoas.UriTemplateUnitTest
Tests run: 20, Failures: 0, Errors: 0, Skipped: 0, Time elapsed: 0.005 sec
Running org.springframework.hateoas.ResourceSupportIntegrationTest
Tests run: 2, Failures: 0, Errors: 0, Skipped: 0, Time elapsed: 0.004 sec
Running org.springframework.hateoas.PagedResourcesUnitTest
Tests run: 8, Failures: 0, Errors: 0, Skipped: 0, Time elapsed: 0.001 sec
Running org.springframework.hateoas.ResourcesUnitTest
Tests run: 4, Failures: 0, Errors: 0, Skipped: 0, Time elapsed: 0 sec
Running org.springframework.hateoas.ResourceIntegrationTest
Tests run: 3, Failures: 0, Errors: 0, Skipped: 0, Time elapsed: 0.022 sec
Running org.springframework.hateoas.LinkDiscoverersUnitTest
Tests run: 2, Failures: 0, Errors: 0, Skipped: 0, Time elapsed: 0 sec
Running org.springframework.hateoas.Jackson2ResourceIntegrationTest
Tests run: 2, Failures: 0, Errors: 0, Skipped: 0, Time elapsed: 0.007 sec
Running org.springframework.hateoas.jaxrs.JaxRsLinkBuilderFactoryUnitTest
Tests run: 4, Failures: 0, Errors: 0, Skipped: 0, Time elapsed: 0.005 sec
Running org.springframework.hateoas.LinkUnitTest
Tests run: 21, Failures: 0, Errors: 0, Skipped: 0, Time elapsed: 0.011 sec
Running org.springframework.hateoas.VndErrorsUnitTest
Tests run: 1, Failures: 0, Errors: 0, Skipped: 0, Time elapsed: 0 sec
Running org.springframework.hateoas.Jackson2ResourceSupportIntegrationTest
Tests run: 2, Failures: 0, Errors: 0, Skipped: 0, Time elapsed: 0.003 sec
Running org.springframework.hateoas.Jackson2PagedResourcesIntegrationTest
Tests run: 1, Failures: 0, Errors: 0, Skipped: 0, Time elapsed: 0.018 sec
Running org.springframework.hateoas.LinksUnitTest
Tests run: 5, Failures: 0, Errors: 0, Skipped: 0, Time elapsed: 0.002 sec
Running org.springframework.hateoas.Jackson2LinkIntegrationTest
Tests run: 2, Failures: 0, Errors: 0, Skipped: 0, Time elapsed: 0.002 sec
Running org.springframework.hateoas.LinkIntegrationTest
Tests run: 2, Failures: 0, Errors: 0, Skipped: 0, Time elapsed: 0.002 sec
Running org.springframework.hateoas.PagedResourcesMarshallingTest
Tests run: 1, Failures: 0, Errors: 0, Skipped: 0, Time elapsed: 0.011 sec

Results :

Tests run: 314, Failures: 0, Errors: 0, Skipped: 0

[INFO] ------------------------------------------------------------------------
[INFO] BUILD SUCCESS
[INFO] ------------------------------------------------------------------------
[INFO] Total time: 30.343 s
[INFO] Finished at: 2022-07-31T13:18:06+00:00
[INFO] Final Memory: 29M/467M
[INFO] ------------------------------------------------------------------------

travis_time:end:26930f23:start=1659273454712281319,finish=1659273486821170952,duration=32108889633[0K
[32;1mThe command "mvn clean dependency:list test -P${PROFILE} -Dsort" exited with 0.[0m
travis_fold:start:cache.2[0Kstore build cache
travis_time:start:03603084[0K
travis_time:end:03603084:start=1659273486830456319,finish=1659273486838668402,duration=8212083[0Ktravis_time:start:08e83200[0K/home/travis/.casher/bin/casher:190: warning: Insecure world writable dir /home/travis/build/passed/spring-projects/spring-hateoas/. in PATH, mode 040777
[32;1mchanges detected, packing new archive[0m
/home/travis/.casher/bin/casher:213:in `cache_archive_name': undefined method `[]' for nil:NilClass (NoMethodError)
	from /home/travis/.casher/bin/casher:143:in `push'
	from /home/travis/.casher/bin/casher:53:in `block in run'
	from /home/travis/.rvm/rubies/ruby-1.9.3-p551/lib/ruby/1.9.1/timeout.rb:69:in `timeout'
	from /home/travis/.casher/bin/casher:53:in `run'
	from /home/travis/.casher/bin/casher:263:in `<main>'

travis_time:end:08e83200:start=1659273486847761462,finish=1659273490636502751,duration=3788741289[0Ktravis_fold:end:cache.2[0K
Done. Your build exited with 0.
