travis_fold:start:worker_info
[0K[33;1mWorker information[0m
hostname: 670a38ca-6cc4-497c-940f-838313cf3e85@1.i-043ee47-production-2-worker-org-ec2.travisci.net
version: v3.4.0 https://github.com/travis-ci/worker/tree/ce0440bc30c289a49a9b0c21e4e1e6f7d7825101
instance: d1d3388 travisci/ci-garnet:packer-1512502276-986baf0 (via amqp)
startup: 482.819064ms
travis_fold:end:worker_info
[0Kmode of â€˜/usr/local/clang-5.0.0/binâ€™ changed from 0777 (rwxrwxrwx) to 0775 (rwxrwxr-x)
travis_fold:start:system_info
[0K[33;1mBuild system information[0m
Build language: java
Build group: stable
Build dist: trusty
Build id: 337550968
Job id: 337550971
Runtime kernel version: 4.14.12-041412-generic
travis-build version: c08e7e0bc
[34m[1mBuild image provisioning date and time[0m
Tue Dec  5 20:11:19 UTC 2017
[34m[1mOperating System Details[0m
Distributor ID:	Ubuntu
Description:	Ubuntu 14.04.5 LTS
Release:	14.04
Codename:	trusty
[34m[1mCookbooks Version[0m
7c2c6a6 https://github.com/travis-ci/travis-cookbooks/tree/7c2c6a6
[34m[1mgit version[0m
git version 2.15.1
[34m[1mbash version[0m
GNU bash, version 4.3.11(1)-release (x86_64-pc-linux-gnu)
[34m[1mgcc version[0m
gcc (Ubuntu 4.8.4-2ubuntu1~14.04.3) 4.8.4
Copyright (C) 2013 Free Software Foundation, Inc.
This is free software; see the source for copying conditions.  There is NO
warranty; not even for MERCHANTABILITY or FITNESS FOR A PARTICULAR PURPOSE.

[34m[1mdocker version[0m
Client:
 Version:      17.09.0-ce
 API version:  1.32
 Go version:   go1.8.3
 Git commit:   afdb6d4
 Built:        Tue Sep 26 22:39:28 2017
 OS/Arch:      linux/amd64
[34m[1mclang version[0m
clang version 5.0.0 (tags/RELEASE_500/final)
Target: x86_64-unknown-linux-gnu
Thread model: posix
InstalledDir: /usr/local/clang-5.0.0/bin
[34m[1mjq version[0m
jq-1.5
[34m[1mbats version[0m
Bats 0.4.0
[34m[1mshellcheck version[0m
0.4.6
[34m[1mshfmt version[0m
v2.0.0
[34m[1mccache version[0m
ccache version 3.1.9

Copyright (C) 2002-2007 Andrew Tridgell
Copyright (C) 2009-2011 Joel Rosdahl

This program is free software; you can redistribute it and/or modify it under
the terms of the GNU General Public License as published by the Free Software
Foundation; either version 3 of the License, or (at your option) any later
version.
[34m[1mcmake version[0m
cmake version 3.9.2

CMake suite maintained and supported by Kitware (kitware.com/cmake).
[34m[1mheroku version[0m
heroku-cli/6.14.39-addc925 (linux-x64) node-v9.2.0
[34m[1mimagemagick version[0m
Version: ImageMagick 6.7.7-10 2017-07-31 Q16 http://www.imagemagick.org
[34m[1mmd5deep version[0m
4.2
[34m[1mmercurial version[0m
Mercurial Distributed SCM (version 4.2.2)
(see https://mercurial-scm.org for more information)

Copyright (C) 2005-2017 Matt Mackall and others
This is free software; see the source for copying conditions. There is NO
warranty; not even for MERCHANTABILITY or FITNESS FOR A PARTICULAR PURPOSE.
[34m[1mmysql version[0m
mysql  Ver 14.14 Distrib 5.6.33, for debian-linux-gnu (x86_64) using  EditLine wrapper
[34m[1mopenssl version[0m
OpenSSL 1.0.1f 6 Jan 2014
[34m[1mpacker version[0m
Packer v1.0.2

Your version of Packer is out of date! The latest version
is 1.1.2. You can update by downloading from www.packer.io
[34m[1mpostgresql client version[0m
psql (PostgreSQL) 9.6.6
[34m[1mragel version[0m
Ragel State Machine Compiler version 6.8 Feb 2013
Copyright (c) 2001-2009 by Adrian Thurston
[34m[1msubversion version[0m
svn, version 1.8.8 (r1568071)
   compiled Aug 10 2017, 17:20:39 on x86_64-pc-linux-gnu

Copyright (C) 2013 The Apache Software Foundation.
This software consists of contributions made by many people;
see the NOTICE file for more information.
Subversion is open source software, see http://subversion.apache.org/

The following repository access (RA) modules are available:

* ra_svn : Module for accessing a repository using the svn network protocol.
  - with Cyrus SASL authentication
  - handles 'svn' scheme
* ra_local : Module for accessing a repository on local disk.
  - handles 'file' scheme
* ra_serf : Module for accessing a repository via WebDAV protocol using serf.
  - using serf 1.3.3
  - handles 'http' scheme
  - handles 'https' scheme

[34m[1msudo version[0m
Sudo version 1.8.9p5
Configure options: --prefix=/usr -v --with-all-insults --with-pam --with-fqdn --with-logging=syslog --with-logfac=authpriv --with-env-editor --with-editor=/usr/bin/editor --with-timeout=15 --with-password-timeout=0 --with-passprompt=[sudo] password for %p:  --without-lecture --with-tty-tickets --disable-root-mailer --enable-admin-flag --with-sendmail=/usr/sbin/sendmail --with-timedir=/var/lib/sudo --mandir=/usr/share/man --libexecdir=/usr/lib/sudo --with-sssd --with-sssd-lib=/usr/lib/x86_64-linux-gnu --with-selinux
Sudoers policy plugin version 1.8.9p5
Sudoers file grammar version 43

Sudoers path: /etc/sudoers
Authentication methods: 'pam'
Syslog facility if syslog is being used for logging: authpriv
Syslog priority to use when user authenticates successfully: notice
Syslog priority to use when user authenticates unsuccessfully: alert
Send mail if the user is not in sudoers
Use a separate timestamp for each user/tty combo
Lecture user the first time they run sudo
Root may run sudo
Allow some information gathering to give useful error messages
Require fully-qualified hostnames in the sudoers file
Visudo will honor the EDITOR environment variable
Set the LOGNAME and USER environment variables
Length at which to wrap log file lines (0 for no wrap): 80
Authentication timestamp timeout: 15.0 minutes
Password prompt timeout: 0.0 minutes
Number of tries to enter a password: 3
Umask to use or 0777 to use user's: 022
Path to mail program: /usr/sbin/sendmail
Flags for mail program: -t
Address to send mail to: root
Subject line for mail messages: *** SECURITY information for %h ***
Incorrect password message: Sorry, try again.
Path to authentication timestamp dir: /var/lib/sudo
Default password prompt: [sudo] password for %p: 
Default user to run commands as: root
Value to override user's $PATH with: /usr/local/sbin:/usr/local/bin:/usr/sbin:/usr/bin:/sbin:/bin:/snap/bin
Path to the editor for use by visudo: /usr/bin/editor
When to require a password for 'list' pseudocommand: any
When to require a password for 'verify' pseudocommand: all
File descriptors >= 3 will be closed before executing a command
Environment variables to check for sanity:
	TZ
	TERM
	LINGUAS
	LC_*
	LANGUAGE
	LANG
	COLORTERM
Environment variables to remove:
	RUBYOPT
	RUBYLIB
	PYTHONUSERBASE
	PYTHONINSPECT
	PYTHONPATH
	PYTHONHOME
	TMPPREFIX
	ZDOTDIR
	READNULLCMD
	NULLCMD
	FPATH
	PERL5DB
	PERL5OPT
	PERL5LIB
	PERLLIB
	PERLIO_DEBUG 
	JAVA_TOOL_OPTIONS
	SHELLOPTS
	GLOBIGNORE
	PS4
	BASH_ENV
	ENV
	TERMCAP
	TERMPATH
	TERMINFO_DIRS
	TERMINFO
	_RLD*
	LD_*
	PATH_LOCALE
	NLSPATH
	HOSTALIASES
	RES_OPTIONS
	LOCALDOMAIN
	CDPATH
	IFS
Environment variables to preserve:
	JAVA_HOME
	TRAVIS
	CI
	DEBIAN_FRONTEND
	XAUTHORIZATION
	XAUTHORITY
	PS2
	PS1
	PATH
	LS_COLORS
	KRB5CCNAME
	HOSTNAME
	HOME
	DISPLAY
	COLORS
Locale to use while parsing sudoers: C
Directory in which to store input/output logs: /var/log/sudo-io
File in which to store the input/output log: %{seq}
Add an entry to the utmp/utmpx file when allocating a pty
PAM service name to use
PAM service name to use for login shells
Create a new PAM session for the command to run in
Maximum I/O log sequence number: 0

Local IP address and netmask pairs:
	172.17.0.2/255.255.0.0

Sudoers I/O plugin version 1.8.9p5
[34m[1mgzip version[0m
gzip 1.6
Copyright (C) 2007, 2010, 2011 Free Software Foundation, Inc.
Copyright (C) 1993 Jean-loup Gailly.
This is free software.  You may redistribute copies of it under the terms of
the GNU General Public License <http://www.gnu.org/licenses/gpl.html>.
There is NO WARRANTY, to the extent permitted by law.

Written by Jean-loup Gailly.
[34m[1mzip version[0m
Copyright (c) 1990-2008 Info-ZIP - Type 'zip "-L"' for software license.
This is Zip 3.0 (July 5th 2008), by Info-ZIP.
Currently maintained by E. Gordon.  Please send bug reports to
the authors using the web page at www.info-zip.org; see README for details.

Latest sources and executables are at ftp://ftp.info-zip.org/pub/infozip,
as of above date; see http://www.info-zip.org/ for other sites.

Compiled with gcc 4.8.2 for Unix (Linux ELF) on Oct 21 2013.

Zip special compilation options:
	USE_EF_UT_TIME       (store Universal Time)
	BZIP2_SUPPORT        (bzip2 library version 1.0.6, 6-Sept-2010)
	    bzip2 code and library copyright (c) Julian R Seward
	    (See the bzip2 license for terms of use)
	SYMLINK_SUPPORT      (symbolic links supported)
	LARGE_FILE_SUPPORT   (can read and write large files on file system)
	ZIP64_SUPPORT        (use Zip64 to store large files in archives)
	UNICODE_SUPPORT      (store and read UTF-8 Unicode paths)
	STORE_UNIX_UIDs_GIDs (store UID/GID sizes/values using new extra field)
	UIDGID_NOT_16BIT     (old Unix 16-bit UID/GID extra field not used)
	[encryption, version 2.91 of 05 Jan 2007] (modified for Zip 3)

Encryption notice:
	The encryption code of this program is not copyrighted and is
	put in the public domain.  It was originally written in Europe
	and, to the best of our knowledge, can be freely distributed
	in both source and object forms from any country, including
	the USA under License Exception TSU of the U.S. Export
	Administration Regulations (section 740.13(e)) of 6 June 2002.

Zip environment options:
             ZIP:  [none]
          ZIPOPT:  [none]
[34m[1mvim version[0m
VIM - Vi IMproved 7.4 (2013 Aug 10, compiled Nov 24 2016 16:43:18)
Included patches: 1-52
Extra patches: 8.0.0056
Modified by pkg-vim-maintainers@lists.alioth.debian.org
Compiled by buildd@
Huge version without GUI.  Features included (+) or not (-):
+acl             +farsi           +mouse_netterm   +syntax
+arabic          +file_in_path    +mouse_sgr       +tag_binary
+autocmd         +find_in_path    -mouse_sysmouse  +tag_old_static
-balloon_eval    +float           +mouse_urxvt     -tag_any_white
-browse          +folding         +mouse_xterm     -tcl
++builtin_terms  -footer          +multi_byte      +terminfo
+byte_offset     +fork()          +multi_lang      +termresponse
+cindent         +gettext         -mzscheme        +textobjects
-clientserver    -hangul_input    +netbeans_intg   +title
-clipboard       +iconv           +path_extra      -toolbar
+cmdline_compl   +insert_expand   -perl            +user_commands
+cmdline_hist    +jumplist        +persistent_undo +vertsplit
+cmdline_info    +keymap          +postscript      +virtualedit
+comments        +langmap         +printer         +visual
+conceal         +libcall         +profile         +visualextra
+cryptv          +linebreak       +python          +viminfo
+cscope          +lispindent      -python3         +vreplace
+cursorbind      +listcmds        +quickfix        +wildignore
+cursorshape     +localmap        +reltime         +wildmenu
+dialog_con      -lua             +rightleft       +windows
+diff            +menu            -ruby            +writebackup
+digraphs        +mksession       +scrollbind      -X11
-dnd             +modify_fname    +signs           -xfontset
-ebcdic          +mouse           +smartindent     -xim
+emacs_tags      -mouseshape      -sniff           -xsmp
+eval            +mouse_dec       +startuptime     -xterm_clipboard
+ex_extra        +mouse_gpm       +statusline      -xterm_save
+extra_search    -mouse_jsbterm   -sun_workshop    -xpm
   system vimrc file: "$VIM/vimrc"
     user vimrc file: "$HOME/.vimrc"
 2nd user vimrc file: "~/.vim/vimrc"
      user exrc file: "$HOME/.exrc"
  fall-back for $VIM: "/usr/share/vim"
Compilation: gcc -c -I. -Iproto -DHAVE_CONFIG_H     -g -O2 -fstack-protector --param=ssp-buffer-size=4 -Wformat -Werror=format-security -U_FORTIFY_SOURCE -D_FORTIFY_SOURCE=1      
Linking: gcc   -Wl,-Bsymbolic-functions -Wl,-z,relro -Wl,--as-needed -o vim        -lm -ltinfo -lnsl  -lselinux  -lacl -lattr -lgpm -ldl    -L/usr/lib/python2.7/config-x86_64-linux-gnu -lpython2.7 -lpthread -ldl -lutil -lm -Xlinker -export-dynamic -Wl,-O1 -Wl,-Bsymbolic-functions      
[34m[1miptables version[0m
iptables v1.4.21
[34m[1mcurl version[0m
curl 7.35.0 (x86_64-pc-linux-gnu) libcurl/7.35.0 OpenSSL/1.0.1f zlib/1.2.8 libidn/1.28 librtmp/2.3
[34m[1mwget version[0m
GNU Wget 1.15 built on linux-gnu.
[34m[1mrsync version[0m
rsync  version 3.1.0  protocol version 31
[34m[1mgimme version[0m
v1.2.0
[34m[1mnvm version[0m
0.33.6
[34m[1mperlbrew version[0m
/home/travis/perl5/perlbrew/bin/perlbrew  - App::perlbrew/0.80
[34m[1mphpenv version[0m
rbenv 1.1.1-25-g6aa70b6
[34m[1mrvm version[0m
rvm 1.29.3 (latest) by Michal Papis, Piotr Kuczynski, Wayne E. Seguin [https://rvm.io]
[34m[1mdefault ruby version[0m
ruby 2.4.1p111 (2017-03-22 revision 58053) [x86_64-linux]
[34m[1mCouchDB version[0m
couchdb 1.6.1
[34m[1mElasticSearch version[0m
5.5.0
[34m[1mInstalled Firefox version[0m
firefox 56.0.2
[34m[1mMongoDB version[0m
MongoDB 3.4.10
[34m[1mPhantomJS version[0m
2.1.1
[34m[1mPre-installed PostgreSQL versions[0m
9.2.24
9.3.20
9.4.15
9.5.10
9.6.6
[34m[1mRabbitMQ Version[0m
3.6.14
[34m[1mRedis version[0m
redis-server 4.0.6
[34m[1mriak version[0m
2.2.3
[34m[1mPre-installed Go versions[0m
1.7.4
[34m[1mant version[0m
Apache Ant(TM) version 1.9.3 compiled on April 8 2014
[34m[1mmvn version[0m
Apache Maven 3.5.2 (138edd61fd100ec658bfa2d307c43b76940a5d7d; 2017-10-18T07:58:13Z)
Maven home: /usr/local/maven-3.5.2
Java version: 1.8.0_151, vendor: Oracle Corporation
Java home: /usr/lib/jvm/java-8-oracle/jre
Default locale: en_US, platform encoding: UTF-8
OS name: "linux", version: "4.4.0-101-generic", arch: "amd64", family: "unix"
[34m[1mgradle version[0m

------------------------------------------------------------
Gradle 4.0.1
------------------------------------------------------------

Build time:   2017-07-07 14:02:41 UTC
Revision:     38e5dc0f772daecca1d2681885d3d85414eb6826

Groovy:       2.4.11
Ant:          Apache Ant(TM) version 1.9.6 compiled on June 29 2015
JVM:          1.8.0_151 (Oracle Corporation 25.151-b12)
OS:           Linux 4.4.0-101-generic amd64

[34m[1mlein version[0m
Leiningen 2.8.1 on Java 1.8.0_151 Java HotSpot(TM) 64-Bit Server VM
[34m[1mPre-installed Node.js versions[0m
v4.8.6
v6.12.0
v6.12.1
v8.9
v8.9.1
[34m[1mphpenv versions[0m
  system
  5.6
* 5.6.32 (set by /home/travis/.phpenv/version)
  7.0
  7.0.25
  7.1
  7.1.11
  hhvm
  hhvm-stable
[34m[1mcomposer --version[0m
Composer version 1.5.2 2017-09-11 16:59:25
[34m[1mPre-installed Ruby versions[0m
ruby-2.2.7
ruby-2.3.4
ruby-2.4.1
travis_fold:end:system_info
[0K
removed â€˜/etc/apt/sources.list.d/basho_riak.listâ€™
W: http://ppa.launchpad.net/couchdb/stable/ubuntu/dists/trusty/Release.gpg: Signature by key 15866BAFD9BCC4F3C1E0DFC7D69548E1C17EAB57 uses weak digest algorithm (SHA1)
127.0.0.1	localhost
::1	 ip6-localhost ip6-loopback
fe00::0	ip6-localnet
ff00::0	ip6-mcastprefix
ff02::1	ip6-allnodes
ff02::2	ip6-allrouters
172.17.0.13	travis-job-apache-jackrabbit-oak-337550971.travisci.net travis-job-apache-jackrabbit-oak-337550971
$ jdk_switcher use oraclejdk8
Switching to Oracle JDK8 (java-8-oracle), JAVA_HOME will be set to /usr/lib/jvm/java-8-oracle
travis_fold:start:git.checkout
[0Ktravis_time:start:34035276
[0K$ git clone --depth=50 --branch=trunk https://github.com/apache/jackrabbit-oak.git apache/jackrabbit-oak
Cloning into 'apache/jackrabbit-oak'...
remote: Counting objects: 6087, done.[K
remote: Compressing objects:   0% (1/4619)   [K
remote: Compressing objects:   1% (47/4619)   [K
remote: Compressing objects:   2% (93/4619)   [K
remote: Compressing objects:   3% (139/4619)   [K
remote: Compressing objects:   4% (185/4619)   [K
remote: Compressing objects:   5% (231/4619)   [K
remote: Compressing objects:   6% (278/4619)   [K
remote: Compressing objects:   7% (324/4619)   [K
remote: Compressing objects:   8% (370/4619)   [K
remote: Compressing objects:   9% (416/4619)   [K
remote: Compressing objects:  10% (462/4619)   [K
remote: Compressing objects:  11% (509/4619)   [K
remote: Compressing objects:  12% (555/4619)   [K
remote: Compressing objects:  13% (601/4619)   [K
remote: Compressing objects:  14% (647/4619)   [K
remote: Compressing objects:  15% (693/4619)   [K
remote: Compressing objects:  16% (740/4619)   [K
remote: Compressing objects:  17% (786/4619)   [K
remote: Compressing objects:  18% (832/4619)   [K
remote: Compressing objects:  19% (878/4619)   [K
remote: Compressing objects:  20% (924/4619)   [K
remote: Compressing objects:  21% (970/4619)   [K
remote: Compressing objects:  22% (1017/4619)   [K
remote: Compressing objects:  23% (1063/4619)   [K
remote: Compressing objects:  24% (1109/4619)   [K
remote: Compressing objects:  25% (1155/4619)   [K
remote: Compressing objects:  26% (1201/4619)   [K
remote: Compressing objects:  27% (1248/4619)   [K
remote: Compressing objects:  28% (1294/4619)   [K
remote: Compressing objects:  29% (1340/4619)   [K
remote: Compressing objects:  30% (1386/4619)   [K
remote: Compressing objects:  31% (1432/4619)   [K
remote: Compressing objects:  32% (1479/4619)   [K
remote: Compressing objects:  33% (1525/4619)   [K
remote: Compressing objects:  34% (1571/4619)   [K
remote: Compressing objects:  35% (1617/4619)   [K
remote: Compressing objects:  36% (1663/4619)   [K
remote: Compressing objects:  37% (1710/4619)   [K
remote: Compressing objects:  38% (1756/4619)   [K
remote: Compressing objects:  39% (1802/4619)   [K
remote: Compressing objects:  40% (1848/4619)   [K
remote: Compressing objects:  41% (1894/4619)   [K
remote: Compressing objects:  42% (1940/4619)   [K
remote: Compressing objects:  43% (1987/4619)   [K
remote: Compressing objects:  44% (2033/4619)   [K
remote: Compressing objects:  45% (2079/4619)   [K
remote: Compressing objects:  46% (2125/4619)   [K
remote: Compressing objects:  47% (2171/4619)   [K
remote: Compressing objects:  48% (2218/4619)   [K
remote: Compressing objects:  49% (2264/4619)   [K
remote: Compressing objects:  50% (2310/4619)   [K
remote: Compressing objects:  51% (2356/4619)   [K
remote: Compressing objects:  52% (2402/4619)   [K
remote: Compressing objects:  53% (2449/4619)   [K
remote: Compressing objects:  54% (2495/4619)   [K
remote: Compressing objects:  55% (2541/4619)   [K
remote: Compressing objects:  56% (2587/4619)   [K
remote: Compressing objects:  57% (2633/4619)   [K
remote: Compressing objects:  58% (2680/4619)   [K
remote: Compressing objects:  58% (2721/4619)   [K
remote: Compressing objects:  59% (2726/4619)   [K
remote: Compressing objects:  60% (2772/4619)   [K
remote: Compressing objects:  61% (2818/4619)   [K
remote: Compressing objects:  62% (2864/4619)   [K
remote: Compressing objects:  63% (2910/4619)   [K
remote: Compressing objects:  64% (2957/4619)   [K
remote: Compressing objects:  65% (3003/4619)   [K
remote: Compressing objects:  66% (3049/4619)   [K
remote: Compressing objects:  67% (3095/4619)   [K
remote: Compressing objects:  68% (3141/4619)   [K
remote: Compressing objects:  69% (3188/4619)   [K
remote: Compressing objects:  70% (3234/4619)   [K
remote: Compressing objects:  71% (3280/4619)   [K
remote: Compressing objects:  72% (3326/4619)   [K
remote: Compressing objects:  73% (3372/4619)   [K
remote: Compressing objects:  74% (3419/4619)   [K
remote: Compressing objects:  75% (3465/4619)   [K
remote: Compressing objects:  76% (3511/4619)   [K
remote: Compressing objects:  77% (3557/4619)   [K
remote: Compressing objects:  78% (3603/4619)   [K
remote: Compressing objects:  79% (3650/4619)   [K
remote: Compressing objects:  80% (3696/4619)   [K
remote: Compressing objects:  81% (3742/4619)   [K
remote: Compressing objects:  82% (3788/4619)   [K
remote: Compressing objects:  83% (3834/4619)   [K
remote: Compressing objects:  84% (3880/4619)   [K
remote: Compressing objects:  85% (3927/4619)   [K
remote: Compressing objects:  86% (3973/4619)   [K
remote: Compressing objects:  87% (4019/4619)   [K
remote: Compressing objects:  88% (4065/4619)   [K
remote: Compressing objects:  89% (4111/4619)   [K
remote: Compressing objects:  90% (4158/4619)   [K
remote: Compressing objects:  91% (4204/4619)   [K
remote: Compressing objects:  92% (4250/4619)   [K
remote: Compressing objects:  93% (4296/4619)   [K
remote: Compressing objects:  94% (4342/4619)   [K
remote: Compressing objects:  95% (4389/4619)   [K
remote: Compressing objects:  96% (4435/4619)   [K
remote: Compressing objects:  97% (4481/4619)   [K
remote: Compressing objects:  98% (4527/4619)   [K
remote: Compressing objects:  99% (4573/4619)   [K
remote: Compressing objects: 100% (4619/4619)   [K
remote: Compressing objects: 100% (4619/4619), done.[K
Receiving objects:   0% (1/6087)   
Receiving objects:   1% (61/6087)   
Receiving objects:   2% (122/6087)   
Receiving objects:   3% (183/6087)   
Receiving objects:   4% (244/6087)   
Receiving objects:   5% (305/6087)   
Receiving objects:   6% (366/6087)   
Receiving objects:   7% (427/6087)   
Receiving objects:   8% (487/6087)   
Receiving objects:   9% (548/6087)   
Receiving objects:  10% (609/6087)   
Receiving objects:  11% (670/6087)   
Receiving objects:  12% (731/6087)   
Receiving objects:  13% (792/6087)   
Receiving objects:  14% (853/6087)   
Receiving objects:  15% (914/6087)   
Receiving objects:  16% (974/6087)   
Receiving objects:  17% (1035/6087)   
Receiving objects:  18% (1096/6087)   
Receiving objects:  19% (1157/6087)   
Receiving objects:  20% (1218/6087)   
Receiving objects:  21% (1279/6087)   
Receiving objects:  22% (1340/6087)   
Receiving objects:  23% (1401/6087)   
Receiving objects:  24% (1461/6087)   
Receiving objects:  25% (1522/6087)   
Receiving objects:  26% (1583/6087)   
Receiving objects:  27% (1644/6087)   
Receiving objects:  28% (1705/6087)   
Receiving objects:  29% (1766/6087)   
Receiving objects:  30% (1827/6087)   
Receiving objects:  31% (1887/6087)   
Receiving objects:  32% (1948/6087)   
Receiving objects:  33% (2009/6087)   
Receiving objects:  34% (2070/6087)   
Receiving objects:  35% (2131/6087)   
Receiving objects:  36% (2192/6087)   
Receiving objects:  37% (2253/6087)   
Receiving objects:  38% (2314/6087)   
Receiving objects:  39% (2374/6087)   
Receiving objects:  40% (2435/6087)   
Receiving objects:  41% (2496/6087)   
Receiving objects:  42% (2557/6087)   
Receiving objects:  43% (2618/6087)   
Receiving objects:  44% (2679/6087)   
Receiving objects:  45% (2740/6087)   
Receiving objects:  46% (2801/6087)   
Receiving objects:  47% (2861/6087)   
Receiving objects:  48% (2922/6087)   
Receiving objects:  49% (2983/6087)   
Receiving objects:  50% (3044/6087)   
Receiving objects:  51% (3105/6087)   
Receiving objects:  52% (3166/6087)   
Receiving objects:  53% (3227/6087)   
Receiving objects:  54% (3287/6087)   
Receiving objects:  55% (3348/6087)   
Receiving objects:  56% (3409/6087)   
Receiving objects:  57% (3470/6087)   
Receiving objects:  58% (3531/6087)   
Receiving objects:  59% (3592/6087)   
Receiving objects:  60% (3653/6087)   
Receiving objects:  61% (3714/6087)   
Receiving objects:  62% (3774/6087)   
Receiving objects:  63% (3835/6087)   
Receiving objects:  64% (3896/6087)   
Receiving objects:  65% (3957/6087)   
Receiving objects:  66% (4018/6087)   
Receiving objects:  67% (4079/6087)   
Receiving objects:  68% (4140/6087)   
Receiving objects:  69% (4201/6087)   
Receiving objects:  70% (4261/6087)   
Receiving objects:  71% (4322/6087), 7.39 MiB | 14.78 MiB/s   
Receiving objects:  72% (4383/6087), 7.39 MiB | 14.78 MiB/s   
Receiving objects:  73% (4444/6087), 7.39 MiB | 14.78 MiB/s   
Receiving objects:  74% (4505/6087), 7.39 MiB | 14.78 MiB/s   
Receiving objects:  75% (4566/6087), 7.39 MiB | 14.78 MiB/s   
Receiving objects:  76% (4627/6087), 7.39 MiB | 14.78 MiB/s   
Receiving objects:  77% (4687/6087), 7.39 MiB | 14.78 MiB/s   
Receiving objects:  78% (4748/6087), 7.39 MiB | 14.78 MiB/s   
Receiving objects:  79% (4809/6087), 7.39 MiB | 14.78 MiB/s   
Receiving objects:  80% (4870/6087), 7.39 MiB | 14.78 MiB/s   
Receiving objects:  81% (4931/6087), 7.39 MiB | 14.78 MiB/s   
Receiving objects:  82% (4992/6087), 7.39 MiB | 14.78 MiB/s   
Receiving objects:  83% (5053/6087), 7.39 MiB | 14.78 MiB/s   
Receiving objects:  84% (5114/6087), 7.39 MiB | 14.78 MiB/s   
Receiving objects:  85% (5174/6087), 7.39 MiB | 14.78 MiB/s   
Receiving objects:  86% (5235/6087), 7.39 MiB | 14.78 MiB/s   
Receiving objects:  87% (5296/6087), 7.39 MiB | 14.78 MiB/s   
Receiving objects:  88% (5357/6087), 7.39 MiB | 14.78 MiB/s   
Receiving objects:  89% (5418/6087), 7.39 MiB | 14.78 MiB/s   
Receiving objects:  90% (5479/6087), 7.39 MiB | 14.78 MiB/s   
Receiving objects:  91% (5540/6087), 7.39 MiB | 14.78 MiB/s   
Receiving objects:  92% (5601/6087), 7.39 MiB | 14.78 MiB/s   
Receiving objects:  93% (5661/6087), 7.39 MiB | 14.78 MiB/s   
remote: Total 6087 (delta 1860), reused 2588 (delta 671), pack-reused 0[K
Receiving objects:  94% (5722/6087), 7.39 MiB | 14.78 MiB/s   
Receiving objects:  95% (5783/6087), 7.39 MiB | 14.78 MiB/s   
Receiving objects:  96% (5844/6087), 7.39 MiB | 14.78 MiB/s   
Receiving objects:  97% (5905/6087), 7.39 MiB | 14.78 MiB/s   
Receiving objects:  98% (5966/6087), 7.39 MiB | 14.78 MiB/s   
Receiving objects:  99% (6027/6087), 7.39 MiB | 14.78 MiB/s   
Receiving objects: 100% (6087/6087), 7.39 MiB | 14.78 MiB/s   
Receiving objects: 100% (6087/6087), 9.32 MiB | 13.99 MiB/s, done.
Resolving deltas:   0% (0/1860)   
Resolving deltas:   3% (62/1860)   
Resolving deltas:   4% (88/1860)   
Resolving deltas:   5% (93/1860)   
Resolving deltas:   6% (112/1860)   
Resolving deltas:   8% (158/1860)   
Resolving deltas:   9% (168/1860)   
Resolving deltas:  10% (188/1860)   
Resolving deltas:  11% (208/1860)   
Resolving deltas:  12% (226/1860)   
Resolving deltas:  13% (242/1860)   
Resolving deltas:  14% (269/1860)   
Resolving deltas:  15% (279/1860)   
Resolving deltas:  16% (302/1860)   
Resolving deltas:  17% (317/1860)   
Resolving deltas:  18% (338/1860)   
Resolving deltas:  19% (354/1860)   
Resolving deltas:  20% (372/1860)   
Resolving deltas:  21% (394/1860)   
Resolving deltas:  22% (410/1860)   
Resolving deltas:  23% (430/1860)   
Resolving deltas:  24% (447/1860)   
Resolving deltas:  25% (465/1860)   
Resolving deltas:  26% (488/1860)   
Resolving deltas:  27% (503/1860)   
Resolving deltas:  28% (521/1860)   
Resolving deltas:  29% (540/1860)   
Resolving deltas:  30% (558/1860)   
Resolving deltas:  31% (577/1860)   
Resolving deltas:  32% (598/1860)   
Resolving deltas:  33% (617/1860)   
Resolving deltas:  34% (633/1860)   
Resolving deltas:  35% (652/1860)   
Resolving deltas:  36% (676/1860)   
Resolving deltas:  37% (691/1860)   
Resolving deltas:  38% (707/1860)   
Resolving deltas:  39% (726/1860)   
Resolving deltas:  40% (747/1860)   
Resolving deltas:  41% (770/1860)   
Resolving deltas:  42% (795/1860)   
Resolving deltas:  43% (800/1860)   
Resolving deltas:  44% (820/1860)   
Resolving deltas:  45% (839/1860)   
Resolving deltas:  46% (858/1860)   
Resolving deltas:  47% (875/1860)   
Resolving deltas:  48% (893/1860)   
Resolving deltas:  49% (912/1860)   
Resolving deltas:  50% (930/1860)   
Resolving deltas:  51% (949/1860)   
Resolving deltas:  52% (972/1860)   
Resolving deltas:  53% (987/1860)   
Resolving deltas:  54% (1007/1860)   
Resolving deltas:  55% (1023/1860)   
Resolving deltas:  56% (1044/1860)   
Resolving deltas:  57% (1065/1860)   
Resolving deltas:  58% (1079/1860)   
Resolving deltas:  59% (1098/1860)   
Resolving deltas:  60% (1116/1860)   
Resolving deltas:  61% (1136/1860)   
Resolving deltas:  62% (1154/1860)   
Resolving deltas:  63% (1172/1860)   
Resolving deltas:  64% (1191/1860)   
Resolving deltas:  65% (1210/1860)   
Resolving deltas:  66% (1228/1860)   
Resolving deltas:  67% (1247/1860)   
Resolving deltas:  68% (1267/1860)   
Resolving deltas:  69% (1284/1860)   
Resolving deltas:  70% (1302/1860)   
Resolving deltas:  71% (1321/1860)   
Resolving deltas:  72% (1340/1860)   
Resolving deltas:  73% (1358/1860)   
Resolving deltas:  74% (1377/1860)   
Resolving deltas:  75% (1397/1860)   
Resolving deltas:  76% (1417/1860)   
Resolving deltas:  77% (1436/1860)   
Resolving deltas:  78% (1451/1860)   
Resolving deltas:  79% (1470/1860)   
Resolving deltas:  80% (1490/1860)   
Resolving deltas:  81% (1507/1860)   
Resolving deltas:  82% (1526/1860)   
Resolving deltas:  83% (1550/1860)   
Resolving deltas:  84% (1563/1860)   
Resolving deltas:  85% (1582/1860)   
Resolving deltas:  86% (1600/1860)   
Resolving deltas:  87% (1626/1860)   
Resolving deltas:  88% (1638/1860)   
Resolving deltas:  89% (1656/1860)   
Resolving deltas:  90% (1676/1860)   
Resolving deltas:  91% (1694/1860)   
Resolving deltas:  92% (1712/1860)   
Resolving deltas:  93% (1731/1860)   
Resolving deltas:  94% (1751/1860)   
Resolving deltas:  95% (1767/1860)   
Resolving deltas:  96% (1786/1860)   
Resolving deltas:  97% (1809/1860)   
Resolving deltas:  98% (1823/1860)   
Resolving deltas:  99% (1846/1860)   
Resolving deltas: 100% (1860/1860)   
Resolving deltas: 100% (1860/1860), done.

travis_time:end:34035276:start=1517837905766120105,finish=1517837908956053489,duration=3189933384
[0K$ cd apache/jackrabbit-oak
$ git checkout -qf fa8a8391bd37264b819f9e0543c76649ef9a357b
travis_fold:end:git.checkout
[0Ktravis_fold:start:apt
[0K[33;1mAdding APT Sources (BETA)[0m
$ export DEBIAN_FRONTEND=noninteractive
travis_time:start:0b6ae808
[0K$ curl -sSL "http://keyserver.ubuntu.com/pks/lookup?op=get&search=0x0C49F3730359A14518585931BC711F9BA15703C6" | sudo -E apt-key add -
OK

travis_time:end:0b6ae808:start=1517837909419352626,finish=1517837909994691598,duration=575338972
[0Ktravis_time:start:06799eff
[0K$ echo "deb [arch=amd64] http://repo.mongodb.org/apt/ubuntu trusty/mongodb-org/3.4 multiverse" | sudo tee -a /etc/apt/sources.list > /dev/null

travis_time:end:06799eff:start=1517837910000937987,finish=1517837910014087723,duration=13149736
[0K[33;1mInstalling APT Packages (BETA)[0m
$ export DEBIAN_FRONTEND=noninteractive
travis_time:start:1f444d50
[0K$ sudo -E apt-get -yq update &>> ~/apt-get-update.log

travis_time:end:1f444d50:start=1517837910020540182,finish=1517837915293951452,duration=5273411270
[0Ktravis_time:start:100d987a
[0K$ sudo -E apt-get -yq --no-install-suggests --no-install-recommends --force-yes install mongodb-org-server
Reading package lists...
Building dependency tree...
Reading state information...
The following packages will be upgraded:
  mongodb-org-server
1 upgraded, 0 newly installed, 0 to remove and 68 not upgraded.
Need to get 14.2 MB of archives.
After this operation, 37.9 kB of additional disk space will be used.
Get:1 http://repo.mongodb.org/apt/ubuntu trusty/mongodb-org/3.4/multiverse amd64 mongodb-org-server amd64 3.4.11 [14.2 MB]
Fetched 14.2 MB in 0s (38.4 MB/s)
W: Target Packages (multiverse/binary-amd64/Packages) is configured multiple times in /etc/apt/sources.list:52 and /etc/apt/sources.list.d/mongodb-3.4.list:1
W: Target Packages (multiverse/binary-all/Packages) is configured multiple times in /etc/apt/sources.list:52 and /etc/apt/sources.list.d/mongodb-3.4.list:1
(Reading database ... 
(Reading database ... 5%
(Reading database ... 10%
(Reading database ... 15%
(Reading database ... 20%
(Reading database ... 25%
(Reading database ... 30%
(Reading database ... 35%
(Reading database ... 40%
(Reading database ... 45%
(Reading database ... 50%
(Reading database ... 55%
(Reading database ... 60%
(Reading database ... 65%
(Reading database ... 70%
(Reading database ... 75%
(Reading database ... 80%
(Reading database ... 85%
(Reading database ... 90%
(Reading database ... 95%
(Reading database ... 100%
(Reading database ... 72205 files and directories currently installed.)
Preparing to unpack .../mongodb-org-server_3.4.11_amd64.deb ...
runlevel:/var/run/utmp: No such file or directory
Unpacking mongodb-org-server (3.4.11) over (3.4.10) ...
Processing triggers for man-db (2.6.7.1-1ubuntu1) ...
Processing triggers for ureadahead (0.100.0-16) ...
Setting up mongodb-org-server (3.4.11) ...

Configuration file '/etc/init/mongod.conf'
 ==> Modified (by you or by a script) since installation.
 ==> Package distributor has shipped an updated version.
 ==> Keeping old config file as default.
runlevel:/var/run/utmp: No such file or directory
Processing triggers for ureadahead (0.100.0-16) ...
W: Target Packages (multiverse/binary-amd64/Packages) is configured multiple times in /etc/apt/sources.list:52 and /etc/apt/sources.list.d/mongodb-3.4.list:1
W: Target Packages (multiverse/binary-all/Packages) is configured multiple times in /etc/apt/sources.list:52 and /etc/apt/sources.list.d/mongodb-3.4.list:1
W: --force-yes is deprecated, use one of the options starting with --allow instead.

travis_time:end:100d987a:start=1517837915300592343,finish=1517837926264263789,duration=10963671446
[0Ktravis_fold:end:apt
[0Ktravis_fold:start:services
[0Ktravis_time:start:16bfc79e
[0K$ sudo service mongod start
mongod start/running, process 3731

travis_time:end:16bfc79e:start=1517837926312647518,finish=1517837926345985181,duration=33337663
[0Ktravis_fold:end:services
[0K
[33;1mSetting environment variables from .travis.yml[0m
$ export MODULE=oak-store-document
$ export PROFILE="-PintegrationTesting"
$ export UT=""

[33;1mDisabling Gradle daemon[0m
travis_time:start:03d5e0d0
[0K$ mkdir -p ~/.gradle && echo "org.gradle.daemon=false" >> ~/.gradle/gradle.properties

travis_time:end:03d5e0d0:start=1517837939702892879,finish=1517837939709970714,duration=7077835
[0K$ export PATH=$JAVA_HOME/bin:$PATH
travis_fold:start:cache.1
[0KSetting up build cache
$ export CASHER_DIR=$HOME/.casher
travis_time:start:0656bf88
[0K$ Installing caching utilities

travis_time:end:0656bf88:start=1517837944256935777,finish=1517837944294912798,duration=37977021
[0Ktravis_time:start:134cbde0
[0K
travis_time:end:134cbde0:start=1517837944303941763,finish=1517837944309998244,duration=6056481
[0Ktravis_time:start:28c89369
[0K[32;1mattempting to download cache archive[0m
[32;1mfetching trunk/cache-linux-trusty-a303bbfd56b3b7ada8411933bff45b34d6e7a6df2ea0558774406b4b4151ffad--jdk-oraclejdk8.tgz[0m
[32;1mfound cache[0m

travis_time:end:28c89369:start=1517837944316497381,finish=1517837956853703006,duration=12537205625
[0Ktravis_time:start:0f0b5950
[0K
travis_time:end:0f0b5950:start=1517837956860416428,finish=1517837956865853492,duration=5437064
[0Ktravis_time:start:21ca1941
[0K[32;1madding /home/travis/.m2 to cache[0m

travis_time:end:21ca1941:start=1517837956872344303,finish=1517837960666269657,duration=3793925354
[0Ktravis_fold:end:cache.1
[0K$ java -Xmx32m -version
Picked up _JAVA_OPTIONS: -Xmx2048m -Xms512m
java version "1.8.0_151"
Java(TM) SE Runtime Environment (build 1.8.0_151-b12)
Java HotSpot(TM) 64-Bit Server VM (build 25.151-b12, mixed mode)
$ javac -J-Xmx32m -version
Picked up _JAVA_OPTIONS: -Xmx2048m -Xms512m
javac 1.8.0_151
travis_fold:start:install
[0Ktravis_time:start:02e729c5
[0K$ mvn --batch-mode -DskipTests -Dbaseline.skip=true install -pl :${MODULE} -am -nsu
Picked up _JAVA_OPTIONS: -Xmx2048m -Xms512m
[INFO] Scanning for projects...
[WARNING] The project org.apache.jackrabbit:oak-parent:pom:1.10-SNAPSHOT uses prerequisites which is only intended for maven-plugin projects but not for non maven-plugin projects. For such purposes you should use the maven-enforcer-plugin. See https://maven.apache.org/enforcer/enforcer-rules/requireMavenVersion.html
[INFO] ------------------------------------------------------------------------
[INFO] Reactor Build Order:
[INFO] 
[INFO] Oak Parent POM
[INFO] Oak Commons
[INFO] Oak API
[INFO] Oak Core SPI
[INFO] Oak NodeStore and Commit SPI
[INFO] Oak Query SPI
[INFO] Oak Security SPI
[INFO] Oak Blob Store
[INFO] Oak Blob Plugins
[INFO] Oak Core
[INFO] Oak DocumentNodeStore
[INFO] 
[INFO] ------------------------------------------------------------------------
[INFO] Building Oak Parent POM 1.10-SNAPSHOT
[INFO] ------------------------------------------------------------------------
[INFO] 
[INFO] --- jacoco-maven-plugin:0.7.9:prepare-agent (pre-unit-test) @ oak-parent ---
[INFO] Skipping JaCoCo execution because property jacoco.skip is set.
[INFO] test.opts.coverage set to empty
[INFO] 
[INFO] --- maven-remote-resources-plugin:1.5:process (process-resource-bundles) @ oak-parent ---
[INFO] 
[INFO] --- animal-sniffer-maven-plugin:1.16:check (animal-sniffer) @ oak-parent ---
[INFO] Checking unresolved references to org.codehaus.mojo.signature:java18:1.0
[INFO] 
[INFO] --- jacoco-maven-plugin:0.7.9:report (post-unit-test) @ oak-parent ---
[INFO] Skipping JaCoCo execution because property jacoco.skip is set.
[INFO] 
[INFO] --- maven-site-plugin:3.6:attach-descriptor (attach-descriptor) @ oak-parent ---
[INFO] No site descriptor found: nothing to attach.
[INFO] 
[INFO] --- maven-jar-plugin:3.0.2:test-jar (default) @ oak-parent ---
[WARNING] JAR will be empty - no content was marked for inclusion!
[INFO] Building jar: /home/travis/build/apache/jackrabbit-oak/oak-parent/target/oak-parent-1.10-SNAPSHOT-tests.jar
[INFO] 
[INFO] --- jacoco-maven-plugin:0.7.9:check (default-check) @ oak-parent ---
[INFO] Skipping JaCoCo execution due to missing execution data file:/home/travis/build/apache/jackrabbit-oak/oak-parent/target/coverage-reports/jacoco-ut.exec
[INFO] 
[INFO] --- maven-install-plugin:2.5.2:install (default-install) @ oak-parent ---
[INFO] Installing /home/travis/build/apache/jackrabbit-oak/oak-parent/pom.xml to /home/travis/.m2/repository/org/apache/jackrabbit/oak-parent/1.10-SNAPSHOT/oak-parent-1.10-SNAPSHOT.pom
[INFO] Installing /home/travis/build/apache/jackrabbit-oak/oak-parent/target/oak-parent-1.10-SNAPSHOT-tests.jar to /home/travis/.m2/repository/org/apache/jackrabbit/oak-parent/1.10-SNAPSHOT/oak-parent-1.10-SNAPSHOT-tests.jar
[INFO] 
[INFO] ------------------------------------------------------------------------
[INFO] Building Oak Commons 1.10-SNAPSHOT
[INFO] ------------------------------------------------------------------------
[INFO] 
[INFO] --- jacoco-maven-plugin:0.7.9:prepare-agent (pre-unit-test) @ oak-commons ---
[INFO] Skipping JaCoCo execution because property jacoco.skip is set.
[INFO] test.opts.coverage set to empty
[INFO] 
[INFO] --- maven-remote-resources-plugin:1.5:process (process-resource-bundles) @ oak-commons ---
[INFO] 
[INFO] --- maven-resources-plugin:2.7:resources (default-resources) @ oak-commons ---
[INFO] Using 'UTF-8' encoding to copy filtered resources.
[INFO] skip non existing resourceDirectory /home/travis/build/apache/jackrabbit-oak/oak-commons/src/main/resources
[INFO] Copying 3 resources
[INFO] 
[INFO] --- maven-compiler-plugin:3.7.0:compile (default-compile) @ oak-commons ---
[INFO] Changes detected - recompiling the module!
[INFO] Compiling 33 source files to /home/travis/build/apache/jackrabbit-oak/oak-commons/target/classes
[INFO] /home/travis/build/apache/jackrabbit-oak/oak-commons/src/main/java/org/apache/jackrabbit/oak/commons/sort/ExternalSort.java: Some input files use unchecked or unsafe operations.
[INFO] /home/travis/build/apache/jackrabbit-oak/oak-commons/src/main/java/org/apache/jackrabbit/oak/commons/sort/ExternalSort.java: Recompile with -Xlint:unchecked for details.
[INFO] 
[INFO] --- animal-sniffer-maven-plugin:1.16:check (animal-sniffer) @ oak-commons ---
[INFO] Checking unresolved references to org.codehaus.mojo.signature:java18:1.0
[INFO] 
[INFO] --- maven-bundle-plugin:3.3.0:manifest (scr-metadata) @ oak-commons ---
[INFO] 
[INFO] --- maven-resources-plugin:2.7:testResources (default-testResources) @ oak-commons ---
[INFO] Using 'UTF-8' encoding to copy filtered resources.
[INFO] Copying 4 resources
[INFO] Copying 3 resources
[INFO] 
[INFO] --- maven-compiler-plugin:3.7.0:testCompile (default-testCompile) @ oak-commons ---
[INFO] Changes detected - recompiling the module!
[INFO] Compiling 28 source files to /home/travis/build/apache/jackrabbit-oak/oak-commons/target/test-classes
[INFO] /home/travis/build/apache/jackrabbit-oak/oak-commons/src/test/java/org/apache/jackrabbit/oak/commons/cache/ConcurrentCacheTest.java: Some input files use or override a deprecated API.
[INFO] /home/travis/build/apache/jackrabbit-oak/oak-commons/src/test/java/org/apache/jackrabbit/oak/commons/cache/ConcurrentCacheTest.java: Recompile with -Xlint:deprecation for details.
[INFO] /home/travis/build/apache/jackrabbit-oak/oak-commons/src/test/java/org/apache/jackrabbit/oak/commons/FileIOUtilsTest.java: /home/travis/build/apache/jackrabbit-oak/oak-commons/src/test/java/org/apache/jackrabbit/oak/commons/FileIOUtilsTest.java uses unchecked or unsafe operations.
[INFO] /home/travis/build/apache/jackrabbit-oak/oak-commons/src/test/java/org/apache/jackrabbit/oak/commons/FileIOUtilsTest.java: Recompile with -Xlint:unchecked for details.
[INFO] 
[INFO] --- maven-surefire-plugin:2.20.1:test (default-test) @ oak-commons ---
[INFO] Tests are skipped.
[INFO] 
[INFO] --- jacoco-maven-plugin:0.7.9:report (post-unit-test) @ oak-commons ---
[INFO] Skipping JaCoCo execution because property jacoco.skip is set.
[INFO] 
[INFO] --- maven-bundle-plugin:3.3.0:bundle (default-bundle) @ oak-commons ---
[INFO] 
[INFO] --- maven-site-plugin:3.6:attach-descriptor (attach-descriptor) @ oak-commons ---
[INFO] Skipping because packaging 'bundle' is not pom.
[INFO] 
[INFO] --- maven-jar-plugin:3.0.2:test-jar (default) @ oak-commons ---
[INFO] Building jar: /home/travis/build/apache/jackrabbit-oak/oak-commons/target/oak-commons-1.10-SNAPSHOT-tests.jar
[INFO] 
[INFO] --- maven-bundle-plugin:3.3.0:baseline (baseline) @ oak-commons ---
[INFO] Skipping Baseline execution
[INFO] 
[INFO] --- jacoco-maven-plugin:0.7.9:check (default-check) @ oak-commons ---
[INFO] Skipping JaCoCo execution due to missing execution data file:/home/travis/build/apache/jackrabbit-oak/oak-commons/target/coverage-reports/jacoco-ut.exec
[INFO] 
[INFO] --- maven-install-plugin:2.5.2:install (default-install) @ oak-commons ---
[INFO] Installing /home/travis/build/apache/jackrabbit-oak/oak-commons/target/oak-commons-1.10-SNAPSHOT.jar to /home/travis/.m2/repository/org/apache/jackrabbit/oak-commons/1.10-SNAPSHOT/oak-commons-1.10-SNAPSHOT.jar
[INFO] Installing /home/travis/build/apache/jackrabbit-oak/oak-commons/pom.xml to /home/travis/.m2/repository/org/apache/jackrabbit/oak-commons/1.10-SNAPSHOT/oak-commons-1.10-SNAPSHOT.pom
[INFO] Installing /home/travis/build/apache/jackrabbit-oak/oak-commons/target/oak-commons-1.10-SNAPSHOT-tests.jar to /home/travis/.m2/repository/org/apache/jackrabbit/oak-commons/1.10-SNAPSHOT/oak-commons-1.10-SNAPSHOT-tests.jar
[INFO] 
[INFO] --- maven-bundle-plugin:3.3.0:install (default-install) @ oak-commons ---
[INFO] Local OBR update disabled (enable with -DobrRepository)
[INFO] 
[INFO] ------------------------------------------------------------------------
[INFO] Building Oak API 1.10-SNAPSHOT
[INFO] ------------------------------------------------------------------------
[INFO] 
[INFO] --- jacoco-maven-plugin:0.7.9:prepare-agent (pre-unit-test) @ oak-api ---
[INFO] Skipping JaCoCo execution because property jacoco.skip is set.
[INFO] test.opts.coverage set to empty
[INFO] 
[INFO] --- maven-remote-resources-plugin:1.5:process (process-resource-bundles) @ oak-api ---
[INFO] 
[INFO] --- maven-resources-plugin:2.7:resources (default-resources) @ oak-api ---
[INFO] Using 'UTF-8' encoding to copy filtered resources.
[INFO] skip non existing resourceDirectory /home/travis/build/apache/jackrabbit-oak/oak-api/src/main/resources
[INFO] Copying 3 resources
[INFO] 
[INFO] --- maven-compiler-plugin:3.7.0:compile (default-compile) @ oak-api ---
[INFO] Changes detected - recompiling the module!
[INFO] Compiling 34 source files to /home/travis/build/apache/jackrabbit-oak/oak-api/target/classes
[INFO] 
[INFO] --- animal-sniffer-maven-plugin:1.16:check (animal-sniffer) @ oak-api ---
[INFO] Checking unresolved references to org.codehaus.mojo.signature:java18:1.0
[INFO] 
[INFO] --- maven-bundle-plugin:3.3.0:manifest (scr-metadata) @ oak-api ---
[INFO] 
[INFO] --- maven-resources-plugin:2.7:testResources (default-testResources) @ oak-api ---
[INFO] Using 'UTF-8' encoding to copy filtered resources.
[INFO] skip non existing resourceDirectory /home/travis/build/apache/jackrabbit-oak/oak-api/src/test/resources
[INFO] Copying 3 resources
[INFO] 
[INFO] --- maven-compiler-plugin:3.7.0:testCompile (default-testCompile) @ oak-api ---
[INFO] Changes detected - recompiling the module!
[INFO] Compiling 2 source files to /home/travis/build/apache/jackrabbit-oak/oak-api/target/test-classes
[INFO] 
[INFO] --- maven-surefire-plugin:2.20.1:test (default-test) @ oak-api ---
[INFO] Tests are skipped.
[INFO] 
[INFO] --- jacoco-maven-plugin:0.7.9:report (post-unit-test) @ oak-api ---
[INFO] Skipping JaCoCo execution because property jacoco.skip is set.
[INFO] 
[INFO] --- maven-bundle-plugin:3.3.0:bundle (default-bundle) @ oak-api ---
[INFO] 
[INFO] --- maven-site-plugin:3.6:attach-descriptor (attach-descriptor) @ oak-api ---
[INFO] Skipping because packaging 'bundle' is not pom.
[INFO] 
[INFO] --- maven-jar-plugin:3.0.2:test-jar (default) @ oak-api ---
[INFO] Building jar: /home/travis/build/apache/jackrabbit-oak/oak-api/target/oak-api-1.10-SNAPSHOT-tests.jar
[INFO] 
[INFO] --- maven-bundle-plugin:3.3.0:baseline (baseline) @ oak-api ---
[INFO] Skipping Baseline execution
[INFO] 
[INFO] --- jacoco-maven-plugin:0.7.9:check (default-check) @ oak-api ---
[INFO] Skipping JaCoCo execution due to missing execution data file:/home/travis/build/apache/jackrabbit-oak/oak-api/target/coverage-reports/jacoco-ut.exec
[INFO] 
[INFO] --- maven-install-plugin:2.5.2:install (default-install) @ oak-api ---
[INFO] Installing /home/travis/build/apache/jackrabbit-oak/oak-api/target/oak-api-1.10-SNAPSHOT.jar to /home/travis/.m2/repository/org/apache/jackrabbit/oak-api/1.10-SNAPSHOT/oak-api-1.10-SNAPSHOT.jar
[INFO] Installing /home/travis/build/apache/jackrabbit-oak/oak-api/pom.xml to /home/travis/.m2/repository/org/apache/jackrabbit/oak-api/1.10-SNAPSHOT/oak-api-1.10-SNAPSHOT.pom
[INFO] Installing /home/travis/build/apache/jackrabbit-oak/oak-api/target/oak-api-1.10-SNAPSHOT-tests.jar to /home/travis/.m2/repository/org/apache/jackrabbit/oak-api/1.10-SNAPSHOT/oak-api-1.10-SNAPSHOT-tests.jar
[INFO] 
[INFO] --- maven-bundle-plugin:3.3.0:install (default-install) @ oak-api ---
[INFO] Local OBR update disabled (enable with -DobrRepository)
[INFO] 
[INFO] ------------------------------------------------------------------------
[INFO] Building Oak Core SPI 1.10-SNAPSHOT
[INFO] ------------------------------------------------------------------------
[INFO] 
[INFO] --- jacoco-maven-plugin:0.7.9:prepare-agent (pre-unit-test) @ oak-core-spi ---
[INFO] Skipping JaCoCo execution because property jacoco.skip is set.
[INFO] test.opts.coverage set to empty
[INFO] 
[INFO] --- maven-remote-resources-plugin:1.5:process (process-resource-bundles) @ oak-core-spi ---
[INFO] 
[INFO] --- maven-resources-plugin:2.7:resources (default-resources) @ oak-core-spi ---
[INFO] Using 'UTF-8' encoding to copy filtered resources.
[INFO] skip non existing resourceDirectory /home/travis/build/apache/jackrabbit-oak/oak-core-spi/src/main/resources
[INFO] Copying 3 resources
[INFO] 
[INFO] --- maven-compiler-plugin:3.7.0:compile (default-compile) @ oak-core-spi ---
[INFO] Changes detected - recompiling the module!
[INFO] Compiling 75 source files to /home/travis/build/apache/jackrabbit-oak/oak-core-spi/target/classes
[INFO] /home/travis/build/apache/jackrabbit-oak/oak-core-spi/src/main/java/org/apache/jackrabbit/oak/spi/whiteboard/WhiteboardUtils.java: /home/travis/build/apache/jackrabbit-oak/oak-core-spi/src/main/java/org/apache/jackrabbit/oak/spi/whiteboard/WhiteboardUtils.java uses unchecked or unsafe operations.
[INFO] /home/travis/build/apache/jackrabbit-oak/oak-core-spi/src/main/java/org/apache/jackrabbit/oak/spi/whiteboard/WhiteboardUtils.java: Recompile with -Xlint:unchecked for details.
[INFO] 
[INFO] --- animal-sniffer-maven-plugin:1.16:check (animal-sniffer) @ oak-core-spi ---
[INFO] Checking unresolved references to org.codehaus.mojo.signature:java18:1.0
[INFO] 
[INFO] --- maven-bundle-plugin:3.3.0:manifest (scr-metadata) @ oak-core-spi ---
[INFO] 
[INFO] --- maven-resources-plugin:2.7:testResources (default-testResources) @ oak-core-spi ---
[INFO] Using 'UTF-8' encoding to copy filtered resources.
[INFO] skip non existing resourceDirectory /home/travis/build/apache/jackrabbit-oak/oak-core-spi/src/test/resources
[INFO] Copying 3 resources
[INFO] 
[INFO] --- maven-compiler-plugin:3.7.0:testCompile (default-testCompile) @ oak-core-spi ---
[INFO] Changes detected - recompiling the module!
[INFO] Compiling 20 source files to /home/travis/build/apache/jackrabbit-oak/oak-core-spi/target/test-classes
[INFO] /home/travis/build/apache/jackrabbit-oak/oak-core-spi/src/test/java/org/apache/jackrabbit/oak/commons/jmx/AnnotatedStandardMBeanTest.java: Some input files use or override a deprecated API.
[INFO] /home/travis/build/apache/jackrabbit-oak/oak-core-spi/src/test/java/org/apache/jackrabbit/oak/commons/jmx/AnnotatedStandardMBeanTest.java: Recompile with -Xlint:deprecation for details.
[INFO] 
[INFO] --- maven-surefire-plugin:2.20.1:test (default-test) @ oak-core-spi ---
[INFO] Tests are skipped.
[INFO] 
[INFO] --- jacoco-maven-plugin:0.7.9:report (post-unit-test) @ oak-core-spi ---
[INFO] Skipping JaCoCo execution because property jacoco.skip is set.
[INFO] 
[INFO] --- maven-bundle-plugin:3.3.0:bundle (default-bundle) @ oak-core-spi ---
[INFO] 
[INFO] --- maven-site-plugin:3.6:attach-descriptor (attach-descriptor) @ oak-core-spi ---
[INFO] Skipping because packaging 'bundle' is not pom.
[INFO] 
[INFO] --- maven-jar-plugin:3.0.2:test-jar (default) @ oak-core-spi ---
[INFO] Building jar: /home/travis/build/apache/jackrabbit-oak/oak-core-spi/target/oak-core-spi-1.10-SNAPSHOT-tests.jar
[INFO] 
[INFO] --- maven-bundle-plugin:3.3.0:baseline (baseline) @ oak-core-spi ---
[INFO] Skipping Baseline execution
[INFO] 
[INFO] --- jacoco-maven-plugin:0.7.9:check (default-check) @ oak-core-spi ---
[INFO] Skipping JaCoCo execution due to missing execution data file:/home/travis/build/apache/jackrabbit-oak/oak-core-spi/target/coverage-reports/jacoco-ut.exec
[INFO] 
[INFO] --- maven-install-plugin:2.5.2:install (default-install) @ oak-core-spi ---
[INFO] Installing /home/travis/build/apache/jackrabbit-oak/oak-core-spi/target/oak-core-spi-1.10-SNAPSHOT.jar to /home/travis/.m2/repository/org/apache/jackrabbit/oak-core-spi/1.10-SNAPSHOT/oak-core-spi-1.10-SNAPSHOT.jar
[INFO] Installing /home/travis/build/apache/jackrabbit-oak/oak-core-spi/pom.xml to /home/travis/.m2/repository/org/apache/jackrabbit/oak-core-spi/1.10-SNAPSHOT/oak-core-spi-1.10-SNAPSHOT.pom
[INFO] Installing /home/travis/build/apache/jackrabbit-oak/oak-core-spi/target/oak-core-spi-1.10-SNAPSHOT-tests.jar to /home/travis/.m2/repository/org/apache/jackrabbit/oak-core-spi/1.10-SNAPSHOT/oak-core-spi-1.10-SNAPSHOT-tests.jar
[INFO] 
[INFO] --- maven-bundle-plugin:3.3.0:install (default-install) @ oak-core-spi ---
[INFO] Local OBR update disabled (enable with -DobrRepository)
[INFO] 
[INFO] ------------------------------------------------------------------------
[INFO] Building Oak NodeStore and Commit SPI 1.10-SNAPSHOT
[INFO] ------------------------------------------------------------------------
[INFO] 
[INFO] --- jacoco-maven-plugin:0.7.9:prepare-agent (pre-unit-test) @ oak-store-spi ---
[INFO] Skipping JaCoCo execution because property jacoco.skip is set.
[INFO] test.opts.coverage set to empty
[INFO] 
[INFO] --- maven-remote-resources-plugin:1.5:process (process-resource-bundles) @ oak-store-spi ---
[INFO] 
[INFO] --- maven-resources-plugin:2.7:resources (default-resources) @ oak-store-spi ---
[INFO] Using 'UTF-8' encoding to copy filtered resources.
[INFO] skip non existing resourceDirectory /home/travis/build/apache/jackrabbit-oak/oak-store-spi/src/main/resources
[INFO] Copying 3 resources
[INFO] 
[INFO] --- maven-compiler-plugin:3.7.0:compile (default-compile) @ oak-store-spi ---
[INFO] Changes detected - recompiling the module!
[INFO] Compiling 117 source files to /home/travis/build/apache/jackrabbit-oak/oak-store-spi/target/classes
[INFO] /home/travis/build/apache/jackrabbit-oak/oak-store-spi/src/main/java/org/apache/jackrabbit/oak/plugins/value/jcr/ValueImpl.java: Some input files use or override a deprecated API.
[INFO] /home/travis/build/apache/jackrabbit-oak/oak-store-spi/src/main/java/org/apache/jackrabbit/oak/plugins/value/jcr/ValueImpl.java: Recompile with -Xlint:deprecation for details.
[INFO] 
[INFO] --- animal-sniffer-maven-plugin:1.16:check (animal-sniffer) @ oak-store-spi ---
[INFO] Checking unresolved references to org.codehaus.mojo.signature:java18:1.0
[INFO] 
[INFO] --- maven-bundle-plugin:3.3.0:manifest (scr-metadata) @ oak-store-spi ---
[INFO] 
[INFO] --- maven-resources-plugin:2.7:testResources (default-testResources) @ oak-store-spi ---
[INFO] Using 'UTF-8' encoding to copy filtered resources.
[INFO] skip non existing resourceDirectory /home/travis/build/apache/jackrabbit-oak/oak-store-spi/src/test/resources
[INFO] Copying 3 resources
[INFO] 
[INFO] --- maven-compiler-plugin:3.7.0:testCompile (default-testCompile) @ oak-store-spi ---
[INFO] Changes detected - recompiling the module!
[INFO] Compiling 19 source files to /home/travis/build/apache/jackrabbit-oak/oak-store-spi/target/test-classes
[INFO] /home/travis/build/apache/jackrabbit-oak/oak-store-spi/src/test/java/org/apache/jackrabbit/oak/spi/commit/SubtreeValidatorTest.java: Some input files use or override a deprecated API.
[INFO] /home/travis/build/apache/jackrabbit-oak/oak-store-spi/src/test/java/org/apache/jackrabbit/oak/spi/commit/SubtreeValidatorTest.java: Recompile with -Xlint:deprecation for details.
[INFO] /home/travis/build/apache/jackrabbit-oak/oak-store-spi/src/test/java/org/apache/jackrabbit/oak/plugins/memory/PropertyBuilderTest.java: /home/travis/build/apache/jackrabbit-oak/oak-store-spi/src/test/java/org/apache/jackrabbit/oak/plugins/memory/PropertyBuilderTest.java uses unchecked or unsafe operations.
[INFO] /home/travis/build/apache/jackrabbit-oak/oak-store-spi/src/test/java/org/apache/jackrabbit/oak/plugins/memory/PropertyBuilderTest.java: Recompile with -Xlint:unchecked for details.
[INFO] 
[INFO] --- maven-surefire-plugin:2.20.1:test (default-test) @ oak-store-spi ---
[INFO] Tests are skipped.
[INFO] 
[INFO] --- jacoco-maven-plugin:0.7.9:report (post-unit-test) @ oak-store-spi ---
[INFO] Skipping JaCoCo execution because property jacoco.skip is set.
[INFO] 
[INFO] --- maven-bundle-plugin:3.3.0:bundle (default-bundle) @ oak-store-spi ---
[INFO] 
[INFO] --- maven-site-plugin:3.6:attach-descriptor (attach-descriptor) @ oak-store-spi ---
[INFO] Skipping because packaging 'bundle' is not pom.
[INFO] 
[INFO] --- maven-jar-plugin:3.0.2:test-jar (default) @ oak-store-spi ---
[INFO] Building jar: /home/travis/build/apache/jackrabbit-oak/oak-store-spi/target/oak-store-spi-1.10-SNAPSHOT-tests.jar
[INFO] 
[INFO] --- maven-bundle-plugin:3.3.0:baseline (baseline) @ oak-store-spi ---
[INFO] Skipping Baseline execution
[INFO] 
[INFO] --- jacoco-maven-plugin:0.7.9:check (default-check) @ oak-store-spi ---
[INFO] Skipping JaCoCo execution due to missing execution data file:/home/travis/build/apache/jackrabbit-oak/oak-store-spi/target/coverage-reports/jacoco-ut.exec
[INFO] 
[INFO] --- maven-install-plugin:2.5.2:install (default-install) @ oak-store-spi ---
[INFO] Installing /home/travis/build/apache/jackrabbit-oak/oak-store-spi/target/oak-store-spi-1.10-SNAPSHOT.jar to /home/travis/.m2/repository/org/apache/jackrabbit/oak-store-spi/1.10-SNAPSHOT/oak-store-spi-1.10-SNAPSHOT.jar
[INFO] Installing /home/travis/build/apache/jackrabbit-oak/oak-store-spi/pom.xml to /home/travis/.m2/repository/org/apache/jackrabbit/oak-store-spi/1.10-SNAPSHOT/oak-store-spi-1.10-SNAPSHOT.pom
[INFO] Installing /home/travis/build/apache/jackrabbit-oak/oak-store-spi/target/oak-store-spi-1.10-SNAPSHOT-tests.jar to /home/travis/.m2/repository/org/apache/jackrabbit/oak-store-spi/1.10-SNAPSHOT/oak-store-spi-1.10-SNAPSHOT-tests.jar
[INFO] 
[INFO] --- maven-bundle-plugin:3.3.0:install (default-install) @ oak-store-spi ---
[INFO] Local OBR update disabled (enable with -DobrRepository)
[INFO] 
[INFO] ------------------------------------------------------------------------
[INFO] Building Oak Query SPI 1.10-SNAPSHOT
[INFO] ------------------------------------------------------------------------
[INFO] 
[INFO] --- jacoco-maven-plugin:0.7.9:prepare-agent (pre-unit-test) @ oak-query-spi ---
[INFO] Skipping JaCoCo execution because property jacoco.skip is set.
[INFO] test.opts.coverage set to empty
[INFO] 
[INFO] --- maven-remote-resources-plugin:1.5:process (process-resource-bundles) @ oak-query-spi ---
[INFO] 
[INFO] --- maven-resources-plugin:2.7:resources (default-resources) @ oak-query-spi ---
[INFO] Using 'UTF-8' encoding to copy filtered resources.
[INFO] skip non existing resourceDirectory /home/travis/build/apache/jackrabbit-oak/oak-query-spi/src/main/resources
[INFO] Copying 3 resources
[INFO] 
[INFO] --- maven-compiler-plugin:3.7.0:compile (default-compile) @ oak-query-spi ---
[INFO] Changes detected - recompiling the module!
[INFO] Compiling 22 source files to /home/travis/build/apache/jackrabbit-oak/oak-query-spi/target/classes
[INFO] 
[INFO] --- animal-sniffer-maven-plugin:1.16:check (animal-sniffer) @ oak-query-spi ---
[INFO] Checking unresolved references to org.codehaus.mojo.signature:java18:1.0
[INFO] 
[INFO] --- maven-bundle-plugin:3.3.0:manifest (scr-metadata) @ oak-query-spi ---
[INFO] 
[INFO] --- maven-resources-plugin:2.7:testResources (default-testResources) @ oak-query-spi ---
[INFO] Using 'UTF-8' encoding to copy filtered resources.
[INFO] Copying 1 resource
[INFO] Copying 3 resources
[INFO] 
[INFO] --- maven-compiler-plugin:3.7.0:testCompile (default-testCompile) @ oak-query-spi ---
[INFO] Changes detected - recompiling the module!
[INFO] Compiling 1 source file to /home/travis/build/apache/jackrabbit-oak/oak-query-spi/target/test-classes
[INFO] 
[INFO] --- maven-surefire-plugin:2.20.1:test (default-test) @ oak-query-spi ---
[INFO] Tests are skipped.
[INFO] 
[INFO] --- jacoco-maven-plugin:0.7.9:report (post-unit-test) @ oak-query-spi ---
[INFO] Skipping JaCoCo execution because property jacoco.skip is set.
[INFO] 
[INFO] --- maven-bundle-plugin:3.3.0:bundle (default-bundle) @ oak-query-spi ---
[INFO] 
[INFO] --- maven-site-plugin:3.6:attach-descriptor (attach-descriptor) @ oak-query-spi ---
[INFO] Skipping because packaging 'bundle' is not pom.
[INFO] 
[INFO] --- maven-jar-plugin:3.0.2:test-jar (default) @ oak-query-spi ---
[INFO] Building jar: /home/travis/build/apache/jackrabbit-oak/oak-query-spi/target/oak-query-spi-1.10-SNAPSHOT-tests.jar
[INFO] 
[INFO] --- maven-bundle-plugin:3.3.0:baseline (baseline) @ oak-query-spi ---
[INFO] Skipping Baseline execution
[INFO] 
[INFO] --- jacoco-maven-plugin:0.7.9:check (default-check) @ oak-query-spi ---
[INFO] Skipping JaCoCo execution due to missing execution data file:/home/travis/build/apache/jackrabbit-oak/oak-query-spi/target/coverage-reports/jacoco-ut.exec
[INFO] 
[INFO] --- maven-install-plugin:2.5.2:install (default-install) @ oak-query-spi ---
[INFO] Installing /home/travis/build/apache/jackrabbit-oak/oak-query-spi/target/oak-query-spi-1.10-SNAPSHOT.jar to /home/travis/.m2/repository/org/apache/jackrabbit/oak-query-spi/1.10-SNAPSHOT/oak-query-spi-1.10-SNAPSHOT.jar
[INFO] Installing /home/travis/build/apache/jackrabbit-oak/oak-query-spi/pom.xml to /home/travis/.m2/repository/org/apache/jackrabbit/oak-query-spi/1.10-SNAPSHOT/oak-query-spi-1.10-SNAPSHOT.pom
[INFO] Installing /home/travis/build/apache/jackrabbit-oak/oak-query-spi/target/oak-query-spi-1.10-SNAPSHOT-tests.jar to /home/travis/.m2/repository/org/apache/jackrabbit/oak-query-spi/1.10-SNAPSHOT/oak-query-spi-1.10-SNAPSHOT-tests.jar
[INFO] 
[INFO] --- maven-bundle-plugin:3.3.0:install (default-install) @ oak-query-spi ---
[INFO] Local OBR update disabled (enable with -DobrRepository)
[INFO] 
[INFO] ------------------------------------------------------------------------
[INFO] Building Oak Security SPI 1.10-SNAPSHOT
[INFO] ------------------------------------------------------------------------
[INFO] 
[INFO] --- jacoco-maven-plugin:0.7.9:prepare-agent (pre-unit-test) @ oak-security-spi ---
[INFO] test.opts.coverage set to -javaagent:/home/travis/.m2/repository/org/jacoco/org.jacoco.agent/0.7.9/org.jacoco.agent-0.7.9-runtime.jar=destfile=/home/travis/build/apache/jackrabbit-oak/oak-security-spi/target/coverage-reports/jacoco-ut.exec
[INFO] 
[INFO] --- maven-remote-resources-plugin:1.5:process (process-resource-bundles) @ oak-security-spi ---
[INFO] 
[INFO] --- maven-resources-plugin:2.7:resources (default-resources) @ oak-security-spi ---
[INFO] Using 'UTF-8' encoding to copy filtered resources.
[INFO] skip non existing resourceDirectory /home/travis/build/apache/jackrabbit-oak/oak-security-spi/src/main/resources
[INFO] Copying 3 resources
[INFO] 
[INFO] --- maven-compiler-plugin:3.7.0:compile (default-compile) @ oak-security-spi ---
[INFO] Changes detected - recompiling the module!
[INFO] Compiling 137 source files to /home/travis/build/apache/jackrabbit-oak/oak-security-spi/target/classes
[INFO] /home/travis/build/apache/jackrabbit-oak/oak-security-spi/src/main/java/org/apache/jackrabbit/oak/spi/security/CompositeConfiguration.java: Some input files use unchecked or unsafe operations.
[INFO] /home/travis/build/apache/jackrabbit-oak/oak-security-spi/src/main/java/org/apache/jackrabbit/oak/spi/security/CompositeConfiguration.java: Recompile with -Xlint:unchecked for details.
[INFO] 
[INFO] --- animal-sniffer-maven-plugin:1.16:check (animal-sniffer) @ oak-security-spi ---
[INFO] Checking unresolved references to org.codehaus.mojo.signature:java18:1.0
[INFO] 
[INFO] --- maven-bundle-plugin:3.3.0:manifest (scr-metadata) @ oak-security-spi ---
[INFO] 
[INFO] --- maven-resources-plugin:2.7:testResources (default-testResources) @ oak-security-spi ---
[INFO] Using 'UTF-8' encoding to copy filtered resources.
[INFO] skip non existing resourceDirectory /home/travis/build/apache/jackrabbit-oak/oak-security-spi/src/test/resources
[INFO] Copying 3 resources
[INFO] 
[INFO] --- maven-compiler-plugin:3.7.0:testCompile (default-testCompile) @ oak-security-spi ---
[INFO] Changes detected - recompiling the module!
[INFO] Compiling 83 source files to /home/travis/build/apache/jackrabbit-oak/oak-security-spi/target/test-classes
[INFO] /home/travis/build/apache/jackrabbit-oak/oak-security-spi/src/test/java/org/apache/jackrabbit/oak/spi/xml/PropInfoTest.java: Some input files use or override a deprecated API.
[INFO] /home/travis/build/apache/jackrabbit-oak/oak-security-spi/src/test/java/org/apache/jackrabbit/oak/spi/xml/PropInfoTest.java: Recompile with -Xlint:deprecation for details.
[INFO] /home/travis/build/apache/jackrabbit-oak/oak-security-spi/src/test/java/org/apache/jackrabbit/oak/spi/security/AbstractCompositeConfigurationTest.java: Some input files use unchecked or unsafe operations.
[INFO] /home/travis/build/apache/jackrabbit-oak/oak-security-spi/src/test/java/org/apache/jackrabbit/oak/spi/security/AbstractCompositeConfigurationTest.java: Recompile with -Xlint:unchecked for details.
[INFO] 
[INFO] --- maven-surefire-plugin:2.20.1:test (default-test) @ oak-security-spi ---
[INFO] Tests are skipped.
[INFO] 
[INFO] --- jacoco-maven-plugin:0.7.9:report (post-unit-test) @ oak-security-spi ---
[INFO] Skipping JaCoCo execution due to missing execution data file.
[INFO] 
[INFO] --- maven-bundle-plugin:3.3.0:bundle (default-bundle) @ oak-security-spi ---
[INFO] 
[INFO] --- maven-site-plugin:3.6:attach-descriptor (attach-descriptor) @ oak-security-spi ---
[INFO] Skipping because packaging 'bundle' is not pom.
[INFO] 
[INFO] --- maven-jar-plugin:3.0.2:test-jar (default) @ oak-security-spi ---
[INFO] Building jar: /home/travis/build/apache/jackrabbit-oak/oak-security-spi/target/oak-security-spi-1.10-SNAPSHOT-tests.jar
[INFO] 
[INFO] --- maven-bundle-plugin:3.3.0:baseline (baseline) @ oak-security-spi ---
[INFO] Skipping Baseline execution
[INFO] 
[INFO] --- jacoco-maven-plugin:0.7.9:check (default-check) @ oak-security-spi ---
[INFO] Skipping JaCoCo execution due to missing execution data file:/home/travis/build/apache/jackrabbit-oak/oak-security-spi/target/coverage-reports/jacoco-ut.exec
[INFO] 
[INFO] --- maven-install-plugin:2.5.2:install (default-install) @ oak-security-spi ---
[INFO] Installing /home/travis/build/apache/jackrabbit-oak/oak-security-spi/target/oak-security-spi-1.10-SNAPSHOT.jar to /home/travis/.m2/repository/org/apache/jackrabbit/oak-security-spi/1.10-SNAPSHOT/oak-security-spi-1.10-SNAPSHOT.jar
[INFO] Installing /home/travis/build/apache/jackrabbit-oak/oak-security-spi/pom.xml to /home/travis/.m2/repository/org/apache/jackrabbit/oak-security-spi/1.10-SNAPSHOT/oak-security-spi-1.10-SNAPSHOT.pom
[INFO] Installing /home/travis/build/apache/jackrabbit-oak/oak-security-spi/target/oak-security-spi-1.10-SNAPSHOT-tests.jar to /home/travis/.m2/repository/org/apache/jackrabbit/oak-security-spi/1.10-SNAPSHOT/oak-security-spi-1.10-SNAPSHOT-tests.jar
[INFO] 
[INFO] --- maven-bundle-plugin:3.3.0:install (default-install) @ oak-security-spi ---
[INFO] Local OBR update disabled (enable with -DobrRepository)
[INFO] 
[INFO] ------------------------------------------------------------------------
[INFO] Building Oak Blob Store 1.10-SNAPSHOT
[INFO] ------------------------------------------------------------------------
[INFO] 
[INFO] --- jacoco-maven-plugin:0.7.9:prepare-agent (pre-unit-test) @ oak-blob ---
[INFO] Skipping JaCoCo execution because property jacoco.skip is set.
[INFO] test.opts.coverage set to empty
[INFO] 
[INFO] --- maven-remote-resources-plugin:1.5:process (process-resource-bundles) @ oak-blob ---
[INFO] 
[INFO] --- maven-resources-plugin:2.7:resources (default-resources) @ oak-blob ---
[INFO] Using 'UTF-8' encoding to copy filtered resources.
[INFO] skip non existing resourceDirectory /home/travis/build/apache/jackrabbit-oak/oak-blob/src/main/resources
[INFO] Copying 3 resources
[INFO] 
[INFO] --- maven-compiler-plugin:3.7.0:compile (default-compile) @ oak-blob ---
[INFO] Changes detected - recompiling the module!
[INFO] Compiling 20 source files to /home/travis/build/apache/jackrabbit-oak/oak-blob/target/classes
[INFO] /home/travis/build/apache/jackrabbit-oak/oak-blob/src/main/java/org/apache/jackrabbit/oak/spi/blob/AbstractBlobStore.java: /home/travis/build/apache/jackrabbit-oak/oak-blob/src/main/java/org/apache/jackrabbit/oak/spi/blob/AbstractBlobStore.java uses or overrides a deprecated API.
[INFO] /home/travis/build/apache/jackrabbit-oak/oak-blob/src/main/java/org/apache/jackrabbit/oak/spi/blob/AbstractBlobStore.java: Recompile with -Xlint:deprecation for details.
[INFO] 
[INFO] --- animal-sniffer-maven-plugin:1.16:check (animal-sniffer) @ oak-blob ---
[INFO] Checking unresolved references to org.codehaus.mojo.signature:java18:1.0
[INFO] 
[INFO] --- maven-bundle-plugin:3.3.0:manifest (scr-metadata) @ oak-blob ---
[INFO] 
[INFO] --- maven-resources-plugin:2.7:testResources (default-testResources) @ oak-blob ---
[INFO] Using 'UTF-8' encoding to copy filtered resources.
[INFO] Copying 1 resource
[INFO] Copying 3 resources
[INFO] 
[INFO] --- maven-compiler-plugin:3.7.0:testCompile (default-testCompile) @ oak-blob ---
[INFO] Changes detected - recompiling the module!
[INFO] Compiling 6 source files to /home/travis/build/apache/jackrabbit-oak/oak-blob/target/test-classes
[INFO] /home/travis/build/apache/jackrabbit-oak/oak-blob/src/test/java/org/apache/jackrabbit/oak/spi/blob/split/SplitBlobStoreTest.java: Some input files use or override a deprecated API.
[INFO] /home/travis/build/apache/jackrabbit-oak/oak-blob/src/test/java/org/apache/jackrabbit/oak/spi/blob/split/SplitBlobStoreTest.java: Recompile with -Xlint:deprecation for details.
[INFO] 
[INFO] --- maven-surefire-plugin:2.20.1:test (default-test) @ oak-blob ---
[INFO] Tests are skipped.
[INFO] 
[INFO] --- jacoco-maven-plugin:0.7.9:report (post-unit-test) @ oak-blob ---
[INFO] Skipping JaCoCo execution because property jacoco.skip is set.
[INFO] 
[INFO] --- maven-bundle-plugin:3.3.0:bundle (default-bundle) @ oak-blob ---
[INFO] 
[INFO] --- maven-site-plugin:3.6:attach-descriptor (attach-descriptor) @ oak-blob ---
[INFO] Skipping because packaging 'bundle' is not pom.
[INFO] 
[INFO] --- maven-jar-plugin:3.0.2:test-jar (default) @ oak-blob ---
[INFO] Building jar: /home/travis/build/apache/jackrabbit-oak/oak-blob/target/oak-blob-1.10-SNAPSHOT-tests.jar
[INFO] 
[INFO] --- maven-bundle-plugin:3.3.0:baseline (baseline) @ oak-blob ---
[INFO] Skipping Baseline execution
[INFO] 
[INFO] --- jacoco-maven-plugin:0.7.9:check (default-check) @ oak-blob ---
[INFO] Skipping JaCoCo execution due to missing execution data file:/home/travis/build/apache/jackrabbit-oak/oak-blob/target/coverage-reports/jacoco-ut.exec
[INFO] 
[INFO] --- maven-install-plugin:2.5.2:install (default-install) @ oak-blob ---
[INFO] Installing /home/travis/build/apache/jackrabbit-oak/oak-blob/target/oak-blob-1.10-SNAPSHOT.jar to /home/travis/.m2/repository/org/apache/jackrabbit/oak-blob/1.10-SNAPSHOT/oak-blob-1.10-SNAPSHOT.jar
[INFO] Installing /home/travis/build/apache/jackrabbit-oak/oak-blob/pom.xml to /home/travis/.m2/repository/org/apache/jackrabbit/oak-blob/1.10-SNAPSHOT/oak-blob-1.10-SNAPSHOT.pom
[INFO] Installing /home/travis/build/apache/jackrabbit-oak/oak-blob/target/oak-blob-1.10-SNAPSHOT-tests.jar to /home/travis/.m2/repository/org/apache/jackrabbit/oak-blob/1.10-SNAPSHOT/oak-blob-1.10-SNAPSHOT-tests.jar
[INFO] 
[INFO] --- maven-bundle-plugin:3.3.0:install (default-install) @ oak-blob ---
[INFO] Local OBR update disabled (enable with -DobrRepository)
[INFO] 
[INFO] ------------------------------------------------------------------------
[INFO] Building Oak Blob Plugins 1.10-SNAPSHOT
[INFO] ------------------------------------------------------------------------
[INFO] 
[INFO] --- jacoco-maven-plugin:0.7.9:prepare-agent (pre-unit-test) @ oak-blob-plugins ---
[INFO] Skipping JaCoCo execution because property jacoco.skip is set.
[INFO] test.opts.coverage set to empty
[INFO] 
[INFO] --- maven-remote-resources-plugin:1.5:process (process-resource-bundles) @ oak-blob-plugins ---
[INFO] 
[INFO] --- maven-resources-plugin:2.7:resources (default-resources) @ oak-blob-plugins ---
[INFO] Using 'UTF-8' encoding to copy filtered resources.
[INFO] Copying 1 resource
[INFO] Copying 3 resources
[INFO] 
[INFO] --- maven-compiler-plugin:3.7.0:compile (default-compile) @ oak-blob-plugins ---
[INFO] Changes detected - recompiling the module!
[INFO] Compiling 42 source files to /home/travis/build/apache/jackrabbit-oak/oak-blob-plugins/target/classes
[INFO] /home/travis/build/apache/jackrabbit-oak/oak-blob-plugins/src/main/java/org/apache/jackrabbit/oak/plugins/blob/datastore/DataStoreBlobStore.java: Some input files use or override a deprecated API.
[INFO] /home/travis/build/apache/jackrabbit-oak/oak-blob-plugins/src/main/java/org/apache/jackrabbit/oak/plugins/blob/datastore/DataStoreBlobStore.java: Recompile with -Xlint:deprecation for details.
[INFO] /home/travis/build/apache/jackrabbit-oak/oak-blob-plugins/src/main/java/org/apache/jackrabbit/oak/plugins/blob/FileCache.java: Some input files use unchecked or unsafe operations.
[INFO] /home/travis/build/apache/jackrabbit-oak/oak-blob-plugins/src/main/java/org/apache/jackrabbit/oak/plugins/blob/FileCache.java: Recompile with -Xlint:unchecked for details.
[INFO] 
[INFO] --- animal-sniffer-maven-plugin:1.16:check (animal-sniffer) @ oak-blob-plugins ---
[INFO] Checking unresolved references to org.codehaus.mojo.signature:java18:1.0
[INFO] 
[INFO] --- maven-bundle-plugin:3.3.0:manifest (scr-metadata) @ oak-blob-plugins ---
[WARNING] Manifest org.apache.jackrabbit:oak-blob-plugins:bundle:1.10-SNAPSHOT :  Component org.apache.jackrabbit.oak.plugins.blob.datastore.DbDataStore is using the deprecated inheritance feature and inherits from org.apache.jackrabbit.oak.plugins.blob.datastore.AbstractDataStoreService. This feature will be removed in future versions. [org/apache/jackrabbit/oak/plugins/blob/datastore/DbDataStoreService.class,1:1]
[WARNING] Manifest org.apache.jackrabbit:oak-blob-plugins:bundle:1.10-SNAPSHOT :  Component org.apache.jackrabbit.oak.plugins.blob.datastore.FileDataStore is using the deprecated inheritance feature and inherits from org.apache.jackrabbit.oak.plugins.blob.datastore.AbstractDataStoreService. This feature will be removed in future versions. [org/apache/jackrabbit/oak/plugins/blob/datastore/FileDataStoreService.class,1:1]
[INFO] 
[INFO] --- maven-resources-plugin:2.7:testResources (default-testResources) @ oak-blob-plugins ---
[INFO] Using 'UTF-8' encoding to copy filtered resources.
[INFO] Copying 1 resource
[INFO] Copying 3 resources
[INFO] 
[INFO] --- maven-compiler-plugin:3.7.0:testCompile (default-testCompile) @ oak-blob-plugins ---
[INFO] Changes detected - recompiling the module!
[INFO] Compiling 27 source files to /home/travis/build/apache/jackrabbit-oak/oak-blob-plugins/target/test-classes
[INFO] /home/travis/build/apache/jackrabbit-oak/oak-blob-plugins/src/test/java/org/apache/jackrabbit/oak/plugins/blob/SharedDataStoreUtilsTest.java: Some input files use or override a deprecated API.
[INFO] /home/travis/build/apache/jackrabbit-oak/oak-blob-plugins/src/test/java/org/apache/jackrabbit/oak/plugins/blob/SharedDataStoreUtilsTest.java: Recompile with -Xlint:deprecation for details.
[INFO] /home/travis/build/apache/jackrabbit-oak/oak-blob-plugins/src/test/java/org/apache/jackrabbit/oak/plugins/blob/AbstractDataStoreCacheTest.java: Some input files use unchecked or unsafe operations.
[INFO] /home/travis/build/apache/jackrabbit-oak/oak-blob-plugins/src/test/java/org/apache/jackrabbit/oak/plugins/blob/AbstractDataStoreCacheTest.java: Recompile with -Xlint:unchecked for details.
[INFO] 
[INFO] --- maven-surefire-plugin:2.20.1:test (default-test) @ oak-blob-plugins ---
[INFO] Tests are skipped.
[INFO] 
[INFO] --- jacoco-maven-plugin:0.7.9:report (post-unit-test) @ oak-blob-plugins ---
[INFO] Skipping JaCoCo execution because property jacoco.skip is set.
[INFO] 
[INFO] --- maven-bundle-plugin:3.3.0:bundle (default-bundle) @ oak-blob-plugins ---
[WARNING] Bundle org.apache.jackrabbit:oak-blob-plugins:bundle:1.10-SNAPSHOT :  Component org.apache.jackrabbit.oak.plugins.blob.datastore.DbDataStore is using the deprecated inheritance feature and inherits from org.apache.jackrabbit.oak.plugins.blob.datastore.AbstractDataStoreService. This feature will be removed in future versions. [org/apache/jackrabbit/oak/plugins/blob/datastore/DbDataStoreService.class,1:1]
[WARNING] Bundle org.apache.jackrabbit:oak-blob-plugins:bundle:1.10-SNAPSHOT :  Component org.apache.jackrabbit.oak.plugins.blob.datastore.FileDataStore is using the deprecated inheritance feature and inherits from org.apache.jackrabbit.oak.plugins.blob.datastore.AbstractDataStoreService. This feature will be removed in future versions. [org/apache/jackrabbit/oak/plugins/blob/datastore/FileDataStoreService.class,1:1]
[INFO] 
[INFO] --- maven-site-plugin:3.6:attach-descriptor (attach-descriptor) @ oak-blob-plugins ---
[INFO] Skipping because packaging 'bundle' is not pom.
[INFO] 
[INFO] --- maven-jar-plugin:3.0.2:test-jar (default) @ oak-blob-plugins ---
[INFO] Building jar: /home/travis/build/apache/jackrabbit-oak/oak-blob-plugins/target/oak-blob-plugins-1.10-SNAPSHOT-tests.jar
[INFO] 
[INFO] --- maven-bundle-plugin:3.3.0:baseline (baseline) @ oak-blob-plugins ---
[INFO] Skipping Baseline execution
[INFO] 
[INFO] --- jacoco-maven-plugin:0.7.9:check (default-check) @ oak-blob-plugins ---
[INFO] Skipping JaCoCo execution due to missing execution data file:/home/travis/build/apache/jackrabbit-oak/oak-blob-plugins/target/coverage-reports/jacoco-ut.exec
[INFO] 
[INFO] --- maven-install-plugin:2.5.2:install (default-install) @ oak-blob-plugins ---
[INFO] Installing /home/travis/build/apache/jackrabbit-oak/oak-blob-plugins/target/oak-blob-plugins-1.10-SNAPSHOT.jar to /home/travis/.m2/repository/org/apache/jackrabbit/oak-blob-plugins/1.10-SNAPSHOT/oak-blob-plugins-1.10-SNAPSHOT.jar
[INFO] Installing /home/travis/build/apache/jackrabbit-oak/oak-blob-plugins/pom.xml to /home/travis/.m2/repository/org/apache/jackrabbit/oak-blob-plugins/1.10-SNAPSHOT/oak-blob-plugins-1.10-SNAPSHOT.pom
[INFO] Installing /home/travis/build/apache/jackrabbit-oak/oak-blob-plugins/target/oak-blob-plugins-1.10-SNAPSHOT-tests.jar to /home/travis/.m2/repository/org/apache/jackrabbit/oak-blob-plugins/1.10-SNAPSHOT/oak-blob-plugins-1.10-SNAPSHOT-tests.jar
[INFO] 
[INFO] --- maven-bundle-plugin:3.3.0:install (default-install) @ oak-blob-plugins ---
[INFO] Local OBR update disabled (enable with -DobrRepository)
[INFO] 
[INFO] ------------------------------------------------------------------------
[INFO] Building Oak Core 1.10-SNAPSHOT
[INFO] ------------------------------------------------------------------------
[INFO] 
[INFO] --- jacoco-maven-plugin:0.7.9:prepare-agent (pre-unit-test) @ oak-core ---
[INFO] test.opts.coverage set to -javaagent:/home/travis/.m2/repository/org/jacoco/org.jacoco.agent/0.7.9/org.jacoco.agent-0.7.9-runtime.jar=destfile=/home/travis/build/apache/jackrabbit-oak/oak-core/target/coverage-reports/jacoco-ut.exec
[INFO] 
[INFO] --- maven-remote-resources-plugin:1.5:process (process-resource-bundles) @ oak-core ---
[INFO] 
[INFO] --- maven-resources-plugin:2.7:resources (default-resources) @ oak-core ---
[INFO] Using 'UTF-8' encoding to copy filtered resources.
[INFO] Copying 1 resource
[INFO] Copying 3 resources
[INFO] 
[INFO] --- maven-compiler-plugin:3.7.0:compile (default-compile) @ oak-core ---
[INFO] Changes detected - recompiling the module!
[INFO] Compiling 466 source files to /home/travis/build/apache/jackrabbit-oak/oak-core/target/classes
[INFO] /home/travis/build/apache/jackrabbit-oak/oak-core/src/main/java/org/apache/jackrabbit/oak/plugins/version/ReadOnlyVersionManager.java: Some input files use or override a deprecated API.
[INFO] /home/travis/build/apache/jackrabbit-oak/oak-core/src/main/java/org/apache/jackrabbit/oak/plugins/version/ReadOnlyVersionManager.java: Recompile with -Xlint:deprecation for details.
[INFO] /home/travis/build/apache/jackrabbit-oak/oak-core/src/main/java/org/apache/jackrabbit/oak/plugins/metric/MetricStatisticsProvider.java: Some input files use unchecked or unsafe operations.
[INFO] /home/travis/build/apache/jackrabbit-oak/oak-core/src/main/java/org/apache/jackrabbit/oak/plugins/metric/MetricStatisticsProvider.java: Recompile with -Xlint:unchecked for details.
[INFO] 
[INFO] --- animal-sniffer-maven-plugin:1.16:check (animal-sniffer) @ oak-core ---
[INFO] Checking unresolved references to org.codehaus.mojo.signature:java18:1.0
[INFO] 
[INFO] --- maven-bundle-plugin:3.3.0:manifest (scr-metadata) @ oak-core ---
[WARNING] Manifest org.apache.jackrabbit:oak-core:bundle:1.10-SNAPSHOT : Export org.apache.jackrabbit.oak.plugins.index,  has 1,  private references [org.apache.jackrabbit.oak.plugins.index.progress], 
[WARNING] Manifest org.apache.jackrabbit:oak-core:bundle:1.10-SNAPSHOT : Export org.apache.jackrabbit.oak.plugins.tree.factories,  has 1,  private references [org.apache.jackrabbit.oak.query], 
[INFO] 
[INFO] --- maven-resources-plugin:2.7:testResources (default-testResources) @ oak-core ---
[INFO] Using 'UTF-8' encoding to copy filtered resources.
[INFO] Copying 17 resources
[INFO] Copying 3 resources
[INFO] 
[INFO] --- maven-compiler-plugin:3.7.0:testCompile (default-testCompile) @ oak-core ---
[INFO] Changes detected - recompiling the module!
[INFO] Compiling 322 source files to /home/travis/build/apache/jackrabbit-oak/oak-core/target/test-classes
[INFO] /home/travis/build/apache/jackrabbit-oak/oak-core/src/test/java/org/apache/jackrabbit/oak/security/user/UserImporterBaseTest.java: Some input files use or override a deprecated API.
[INFO] /home/travis/build/apache/jackrabbit-oak/oak-core/src/test/java/org/apache/jackrabbit/oak/security/user/UserImporterBaseTest.java: Recompile with -Xlint:deprecation for details.
[INFO] /home/travis/build/apache/jackrabbit-oak/oak-core/src/test/java/org/apache/jackrabbit/oak/security/user/UserImporterBaseTest.java: Some input files use unchecked or unsafe operations.
[INFO] /home/travis/build/apache/jackrabbit-oak/oak-core/src/test/java/org/apache/jackrabbit/oak/security/user/UserImporterBaseTest.java: Recompile with -Xlint:unchecked for details.
[INFO] 
[INFO] --- maven-surefire-plugin:2.20.1:test (default-test) @ oak-core ---
[INFO] Tests are skipped.
[INFO] 
[INFO] --- jacoco-maven-plugin:0.7.9:report (post-unit-test) @ oak-core ---
[INFO] Skipping JaCoCo execution due to missing execution data file.
[INFO] 
[INFO] --- maven-bundle-plugin:3.3.0:bundle (default-bundle) @ oak-core ---
[WARNING] Bundle org.apache.jackrabbit:oak-core:bundle:1.10-SNAPSHOT : Export org.apache.jackrabbit.oak.plugins.index,  has 1,  private references [org.apache.jackrabbit.oak.plugins.index.progress], 
[WARNING] Bundle org.apache.jackrabbit:oak-core:bundle:1.10-SNAPSHOT : Export org.apache.jackrabbit.oak.plugins.tree.factories,  has 1,  private references [org.apache.jackrabbit.oak.query], 
[INFO] 
[INFO] --- maven-site-plugin:3.6:attach-descriptor (attach-descriptor) @ oak-core ---
[INFO] Skipping because packaging 'bundle' is not pom.
[INFO] 
[INFO] --- maven-jar-plugin:3.0.2:test-jar (default) @ oak-core ---
[INFO] Building jar: /home/travis/build/apache/jackrabbit-oak/oak-core/target/oak-core-1.10-SNAPSHOT-tests.jar
[INFO] 
[INFO] --- maven-bundle-plugin:3.3.0:baseline (baseline) @ oak-core ---
[INFO] Skipping Baseline execution
[INFO] 
[INFO] --- jacoco-maven-plugin:0.7.9:check (default-check) @ oak-core ---
[INFO] Skipping JaCoCo execution due to missing execution data file:/home/travis/build/apache/jackrabbit-oak/oak-core/target/coverage-reports/jacoco-ut.exec
[INFO] 
[INFO] --- maven-install-plugin:2.5.2:install (default-install) @ oak-core ---
[INFO] Installing /home/travis/build/apache/jackrabbit-oak/oak-core/target/oak-core-1.10-SNAPSHOT.jar to /home/travis/.m2/repository/org/apache/jackrabbit/oak-core/1.10-SNAPSHOT/oak-core-1.10-SNAPSHOT.jar
[INFO] Installing /home/travis/build/apache/jackrabbit-oak/oak-core/pom.xml to /home/travis/.m2/repository/org/apache/jackrabbit/oak-core/1.10-SNAPSHOT/oak-core-1.10-SNAPSHOT.pom
[INFO] Installing /home/travis/build/apache/jackrabbit-oak/oak-core/target/oak-core-1.10-SNAPSHOT-tests.jar to /home/travis/.m2/repository/org/apache/jackrabbit/oak-core/1.10-SNAPSHOT/oak-core-1.10-SNAPSHOT-tests.jar
[INFO] 
[INFO] --- maven-bundle-plugin:3.3.0:install (default-install) @ oak-core ---
[INFO] Local OBR update disabled (enable with -DobrRepository)
[INFO] 
[INFO] ------------------------------------------------------------------------
[INFO] Building Oak DocumentNodeStore 1.10-SNAPSHOT
[INFO] ------------------------------------------------------------------------
[INFO] 
[INFO] --- jacoco-maven-plugin:0.7.9:prepare-agent (pre-unit-test) @ oak-store-document ---
[INFO] Skipping JaCoCo execution because property jacoco.skip is set.
[INFO] test.opts.coverage set to empty
[INFO] 
[INFO] --- maven-remote-resources-plugin:1.5:process (process-resource-bundles) @ oak-store-document ---
[INFO] 
[INFO] --- maven-resources-plugin:2.7:resources (default-resources) @ oak-store-document ---
[INFO] Using 'UTF-8' encoding to copy filtered resources.
[INFO] skip non existing resourceDirectory /home/travis/build/apache/jackrabbit-oak/oak-store-document/src/main/resources
[INFO] Copying 3 resources
[INFO] 
[INFO] --- maven-compiler-plugin:3.7.0:compile (default-compile) @ oak-store-document ---
[INFO] Changes detected - recompiling the module!
[INFO] Compiling 203 source files to /home/travis/build/apache/jackrabbit-oak/oak-store-document/target/classes
[INFO] /home/travis/build/apache/jackrabbit-oak/oak-store-document/src/main/java/org/apache/jackrabbit/oak/plugins/document/util/MongoConnection.java: Some input files use or override a deprecated API.
[INFO] /home/travis/build/apache/jackrabbit-oak/oak-store-document/src/main/java/org/apache/jackrabbit/oak/plugins/document/util/MongoConnection.java: Recompile with -Xlint:deprecation for details.
[INFO] /home/travis/build/apache/jackrabbit-oak/oak-store-document/src/main/java/org/apache/jackrabbit/oak/plugins/document/JournalPropertyHandler.java: Some input files use unchecked or unsafe operations.
[INFO] /home/travis/build/apache/jackrabbit-oak/oak-store-document/src/main/java/org/apache/jackrabbit/oak/plugins/document/JournalPropertyHandler.java: Recompile with -Xlint:unchecked for details.
[INFO] 
[INFO] --- animal-sniffer-maven-plugin:1.16:check (animal-sniffer) @ oak-store-document ---
[INFO] Checking unresolved references to org.codehaus.mojo.signature:java18:1.0
[INFO] 
[INFO] --- maven-bundle-plugin:3.3.0:manifest (scr-metadata) @ oak-store-document ---
[INFO] 
[INFO] --- maven-resources-plugin:2.7:testResources (default-testResources) @ oak-store-document ---
[INFO] Using 'UTF-8' encoding to copy filtered resources.
[INFO] Copying 2 resources
[INFO] Copying 3 resources
[INFO] 
[INFO] --- maven-compiler-plugin:3.7.0:testCompile (default-testCompile) @ oak-store-document ---
[INFO] Changes detected - recompiling the module!
[INFO] Compiling 266 source files to /home/travis/build/apache/jackrabbit-oak/oak-store-document/target/test-classes
[INFO] /home/travis/build/apache/jackrabbit-oak/oak-store-document/src/test/java/org/apache/jackrabbit/oak/plugins/document/MongoDocumentStoreLimitsTest.java: Some input files use or override a deprecated API.
[INFO] /home/travis/build/apache/jackrabbit-oak/oak-store-document/src/test/java/org/apache/jackrabbit/oak/plugins/document/MongoDocumentStoreLimitsTest.java: Recompile with -Xlint:deprecation for details.
[INFO] /home/travis/build/apache/jackrabbit-oak/oak-store-document/src/test/java/org/apache/jackrabbit/oak/plugins/document/DocumentNodeStoreServiceConfigurationTest.java: Some input files use unchecked or unsafe operations.
[INFO] /home/travis/build/apache/jackrabbit-oak/oak-store-document/src/test/java/org/apache/jackrabbit/oak/plugins/document/DocumentNodeStoreServiceConfigurationTest.java: Recompile with -Xlint:unchecked for details.
[INFO] 
[INFO] --- maven-surefire-plugin:2.20.1:test (default-test) @ oak-store-document ---
[INFO] Tests are skipped.
[INFO] 
[INFO] --- jacoco-maven-plugin:0.7.9:report (post-unit-test) @ oak-store-document ---
[INFO] Skipping JaCoCo execution because property jacoco.skip is set.
[INFO] 
[INFO] --- maven-bundle-plugin:3.3.0:bundle (default-bundle) @ oak-store-document ---
[INFO] 
[INFO] --- maven-site-plugin:3.6:attach-descriptor (attach-descriptor) @ oak-store-document ---
[INFO] Skipping because packaging 'bundle' is not pom.
[INFO] 
[INFO] --- maven-jar-plugin:3.0.2:test-jar (default) @ oak-store-document ---
[INFO] Building jar: /home/travis/build/apache/jackrabbit-oak/oak-store-document/target/oak-store-document-1.10-SNAPSHOT-tests.jar
[INFO] 
[INFO] --- maven-bundle-plugin:3.3.0:baseline (baseline) @ oak-store-document ---
[INFO] Skipping Baseline execution
[INFO] 
[INFO] --- jacoco-maven-plugin:0.7.9:check (default-check) @ oak-store-document ---
[INFO] Skipping JaCoCo execution due to missing execution data file:/home/travis/build/apache/jackrabbit-oak/oak-store-document/target/coverage-reports/jacoco-ut.exec
[INFO] 
[INFO] --- maven-install-plugin:2.5.2:install (default-install) @ oak-store-document ---
[INFO] Installing /home/travis/build/apache/jackrabbit-oak/oak-store-document/target/oak-store-document-1.10-SNAPSHOT.jar to /home/travis/.m2/repository/org/apache/jackrabbit/oak-store-document/1.10-SNAPSHOT/oak-store-document-1.10-SNAPSHOT.jar
[INFO] Installing /home/travis/build/apache/jackrabbit-oak/oak-store-document/pom.xml to /home/travis/.m2/repository/org/apache/jackrabbit/oak-store-document/1.10-SNAPSHOT/oak-store-document-1.10-SNAPSHOT.pom
[INFO] Installing /home/travis/build/apache/jackrabbit-oak/oak-store-document/target/oak-store-document-1.10-SNAPSHOT-tests.jar to /home/travis/.m2/repository/org/apache/jackrabbit/oak-store-document/1.10-SNAPSHOT/oak-store-document-1.10-SNAPSHOT-tests.jar
[INFO] 
[INFO] --- maven-bundle-plugin:3.3.0:install (default-install) @ oak-store-document ---
[INFO] Local OBR update disabled (enable with -DobrRepository)
[INFO] ------------------------------------------------------------------------
[INFO] Reactor Summary:
[INFO] 
[INFO] Oak Parent POM ..................................... SUCCESS [  3.885 s]
[INFO] Oak Commons ........................................ SUCCESS [  9.702 s]
[INFO] Oak API ............................................ SUCCESS [  1.604 s]
[INFO] Oak Core SPI ....................................... SUCCESS [  7.110 s]
[INFO] Oak NodeStore and Commit SPI ....................... SUCCESS [  5.632 s]
[INFO] Oak Query SPI ...................................... SUCCESS [  1.565 s]
[INFO] Oak Security SPI ................................... SUCCESS [  4.978 s]
[INFO] Oak Blob Store ..................................... SUCCESS [  2.237 s]
[INFO] Oak Blob Plugins ................................... SUCCESS [  8.500 s]
[INFO] Oak Core ........................................... SUCCESS [ 19.941 s]
[INFO] Oak DocumentNodeStore .............................. SUCCESS [ 13.713 s]
[INFO] ------------------------------------------------------------------------
[INFO] BUILD SUCCESS
[INFO] ------------------------------------------------------------------------
[INFO] Total time: 01:20 min
[INFO] Finished at: 2018-02-05T13:40:46Z
[INFO] Final Memory: 82M/973M
[INFO] ------------------------------------------------------------------------

travis_time:end:02e729c5:start=1517837963299622207,finish=1517838046484348342,duration=83184726135
[0Ktravis_fold:end:install
[0Ktravis_time:start:002f8e60
[0K$ mvn --batch-mode clean verify -Dbaseline.skip=true ${UT} ${PROFILE} -Dnsfixtures=DOCUMENT_NS -pl :${MODULE} -nsu
Picked up _JAVA_OPTIONS: -Xmx2048m -Xms512m
[INFO] Scanning for projects...
[INFO] 
[INFO] ------------------------------------------------------------------------
[INFO] Building Oak DocumentNodeStore 1.10-SNAPSHOT
[INFO] ------------------------------------------------------------------------
[INFO] 
[INFO] --- maven-clean-plugin:3.0.0:clean (default-clean) @ oak-store-document ---
[INFO] Deleting /home/travis/build/apache/jackrabbit-oak/oak-store-document/target
[INFO] 
[INFO] --- jacoco-maven-plugin:0.7.9:prepare-agent (pre-unit-test) @ oak-store-document ---
[INFO] Skipping JaCoCo execution because property jacoco.skip is set.
[INFO] test.opts.coverage set to empty
[INFO] 
[INFO] --- maven-remote-resources-plugin:1.5:process (process-resource-bundles) @ oak-store-document ---
[INFO] 
[INFO] --- maven-resources-plugin:2.7:resources (default-resources) @ oak-store-document ---
[INFO] Using 'UTF-8' encoding to copy filtered resources.
[INFO] skip non existing resourceDirectory /home/travis/build/apache/jackrabbit-oak/oak-store-document/src/main/resources
[INFO] Copying 3 resources
[INFO] 
[INFO] --- maven-compiler-plugin:3.7.0:compile (default-compile) @ oak-store-document ---
[INFO] Changes detected - recompiling the module!
[INFO] Compiling 203 source files to /home/travis/build/apache/jackrabbit-oak/oak-store-document/target/classes
[INFO] /home/travis/build/apache/jackrabbit-oak/oak-store-document/src/main/java/org/apache/jackrabbit/oak/plugins/document/util/MongoConnection.java: Some input files use or override a deprecated API.
[INFO] /home/travis/build/apache/jackrabbit-oak/oak-store-document/src/main/java/org/apache/jackrabbit/oak/plugins/document/util/MongoConnection.java: Recompile with -Xlint:deprecation for details.
[INFO] /home/travis/build/apache/jackrabbit-oak/oak-store-document/src/main/java/org/apache/jackrabbit/oak/plugins/document/JournalPropertyHandler.java: Some input files use unchecked or unsafe operations.
[INFO] /home/travis/build/apache/jackrabbit-oak/oak-store-document/src/main/java/org/apache/jackrabbit/oak/plugins/document/JournalPropertyHandler.java: Recompile with -Xlint:unchecked for details.
[INFO] 
[INFO] --- animal-sniffer-maven-plugin:1.16:check (animal-sniffer) @ oak-store-document ---
[INFO] Checking unresolved references to org.codehaus.mojo.signature:java18:1.0
[INFO] 
[INFO] --- maven-bundle-plugin:3.3.0:manifest (scr-metadata) @ oak-store-document ---
[INFO] 
[INFO] --- maven-resources-plugin:2.7:testResources (default-testResources) @ oak-store-document ---
[INFO] Using 'UTF-8' encoding to copy filtered resources.
[INFO] Copying 2 resources
[INFO] Copying 3 resources
[INFO] 
[INFO] --- maven-compiler-plugin:3.7.0:testCompile (default-testCompile) @ oak-store-document ---
[INFO] Changes detected - recompiling the module!
[INFO] Compiling 266 source files to /home/travis/build/apache/jackrabbit-oak/oak-store-document/target/test-classes
[INFO] /home/travis/build/apache/jackrabbit-oak/oak-store-document/src/test/java/org/apache/jackrabbit/oak/plugins/document/MongoDocumentStoreLimitsTest.java: Some input files use or override a deprecated API.
[INFO] /home/travis/build/apache/jackrabbit-oak/oak-store-document/src/test/java/org/apache/jackrabbit/oak/plugins/document/MongoDocumentStoreLimitsTest.java: Recompile with -Xlint:deprecation for details.
[INFO] /home/travis/build/apache/jackrabbit-oak/oak-store-document/src/test/java/org/apache/jackrabbit/oak/plugins/document/DocumentNodeStoreServiceConfigurationTest.java: Some input files use unchecked or unsafe operations.
[INFO] /home/travis/build/apache/jackrabbit-oak/oak-store-document/src/test/java/org/apache/jackrabbit/oak/plugins/document/DocumentNodeStoreServiceConfigurationTest.java: Recompile with -Xlint:unchecked for details.
[INFO] 
[INFO] --- maven-surefire-plugin:2.20.1:test (default-test) @ oak-store-document ---
[INFO] 
[INFO] -------------------------------------------------------
[INFO]  T E S T S
[INFO] -------------------------------------------------------
[INFO] Running org.apache.jackrabbit.oak.plugins.document.ConcurrentConflictTest
[WARNING] Tests run: 3, Failures: 0, Errors: 0, Skipped: 1, Time elapsed: 2.571 s - in org.apache.jackrabbit.oak.plugins.document.ConcurrentConflictTest
[INFO] Running org.apache.jackrabbit.oak.plugins.document.ValueMapTest
[INFO] Tests run: 4, Failures: 0, Errors: 0, Skipped: 0, Time elapsed: 0.577 s - in org.apache.jackrabbit.oak.plugins.document.ValueMapTest
[INFO] Running org.apache.jackrabbit.oak.plugins.document.mongo.MongoMissingLastRevSeekerTest
[INFO] Tests run: 2, Failures: 0, Errors: 0, Skipped: 0, Time elapsed: 1.303 s - in org.apache.jackrabbit.oak.plugins.document.mongo.MongoMissingLastRevSeekerTest
[INFO] Running org.apache.jackrabbit.oak.plugins.document.mongo.ClusterConflictTest
[INFO] Tests run: 1, Failures: 0, Errors: 0, Skipped: 0, Time elapsed: 0.528 s - in org.apache.jackrabbit.oak.plugins.document.mongo.ClusterConflictTest
[INFO] Running org.apache.jackrabbit.oak.plugins.document.mongo.QueryHintTest
[INFO] Tests run: 1, Failures: 0, Errors: 0, Skipped: 0, Time elapsed: 0.299 s - in org.apache.jackrabbit.oak.plugins.document.mongo.QueryHintTest
[INFO] Running org.apache.jackrabbit.oak.plugins.document.mongo.replica.LocalChangesTest
[INFO] Tests run: 5, Failures: 0, Errors: 0, Skipped: 0, Time elapsed: 0.001 s - in org.apache.jackrabbit.oak.plugins.document.mongo.replica.LocalChangesTest
[INFO] Running org.apache.jackrabbit.oak.plugins.document.mongo.replica.ReplicaSetInfoTest
[INFO] Tests run: 7, Failures: 0, Errors: 0, Skipped: 0, Time elapsed: 0.167 s - in org.apache.jackrabbit.oak.plugins.document.mongo.replica.ReplicaSetInfoTest
[INFO] Running org.apache.jackrabbit.oak.plugins.document.mongo.MongoConnectionTest
[INFO] Tests run: 5, Failures: 0, Errors: 0, Skipped: 0, Time elapsed: 0.117 s - in org.apache.jackrabbit.oak.plugins.document.mongo.MongoConnectionTest
[INFO] Running org.apache.jackrabbit.oak.plugins.document.mongo.MongoDocumentStoreMetricsTest
[INFO] Tests run: 1, Failures: 0, Errors: 0, Skipped: 0, Time elapsed: 0.271 s - in org.apache.jackrabbit.oak.plugins.document.mongo.MongoDocumentStoreMetricsTest
[INFO] Running org.apache.jackrabbit.oak.plugins.document.mongo.MongoDocumentStoreTest
[INFO] Tests run: 3, Failures: 0, Errors: 0, Skipped: 0, Time elapsed: 0.553 s - in org.apache.jackrabbit.oak.plugins.document.mongo.MongoDocumentStoreTest
[INFO] Running org.apache.jackrabbit.oak.plugins.document.mongo.AcquireRecoveryLockTest
[INFO] Tests run: 1, Failures: 0, Errors: 0, Skipped: 0, Time elapsed: 0.189 s - in org.apache.jackrabbit.oak.plugins.document.mongo.AcquireRecoveryLockTest
[INFO] Running org.apache.jackrabbit.oak.plugins.document.mongo.MongoStatusTest
[INFO] Tests run: 5, Failures: 0, Errors: 0, Skipped: 0, Time elapsed: 0.104 s - in org.apache.jackrabbit.oak.plugins.document.mongo.MongoStatusTest
[INFO] Running org.apache.jackrabbit.oak.plugins.document.mongo.MongoCacheConsistencyTest
[INFO] Tests run: 1, Failures: 0, Errors: 0, Skipped: 0, Time elapsed: 0.115 s - in org.apache.jackrabbit.oak.plugins.document.mongo.MongoCacheConsistencyTest
[INFO] Running org.apache.jackrabbit.oak.plugins.document.mongo.MongoUtilsTest
[INFO] Tests run: 3, Failures: 0, Errors: 0, Skipped: 0, Time elapsed: 0.284 s - in org.apache.jackrabbit.oak.plugins.document.mongo.MongoUtilsTest
[INFO] Running org.apache.jackrabbit.oak.plugins.document.mongo.MongoDBExceptionTest
[INFO] Tests run: 1, Failures: 0, Errors: 0, Skipped: 0, Time elapsed: 0.032 s - in org.apache.jackrabbit.oak.plugins.document.mongo.MongoDBExceptionTest
[INFO] Running org.apache.jackrabbit.oak.plugins.document.mongo.CollisionMarkerTest
[INFO] Tests run: 1, Failures: 0, Errors: 0, Skipped: 0, Time elapsed: 0.217 s - in org.apache.jackrabbit.oak.plugins.document.mongo.CollisionMarkerTest
[INFO] Running org.apache.jackrabbit.oak.plugins.document.blob.DocumentMKWriteTest
[INFO] Tests run: 3, Failures: 0, Errors: 0, Skipped: 0, Time elapsed: 0.718 s - in org.apache.jackrabbit.oak.plugins.document.blob.DocumentMKWriteTest
[INFO] Running org.apache.jackrabbit.oak.plugins.document.blob.DocumentMKWriteGridFSTest
[WARNING] Tests run: 3, Failures: 0, Errors: 0, Skipped: 1, Time elapsed: 0.295 s - in org.apache.jackrabbit.oak.plugins.document.blob.DocumentMKWriteGridFSTest
[INFO] Running org.apache.jackrabbit.oak.plugins.document.blob.DocumentMKGetLengthTest
[INFO] Tests run: 4, Failures: 0, Errors: 0, Skipped: 0, Time elapsed: 1.844 s - in org.apache.jackrabbit.oak.plugins.document.blob.DocumentMKGetLengthTest
[INFO] Running org.apache.jackrabbit.oak.plugins.document.blob.ds.DocumentMKDataStoreGetLengthTest
[INFO] Tests run: 4, Failures: 0, Errors: 0, Skipped: 0, Time elapsed: 0.823 s - in org.apache.jackrabbit.oak.plugins.document.blob.ds.DocumentMKDataStoreGetLengthTest
[INFO] Running org.apache.jackrabbit.oak.plugins.document.blob.ds.MongoDataStoreBlobGCTest
[INFO] Tests run: 15, Failures: 0, Errors: 0, Skipped: 0, Time elapsed: 15.034 s - in org.apache.jackrabbit.oak.plugins.document.blob.ds.MongoDataStoreBlobGCTest
[INFO] Running org.apache.jackrabbit.oak.plugins.document.blob.ds.DocumentMKDataStoreWriteTest
[INFO] Tests run: 3, Failures: 0, Errors: 0, Skipped: 0, Time elapsed: 1.139 s - in org.apache.jackrabbit.oak.plugins.document.blob.ds.DocumentMKDataStoreWriteTest
[INFO] Running org.apache.jackrabbit.oak.plugins.document.blob.ds.DocumentMKDataStoreReadTest
[INFO] Tests run: 3, Failures: 0, Errors: 0, Skipped: 0, Time elapsed: 1.044 s - in org.apache.jackrabbit.oak.plugins.document.blob.ds.DocumentMKDataStoreReadTest
[INFO] Running org.apache.jackrabbit.oak.plugins.document.blob.DocumentMKReadGridFSTest
[WARNING] Tests run: 3, Failures: 0, Errors: 0, Skipped: 1, Time elapsed: 0.746 s - in org.apache.jackrabbit.oak.plugins.document.blob.DocumentMKReadGridFSTest
[INFO] Running org.apache.jackrabbit.oak.plugins.document.blob.cloud.DocumentMKCloudGetLengthTest
[WARNING] Tests run: 1, Failures: 0, Errors: 0, Skipped: 1, Time elapsed: 0.017 s - in org.apache.jackrabbit.oak.plugins.document.blob.cloud.DocumentMKCloudGetLengthTest
[INFO] Running org.apache.jackrabbit.oak.plugins.document.blob.cloud.MongoCloudBlobGCTest
[WARNING] Tests run: 1, Failures: 0, Errors: 0, Skipped: 1, Time elapsed: 0.041 s - in org.apache.jackrabbit.oak.plugins.document.blob.cloud.MongoCloudBlobGCTest
[INFO] Running org.apache.jackrabbit.oak.plugins.document.blob.cloud.DocumentMKCloudWriteTest
[WARNING] Tests run: 1, Failures: 0, Errors: 0, Skipped: 1, Time elapsed: 0.015 s - in org.apache.jackrabbit.oak.plugins.document.blob.cloud.DocumentMKCloudWriteTest
[INFO] Running org.apache.jackrabbit.oak.plugins.document.blob.cloud.DocumentMKCloudReadTest
[WARNING] Tests run: 1, Failures: 0, Errors: 0, Skipped: 1, Time elapsed: 0.008 s - in org.apache.jackrabbit.oak.plugins.document.blob.cloud.DocumentMKCloudReadTest
[INFO] Running org.apache.jackrabbit.oak.plugins.document.blob.cloud.MongoCloudBlobStoreTest
[WARNING] Tests run: 1, Failures: 0, Errors: 0, Skipped: 1, Time elapsed: 0 s - in org.apache.jackrabbit.oak.plugins.document.blob.cloud.MongoCloudBlobStoreTest
[INFO] Running org.apache.jackrabbit.oak.plugins.document.blob.DocumentMKGetLengthGridFSTest
[INFO] Tests run: 4, Failures: 0, Errors: 0, Skipped: 0, Time elapsed: 1.048 s - in org.apache.jackrabbit.oak.plugins.document.blob.DocumentMKGetLengthGridFSTest
[INFO] Running org.apache.jackrabbit.oak.plugins.document.blob.MongoBlobStoreTest
[INFO] Tests run: 18, Failures: 0, Errors: 0, Skipped: 0, Time elapsed: 1.873 s - in org.apache.jackrabbit.oak.plugins.document.blob.MongoBlobStoreTest
[INFO] Running org.apache.jackrabbit.oak.plugins.document.blob.DocumentMKReadTest
[INFO] Tests run: 3, Failures: 0, Errors: 0, Skipped: 0, Time elapsed: 1.307 s - in org.apache.jackrabbit.oak.plugins.document.blob.DocumentMKReadTest
[INFO] Running org.apache.jackrabbit.oak.plugins.document.blob.RDBBlobStoreTest
[INFO] Tests run: 24, Failures: 0, Errors: 0, Skipped: 0, Time elapsed: 3.654 s - in org.apache.jackrabbit.oak.plugins.document.blob.RDBBlobStoreTest
[INFO] Running org.apache.jackrabbit.oak.plugins.document.rdb.RDBDocumentStorePerformanceTest
[WARNING] Tests run: 15, Failures: 0, Errors: 0, Skipped: 15, Time elapsed: 1.076 s - in org.apache.jackrabbit.oak.plugins.document.rdb.RDBDocumentStorePerformanceTest
[INFO] Running org.apache.jackrabbit.oak.plugins.document.rdb.RDBExportTest
[INFO] Tests run: 1, Failures: 0, Errors: 0, Skipped: 0, Time elapsed: 0.006 s - in org.apache.jackrabbit.oak.plugins.document.rdb.RDBExportTest
[INFO] Running org.apache.jackrabbit.oak.plugins.document.rdb.RDBDocumentSerializerTest
[INFO] Tests run: 15, Failures: 0, Errors: 0, Skipped: 0, Time elapsed: 1.051 s - in org.apache.jackrabbit.oak.plugins.document.rdb.RDBDocumentSerializerTest
[INFO] Running org.apache.jackrabbit.oak.plugins.document.rdb.RDBCacheConsistencyTest
[INFO] Tests run: 1, Failures: 0, Errors: 0, Skipped: 0, Time elapsed: 0.083 s - in org.apache.jackrabbit.oak.plugins.document.rdb.RDBCacheConsistencyTest
[INFO] Running org.apache.jackrabbit.oak.plugins.document.rdb.RDBDocumentStoreSchemaUpgradeTest
[INFO] Tests run: 10, Failures: 0, Errors: 0, Skipped: 0, Time elapsed: 0.429 s - in org.apache.jackrabbit.oak.plugins.document.rdb.RDBDocumentStoreSchemaUpgradeTest
[INFO] Running org.apache.jackrabbit.oak.plugins.document.rdb.RDBToolsTest
[INFO] Tests run: 1, Failures: 0, Errors: 0, Skipped: 0, Time elapsed: 0 s - in org.apache.jackrabbit.oak.plugins.document.rdb.RDBToolsTest
[INFO] Running org.apache.jackrabbit.oak.plugins.document.rdb.RDBDocumentStoreJDBCTest
[WARNING] Tests run: 27, Failures: 0, Errors: 0, Skipped: 18, Time elapsed: 0.942 s - in org.apache.jackrabbit.oak.plugins.document.rdb.RDBDocumentStoreJDBCTest
[INFO] Running org.apache.jackrabbit.oak.plugins.document.rdb.RDBDocumentStoreTest
[INFO] Tests run: 9, Failures: 0, Errors: 0, Skipped: 0, Time elapsed: 0.67 s - in org.apache.jackrabbit.oak.plugins.document.rdb.RDBDocumentStoreTest
[INFO] Running org.apache.jackrabbit.oak.plugins.document.RevisionTest
[INFO] Tests run: 8, Failures: 0, Errors: 0, Skipped: 0, Time elapsed: 0.924 s - in org.apache.jackrabbit.oak.plugins.document.RevisionTest
[INFO] Running org.apache.jackrabbit.oak.plugins.document.MongoDocumentStoreLimitsTest
[WARNING] Tests run: 1, Failures: 0, Errors: 0, Skipped: 1, Time elapsed: 0 s - in org.apache.jackrabbit.oak.plugins.document.MongoDocumentStoreLimitsTest
[INFO] Running org.apache.jackrabbit.oak.plugins.document.DocumentNodeStoreServiceConfigurationTest
[INFO] Tests run: 7, Failures: 0, Errors: 0, Skipped: 0, Time elapsed: 0.381 s - in org.apache.jackrabbit.oak.plugins.document.DocumentNodeStoreServiceConfigurationTest
[INFO] Running org.apache.jackrabbit.oak.plugins.document.ConcurrentUpdatesTest
[INFO] Tests run: 1, Failures: 0, Errors: 0, Skipped: 0, Time elapsed: 1.04 s - in org.apache.jackrabbit.oak.plugins.document.ConcurrentUpdatesTest
[INFO] Running org.apache.jackrabbit.oak.plugins.document.ManyChildNodesTest
[INFO] Tests run: 2, Failures: 0, Errors: 0, Skipped: 0, Time elapsed: 0.431 s - in org.apache.jackrabbit.oak.plugins.document.ManyChildNodesTest
[INFO] Running org.apache.jackrabbit.oak.plugins.document.AbstractTwoNodeTest
[WARNING] Tests run: 1, Failures: 0, Errors: 0, Skipped: 1, Time elapsed: 0 s - in org.apache.jackrabbit.oak.plugins.document.AbstractTwoNodeTest
[INFO] Running org.apache.jackrabbit.oak.plugins.document.util.ReadOnlyDocumentStoreWrapperTest
[INFO] Tests run: 2, Failures: 0, Errors: 0, Skipped: 0, Time elapsed: 0.034 s - in org.apache.jackrabbit.oak.plugins.document.util.ReadOnlyDocumentStoreWrapperTest
[INFO] Running org.apache.jackrabbit.oak.plugins.document.util.MergeSortedIteratorsTest
[INFO] Tests run: 2, Failures: 0, Errors: 0, Skipped: 0, Time elapsed: 0.002 s - in org.apache.jackrabbit.oak.plugins.document.util.MergeSortedIteratorsTest
[INFO] Running org.apache.jackrabbit.oak.plugins.document.util.RevisionsKeyTest
[INFO] Tests run: 1, Failures: 0, Errors: 0, Skipped: 0, Time elapsed: 0.002 s - in org.apache.jackrabbit.oak.plugins.document.util.RevisionsKeyTest
[INFO] Running org.apache.jackrabbit.oak.plugins.document.util.TimingDocumentStoreWrapperTest
[INFO] Tests run: 1, Failures: 0, Errors: 0, Skipped: 0, Time elapsed: 0 s - in org.apache.jackrabbit.oak.plugins.document.util.TimingDocumentStoreWrapperTest
[INFO] Running org.apache.jackrabbit.oak.plugins.document.util.UtilsTest
[WARNING] Tests run: 18, Failures: 0, Errors: 0, Skipped: 2, Time elapsed: 0.172 s - in org.apache.jackrabbit.oak.plugins.document.util.UtilsTest
[INFO] Running org.apache.jackrabbit.oak.plugins.document.Cluster2Test
[INFO] Tests run: 1, Failures: 0, Errors: 0, Skipped: 0, Time elapsed: 0.038 s - in org.apache.jackrabbit.oak.plugins.document.Cluster2Test
[INFO] Running org.apache.jackrabbit.oak.plugins.document.FormatVersionTest
[INFO] Tests run: 9, Failures: 0, Errors: 0, Skipped: 0, Time elapsed: 0.014 s - in org.apache.jackrabbit.oak.plugins.document.FormatVersionTest
[INFO] Running org.apache.jackrabbit.oak.plugins.document.MongoBlobGCTest
[INFO] Tests run: 15, Failures: 0, Errors: 0, Skipped: 0, Time elapsed: 16.978 s - in org.apache.jackrabbit.oak.plugins.document.MongoBlobGCTest
[INFO] Running org.apache.jackrabbit.oak.plugins.document.BlobReferenceIteratorTest
[INFO] Tests run: 3, Failures: 0, Errors: 0, Skipped: 0, Time elapsed: 0.331 s - in org.apache.jackrabbit.oak.plugins.document.BlobReferenceIteratorTest
[INFO] Running org.apache.jackrabbit.oak.plugins.document.bundlor.IncludeMatcherTest
[INFO] Tests run: 2, Failures: 0, Errors: 0, Skipped: 0, Time elapsed: 0.002 s - in org.apache.jackrabbit.oak.plugins.document.bundlor.IncludeMatcherTest
[INFO] Running org.apache.jackrabbit.oak.plugins.document.bundlor.BundlorConflictTest
[INFO] Tests run: 1, Failures: 0, Errors: 0, Skipped: 0, Time elapsed: 0.05 s - in org.apache.jackrabbit.oak.plugins.document.bundlor.BundlorConflictTest
[INFO] Running org.apache.jackrabbit.oak.plugins.document.bundlor.DocumentBundlingTest
[INFO] Tests run: 30, Failures: 0, Errors: 0, Skipped: 0, Time elapsed: 10.83 s - in org.apache.jackrabbit.oak.plugins.document.bundlor.DocumentBundlingTest
[INFO] Running org.apache.jackrabbit.oak.plugins.document.bundlor.IncludeTest
[INFO] Tests run: 7, Failures: 0, Errors: 0, Skipped: 0, Time elapsed: 0.003 s - in org.apache.jackrabbit.oak.plugins.document.bundlor.IncludeTest
[INFO] Running org.apache.jackrabbit.oak.plugins.document.bundlor.BundlingConfigInitializerTest
[INFO] Tests run: 2, Failures: 0, Errors: 0, Skipped: 0, Time elapsed: 0.001 s - in org.apache.jackrabbit.oak.plugins.document.bundlor.BundlingConfigInitializerTest
[INFO] Running org.apache.jackrabbit.oak.plugins.document.bundlor.BundledDocumentDifferTest
[INFO] Tests run: 4, Failures: 0, Errors: 0, Skipped: 0, Time elapsed: 1.098 s - in org.apache.jackrabbit.oak.plugins.document.bundlor.BundledDocumentDifferTest
[INFO] Running org.apache.jackrabbit.oak.plugins.document.bundlor.BundlingHandlerTest
[INFO] Tests run: 4, Failures: 0, Errors: 0, Skipped: 0, Time elapsed: 0.005 s - in org.apache.jackrabbit.oak.plugins.document.bundlor.BundlingHandlerTest
[INFO] Running org.apache.jackrabbit.oak.plugins.document.bundlor.MatcherTest
[INFO] Tests run: 3, Failures: 0, Errors: 0, Skipped: 0, Time elapsed: 0.001 s - in org.apache.jackrabbit.oak.plugins.document.bundlor.MatcherTest
[INFO] Running org.apache.jackrabbit.oak.plugins.document.bundlor.BundlingConfigHandlerTest
[INFO] Tests run: 2, Failures: 0, Errors: 0, Skipped: 0, Time elapsed: 0.002 s - in org.apache.jackrabbit.oak.plugins.document.bundlor.BundlingConfigHandlerTest
[INFO] Running org.apache.jackrabbit.oak.plugins.document.bundlor.CompositeMatcherTest
[INFO] Tests run: 4, Failures: 0, Errors: 0, Skipped: 0, Time elapsed: 0.002 s - in org.apache.jackrabbit.oak.plugins.document.bundlor.CompositeMatcherTest
[INFO] Running org.apache.jackrabbit.oak.plugins.document.bundlor.BundlorUtilsTest
[INFO] Tests run: 4, Failures: 0, Errors: 0, Skipped: 0, Time elapsed: 0.002 s - in org.apache.jackrabbit.oak.plugins.document.bundlor.BundlorUtilsTest
[INFO] Running org.apache.jackrabbit.oak.plugins.document.bundlor.BundledTypesRegistryTest
[INFO] Tests run: 6, Failures: 0, Errors: 0, Skipped: 0, Time elapsed: 0.003 s - in org.apache.jackrabbit.oak.plugins.document.bundlor.BundledTypesRegistryTest
[INFO] Running org.apache.jackrabbit.oak.plugins.document.bundlor.DocumentBundlorTest
[INFO] Tests run: 4, Failures: 0, Errors: 0, Skipped: 0, Time elapsed: 0.002 s - in org.apache.jackrabbit.oak.plugins.document.bundlor.DocumentBundlorTest
[INFO] Running org.apache.jackrabbit.oak.plugins.document.DocumentNodeStoreSweepTest
[INFO] Tests run: 8, Failures: 0, Errors: 0, Skipped: 0, Time elapsed: 2.09 s - in org.apache.jackrabbit.oak.plugins.document.DocumentNodeStoreSweepTest
[INFO] Running org.apache.jackrabbit.oak.plugins.document.DocumentMKBranchMergeTest
[WARNING] Tests run: 19, Failures: 0, Errors: 0, Skipped: 2, Time elapsed: 1.485 s - in org.apache.jackrabbit.oak.plugins.document.DocumentMKBranchMergeTest
[INFO] Running org.apache.jackrabbit.oak.plugins.document.LastRevRecoveryAgentTest
[INFO] Tests run: 12, Failures: 0, Errors: 0, Skipped: 0, Time elapsed: 1.703 s - in org.apache.jackrabbit.oak.plugins.document.LastRevRecoveryAgentTest
[INFO] Running org.apache.jackrabbit.oak.plugins.document.PathRevTest
[INFO] Tests run: 1, Failures: 0, Errors: 0, Skipped: 0, Time elapsed: 0 s - in org.apache.jackrabbit.oak.plugins.document.PathRevTest
[INFO] Running org.apache.jackrabbit.oak.plugins.document.VersionGCQueryTest
[INFO] Tests run: 2, Failures: 0, Errors: 0, Skipped: 0, Time elapsed: 0.285 s - in org.apache.jackrabbit.oak.plugins.document.VersionGCQueryTest
[INFO] Running org.apache.jackrabbit.oak.plugins.document.DocumentNodeStoreBranchesTest
[INFO] Tests run: 1, Failures: 0, Errors: 0, Skipped: 0, Time elapsed: 0.072 s - in org.apache.jackrabbit.oak.plugins.document.DocumentNodeStoreBranchesTest
[INFO] Running org.apache.jackrabbit.oak.plugins.document.ClusterTest
[INFO] Tests run: 10, Failures: 0, Errors: 0, Skipped: 0, Time elapsed: 0.325 s - in org.apache.jackrabbit.oak.plugins.document.ClusterTest
[INFO] Running org.apache.jackrabbit.oak.plugins.document.secondary.SecondaryStoreObserverTest
[INFO] Tests run: 4, Failures: 0, Errors: 0, Skipped: 0, Time elapsed: 0.078 s - in org.apache.jackrabbit.oak.plugins.document.secondary.SecondaryStoreObserverTest
[INFO] Running org.apache.jackrabbit.oak.plugins.document.secondary.SecondaryStoreCacheTest
[INFO] Tests run: 7, Failures: 0, Errors: 0, Skipped: 0, Time elapsed: 0.5 s - in org.apache.jackrabbit.oak.plugins.document.secondary.SecondaryStoreCacheTest
[INFO] Running org.apache.jackrabbit.oak.plugins.document.secondary.DelegatingDocumentNodeStateTest
[INFO] Tests run: 6, Failures: 0, Errors: 0, Skipped: 0, Time elapsed: 0.003 s - in org.apache.jackrabbit.oak.plugins.document.secondary.DelegatingDocumentNodeStateTest
[INFO] Running org.apache.jackrabbit.oak.plugins.document.secondary.SecondaryStoreCacheServiceTest
[INFO] Tests run: 3, Failures: 0, Errors: 0, Skipped: 0, Time elapsed: 0.048 s - in org.apache.jackrabbit.oak.plugins.document.secondary.SecondaryStoreCacheServiceTest
[INFO] Running org.apache.jackrabbit.oak.plugins.document.ManyClusterNodesTest
[INFO] Tests run: 1, Failures: 0, Errors: 0, Skipped: 0, Time elapsed: 1.897 s - in org.apache.jackrabbit.oak.plugins.document.ManyClusterNodesTest
[INFO] Running org.apache.jackrabbit.oak.plugins.document.IsolationTest
[INFO] Tests run: 2, Failures: 0, Errors: 0, Skipped: 0, Time elapsed: 0.012 s - in org.apache.jackrabbit.oak.plugins.document.IsolationTest
[INFO] Running org.apache.jackrabbit.oak.plugins.document.DocumentMKGetNodesTest
[WARNING] Tests run: 7, Failures: 0, Errors: 0, Skipped: 3, Time elapsed: 0.021 s - in org.apache.jackrabbit.oak.plugins.document.DocumentMKGetNodesTest
[INFO] Running org.apache.jackrabbit.oak.plugins.document.SplitOperationsTest
[INFO] Tests run: 1, Failures: 0, Errors: 0, Skipped: 0, Time elapsed: 0.015 s - in org.apache.jackrabbit.oak.plugins.document.SplitOperationsTest
[INFO] Running org.apache.jackrabbit.oak.plugins.document.NodeDocumentIdComparatorTest
[INFO] Tests run: 1, Failures: 0, Errors: 0, Skipped: 0, Time elapsed: 0 s - in org.apache.jackrabbit.oak.plugins.document.NodeDocumentIdComparatorTest
[INFO] Running org.apache.jackrabbit.oak.plugins.document.ExternalChangesTest
[INFO] Tests run: 5, Failures: 0, Errors: 0, Skipped: 0, Time elapsed: 0.095 s - in org.apache.jackrabbit.oak.plugins.document.ExternalChangesTest
[INFO] Running org.apache.jackrabbit.oak.plugins.document.RevisionGCTest
[INFO] Tests run: 1, Failures: 0, Errors: 0, Skipped: 0, Time elapsed: 0.17 s - in org.apache.jackrabbit.oak.plugins.document.RevisionGCTest
[INFO] Running org.apache.jackrabbit.oak.plugins.document.DocumentDiscoveryLiteServiceCrashTest
[INFO] Tests run: 2, Failures: 0, Errors: 0, Skipped: 0, Time elapsed: 8.067 s - in org.apache.jackrabbit.oak.plugins.document.DocumentDiscoveryLiteServiceCrashTest
[INFO] Running org.apache.jackrabbit.oak.plugins.document.AsyncCacheTest
[INFO] Tests run: 1, Failures: 0, Errors: 0, Skipped: 0, Time elapsed: 0.233 s - in org.apache.jackrabbit.oak.plugins.document.AsyncCacheTest
[INFO] Running org.apache.jackrabbit.oak.plugins.document.ResurrectNodeAfterRevisionGCTest
[INFO] Tests run: 14, Failures: 0, Errors: 0, Skipped: 0, Time elapsed: 1.868 s - in org.apache.jackrabbit.oak.plugins.document.ResurrectNodeAfterRevisionGCTest
[INFO] Running org.apache.jackrabbit.oak.plugins.document.UpdateUtilsTest
[INFO] Tests run: 2, Failures: 0, Errors: 0, Skipped: 0, Time elapsed: 0 s - in org.apache.jackrabbit.oak.plugins.document.UpdateUtilsTest
[INFO] Running org.apache.jackrabbit.oak.plugins.document.LastRevSingleNodeRecoveryTest
[INFO] Tests run: 4, Failures: 0, Errors: 0, Skipped: 0, Time elapsed: 11.74 s - in org.apache.jackrabbit.oak.plugins.document.LastRevSingleNodeRecoveryTest
[INFO] Running org.apache.jackrabbit.oak.plugins.document.JournalGCTest
[INFO] Tests run: 4, Failures: 0, Errors: 0, Skipped: 0, Time elapsed: 1.266 s - in org.apache.jackrabbit.oak.plugins.document.JournalGCTest
[INFO] Running org.apache.jackrabbit.oak.plugins.document.LocalDiffCacheTest
[INFO] Tests run: 3, Failures: 0, Errors: 0, Skipped: 0, Time elapsed: 0.013 s - in org.apache.jackrabbit.oak.plugins.document.LocalDiffCacheTest
[INFO] Running org.apache.jackrabbit.oak.plugins.document.BlobReferenceTest
[INFO] Tests run: 1, Failures: 0, Errors: 0, Skipped: 0, Time elapsed: 0.028 s - in org.apache.jackrabbit.oak.plugins.document.BlobReferenceTest
[INFO] Running org.apache.jackrabbit.oak.plugins.document.DocumentNodeStoreStatsTest
[INFO] Tests run: 2, Failures: 0, Errors: 0, Skipped: 0, Time elapsed: 0.483 s - in org.apache.jackrabbit.oak.plugins.document.DocumentNodeStoreStatsTest
[INFO] Running org.apache.jackrabbit.oak.plugins.document.BasicDocumentStoreTest
[WARNING] Tests run: 102, Failures: 0, Errors: 0, Skipped: 1, Time elapsed: 8.619 s - in org.apache.jackrabbit.oak.plugins.document.BasicDocumentStoreTest
[INFO] Running org.apache.jackrabbit.oak.plugins.document.MongoDocumentStoreTest
[WARNING] Tests run: 7, Failures: 0, Errors: 0, Skipped: 1, Time elapsed: 0.021 s - in org.apache.jackrabbit.oak.plugins.document.MongoDocumentStoreTest
[INFO] Running org.apache.jackrabbit.oak.plugins.document.DocumentMKCommitRemoveTest
[WARNING] Tests run: 6, Failures: 0, Errors: 0, Skipped: 1, Time elapsed: 0.029 s - in org.apache.jackrabbit.oak.plugins.document.DocumentMKCommitRemoveTest
[INFO] Running org.apache.jackrabbit.oak.plugins.document.CommitRootUpdateTest
[INFO] Tests run: 2, Failures: 0, Errors: 0, Skipped: 0, Time elapsed: 0.01 s - in org.apache.jackrabbit.oak.plugins.document.CommitRootUpdateTest
[INFO] Running org.apache.jackrabbit.oak.plugins.document.V18BranchCommitTest
[INFO] Tests run: 5, Failures: 0, Errors: 0, Skipped: 0, Time elapsed: 0.023 s - in org.apache.jackrabbit.oak.plugins.document.V18BranchCommitTest
[INFO] Running org.apache.jackrabbit.oak.plugins.document.BranchTest
[INFO] Tests run: 1, Failures: 0, Errors: 0, Skipped: 0, Time elapsed: 0 s - in org.apache.jackrabbit.oak.plugins.document.BranchTest
[INFO] Running org.apache.jackrabbit.oak.plugins.document.MissingLastRevSeekerTest
[INFO] Tests run: 10, Failures: 0, Errors: 0, Skipped: 0, Time elapsed: 0.002 s - in org.apache.jackrabbit.oak.plugins.document.MissingLastRevSeekerTest
[INFO] Running org.apache.jackrabbit.oak.plugins.document.ClusterViewDocumentTest
[INFO] Tests run: 5, Failures: 0, Errors: 0, Skipped: 0, Time elapsed: 0.036 s - in org.apache.jackrabbit.oak.plugins.document.ClusterViewDocumentTest
[INFO] Running org.apache.jackrabbit.oak.plugins.document.PreviousDocCacheTest
[INFO] Tests run: 1, Failures: 0, Errors: 0, Skipped: 0, Time elapsed: 1.062 s - in org.apache.jackrabbit.oak.plugins.document.PreviousDocCacheTest
[INFO] Running org.apache.jackrabbit.oak.plugins.document.ClusterConflictTest
[INFO] Tests run: 3, Failures: 0, Errors: 0, Skipped: 0, Time elapsed: 0.373 s - in org.apache.jackrabbit.oak.plugins.document.ClusterConflictTest
[INFO] Running org.apache.jackrabbit.oak.plugins.document.RangeTest
[INFO] Tests run: 3, Failures: 0, Errors: 0, Skipped: 0, Time elapsed: 0 s - in org.apache.jackrabbit.oak.plugins.document.RangeTest
[INFO] Running org.apache.jackrabbit.oak.plugins.document.BranchStateTest
[INFO] Tests run: 1, Failures: 0, Errors: 0, Skipped: 0, Time elapsed: 0.009 s - in org.apache.jackrabbit.oak.plugins.document.BranchStateTest
[INFO] Running org.apache.jackrabbit.oak.plugins.document.DocumentMKDiffTest
[WARNING] Tests run: 14, Failures: 0, Errors: 0, Skipped: 2, Time elapsed: 8.635 s - in org.apache.jackrabbit.oak.plugins.document.DocumentMKDiffTest
[INFO] Running org.apache.jackrabbit.oak.plugins.document.ConcurrentDocumentStoreTest
[INFO] Tests run: 6, Failures: 0, Errors: 0, Skipped: 0, Time elapsed: 0.412 s - in org.apache.jackrabbit.oak.plugins.document.ConcurrentDocumentStoreTest
[INFO] Running org.apache.jackrabbit.oak.plugins.document.DocumentStoreStatsTest
[INFO] Tests run: 9, Failures: 0, Errors: 0, Skipped: 0, Time elapsed: 0.08 s - in org.apache.jackrabbit.oak.plugins.document.DocumentStoreStatsTest
[INFO] Running org.apache.jackrabbit.oak.plugins.document.DocumentStoreStatsPrinterTest
[INFO] Tests run: 1, Failures: 0, Errors: 0, Skipped: 0, Time elapsed: 0.024 s - in org.apache.jackrabbit.oak.plugins.document.DocumentStoreStatsPrinterTest
[INFO] Running org.apache.jackrabbit.oak.plugins.document.SharedBlobStoreGCTest
[INFO] Tests run: 5, Failures: 0, Errors: 0, Skipped: 0, Time elapsed: 0.468 s - in org.apache.jackrabbit.oak.plugins.document.SharedBlobStoreGCTest
[INFO] Running org.apache.jackrabbit.oak.plugins.document.RandomDocumentNodeStoreSweepTest
[INFO] Tests run: 1, Failures: 0, Errors: 0, Skipped: 0, Time elapsed: 2.148 s - in org.apache.jackrabbit.oak.plugins.document.RandomDocumentNodeStoreSweepTest
[INFO] Running org.apache.jackrabbit.oak.plugins.document.CommitValueResolverTest
[INFO] Tests run: 5, Failures: 0, Errors: 0, Skipped: 0, Time elapsed: 0.139 s - in org.apache.jackrabbit.oak.plugins.document.CommitValueResolverTest
[INFO] Running org.apache.jackrabbit.oak.plugins.document.InitializerTest
[INFO] Tests run: 2, Failures: 0, Errors: 0, Skipped: 0, Time elapsed: 4.417 s - in org.apache.jackrabbit.oak.plugins.document.InitializerTest
[INFO] Running org.apache.jackrabbit.oak.plugins.document.VersionGCDeletionTest
[INFO] Tests run: 6, Failures: 0, Errors: 0, Skipped: 0, Time elapsed: 3.808 s - in org.apache.jackrabbit.oak.plugins.document.VersionGCDeletionTest
[INFO] Running org.apache.jackrabbit.oak.plugins.document.BulkCreateOrUpdateClusterTest
[INFO] Tests run: 4, Failures: 0, Errors: 0, Skipped: 0, Time elapsed: 4.575 s - in org.apache.jackrabbit.oak.plugins.document.BulkCreateOrUpdateClusterTest
[INFO] Running org.apache.jackrabbit.oak.plugins.document.DocumentMKRebaseTest
[WARNING] Tests run: 20, Failures: 0, Errors: 0, Skipped: 9, Time elapsed: 0.119 s - in org.apache.jackrabbit.oak.plugins.document.DocumentMKRebaseTest
[INFO] Running org.apache.jackrabbit.oak.plugins.document.ClusterInfoTest
[INFO] Tests run: 3, Failures: 0, Errors: 0, Skipped: 0, Time elapsed: 0.013 s - in org.apache.jackrabbit.oak.plugins.document.ClusterInfoTest
[INFO] Running org.apache.jackrabbit.oak.plugins.document.DocumentStorePerformanceTest
[WARNING] Tests run: 24, Failures: 0, Errors: 0, Skipped: 24, Time elapsed: 0.509 s - in org.apache.jackrabbit.oak.plugins.document.DocumentStorePerformanceTest
[INFO] Running org.apache.jackrabbit.oak.plugins.document.impl.DocumentMKConcurrentAddTest
[INFO] Tests run: 1, Failures: 0, Errors: 0, Skipped: 0, Time elapsed: 1.748 s - in org.apache.jackrabbit.oak.plugins.document.impl.DocumentMKConcurrentAddTest
[INFO] Running org.apache.jackrabbit.oak.plugins.document.impl.command.ConcurrentWriteMultipleMkMongoTest
[WARNING] Tests run: 2, Failures: 0, Errors: 0, Skipped: 1, Time elapsed: 0.588 s - in org.apache.jackrabbit.oak.plugins.document.impl.command.ConcurrentWriteMultipleMkMongoTest
[INFO] Running org.apache.jackrabbit.oak.plugins.document.impl.DocumentMKLimitsTest
[WARNING] Tests run: 2, Failures: 0, Errors: 0, Skipped: 2, Time elapsed: 0 s - in org.apache.jackrabbit.oak.plugins.document.impl.DocumentMKLimitsTest
[INFO] Running org.apache.jackrabbit.oak.plugins.document.VisibleChangesTest
[INFO] Tests run: 1, Failures: 0, Errors: 0, Skipped: 0, Time elapsed: 0.015 s - in org.apache.jackrabbit.oak.plugins.document.VisibleChangesTest
[INFO] Running org.apache.jackrabbit.oak.plugins.document.LastRevRecoveryTest
[INFO] Tests run: 6, Failures: 0, Errors: 0, Skipped: 0, Time elapsed: 0.065 s - in org.apache.jackrabbit.oak.plugins.document.LastRevRecoveryTest
[INFO] Running org.apache.jackrabbit.oak.plugins.document.NodeDocumentTest
[INFO] Tests run: 25, Failures: 0, Errors: 0, Skipped: 0, Time elapsed: 5.63 s - in org.apache.jackrabbit.oak.plugins.document.NodeDocumentTest
[INFO] Running org.apache.jackrabbit.oak.plugins.document.VersionGCSupportTest
[INFO] Tests run: 3, Failures: 0, Errors: 0, Skipped: 0, Time elapsed: 3.506 s - in org.apache.jackrabbit.oak.plugins.document.VersionGCSupportTest
[INFO] Running org.apache.jackrabbit.oak.plugins.document.DisableCacheTest
[INFO] Tests run: 1, Failures: 0, Errors: 0, Skipped: 0, Time elapsed: 0.016 s - in org.apache.jackrabbit.oak.plugins.document.DisableCacheTest
[INFO] Running org.apache.jackrabbit.oak.plugins.document.BackgroundWriteTest
[INFO] Tests run: 1, Failures: 0, Errors: 0, Skipped: 0, Time elapsed: 0.019 s - in org.apache.jackrabbit.oak.plugins.document.BackgroundWriteTest
[INFO] Running org.apache.jackrabbit.oak.plugins.document.OrphanedBranchTest
[INFO] Tests run: 4, Failures: 0, Errors: 0, Skipped: 0, Time elapsed: 7.031 s - in org.apache.jackrabbit.oak.plugins.document.OrphanedBranchTest
[INFO] Running org.apache.jackrabbit.oak.plugins.document.DocumentMKBranchTest
[INFO] Tests run: 4, Failures: 0, Errors: 0, Skipped: 0, Time elapsed: 0.017 s - in org.apache.jackrabbit.oak.plugins.document.DocumentMKBranchTest
[INFO] Running org.apache.jackrabbit.oak.plugins.document.cache.CacheChangesTrackerTest
[INFO] Tests run: 5, Failures: 0, Errors: 0, Skipped: 0, Time elapsed: 0.035 s - in org.apache.jackrabbit.oak.plugins.document.cache.CacheChangesTrackerTest
[INFO] Running org.apache.jackrabbit.oak.plugins.document.persistentCache.NodeCacheTest
[INFO] Tests run: 5, Failures: 0, Errors: 0, Skipped: 0, Time elapsed: 0.113 s - in org.apache.jackrabbit.oak.plugins.document.persistentCache.NodeCacheTest
[INFO] Running org.apache.jackrabbit.oak.plugins.document.persistentCache.AsyncQueueTest
[INFO] Tests run: 3, Failures: 0, Errors: 0, Skipped: 0, Time elapsed: 0.06 s - in org.apache.jackrabbit.oak.plugins.document.persistentCache.AsyncQueueTest
[INFO] Running org.apache.jackrabbit.oak.plugins.document.persistentCache.CacheTest
[INFO] Tests run: 5, Failures: 0, Errors: 0, Skipped: 0, Time elapsed: 1.662 s - in org.apache.jackrabbit.oak.plugins.document.persistentCache.CacheTest
[INFO] Running org.apache.jackrabbit.oak.plugins.document.persistentCache.BroadcastTest
[WARNING] Tests run: 4, Failures: 0, Errors: 0, Skipped: 2, Time elapsed: 10.361 s - in org.apache.jackrabbit.oak.plugins.document.persistentCache.BroadcastTest
[INFO] Running org.apache.jackrabbit.oak.plugins.document.persistentCache.async.CacheActionDispatcherTest
[INFO] Tests run: 2, Failures: 0, Errors: 0, Skipped: 0, Time elapsed: 2.421 s - in org.apache.jackrabbit.oak.plugins.document.persistentCache.async.CacheActionDispatcherTest
[INFO] Running org.apache.jackrabbit.oak.plugins.document.DocumentMKNodeExistsTest
[INFO] Tests run: 8, Failures: 0, Errors: 0, Skipped: 0, Time elapsed: 0.026 s - in org.apache.jackrabbit.oak.plugins.document.DocumentMKNodeExistsTest
[INFO] Running org.apache.jackrabbit.oak.plugins.document.TimeIntervalTest
[INFO] Tests run: 11, Failures: 0, Errors: 0, Skipped: 0, Time elapsed: 0 s - in org.apache.jackrabbit.oak.plugins.document.TimeIntervalTest
[INFO] Running org.apache.jackrabbit.oak.plugins.document.VersionGarbageCollectorLogTest
[INFO] Tests run: 1, Failures: 0, Errors: 0, Skipped: 0, Time elapsed: 0.729 s - in org.apache.jackrabbit.oak.plugins.document.VersionGarbageCollectorLogTest
[INFO] Running org.apache.jackrabbit.oak.plugins.document.VersionGCWithSplitTest
[INFO] Tests run: 2, Failures: 0, Errors: 0, Skipped: 0, Time elapsed: 1.729 s - in org.apache.jackrabbit.oak.plugins.document.VersionGCWithSplitTest
[INFO] Running org.apache.jackrabbit.oak.plugins.document.MergeRetryTest
[INFO] Tests run: 2, Failures: 0, Errors: 0, Skipped: 0, Time elapsed: 4.011 s - in org.apache.jackrabbit.oak.plugins.document.MergeRetryTest
[INFO] Running org.apache.jackrabbit.oak.plugins.document.MultiDocumentStoreTest
[INFO] Tests run: 6, Failures: 0, Errors: 0, Skipped: 0, Time elapsed: 2.234 s - in org.apache.jackrabbit.oak.plugins.document.MultiDocumentStoreTest
[INFO] Running org.apache.jackrabbit.oak.plugins.document.CacheConsistencyRDBTest
[INFO] Tests run: 1, Failures: 0, Errors: 0, Skipped: 0, Time elapsed: 0.115 s - in org.apache.jackrabbit.oak.plugins.document.CacheConsistencyRDBTest
[INFO] Running org.apache.jackrabbit.oak.plugins.document.DocumentNodeStoreDiffTest
[INFO] Tests run: 1, Failures: 0, Errors: 0, Skipped: 0, Time elapsed: 1.712 s - in org.apache.jackrabbit.oak.plugins.document.DocumentNodeStoreDiffTest
[INFO] Running org.apache.jackrabbit.oak.plugins.document.DocumentMKCommitMoveTest
[WARNING] Tests run: 1, Failures: 0, Errors: 0, Skipped: 1, Time elapsed: 0.001 s - in org.apache.jackrabbit.oak.plugins.document.DocumentMKCommitMoveTest
[INFO] Running org.apache.jackrabbit.oak.plugins.document.ClusterRevisionComparisonTest
[INFO] Tests run: 2, Failures: 0, Errors: 0, Skipped: 0, Time elapsed: 0.055 s - in org.apache.jackrabbit.oak.plugins.document.ClusterRevisionComparisonTest
[INFO] Running org.apache.jackrabbit.oak.plugins.document.LastRevTest
[INFO] Tests run: 1, Failures: 0, Errors: 0, Skipped: 0, Time elapsed: 0.005 s - in org.apache.jackrabbit.oak.plugins.document.LastRevTest
[INFO] Running org.apache.jackrabbit.oak.plugins.document.BlobCollectorTest
[INFO] Tests run: 1, Failures: 0, Errors: 0, Skipped: 0, Time elapsed: 0.007 s - in org.apache.jackrabbit.oak.plugins.document.BlobCollectorTest
[INFO] Running org.apache.jackrabbit.oak.plugins.document.VersionGCTest
[INFO] Tests run: 7, Failures: 0, Errors: 0, Skipped: 0, Time elapsed: 0.348 s - in org.apache.jackrabbit.oak.plugins.document.VersionGCTest
[INFO] Running org.apache.jackrabbit.oak.plugins.document.ClusterBranchCommitTest
[INFO] Tests run: 1, Failures: 0, Errors: 0, Skipped: 0, Time elapsed: 0.024 s - in org.apache.jackrabbit.oak.plugins.document.ClusterBranchCommitTest
[INFO] Running org.apache.jackrabbit.oak.plugins.document.DocumentNodeStateTest
[INFO] Tests run: 2, Failures: 0, Errors: 0, Skipped: 0, Time elapsed: 0.025 s - in org.apache.jackrabbit.oak.plugins.document.DocumentNodeStateTest
[INFO] Running org.apache.jackrabbit.oak.plugins.document.BlobTest
[INFO] Tests run: 2, Failures: 0, Errors: 0, Skipped: 0, Time elapsed: 0.073 s - in org.apache.jackrabbit.oak.plugins.document.BlobTest
[INFO] Running org.apache.jackrabbit.oak.plugins.document.HierarchyConflictTest
[INFO] Tests run: 2, Failures: 0, Errors: 0, Skipped: 0, Time elapsed: 0.034 s - in org.apache.jackrabbit.oak.plugins.document.HierarchyConflictTest
[INFO] Running org.apache.jackrabbit.oak.plugins.document.DocumentMKCommitAddTest
[WARNING] Tests run: 14, Failures: 0, Errors: 0, Skipped: 1, Time elapsed: 0.034 s - in org.apache.jackrabbit.oak.plugins.document.DocumentMKCommitAddTest
[INFO] Running org.apache.jackrabbit.oak.plugins.document.DocumentMKResetTest
[INFO] Tests run: 10, Failures: 0, Errors: 0, Skipped: 0, Time elapsed: 0.031 s - in org.apache.jackrabbit.oak.plugins.document.DocumentMKResetTest
[INFO] Running org.apache.jackrabbit.oak.plugins.document.SweepRevisionOnReadOnlyStoreTest
[INFO] Tests run: 1, Failures: 0, Errors: 0, Skipped: 0, Time elapsed: 0.006 s - in org.apache.jackrabbit.oak.plugins.document.SweepRevisionOnReadOnlyStoreTest
[INFO] Running org.apache.jackrabbit.oak.plugins.document.ConflictExceptionTest
[INFO] Tests run: 3, Failures: 0, Errors: 0, Skipped: 0, Time elapsed: 0 s - in org.apache.jackrabbit.oak.plugins.document.ConflictExceptionTest
[INFO] Running org.apache.jackrabbit.oak.plugins.document.BulkCreateOrUpdateTest
[INFO] Tests run: 18, Failures: 0, Errors: 0, Skipped: 0, Time elapsed: 4.602 s - in org.apache.jackrabbit.oak.plugins.document.BulkCreateOrUpdateTest
[INFO] Running org.apache.jackrabbit.oak.plugins.document.CheckpointsTest
[INFO] Tests run: 14, Failures: 0, Errors: 0, Skipped: 0, Time elapsed: 0.122 s - in org.apache.jackrabbit.oak.plugins.document.CheckpointsTest
[INFO] Running org.apache.jackrabbit.oak.plugins.document.MongoDbTest
[WARNING] Tests run: 2, Failures: 0, Errors: 0, Skipped: 2, Time elapsed: 0 s - in org.apache.jackrabbit.oak.plugins.document.MongoDbTest
[INFO] Running org.apache.jackrabbit.oak.plugins.document.DocumentDiscoveryLiteServiceTest
[INFO] Tests run: 5, Failures: 0, Errors: 0, Skipped: 0, Time elapsed: 6.625 s - in org.apache.jackrabbit.oak.plugins.document.DocumentDiscoveryLiteServiceTest
[INFO] Running org.apache.jackrabbit.oak.plugins.document.LargeTreeOperationTest
[INFO] Tests run: 3, Failures: 0, Errors: 0, Skipped: 0, Time elapsed: 0.086 s - in org.apache.jackrabbit.oak.plugins.document.LargeTreeOperationTest
[INFO] Running org.apache.jackrabbit.oak.plugins.document.DocumentNodeStoreServiceTest
[INFO] Tests run: 16, Failures: 0, Errors: 0, Skipped: 0, Time elapsed: 4.406 s - in org.apache.jackrabbit.oak.plugins.document.DocumentNodeStoreServiceTest
[INFO] Running org.apache.jackrabbit.oak.plugins.document.JournalDiffLoaderTest
[INFO] Tests run: 9, Failures: 0, Errors: 0, Skipped: 0, Time elapsed: 0.092 s - in org.apache.jackrabbit.oak.plugins.document.JournalDiffLoaderTest
[INFO] Running org.apache.jackrabbit.oak.plugins.document.JournalTest
[INFO] Tests run: 6, Failures: 0, Errors: 0, Skipped: 0, Time elapsed: 0.645 s - in org.apache.jackrabbit.oak.plugins.document.JournalTest
[INFO] Running org.apache.jackrabbit.oak.plugins.document.RandomizedClusterTest
[INFO] Tests run: 1, Failures: 0, Errors: 0, Skipped: 0, Time elapsed: 0.386 s - in org.apache.jackrabbit.oak.plugins.document.RandomizedClusterTest
[INFO] Running org.apache.jackrabbit.oak.plugins.document.OptimizedChildFetchTest
[INFO] Tests run: 2, Failures: 0, Errors: 0, Skipped: 0, Time elapsed: 0.07 s - in org.apache.jackrabbit.oak.plugins.document.OptimizedChildFetchTest
[INFO] Running org.apache.jackrabbit.oak.plugins.document.ClusterJoinTest
[INFO] Tests run: 1, Failures: 0, Errors: 0, Skipped: 0, Time elapsed: 0.247 s - in org.apache.jackrabbit.oak.plugins.document.ClusterJoinTest
[INFO] Running org.apache.jackrabbit.oak.plugins.document.RevisionVectorTest
[INFO] Tests run: 23, Failures: 0, Errors: 0, Skipped: 0, Time elapsed: 0.001 s - in org.apache.jackrabbit.oak.plugins.document.RevisionVectorTest
[INFO] Running org.apache.jackrabbit.oak.plugins.document.BlobThroughPutTest
[WARNING] Tests run: 2, Failures: 0, Errors: 0, Skipped: 2, Time elapsed: 0 s - in org.apache.jackrabbit.oak.plugins.document.BlobThroughPutTest
[INFO] Running org.apache.jackrabbit.oak.plugins.document.UnmergedBranchTest
[INFO] Tests run: 1, Failures: 0, Errors: 0, Skipped: 0, Time elapsed: 0.001 s - in org.apache.jackrabbit.oak.plugins.document.UnmergedBranchTest
[INFO] Running org.apache.jackrabbit.oak.plugins.document.ClusterViewTest
[INFO] Tests run: 9, Failures: 0, Errors: 0, Skipped: 0, Time elapsed: 0 s - in org.apache.jackrabbit.oak.plugins.document.ClusterViewTest
[INFO] Running org.apache.jackrabbit.oak.plugins.document.RevisionGCStatsTest
[INFO] Tests run: 7, Failures: 0, Errors: 0, Skipped: 0, Time elapsed: 0.003 s - in org.apache.jackrabbit.oak.plugins.document.RevisionGCStatsTest
[INFO] Running org.apache.jackrabbit.oak.plugins.document.DocumentNodeStoreTest
[WARNING] Tests run: 80, Failures: 0, Errors: 0, Skipped: 1, Time elapsed: 7.531 s - in org.apache.jackrabbit.oak.plugins.document.DocumentNodeStoreTest
[INFO] Running org.apache.jackrabbit.oak.plugins.document.UpdateOpTest
[INFO] Tests run: 8, Failures: 0, Errors: 0, Skipped: 0, Time elapsed: 0.002 s - in org.apache.jackrabbit.oak.plugins.document.UpdateOpTest
[INFO] Running org.apache.jackrabbit.oak.plugins.document.VersionGCStatsTest
[INFO] Tests run: 2, Failures: 0, Errors: 0, Skipped: 0, Time elapsed: 0.023 s - in org.apache.jackrabbit.oak.plugins.document.VersionGCStatsTest
[INFO] Running org.apache.jackrabbit.oak.plugins.document.ConcurrentPropertyUpdateTest
[INFO] Tests run: 1, Failures: 0, Errors: 0, Skipped: 0, Time elapsed: 1.714 s - in org.apache.jackrabbit.oak.plugins.document.ConcurrentPropertyUpdateTest
[INFO] Running org.apache.jackrabbit.oak.plugins.document.VersionGCSweepTest
[INFO] Tests run: 3, Failures: 0, Errors: 0, Skipped: 0, Time elapsed: 3.021 s - in org.apache.jackrabbit.oak.plugins.document.VersionGCSweepTest
[INFO] Running org.apache.jackrabbit.oak.plugins.document.ConcurrentReadAndAddTest
[INFO] Tests run: 1, Failures: 0, Errors: 0, Skipped: 0, Time elapsed: 0.064 s - in org.apache.jackrabbit.oak.plugins.document.ConcurrentReadAndAddTest
[INFO] Running org.apache.jackrabbit.oak.plugins.document.DocumentMKBuilderTest
[INFO] Tests run: 1, Failures: 0, Errors: 0, Skipped: 0, Time elapsed: 0.22 s - in org.apache.jackrabbit.oak.plugins.document.DocumentMKBuilderTest
[INFO] Running org.apache.jackrabbit.oak.plugins.document.PrefetchDispatcherTest
[INFO] Tests run: 1, Failures: 0, Errors: 0, Skipped: 0, Time elapsed: 0.028 s - in org.apache.jackrabbit.oak.plugins.document.PrefetchDispatcherTest
[INFO] Running org.apache.jackrabbit.oak.plugins.document.DocumentPropertyStateTest
[INFO] Tests run: 1, Failures: 0, Errors: 0, Skipped: 0, Time elapsed: 0.016 s - in org.apache.jackrabbit.oak.plugins.document.DocumentPropertyStateTest
[INFO] Running org.apache.jackrabbit.oak.plugins.document.UpdateLimitTest
[INFO] Tests run: 2, Failures: 0, Errors: 0, Skipped: 0, Time elapsed: 0.014 s - in org.apache.jackrabbit.oak.plugins.document.UpdateLimitTest
[INFO] Running org.apache.jackrabbit.oak.plugins.document.ClusterNodeInfoTest
[INFO] Tests run: 10, Failures: 0, Errors: 0, Skipped: 0, Time elapsed: 5.112 s - in org.apache.jackrabbit.oak.plugins.document.ClusterNodeInfoTest
[INFO] Running org.apache.jackrabbit.oak.plugins.document.DocumentSplitTest
[INFO] Tests run: 29, Failures: 0, Errors: 0, Skipped: 0, Time elapsed: 3.951 s - in org.apache.jackrabbit.oak.plugins.document.DocumentSplitTest
[INFO] Running org.apache.jackrabbit.oak.plugins.document.VersionGCInitTest
[INFO] Tests run: 1, Failures: 0, Errors: 0, Skipped: 0, Time elapsed: 0.017 s - in org.apache.jackrabbit.oak.plugins.document.VersionGCInitTest
[INFO] Running org.apache.jackrabbit.oak.plugins.document.CollisionTest
[INFO] Tests run: 2, Failures: 0, Errors: 0, Skipped: 0, Time elapsed: 0.031 s - in org.apache.jackrabbit.oak.plugins.document.CollisionTest
[INFO] Running org.apache.jackrabbit.oak.plugins.document.GetChildNodeCountTest
[INFO] Tests run: 1, Failures: 0, Errors: 0, Skipped: 0, Time elapsed: 0.14 s - in org.apache.jackrabbit.oak.plugins.document.GetChildNodeCountTest
[INFO] Running org.apache.jackrabbit.oak.plugins.document.SimpleTest
[INFO] Tests run: 17, Failures: 0, Errors: 0, Skipped: 0, Time elapsed: 0.097 s - in org.apache.jackrabbit.oak.plugins.document.SimpleTest
[INFO] Running org.apache.jackrabbit.oak.plugins.document.ConflictTest
[INFO] Tests run: 54, Failures: 0, Errors: 0, Skipped: 0, Time elapsed: 0.34 s - in org.apache.jackrabbit.oak.plugins.document.ConflictTest
[INFO] Running org.apache.jackrabbit.oak.plugins.document.CollisionWithSplitTest
[INFO] Tests run: 1, Failures: 0, Errors: 0, Skipped: 0, Time elapsed: 0.446 s - in org.apache.jackrabbit.oak.plugins.document.CollisionWithSplitTest
[INFO] Running org.apache.jackrabbit.oak.plugins.document.DocumentLeaseUpdateRetryTest
[INFO] Tests run: 2, Failures: 0, Errors: 0, Skipped: 0, Time elapsed: 17.001 s - in org.apache.jackrabbit.oak.plugins.document.DocumentLeaseUpdateRetryTest
[INFO] Running org.apache.jackrabbit.oak.plugins.document.ReadOnlyDocumentNodeStoreTest
[INFO] Tests run: 1, Failures: 0, Errors: 0, Skipped: 0, Time elapsed: 0.008 s - in org.apache.jackrabbit.oak.plugins.document.ReadOnlyDocumentNodeStoreTest
[INFO] Running org.apache.jackrabbit.oak.plugins.document.CommitQueueTest
[INFO] Tests run: 7, Failures: 0, Errors: 0, Skipped: 0, Time elapsed: 1.373 s - in org.apache.jackrabbit.oak.plugins.document.CommitQueueTest
[INFO] Running org.apache.jackrabbit.oak.plugins.document.JournalEntryTest
[INFO] Tests run: 13, Failures: 0, Errors: 0, Skipped: 0, Time elapsed: 0.313 s - in org.apache.jackrabbit.oak.plugins.document.JournalEntryTest
[INFO] Running org.apache.jackrabbit.oak.plugins.document.PathComparatorTest
[INFO] Tests run: 1, Failures: 0, Errors: 0, Skipped: 0, Time elapsed: 0 s - in org.apache.jackrabbit.oak.plugins.document.PathComparatorTest
[INFO] Running org.apache.jackrabbit.oak.plugins.document.NodeDocumentSweeperTest
[INFO] Tests run: 5, Failures: 0, Errors: 0, Skipped: 0, Time elapsed: 0.014 s - in org.apache.jackrabbit.oak.plugins.document.NodeDocumentSweeperTest
[INFO] Running org.apache.jackrabbit.oak.plugins.document.CommitTest
[INFO] Tests run: 4, Failures: 0, Errors: 0, Skipped: 0, Time elapsed: 0.007 s - in org.apache.jackrabbit.oak.plugins.document.CommitTest
[INFO] Running org.apache.jackrabbit.oak.plugins.document.DocumentMKGetHeadRevisionTest
[INFO] Tests run: 1, Failures: 0, Errors: 0, Skipped: 0, Time elapsed: 0.017 s - in org.apache.jackrabbit.oak.plugins.document.DocumentMKGetHeadRevisionTest
[INFO] Running org.apache.jackrabbit.oak.plugins.document.NodeStoreDiffTest
[INFO] Tests run: 3, Failures: 0, Errors: 0, Skipped: 0, Time elapsed: 0.026 s - in org.apache.jackrabbit.oak.plugins.document.NodeStoreDiffTest
[INFO] Running org.apache.jackrabbit.oak.plugins.document.ClusterNodeRestartTest
[INFO] Tests run: 1, Failures: 0, Errors: 0, Skipped: 0, Time elapsed: 0.024 s - in org.apache.jackrabbit.oak.plugins.document.ClusterNodeRestartTest
[INFO] Running org.apache.jackrabbit.oak.plugins.document.CacheConsistencyTest
[INFO] Tests run: 1, Failures: 0, Errors: 0, Skipped: 0, Time elapsed: 0.142 s - in org.apache.jackrabbit.oak.plugins.document.CacheConsistencyTest
[INFO] Running org.apache.jackrabbit.oak.plugins.document.MemoryDiffCacheTest
[INFO] Tests run: 1, Failures: 0, Errors: 0, Skipped: 0, Time elapsed: 0.554 s - in org.apache.jackrabbit.oak.plugins.document.MemoryDiffCacheTest
[INFO] Running org.apache.jackrabbit.oak.plugins.document.DocumentMKCommitCopyTest
[WARNING] Tests run: 21, Failures: 0, Errors: 0, Skipped: 14, Time elapsed: 0.023 s - in org.apache.jackrabbit.oak.plugins.document.DocumentMKCommitCopyTest
[INFO] 
[INFO] Results:
[INFO] 
[WARNING] Tests run: 1278, Failures: 0, Errors: 0, Skipped: 114
[INFO] 
[INFO] 
[INFO] --- jacoco-maven-plugin:0.7.9:report (post-unit-test) @ oak-store-document ---
[INFO] Skipping JaCoCo execution because property jacoco.skip is set.
[INFO] 
[INFO] --- maven-bundle-plugin:3.3.0:bundle (default-bundle) @ oak-store-document ---
[INFO] 
[INFO] --- maven-site-plugin:3.6:attach-descriptor (attach-descriptor) @ oak-store-document ---
[INFO] Skipping because packaging 'bundle' is not pom.
[INFO] 
[INFO] --- maven-jar-plugin:3.0.2:test-jar (default) @ oak-store-document ---
[INFO] Building jar: /home/travis/build/apache/jackrabbit-oak/oak-store-document/target/oak-store-document-1.10-SNAPSHOT-tests.jar
[INFO] 
[INFO] --- maven-bundle-plugin:3.3.0:baseline (baseline) @ oak-store-document ---
[INFO] Skipping Baseline execution
[INFO] 
[INFO] --- maven-failsafe-plugin:2.20.1:integration-test (default) @ oak-store-document ---
[INFO] 
[INFO] -------------------------------------------------------
[INFO]  T E S T S
[INFO] -------------------------------------------------------
[INFO] Running org.apache.jackrabbit.oak.plugins.document.mongo.CacheInvalidationIT
[INFO] Tests run: 2, Failures: 0, Errors: 0, Skipped: 0, Time elapsed: 2.424 s - in org.apache.jackrabbit.oak.plugins.document.mongo.CacheInvalidationIT
[INFO] Running org.apache.jackrabbit.oak.plugins.document.mongo.ReadPreferenceIT
[INFO] Tests run: 5, Failures: 0, Errors: 0, Skipped: 0, Time elapsed: 11.347 s - in org.apache.jackrabbit.oak.plugins.document.mongo.ReadPreferenceIT
[INFO] Running org.apache.jackrabbit.oak.plugins.document.mongo.JournalIT
[INFO] Tests run: 3, Failures: 0, Errors: 0, Skipped: 0, Time elapsed: 54.982 s - in org.apache.jackrabbit.oak.plugins.document.mongo.JournalIT
[INFO] Running org.apache.jackrabbit.oak.plugins.document.mongo.RetryReadIT
[INFO] Tests run: 2, Failures: 0, Errors: 0, Skipped: 0, Time elapsed: 0.33 s - in org.apache.jackrabbit.oak.plugins.document.mongo.RetryReadIT
[INFO] Running org.apache.jackrabbit.oak.plugins.document.mongo.ReplicaSetResilienceIT
[WARNING] Tests run: 1, Failures: 0, Errors: 0, Skipped: 1, Time elapsed: 0 s - in org.apache.jackrabbit.oak.plugins.document.mongo.ReplicaSetResilienceIT
[INFO] Running org.apache.jackrabbit.oak.plugins.document.DocumentNodeStoreSweepIT
[WARNING] Tests run: 6, Failures: 0, Errors: 0, Skipped: 2, Time elapsed: 2.526 s - in org.apache.jackrabbit.oak.plugins.document.DocumentNodeStoreSweepIT
[INFO] Running org.apache.jackrabbit.oak.plugins.document.ConcurrentQueryAndUpdate2IT
[INFO] Tests run: 3, Failures: 0, Errors: 0, Skipped: 0, Time elapsed: 22.79 s - in org.apache.jackrabbit.oak.plugins.document.ConcurrentQueryAndUpdate2IT
[INFO] Running org.apache.jackrabbit.oak.plugins.document.VersionGarbageCollectorIT
[INFO] Tests run: 16, Failures: 0, Errors: 0, Skipped: 0, Time elapsed: 22.775 s - in org.apache.jackrabbit.oak.plugins.document.VersionGarbageCollectorIT
[INFO] Running org.apache.jackrabbit.oak.plugins.document.MongoDocumentStoreIT
[INFO] Tests run: 6, Failures: 0, Errors: 0, Skipped: 0, Time elapsed: 5.984 s - in org.apache.jackrabbit.oak.plugins.document.MongoDocumentStoreIT
[INFO] Running org.apache.jackrabbit.oak.plugins.document.DocumentNodeStoreIT
[INFO] Tests run: 3, Failures: 0, Errors: 0, Skipped: 0, Time elapsed: 1.062 s - in org.apache.jackrabbit.oak.plugins.document.DocumentNodeStoreIT
[INFO] Running org.apache.jackrabbit.oak.plugins.document.DocumentStoreStatsIT
[WARNING] Tests run: 27, Failures: 0, Errors: 0, Skipped: 9, Time elapsed: 1.65 s - in org.apache.jackrabbit.oak.plugins.document.DocumentStoreStatsIT
[INFO] Running org.apache.jackrabbit.oak.plugins.document.DocumentDiscoveryLiteServiceIT
[INFO] Tests run: 1, Failures: 0, Errors: 0, Skipped: 0, Time elapsed: 28.924 s - in org.apache.jackrabbit.oak.plugins.document.DocumentDiscoveryLiteServiceIT
[INFO] Running org.apache.jackrabbit.oak.plugins.document.ConcurrentQueryAndInvalidateIT
[INFO] Tests run: 6, Failures: 0, Errors: 0, Skipped: 0, Time elapsed: 20.585 s - in org.apache.jackrabbit.oak.plugins.document.ConcurrentQueryAndInvalidateIT
[INFO] Running org.apache.jackrabbit.oak.plugins.document.DocumentNodeStoreStatsCollectorIT
[INFO] Tests run: 5, Failures: 0, Errors: 0, Skipped: 0, Time elapsed: 0.098 s - in org.apache.jackrabbit.oak.plugins.document.DocumentNodeStoreStatsCollectorIT
[INFO] Running org.apache.jackrabbit.oak.plugins.document.LastRevRecoveryRandomizedIT
[INFO] Tests run: 1, Failures: 0, Errors: 0, Skipped: 0, Time elapsed: 9.607 s - in org.apache.jackrabbit.oak.plugins.document.LastRevRecoveryRandomizedIT
[INFO] Running org.apache.jackrabbit.oak.plugins.document.ConcurrentQueryAndUpdateIT
[INFO] Tests run: 3, Failures: 0, Errors: 0, Skipped: 0, Time elapsed: 15.884 s - in org.apache.jackrabbit.oak.plugins.document.ConcurrentQueryAndUpdateIT
[INFO] 
[INFO] Results:
[INFO] 
[WARNING] Tests run: 90, Failures: 0, Errors: 0, Skipped: 12
[INFO] 
[INFO] 
[INFO] --- jacoco-maven-plugin:0.7.9:check (default-check) @ oak-store-document ---
[INFO] Skipping JaCoCo execution due to missing execution data file:/home/travis/build/apache/jackrabbit-oak/oak-store-document/target/coverage-reports/jacoco-ut.exec
[INFO] 
[INFO] --- maven-failsafe-plugin:2.20.1:verify (default) @ oak-store-document ---
[INFO] ------------------------------------------------------------------------
[INFO] BUILD SUCCESS
[INFO] ------------------------------------------------------------------------
[INFO] Total time: 07:59 min
[INFO] Finished at: 2018-02-05T13:48:47Z
[INFO] Final Memory: 59M/1006M
[INFO] ------------------------------------------------------------------------

travis_time:end:002f8e60:start=1517838046491740242,finish=1517838527918252031,duration=481426511789
[0K
[32;1mThe command "mvn --batch-mode clean verify -Dbaseline.skip=true ${UT} ${PROFILE} -Dnsfixtures=DOCUMENT_NS -pl :${MODULE} -nsu" exited with 0.[0m
travis_fold:start:cache.2
[0Kstore build cache
travis_time:start:050be480
[0K
travis_time:end:050be480:start=1517838527926584446,finish=1517838527932688086,duration=6103640
[0Ktravis_time:start:044a7308
[0K[32;1mchange detected (content changed, file is created, or file is deleted):
/home/travis/.m2/repository/org/apache/jackrabbit/oak-api/1.10-SNAPSHOT/maven-metadata-local.xml
/home/travis/.m2/repository/org/apache/jackrabbit/oak-api/1.10-SNAPSHOT/oak-api-1.10-SNAPSHOT.jar
/home/travis/.m2/repository/org/apache/jackrabbit/oak-api/1.10-SNAPSHOT/oak-api-1.10-SNAPSHOT-tests.jar
/home/travis/.m2/repository/org/apache/jackrabbit/oak-api/1.10-SNAPSHOT/_remote.repositories
/home/travis/.m2/repository/org/apache/jackrabbit/oak-api/maven-metadata-local.xml
/home/travis/.m2/repository/org/apache/jackrabbit/oak-blob/1.10-SNAPSHOT/maven-metadata-local.xml
/home/travis/.m2/repository/org/apache/jackrabbit/oak-blob/1.10-SNAPSHOT/oak-blob-1.10-SNAPSHOT.jar
/home/travis/.m2/repository/org/apache/jackrabbit/oak-blob/1.10-SNAPSHOT/oak-blob-1.10-SNAPSHOT-tests.jar
/home/travis/.m2/repository/org/apache/jackrabbit/oak-blob/1.10-SNAPSHOT/_remote.repositories
/home/travis/.m2/repository/org/apache/jackrabbit/oak-blob/maven-metadata-local.xml
/home/travis/.m2/repository/org/apache/jackr
[0m
[32;1m...
[0m
[32;1mchanges detected, packing new archive[0m
[32;1muploading archive[0m

travis_time:end:044a7308:start=1517838527943250927,finish=1517838535198822746,duration=7255571819
[0Ktravis_fold:end:cache.2
[0K
Done. Your build exited with 0.
