travis_fold:start:worker_info
[0K[33;1mWorker information[0m
hostname: bcdfb9aa-b755-495c-b82a-52aa3ac42b3d@1.production-2-worker-org-a-1-gce
version: v3.8.0 https://github.com/travis-ci/worker/tree/cccff7c89da7ba0cf47a90e5615266a45b372e30
instance: travis-job-c0d55a25-8ed1-42ff-96bb-24f7b89a2d28 travis-ci-garnet-trusty-1512502259-986baf0 (via amqp)
startup: 26.481697851s
travis_fold:end:worker_info
[0Ktravis_fold:start:system_info
[0K[33;1mBuild system information[0m
Build language: java
Build group: stable
Build dist: trusty
Build id: 394575870
Job id: 394575871
Runtime kernel version: 4.4.0-101-generic
travis-build version: 08cf49fbd
[34m[1mBuild image provisioning date and time[0m
Tue Dec  5 19:58:13 UTC 2017
[34m[1mOperating System Details[0m
Distributor ID:	Ubuntu
Description:	Ubuntu 14.04.5 LTS
Release:	14.04
Codename:	trusty
[34m[1mCookbooks Version[0m
7c2c6a6 https://github.com/travis-ci/travis-cookbooks/tree/7c2c6a6
[34m[1mgit version[0m
git version 2.15.1
[34m[1mbash version[0m
GNU bash, version 4.3.11(1)-release (x86_64-pc-linux-gnu)
[34m[1mgcc version[0m
gcc (Ubuntu 4.8.4-2ubuntu1~14.04.3) 4.8.4
Copyright (C) 2013 Free Software Foundation, Inc.
This is free software; see the source for copying conditions.  There is NO
warranty; not even for MERCHANTABILITY or FITNESS FOR A PARTICULAR PURPOSE.

[34m[1mdocker version[0m
Client:
 Version:      17.09.0-ce
 API version:  1.32
 Go version:   go1.8.3
 Git commit:   afdb6d4
 Built:        Tue Sep 26 22:42:38 2017
 OS/Arch:      linux/amd64

Server:
 Version:      17.09.0-ce
 API version:  1.32 (minimum version 1.12)
 Go version:   go1.8.3
 Git commit:   afdb6d4
 Built:        Tue Sep 26 22:41:20 2017
 OS/Arch:      linux/amd64
 Experimental: false
[34m[1mclang version[0m
clang version 5.0.0 (tags/RELEASE_500/final)
Target: x86_64-unknown-linux-gnu
Thread model: posix
InstalledDir: /usr/local/clang-5.0.0/bin
[34m[1mjq version[0m
jq-1.5
[34m[1mbats version[0m
Bats 0.4.0
[34m[1mshellcheck version[0m
0.4.6
[34m[1mshfmt version[0m
v2.0.0
[34m[1mccache version[0m
ccache version 3.1.9

Copyright (C) 2002-2007 Andrew Tridgell
Copyright (C) 2009-2011 Joel Rosdahl

This program is free software; you can redistribute it and/or modify it under
the terms of the GNU General Public License as published by the Free Software
Foundation; either version 3 of the License, or (at your option) any later
version.
[34m[1mcmake version[0m
cmake version 3.9.2

CMake suite maintained and supported by Kitware (kitware.com/cmake).
[34m[1mheroku version[0m
heroku-cli/6.14.39-addc925 (linux-x64) node-v9.2.0
[34m[1mimagemagick version[0m
Version: ImageMagick 6.7.7-10 2017-07-31 Q16 http://www.imagemagick.org
[34m[1mmd5deep version[0m
4.2
[34m[1mmercurial version[0m
Mercurial Distributed SCM (version 4.2.2)
(see https://mercurial-scm.org for more information)

Copyright (C) 2005-2017 Matt Mackall and others
This is free software; see the source for copying conditions. There is NO
warranty; not even for MERCHANTABILITY or FITNESS FOR A PARTICULAR PURPOSE.
[34m[1mmysql version[0m
mysql  Ver 14.14 Distrib 5.6.33, for debian-linux-gnu (x86_64) using  EditLine wrapper
[34m[1mopenssl version[0m
OpenSSL 1.0.1f 6 Jan 2014
[34m[1mpacker version[0m
Packer v1.0.2

Your version of Packer is out of date! The latest version
is 1.1.2. You can update by downloading from www.packer.io
[34m[1mpostgresql client version[0m
psql (PostgreSQL) 9.6.6
[34m[1mragel version[0m
Ragel State Machine Compiler version 6.8 Feb 2013
Copyright (c) 2001-2009 by Adrian Thurston
[34m[1msubversion version[0m
svn, version 1.8.8 (r1568071)
   compiled Aug 10 2017, 17:20:39 on x86_64-pc-linux-gnu

Copyright (C) 2013 The Apache Software Foundation.
This software consists of contributions made by many people;
see the NOTICE file for more information.
Subversion is open source software, see http://subversion.apache.org/

The following repository access (RA) modules are available:

* ra_svn : Module for accessing a repository using the svn network protocol.
  - with Cyrus SASL authentication
  - handles 'svn' scheme
* ra_local : Module for accessing a repository on local disk.
  - handles 'file' scheme
* ra_serf : Module for accessing a repository via WebDAV protocol using serf.
  - using serf 1.3.3
  - handles 'http' scheme
  - handles 'https' scheme

[34m[1msudo version[0m
Sudo version 1.8.9p5
Configure options: --prefix=/usr -v --with-all-insults --with-pam --with-fqdn --with-logging=syslog --with-logfac=authpriv --with-env-editor --with-editor=/usr/bin/editor --with-timeout=15 --with-password-timeout=0 --with-passprompt=[sudo] password for %p:  --without-lecture --with-tty-tickets --disable-root-mailer --enable-admin-flag --with-sendmail=/usr/sbin/sendmail --with-timedir=/var/lib/sudo --mandir=/usr/share/man --libexecdir=/usr/lib/sudo --with-sssd --with-sssd-lib=/usr/lib/x86_64-linux-gnu --with-selinux
Sudoers policy plugin version 1.8.9p5
Sudoers file grammar version 43

Sudoers path: /etc/sudoers
Authentication methods: 'pam'
Syslog facility if syslog is being used for logging: authpriv
Syslog priority to use when user authenticates successfully: notice
Syslog priority to use when user authenticates unsuccessfully: alert
Send mail if the user is not in sudoers
Use a separate timestamp for each user/tty combo
Lecture user the first time they run sudo
Root may run sudo
Allow some information gathering to give useful error messages
Require fully-qualified hostnames in the sudoers file
Visudo will honor the EDITOR environment variable
Set the LOGNAME and USER environment variables
Length at which to wrap log file lines (0 for no wrap): 80
Authentication timestamp timeout: 15.0 minutes
Password prompt timeout: 0.0 minutes
Number of tries to enter a password: 3
Umask to use or 0777 to use user's: 022
Path to mail program: /usr/sbin/sendmail
Flags for mail program: -t
Address to send mail to: root
Subject line for mail messages: *** SECURITY information for %h ***
Incorrect password message: Sorry, try again.
Path to authentication timestamp dir: /var/lib/sudo
Default password prompt: [sudo] password for %p: 
Default user to run commands as: root
Value to override user's $PATH with: /usr/local/sbin:/usr/local/bin:/usr/sbin:/usr/bin:/sbin:/bin:/snap/bin
Path to the editor for use by visudo: /usr/bin/editor
When to require a password for 'list' pseudocommand: any
When to require a password for 'verify' pseudocommand: all
File descriptors >= 3 will be closed before executing a command
Environment variables to check for sanity:
	TZ
	TERM
	LINGUAS
	LC_*
	LANGUAGE
	LANG
	COLORTERM
Environment variables to remove:
	RUBYOPT
	RUBYLIB
	PYTHONUSERBASE
	PYTHONINSPECT
	PYTHONPATH
	PYTHONHOME
	TMPPREFIX
	ZDOTDIR
	READNULLCMD
	NULLCMD
	FPATH
	PERL5DB
	PERL5OPT
	PERL5LIB
	PERLLIB
	PERLIO_DEBUG 
	JAVA_TOOL_OPTIONS
	SHELLOPTS
	GLOBIGNORE
	PS4
	BASH_ENV
	ENV
	TERMCAP
	TERMPATH
	TERMINFO_DIRS
	TERMINFO
	_RLD*
	LD_*
	PATH_LOCALE
	NLSPATH
	HOSTALIASES
	RES_OPTIONS
	LOCALDOMAIN
	CDPATH
	IFS
Environment variables to preserve:
	JAVA_HOME
	TRAVIS
	CI
	DEBIAN_FRONTEND
	XAUTHORIZATION
	XAUTHORITY
	PS2
	PS1
	PATH
	LS_COLORS
	KRB5CCNAME
	HOSTNAME
	HOME
	DISPLAY
	COLORS
Locale to use while parsing sudoers: C
Directory in which to store input/output logs: /var/log/sudo-io
File in which to store the input/output log: %{seq}
Add an entry to the utmp/utmpx file when allocating a pty
PAM service name to use
PAM service name to use for login shells
Create a new PAM session for the command to run in
Maximum I/O log sequence number: 0

Local IP address and netmask pairs:
	10.240.0.28/255.255.255.255
	172.17.0.1/255.255.0.0

Sudoers I/O plugin version 1.8.9p5
[34m[1mgzip version[0m
gzip 1.6
Copyright (C) 2007, 2010, 2011 Free Software Foundation, Inc.
Copyright (C) 1993 Jean-loup Gailly.
This is free software.  You may redistribute copies of it under the terms of
the GNU General Public License <http://www.gnu.org/licenses/gpl.html>.
There is NO WARRANTY, to the extent permitted by law.

Written by Jean-loup Gailly.
[34m[1mzip version[0m
Copyright (c) 1990-2008 Info-ZIP - Type 'zip "-L"' for software license.
This is Zip 3.0 (July 5th 2008), by Info-ZIP.
Currently maintained by E. Gordon.  Please send bug reports to
the authors using the web page at www.info-zip.org; see README for details.

Latest sources and executables are at ftp://ftp.info-zip.org/pub/infozip,
as of above date; see http://www.info-zip.org/ for other sites.

Compiled with gcc 4.8.2 for Unix (Linux ELF) on Oct 21 2013.

Zip special compilation options:
	USE_EF_UT_TIME       (store Universal Time)
	BZIP2_SUPPORT        (bzip2 library version 1.0.6, 6-Sept-2010)
	    bzip2 code and library copyright (c) Julian R Seward
	    (See the bzip2 license for terms of use)
	SYMLINK_SUPPORT      (symbolic links supported)
	LARGE_FILE_SUPPORT   (can read and write large files on file system)
	ZIP64_SUPPORT        (use Zip64 to store large files in archives)
	UNICODE_SUPPORT      (store and read UTF-8 Unicode paths)
	STORE_UNIX_UIDs_GIDs (store UID/GID sizes/values using new extra field)
	UIDGID_NOT_16BIT     (old Unix 16-bit UID/GID extra field not used)
	[encryption, version 2.91 of 05 Jan 2007] (modified for Zip 3)

Encryption notice:
	The encryption code of this program is not copyrighted and is
	put in the public domain.  It was originally written in Europe
	and, to the best of our knowledge, can be freely distributed
	in both source and object forms from any country, including
	the USA under License Exception TSU of the U.S. Export
	Administration Regulations (section 740.13(e)) of 6 June 2002.

Zip environment options:
             ZIP:  [none]
          ZIPOPT:  [none]
[34m[1mvim version[0m
VIM - Vi IMproved 7.4 (2013 Aug 10, compiled Nov 24 2016 16:43:18)
Included patches: 1-52
Extra patches: 8.0.0056
Modified by pkg-vim-maintainers@lists.alioth.debian.org
Compiled by buildd@
Huge version without GUI.  Features included (+) or not (-):
+acl             +farsi           +mouse_netterm   +syntax
+arabic          +file_in_path    +mouse_sgr       +tag_binary
+autocmd         +find_in_path    -mouse_sysmouse  +tag_old_static
-balloon_eval    +float           +mouse_urxvt     -tag_any_white
-browse          +folding         +mouse_xterm     -tcl
++builtin_terms  -footer          +multi_byte      +terminfo
+byte_offset     +fork()          +multi_lang      +termresponse
+cindent         +gettext         -mzscheme        +textobjects
-clientserver    -hangul_input    +netbeans_intg   +title
-clipboard       +iconv           +path_extra      -toolbar
+cmdline_compl   +insert_expand   -perl            +user_commands
+cmdline_hist    +jumplist        +persistent_undo +vertsplit
+cmdline_info    +keymap          +postscript      +virtualedit
+comments        +langmap         +printer         +visual
+conceal         +libcall         +profile         +visualextra
+cryptv          +linebreak       +python          +viminfo
+cscope          +lispindent      -python3         +vreplace
+cursorbind      +listcmds        +quickfix        +wildignore
+cursorshape     +localmap        +reltime         +wildmenu
+dialog_con      -lua             +rightleft       +windows
+diff            +menu            -ruby            +writebackup
+digraphs        +mksession       +scrollbind      -X11
-dnd             +modify_fname    +signs           -xfontset
-ebcdic          +mouse           +smartindent     -xim
+emacs_tags      -mouseshape      -sniff           -xsmp
+eval            +mouse_dec       +startuptime     -xterm_clipboard
+ex_extra        +mouse_gpm       +statusline      -xterm_save
+extra_search    -mouse_jsbterm   -sun_workshop    -xpm
   system vimrc file: "$VIM/vimrc"
     user vimrc file: "$HOME/.vimrc"
 2nd user vimrc file: "~/.vim/vimrc"
      user exrc file: "$HOME/.exrc"
  fall-back for $VIM: "/usr/share/vim"
Compilation: gcc -c -I. -Iproto -DHAVE_CONFIG_H     -g -O2 -fstack-protector --param=ssp-buffer-size=4 -Wformat -Werror=format-security -U_FORTIFY_SOURCE -D_FORTIFY_SOURCE=1      
Linking: gcc   -Wl,-Bsymbolic-functions -Wl,-z,relro -Wl,--as-needed -o vim        -lm -ltinfo -lnsl  -lselinux  -lacl -lattr -lgpm -ldl    -L/usr/lib/python2.7/config-x86_64-linux-gnu -lpython2.7 -lpthread -ldl -lutil -lm -Xlinker -export-dynamic -Wl,-O1 -Wl,-Bsymbolic-functions      
[34m[1miptables version[0m
iptables v1.4.21
[34m[1mcurl version[0m
curl 7.35.0 (x86_64-pc-linux-gnu) libcurl/7.35.0 OpenSSL/1.0.1f zlib/1.2.8 libidn/1.28 librtmp/2.3
[34m[1mwget version[0m
GNU Wget 1.15 built on linux-gnu.
[34m[1mrsync version[0m
rsync  version 3.1.0  protocol version 31
[34m[1mgimme version[0m
v1.2.0
[34m[1mnvm version[0m
0.33.6
[34m[1mperlbrew version[0m
/home/travis/perl5/perlbrew/bin/perlbrew  - App::perlbrew/0.80
[34m[1mphpenv version[0m
rbenv 1.1.1-25-g6aa70b6
[34m[1mrvm version[0m
rvm 1.29.3 (latest) by Michal Papis, Piotr Kuczynski, Wayne E. Seguin [https://rvm.io]
[34m[1mdefault ruby version[0m
ruby 2.4.1p111 (2017-03-22 revision 58053) [x86_64-linux]
[34m[1mCouchDB version[0m
couchdb 1.6.1
[34m[1mElasticSearch version[0m
5.5.0
[34m[1mInstalled Firefox version[0m
firefox 56.0.2
[34m[1mMongoDB version[0m
MongoDB 3.4.10
[34m[1mPhantomJS version[0m
2.1.1
[34m[1mPre-installed PostgreSQL versions[0m
9.2.24
9.3.20
9.4.15
9.5.10
9.6.6
[34m[1mRabbitMQ Version[0m
3.6.14
[34m[1mRedis version[0m
redis-server 4.0.6
[34m[1mriak version[0m
2.2.3
[34m[1mPre-installed Go versions[0m
1.7.4
[34m[1mant version[0m
Apache Ant(TM) version 1.9.3 compiled on April 8 2014
[34m[1mmvn version[0m
Apache Maven 3.5.2 (138edd61fd100ec658bfa2d307c43b76940a5d7d; 2017-10-18T07:58:13Z)
Maven home: /usr/local/maven-3.5.2
Java version: 1.8.0_151, vendor: Oracle Corporation
Java home: /usr/lib/jvm/java-8-oracle/jre
Default locale: en_US, platform encoding: UTF-8
OS name: "linux", version: "4.4.0-98-generic", arch: "amd64", family: "unix"
[34m[1mgradle version[0m

------------------------------------------------------------
Gradle 4.0.1
------------------------------------------------------------

Build time:   2017-07-07 14:02:41 UTC
Revision:     38e5dc0f772daecca1d2681885d3d85414eb6826

Groovy:       2.4.11
Ant:          Apache Ant(TM) version 1.9.6 compiled on June 29 2015
JVM:          1.8.0_151 (Oracle Corporation 25.151-b12)
OS:           Linux 4.4.0-98-generic amd64

[34m[1mlein version[0m
Leiningen 2.8.1 on Java 1.8.0_151 Java HotSpot(TM) 64-Bit Server VM
[34m[1mPre-installed Node.js versions[0m
v4.8.6
v6.12.0
v6.12.1
v8.9
v8.9.1
[34m[1mphpenv versions[0m
  system
  5.6
* 5.6.32 (set by /home/travis/.phpenv/version)
  7.0
  7.0.25
  7.1
  7.1.11
  hhvm
  hhvm-stable
[34m[1mcomposer --version[0m
Composer version 1.5.2 2017-09-11 16:59:25
[34m[1mPre-installed Ruby versions[0m
ruby-2.2.7
ruby-2.3.4
ruby-2.4.1
travis_fold:end:system_info
[0K
[32;1mNetwork availability confirmed.[0m

$ jdk_switcher use oraclejdk9
Switching to Oracle JDK9 (java-9-oracle), JAVA_HOME will be set to /usr/lib/jvm/java-9-oracle
travis_fold:start:services
[0Ktravis_time:start:04073bc0
[0K$ sudo service ignite start
ignite: unrecognized service

travis_time:end:04073bc0:start=1529503218961574455,finish=1529503218972785286,duration=11210831
[0Ktravis_fold:end:services
[0K[33;1mSet hostname to myshorthost[0m
$ sudo hostname myshorthost
travis_fold:start:hosts.before
[0K

127.0.1.1 travis-job-c0d55a25-8ed1-42ff-96bb-24f7b89a2d28 travis-job-c0d55a25-8ed1-42ff-96bb-24f7b89a2d28 ip4-loopback trusty64

127.0.0.1 localhost nettuno travis vagrant 
travis_fold:end:hosts.before
[0Ktravis_fold:start:hosts
[0Ksudo: unable to resolve host myshorthost
travis_fold:end:hosts
[0Ktravis_fold:start:hosts.after
[0K

127.0.1.1 travis-job-c0d55a25-8ed1-42ff-96bb-24f7b89a2d28 travis-job-c0d55a25-8ed1-42ff-96bb-24f7b89a2d28 ip4-loopback trusty64

127.0.0.1 localhost nettuno travis vagrant  myshorthost
travis_fold:end:hosts.after
[0K
travis_fold:start:git.checkout
[0Ktravis_time:start:04b18a6c
[0K$ git clone --depth=50 https://github.com/brianfrankcooper/YCSB.git brianfrankcooper/YCSB
Cloning into 'brianfrankcooper/YCSB'...
remote: Counting objects: 3610, done.[K
remote: Compressing objects:   0% (1/1707)   [K
remote: Compressing objects:   1% (18/1707)   [K
remote: Compressing objects:   2% (35/1707)   [K
remote: Compressing objects:   3% (52/1707)   [K
remote: Compressing objects:   4% (69/1707)   [K
remote: Compressing objects:   5% (86/1707)   [K
remote: Compressing objects:   6% (103/1707)   [K
remote: Compressing objects:   7% (120/1707)   [K
remote: Compressing objects:   8% (137/1707)   [K
remote: Compressing objects:   9% (154/1707)   [K
remote: Compressing objects:  10% (171/1707)   [K
remote: Compressing objects:  11% (188/1707)   [K
remote: Compressing objects:  12% (205/1707)   [K
remote: Compressing objects:  13% (222/1707)   [K
remote: Compressing objects:  14% (239/1707)   [K
remote: Compressing objects:  15% (257/1707)   [K
remote: Compressing objects:  16% (274/1707)   [K
remote: Compressing objects:  17% (291/1707)   [K
remote: Compressing objects:  18% (308/1707)   [K
remote: Compressing objects:  19% (325/1707)   [K
remote: Compressing objects:  20% (342/1707)   [K
remote: Compressing objects:  21% (359/1707)   [K
remote: Compressing objects:  22% (376/1707)   [K
remote: Compressing objects:  23% (393/1707)   [K
remote: Compressing objects:  24% (410/1707)   [K
remote: Compressing objects:  25% (427/1707)   [K
remote: Compressing objects:  26% (444/1707)   [K
remote: Compressing objects:  27% (461/1707)   [K
remote: Compressing objects:  28% (478/1707)   [K
remote: Compressing objects:  29% (496/1707)   [K
remote: Compressing objects:  30% (513/1707)   [K
remote: Compressing objects:  31% (530/1707)   [K
remote: Compressing objects:  32% (547/1707)   [K
remote: Compressing objects:  33% (564/1707)   [K
remote: Compressing objects:  34% (581/1707)   [K
remote: Compressing objects:  35% (598/1707)   [K
remote: Compressing objects:  36% (615/1707)   [K
remote: Compressing objects:  37% (632/1707)   [K
remote: Compressing objects:  38% (649/1707)   [K
remote: Compressing objects:  39% (666/1707)   [K
remote: Compressing objects:  40% (683/1707)   [K
remote: Compressing objects:  41% (700/1707)   [K
remote: Compressing objects:  42% (717/1707)   [K
remote: Compressing objects:  43% (735/1707)   [K
remote: Compressing objects:  44% (752/1707)   [K
remote: Compressing objects:  45% (769/1707)   [K
remote: Compressing objects:  46% (786/1707)   [K
remote: Compressing objects:  47% (803/1707)   [K
remote: Compressing objects:  48% (820/1707)   [K
remote: Compressing objects:  49% (837/1707)   [K
remote: Compressing objects:  50% (854/1707)   [K
remote: Compressing objects:  51% (871/1707)   [K
remote: Compressing objects:  52% (888/1707)   [K
remote: Compressing objects:  53% (905/1707)   [K
remote: Compressing objects:  54% (922/1707)   [K
remote: Compressing objects:  55% (939/1707)   [K
remote: Compressing objects:  56% (956/1707)   [K
remote: Compressing objects:  57% (973/1707)   [K
remote: Compressing objects:  58% (991/1707)   [K
remote: Compressing objects:  59% (1008/1707)   [K
remote: Compressing objects:  60% (1025/1707)   [K
remote: Compressing objects:  61% (1042/1707)   [K
remote: Compressing objects:  62% (1059/1707)   [K
remote: Compressing objects:  63% (1076/1707)   [K
remote: Compressing objects:  64% (1093/1707)   [K
remote: Compressing objects:  65% (1110/1707)   [K
remote: Compressing objects:  66% (1127/1707)   [K
remote: Compressing objects:  67% (1144/1707)   [K
remote: Compressing objects:  68% (1161/1707)   [K
remote: Compressing objects:  69% (1178/1707)   [K
remote: Compressing objects:  70% (1195/1707)   [K
remote: Compressing objects:  71% (1212/1707)   [K
remote: Compressing objects:  72% (1230/1707)   [K
remote: Compressing objects:  73% (1247/1707)   [K
remote: Compressing objects:  74% (1264/1707)   [K
remote: Compressing objects:  75% (1281/1707)   [K
remote: Compressing objects:  76% (1298/1707)   [K
remote: Compressing objects:  77% (1315/1707)   [K
remote: Compressing objects:  78% (1332/1707)   [K
remote: Compressing objects:  79% (1349/1707)   [K
remote: Compressing objects:  80% (1366/1707)   [K
remote: Compressing objects:  81% (1383/1707)   [K
remote: Compressing objects:  82% (1400/1707)   [K
remote: Compressing objects:  83% (1417/1707)   [K
remote: Compressing objects:  84% (1434/1707)   [K
remote: Compressing objects:  85% (1451/1707)   [K
remote: Compressing objects:  86% (1469/1707)   [K
remote: Compressing objects:  87% (1486/1707)   [K
remote: Compressing objects:  88% (1503/1707)   [K
remote: Compressing objects:  89% (1520/1707)   [K
remote: Compressing objects:  90% (1537/1707)   [K
remote: Compressing objects:  91% (1554/1707)   [K
remote: Compressing objects:  92% (1571/1707)   [K
remote: Compressing objects:  93% (1588/1707)   [K
remote: Compressing objects:  94% (1605/1707)   [K
remote: Compressing objects:  95% (1622/1707)   [K
remote: Compressing objects:  96% (1639/1707)   [K
remote: Compressing objects:  97% (1656/1707)   [K
remote: Compressing objects:  98% (1673/1707)   [K
remote: Compressing objects:  99% (1690/1707)   [K
remote: Compressing objects: 100% (1707/1707)   [K
remote: Compressing objects: 100% (1707/1707), done.[K
Receiving objects:   0% (1/3610)   
Receiving objects:   1% (37/3610)   
Receiving objects:   2% (73/3610)   
Receiving objects:   3% (109/3610)   
Receiving objects:   4% (145/3610)   
Receiving objects:   5% (181/3610)   
Receiving objects:   6% (217/3610)   
Receiving objects:   7% (253/3610)   
Receiving objects:   8% (289/3610)   
Receiving objects:   9% (325/3610)   
Receiving objects:  10% (361/3610)   
Receiving objects:  11% (398/3610)   
Receiving objects:  12% (434/3610)   
Receiving objects:  13% (470/3610)   
Receiving objects:  14% (506/3610)   
Receiving objects:  15% (542/3610)   
Receiving objects:  16% (578/3610)   
Receiving objects:  17% (614/3610)   
Receiving objects:  18% (650/3610)   
Receiving objects:  19% (686/3610)   
Receiving objects:  20% (722/3610)   
Receiving objects:  21% (759/3610)   
Receiving objects:  22% (795/3610)   
Receiving objects:  23% (831/3610)   
Receiving objects:  24% (867/3610)   
Receiving objects:  25% (903/3610)   
Receiving objects:  26% (939/3610)   
Receiving objects:  27% (975/3610)   
Receiving objects:  28% (1011/3610)   
Receiving objects:  29% (1047/3610)   
Receiving objects:  30% (1083/3610)   
Receiving objects:  31% (1120/3610)   
Receiving objects:  32% (1156/3610)   
Receiving objects:  33% (1192/3610)   
Receiving objects:  34% (1228/3610)   
Receiving objects:  35% (1264/3610)   
Receiving objects:  36% (1300/3610)   
Receiving objects:  37% (1336/3610)   
Receiving objects:  38% (1372/3610)   
Receiving objects:  39% (1408/3610)   
Receiving objects:  40% (1444/3610)   
Receiving objects:  41% (1481/3610)   
Receiving objects:  42% (1517/3610)   
Receiving objects:  43% (1553/3610)   
Receiving objects:  44% (1589/3610)   
Receiving objects:  45% (1625/3610)   
Receiving objects:  46% (1661/3610)   
Receiving objects:  47% (1697/3610)   
Receiving objects:  48% (1733/3610)   
Receiving objects:  49% (1769/3610)   
Receiving objects:  50% (1805/3610)   
Receiving objects:  51% (1842/3610)   
Receiving objects:  52% (1878/3610)   
Receiving objects:  53% (1914/3610)   
Receiving objects:  54% (1950/3610)   
Receiving objects:  55% (1986/3610)   
Receiving objects:  56% (2022/3610)   
Receiving objects:  57% (2058/3610)   
Receiving objects:  58% (2094/3610)   
Receiving objects:  59% (2130/3610)   
Receiving objects:  60% (2166/3610)   
Receiving objects:  61% (2203/3610)   
Receiving objects:  62% (2239/3610)   
Receiving objects:  63% (2275/3610)   
Receiving objects:  64% (2311/3610)   
Receiving objects:  65% (2347/3610)   
Receiving objects:  66% (2383/3610)   
Receiving objects:  67% (2419/3610)   
Receiving objects:  68% (2455/3610)   
Receiving objects:  69% (2491/3610)   
Receiving objects:  70% (2527/3610)   
Receiving objects:  71% (2564/3610)   
Receiving objects:  72% (2600/3610)   
Receiving objects:  73% (2636/3610)   
Receiving objects:  74% (2672/3610)   
Receiving objects:  75% (2708/3610)   
Receiving objects:  76% (2744/3610)   
Receiving objects:  77% (2780/3610)   
Receiving objects:  78% (2816/3610)   
Receiving objects:  79% (2852/3610)   
Receiving objects:  80% (2888/3610)   
Receiving objects:  81% (2925/3610)   
Receiving objects:  82% (2961/3610)   
Receiving objects:  83% (2997/3610)   
Receiving objects:  84% (3033/3610)   
Receiving objects:  85% (3069/3610)   
Receiving objects:  86% (3105/3610)   
remote: Total 3610 (delta 1093), reused 3089 (delta 680), pack-reused 0[K
Receiving objects:  87% (3141/3610)   
Receiving objects:  88% (3177/3610)   
Receiving objects:  89% (3213/3610)   
Receiving objects:  90% (3249/3610)   
Receiving objects:  91% (3286/3610)   
Receiving objects:  92% (3322/3610)   
Receiving objects:  93% (3358/3610)   
Receiving objects:  94% (3394/3610)   
Receiving objects:  95% (3430/3610)   
Receiving objects:  96% (3466/3610)   
Receiving objects:  97% (3502/3610)   
Receiving objects:  98% (3538/3610)   
Receiving objects:  99% (3574/3610)   
Receiving objects: 100% (3610/3610)   
Receiving objects: 100% (3610/3610), 1000.40 KiB | 5.21 MiB/s, done.
Resolving deltas:   0% (0/1093)   
Resolving deltas:   1% (15/1093)   
Resolving deltas:   2% (24/1093)   
Resolving deltas:   6% (72/1093)   
Resolving deltas:   7% (81/1093)   
Resolving deltas:  10% (118/1093)   
Resolving deltas:  11% (127/1093)   
Resolving deltas:  12% (136/1093)   
Resolving deltas:  13% (145/1093)   
Resolving deltas:  15% (164/1093)   
Resolving deltas:  18% (205/1093)   
Resolving deltas:  22% (242/1093)   
Resolving deltas:  23% (253/1093)   
Resolving deltas:  25% (274/1093)   
Resolving deltas:  26% (291/1093)   
Resolving deltas:  27% (300/1093)   
Resolving deltas:  28% (311/1093)   
Resolving deltas:  33% (367/1093)   
Resolving deltas:  34% (372/1093)   
Resolving deltas:  36% (404/1093)   
Resolving deltas:  37% (408/1093)   
Resolving deltas:  38% (416/1093)   
Resolving deltas:  39% (435/1093)   
Resolving deltas:  40% (442/1093)   
Resolving deltas:  41% (453/1093)   
Resolving deltas:  42% (460/1093)   
Resolving deltas:  43% (471/1093)   
Resolving deltas:  44% (489/1093)   
Resolving deltas:  45% (498/1093)   
Resolving deltas:  46% (503/1093)   
Resolving deltas:  47% (514/1093)   
Resolving deltas:  48% (529/1093)   
Resolving deltas:  49% (536/1093)   
Resolving deltas:  50% (547/1093)   
Resolving deltas:  51% (558/1093)   
Resolving deltas:  52% (570/1093)   
Resolving deltas:  53% (580/1093)   
Resolving deltas:  54% (594/1093)   
Resolving deltas:  55% (603/1093)   
Resolving deltas:  56% (614/1093)   
Resolving deltas:  57% (630/1093)   
Resolving deltas:  58% (635/1093)   
Resolving deltas:  59% (645/1093)   
Resolving deltas:  60% (658/1093)   
Resolving deltas:  61% (670/1093)   
Resolving deltas:  62% (679/1093)   
Resolving deltas:  63% (689/1093)   
Resolving deltas:  64% (701/1093)   
Resolving deltas:  65% (711/1093)   
Resolving deltas:  67% (736/1093)   
Resolving deltas:  69% (756/1093)   
Resolving deltas:  70% (768/1093)   
Resolving deltas:  71% (778/1093)   
Resolving deltas:  72% (787/1093)   
Resolving deltas:  73% (803/1093)   
Resolving deltas:  74% (810/1093)   
Resolving deltas:  75% (821/1093)   
Resolving deltas:  76% (831/1093)   
Resolving deltas:  77% (842/1093)   
Resolving deltas:  78% (858/1093)   
Resolving deltas:  79% (864/1093)   
Resolving deltas:  80% (875/1093)   
Resolving deltas:  81% (888/1093)   
Resolving deltas:  82% (897/1093)   
Resolving deltas:  83% (908/1093)   
Resolving deltas:  84% (921/1093)   
Resolving deltas:  85% (939/1093)   
Resolving deltas:  86% (941/1093)   
Resolving deltas:  87% (956/1093)   
Resolving deltas:  88% (965/1093)   
Resolving deltas:  89% (973/1093)   
Resolving deltas:  92% (1010/1093)   
Resolving deltas:  93% (1023/1093)   
Resolving deltas:  95% (1047/1093)   
Resolving deltas:  96% (1050/1093)   
Resolving deltas:  97% (1063/1093)   
Resolving deltas:  98% (1073/1093)   
Resolving deltas:  99% (1083/1093)   
Resolving deltas: 100% (1093/1093)   
Resolving deltas: 100% (1093/1093), done.

travis_time:end:04b18a6c:start=1529503222012247346,finish=1529503224922689597,duration=2910442251
[0K$ cd brianfrankcooper/YCSB
travis_time:start:025ddb60
[0K$ git fetch origin +refs/pull/1118/merge:
remote: Counting objects: 786, done.[K
remote: Compressing objects:   0% (1/277)   [K
remote: Compressing objects:   1% (3/277)   [K
remote: Compressing objects:   2% (6/277)   [K
remote: Compressing objects:   3% (9/277)   [K
remote: Compressing objects:   4% (12/277)   [K
remote: Compressing objects:   5% (14/277)   [K
remote: Compressing objects:   6% (17/277)   [K
remote: Compressing objects:   7% (20/277)   [K
remote: Compressing objects:   8% (23/277)   [K
remote: Compressing objects:   9% (25/277)   [K
remote: Compressing objects:  10% (28/277)   [K
remote: Compressing objects:  11% (31/277)   [K
remote: Compressing objects:  12% (34/277)   [K
remote: Compressing objects:  13% (37/277)   [K
remote: Compressing objects:  14% (39/277)   [K
remote: Compressing objects:  15% (42/277)   [K
remote: Compressing objects:  16% (45/277)   [K
remote: Compressing objects:  17% (48/277)   [K
remote: Compressing objects:  18% (50/277)   [K
remote: Compressing objects:  19% (53/277)   [K
remote: Compressing objects:  20% (56/277)   [K
remote: Compressing objects:  21% (59/277)   [K
remote: Compressing objects:  22% (61/277)   [K
remote: Compressing objects:  23% (64/277)   [K
remote: Compressing objects:  24% (67/277)   [K
remote: Compressing objects:  25% (70/277)   [K
remote: Compressing objects:  26% (73/277)   [K
remote: Compressing objects:  27% (75/277)   [K
remote: Compressing objects:  28% (78/277)   [K
remote: Compressing objects:  29% (81/277)   [K
remote: Compressing objects:  30% (84/277)   [K
remote: Compressing objects:  31% (86/277)   [K
remote: Compressing objects:  32% (89/277)   [K
remote: Compressing objects:  33% (92/277)   [K
remote: Compressing objects:  34% (95/277)   [K
remote: Compressing objects:  35% (97/277)   [K
remote: Compressing objects:  36% (100/277)   [K
remote: Compressing objects:  37% (103/277)   [K
remote: Compressing objects:  38% (106/277)   [K
remote: Compressing objects:  39% (109/277)   [K
remote: Compressing objects:  40% (111/277)   [K
remote: Compressing objects:  41% (114/277)   [K
remote: Compressing objects:  42% (117/277)   [K
remote: Compressing objects:  43% (120/277)   [K
remote: Compressing objects:  44% (122/277)   [K
remote: Compressing objects:  45% (125/277)   [K
remote: Compressing objects:  46% (128/277)   [K
remote: Compressing objects:  47% (131/277)   [K
remote: Compressing objects:  48% (133/277)   [K
remote: Compressing objects:  49% (136/277)   [K
remote: Compressing objects:  50% (139/277)   [K
remote: Compressing objects:  51% (142/277)   [K
remote: Compressing objects:  52% (145/277)   [K
remote: Compressing objects:  53% (147/277)   [K
remote: Compressing objects:  54% (150/277)   [K
remote: Compressing objects:  55% (153/277)   [K
remote: Compressing objects:  56% (156/277)   [K
remote: Compressing objects:  57% (158/277)   [K
remote: Compressing objects:  58% (161/277)   [K
remote: Compressing objects:  59% (164/277)   [K
remote: Compressing objects:  60% (167/277)   [K
remote: Compressing objects:  61% (169/277)   [K
remote: Compressing objects:  62% (172/277)   [K
remote: Compressing objects:  63% (175/277)   [K
remote: Compressing objects:  64% (178/277)   [K
remote: Compressing objects:  65% (181/277)   [K
remote: Compressing objects:  66% (183/277)   [K
remote: Compressing objects:  67% (186/277)   [K
remote: Compressing objects:  68% (189/277)   [K
remote: Compressing objects:  69% (192/277)   [K
remote: Compressing objects:  70% (194/277)   [K
remote: Compressing objects:  71% (197/277)   [K
remote: Compressing objects:  72% (200/277)   [K
remote: Compressing objects:  73% (203/277)   [K
remote: Compressing objects:  74% (205/277)   [K
remote: Compressing objects:  75% (208/277)   [K
remote: Compressing objects:  76% (211/277)   [K
remote: Compressing objects:  77% (214/277)   [K
remote: Compressing objects:  78% (217/277)   [K
remote: Compressing objects:  79% (219/277)   [K
remote: Compressing objects:  80% (222/277)   [K
remote: Compressing objects:  81% (225/277)   [K
remote: Compressing objects:  82% (228/277)   [K
remote: Compressing objects:  83% (230/277)   [K
remote: Compressing objects:  84% (233/277)   [K
remote: Compressing objects:  85% (236/277)   [K
remote: Compressing objects:  86% (239/277)   [K
remote: Compressing objects:  87% (241/277)   [K
remote: Compressing objects:  88% (244/277)   [K
remote: Compressing objects:  89% (247/277)   [K
remote: Compressing objects:  90% (250/277)   [K
remote: Compressing objects:  91% (253/277)   [K
remote: Compressing objects:  92% (255/277)   [K
remote: Compressing objects:  93% (258/277)   [K
remote: Compressing objects:  94% (261/277)   [K
remote: Compressing objects:  95% (264/277)   [K
remote: Compressing objects:  96% (266/277)   [K
remote: Compressing objects:  97% (269/277)   [K
remote: Compressing objects:  98% (272/277)   [K
remote: Compressing objects:  99% (275/277)   [K
remote: Compressing objects: 100% (277/277)   [K
remote: Compressing objects: 100% (277/277), done.[K
Receiving objects:   0% (1/786)   
Receiving objects:   1% (8/786)   
Receiving objects:   2% (16/786)   
Receiving objects:   3% (24/786)   
Receiving objects:   4% (32/786)   
Receiving objects:   5% (40/786)   
Receiving objects:   6% (48/786)   
Receiving objects:   7% (56/786)   
Receiving objects:   8% (63/786)   
Receiving objects:   9% (71/786)   
Receiving objects:  10% (79/786)   
Receiving objects:  11% (87/786)   
Receiving objects:  12% (95/786)   
Receiving objects:  13% (103/786)   
Receiving objects:  14% (111/786)   
Receiving objects:  15% (118/786)   
Receiving objects:  16% (126/786)   
Receiving objects:  17% (134/786)   
Receiving objects:  18% (142/786)   
Receiving objects:  19% (150/786)   
Receiving objects:  20% (158/786)   
Receiving objects:  21% (166/786)   
Receiving objects:  22% (173/786)   
Receiving objects:  23% (181/786)   
Receiving objects:  24% (189/786)   
Receiving objects:  25% (197/786)   
Receiving objects:  26% (205/786)   
Receiving objects:  27% (213/786)   
Receiving objects:  28% (221/786)   
Receiving objects:  29% (228/786)   
Receiving objects:  30% (236/786)   
Receiving objects:  31% (244/786)   
Receiving objects:  32% (252/786)   
Receiving objects:  33% (260/786)   
Receiving objects:  34% (268/786)   
Receiving objects:  35% (276/786)   
Receiving objects:  36% (283/786)   
Receiving objects:  37% (291/786)   
Receiving objects:  38% (299/786)   
Receiving objects:  39% (307/786)   
Receiving objects:  40% (315/786)   
Receiving objects:  41% (323/786)   
Receiving objects:  42% (331/786)   
Receiving objects:  43% (338/786)   
Receiving objects:  44% (346/786)   
Receiving objects:  45% (354/786)   
Receiving objects:  46% (362/786)   
Receiving objects:  47% (370/786)   
Receiving objects:  48% (378/786)   
Receiving objects:  49% (386/786)   
Receiving objects:  50% (393/786)   
Receiving objects:  51% (401/786)   
Receiving objects:  52% (409/786)   
Receiving objects:  53% (417/786)   
Receiving objects:  54% (425/786)   
Receiving objects:  55% (433/786)   
Receiving objects:  56% (441/786)   
Receiving objects:  57% (449/786)   
Receiving objects:  58% (456/786)   
Receiving objects:  59% (464/786)   
Receiving objects:  60% (472/786)   
Receiving objects:  61% (480/786)   
Receiving objects:  62% (488/786)   
Receiving objects:  63% (496/786)   
Receiving objects:  64% (504/786)   
Receiving objects:  65% (511/786)   
Receiving objects:  66% (519/786)   
Receiving objects:  67% (527/786)   
Receiving objects:  68% (535/786)   
Receiving objects:  69% (543/786)   
Receiving objects:  70% (551/786)   
Receiving objects:  71% (559/786)   
Receiving objects:  72% (566/786)   
Receiving objects:  73% (574/786)   
Receiving objects:  74% (582/786)   
Receiving objects:  75% (590/786)   
Receiving objects:  76% (598/786)   
Receiving objects:  77% (606/786)   
Receiving objects:  78% (614/786)   
remote: Total 786 (delta 293), reused 742 (delta 252), pack-reused 0[K
Receiving objects:  79% (621/786)   
Receiving objects:  80% (629/786)   
Receiving objects:  81% (637/786)   
Receiving objects:  82% (645/786)   
Receiving objects:  83% (653/786)   
Receiving objects:  84% (661/786)   
Receiving objects:  85% (669/786)   
Receiving objects:  86% (676/786)   
Receiving objects:  87% (684/786)   
Receiving objects:  88% (692/786)   
Receiving objects:  89% (700/786)   
Receiving objects:  90% (708/786)   
Receiving objects:  91% (716/786)   
Receiving objects:  92% (724/786)   
Receiving objects:  93% (731/786)   
Receiving objects:  94% (739/786)   
Receiving objects:  95% (747/786)   
Receiving objects:  96% (755/786)   
Receiving objects:  97% (763/786)   
Receiving objects:  98% (771/786)   
Receiving objects:  99% (779/786)   
Receiving objects: 100% (786/786)   
Receiving objects: 100% (786/786), 96.40 KiB | 4.19 MiB/s, done.
Resolving deltas:   0% (0/293)   
Resolving deltas:   1% (5/293)   
Resolving deltas:  12% (38/293)   
Resolving deltas:  13% (39/293)   
Resolving deltas:  14% (43/293)   
Resolving deltas:  16% (49/293)   
Resolving deltas:  17% (51/293)   
Resolving deltas:  18% (53/293)   
Resolving deltas:  19% (56/293)   
Resolving deltas:  20% (59/293)   
Resolving deltas:  22% (67/293)   
Resolving deltas:  23% (68/293)   
Resolving deltas:  24% (71/293)   
Resolving deltas:  27% (82/293)   
Resolving deltas:  28% (83/293)   
Resolving deltas:  29% (86/293)   
Resolving deltas:  31% (93/293)   
Resolving deltas:  32% (95/293)   
Resolving deltas:  33% (97/293)   
Resolving deltas:  45% (132/293)   
Resolving deltas:  47% (139/293)   
Resolving deltas:  51% (151/293)   
Resolving deltas:  52% (153/293)   
Resolving deltas:  55% (162/293)   
Resolving deltas:  64% (189/293)   
Resolving deltas:  65% (191/293)   
Resolving deltas:  66% (194/293)   
Resolving deltas:  67% (197/293)   
Resolving deltas:  69% (205/293)   
Resolving deltas:  70% (206/293)   
Resolving deltas:  71% (209/293)   
Resolving deltas:  95% (279/293)   
Resolving deltas:  97% (287/293)   
Resolving deltas:  98% (288/293)   
Resolving deltas: 100% (293/293)   
Resolving deltas: 100% (293/293), completed with 27 local objects.
From https://github.com/brianfrankcooper/YCSB
 * branch            refs/pull/1118/merge -> FETCH_HEAD

travis_time:end:025ddb60:start=1529503224927684981,finish=1529503226389550185,duration=1461865204
[0K$ git checkout -qf FETCH_HEAD
travis_fold:end:git.checkout
[0K[33;1mDisabling Gradle daemon[0m
$ mkdir -p ~/.gradle && echo "org.gradle.daemon=false" >> ~/.gradle/gradle.properties
$ java -Xmx32m -version
java version "9.0.1"
Java(TM) SE Runtime Environment (build 9.0.1+11)
Java HotSpot(TM) 64-Bit Server VM (build 9.0.1+11, mixed mode)
$ javac -J-Xmx32m -version
javac 9.0.1
travis_fold:start:install
[0Ktravis_time:start:0353c5b6
[0K$ mvn install -q -DskipTests=true

travis_time:end:0353c5b6:start=1529503227078191340,finish=1529503474692969903,duration=247614778563
[0Ktravis_fold:end:install
[0Ktravis_time:start:1911002b
[0K$ mvn test -q

-------------------------------------------------------
 T E S T S
-------------------------------------------------------
Running TestSuite
Configuring TestNG with: org.apache.maven.surefire.testng.conf.TestNGMapConfigurator@69ea3742
Tests run: 41, Failures: 0, Errors: 0, Skipped: 0, Time elapsed: 1.73 sec

Results :

Tests run: 41, Failures: 0, Errors: 0, Skipped: 0


-------------------------------------------------------
 T E S T S
-------------------------------------------------------
Running com.yahoo.ycsb.db.ElasticsearchClientTest
Elasticsearch starting node = es.ycsb.cluster
Elasticsearch node path.home = /tmp/junit7614234911494404089
Elasticsearch Remote Mode = false
Jun 20, 2018 2:05:00 PM org.elasticsearch.node.Node <init>
INFO: [Brian Braddock] version[2.4.0], pid[3750], build[ce9f0c7/2016-08-29T09:14:17Z]
Jun 20, 2018 2:05:00 PM org.elasticsearch.node.Node <init>
INFO: [Brian Braddock] initializing ...
Jun 20, 2018 2:05:00 PM org.elasticsearch.plugins.PluginsService <init>
INFO: [Brian Braddock] modules [], plugins [], sites []
WARNING: An illegal reflective access operation has occurred
WARNING: Illegal reflective access by org.apache.lucene.store.MMapDirectory$1 (file:/home/travis/.m2/repository/org/apache/lucene/lucene-core/5.5.2/lucene-core-5.5.2.jar) to method java.nio.DirectByteBuffer.cleaner()
WARNING: Please consider reporting this to the maintainers of org.apache.lucene.store.MMapDirectory$1
WARNING: Use --illegal-access=warn to enable warnings of further illegal reflective access operations
WARNING: All illegal access operations will be denied in a future release
Jun 20, 2018 2:05:00 PM org.elasticsearch.env.NodeEnvironment maybeLogPathDetails
INFO: [Brian Braddock] using [1] data paths, mounts [[/ (/dev/sda1)]], net usable_space [13.8gb], net total_space [29.4gb], spins? [no], types [ext4]
Jun 20, 2018 2:05:00 PM org.elasticsearch.env.NodeEnvironment maybeLogHeapDetails
INFO: [Brian Braddock] heap size [1.8gb], compressed ordinary object pointers [true]
Jun 20, 2018 2:05:00 PM org.elasticsearch.env.NodeEnvironment maybeWarnFileDescriptors
WARNING: [Brian Braddock] max file descriptors [30000] for elasticsearch process likely too low, consider increasing to at least [65536]
Jun 20, 2018 2:05:02 PM org.elasticsearch.node.Node <init>
INFO: [Brian Braddock] initialized
Jun 20, 2018 2:05:02 PM org.elasticsearch.node.Node start
INFO: [Brian Braddock] starting ...
Jun 20, 2018 2:05:02 PM org.elasticsearch.transport.TransportService doStart
INFO: [Brian Braddock] publish_address {local[1]}, bound_addresses {local[1]}
Jun 20, 2018 2:05:02 PM org.elasticsearch.discovery.DiscoveryService doStart
INFO: [Brian Braddock] es.ycsb.cluster/weB-zPeOSH2r2vfGKQwDWw
Jun 20, 2018 2:05:02 PM org.elasticsearch.cluster.service.InternalClusterService runTasksForExecutor
INFO: [Brian Braddock] new_master {Brian Braddock}{weB-zPeOSH2r2vfGKQwDWw}{local}{local[1]}{local=true}, reason: local-disco-initial_connect(master)
Jun 20, 2018 2:05:02 PM org.elasticsearch.gateway.GatewayService$GatewayRecoveryListener$1 clusterStateProcessed
INFO: [Brian Braddock] recovered [0] indices into cluster_state
Jun 20, 2018 2:05:02 PM org.elasticsearch.http.HttpServer doStart
INFO: [Brian Braddock] publish_address {127.0.0.1:9200}, bound_addresses {127.0.0.1:9200}
Jun 20, 2018 2:05:02 PM org.elasticsearch.node.Node start
INFO: [Brian Braddock] started
Jun 20, 2018 2:05:03 PM org.elasticsearch.cluster.metadata.MetaDataCreateIndexService$1 execute
INFO: [Brian Braddock] [es.ycsb] creating index, cause [api], templates [], shards [1]/[0], mappings []
Jun 20, 2018 2:05:03 PM org.elasticsearch.cluster.routing.allocation.AllocationService logClusterHealthStateChange
INFO: [Brian Braddock] Cluster health status changed from [RED] to [GREEN] (reason: [shards started [[es.ycsb][0]] ...]).
Jun 20, 2018 2:05:03 PM org.elasticsearch.cluster.metadata.MetaDataMappingService$PutMappingExecutor applyRequest
INFO: [Brian Braddock] [es.ycsb] create_mapping [MOCK_TABLE]
Jun 20, 2018 2:05:03 PM org.elasticsearch.node.Node stop
INFO: [Brian Braddock] stopping ...
Jun 20, 2018 2:05:04 PM org.elasticsearch.node.Node stop
INFO: [Brian Braddock] stopped
Jun 20, 2018 2:05:04 PM org.elasticsearch.node.Node close
INFO: [Brian Braddock] closing ...
Jun 20, 2018 2:05:04 PM org.elasticsearch.node.Node close
INFO: [Brian Braddock] closed
Tests run: 5, Failures: 0, Errors: 0, Skipped: 0, Time elapsed: 3.98 sec

Results :

Tests run: 5, Failures: 0, Errors: 0, Skipped: 0


-------------------------------------------------------
 T E S T S
-------------------------------------------------------
Running com.yahoo.ycsb.db.JdbcDBClientTest
Adding shard node URL: jdbc:hsqldb:mem:ycsb
Using shards: 1, batchSize:1, fetchSize: -1
Adding shard node URL: jdbc:hsqldb:mem:ycsb
Using shards: 1, batchSize:10, fetchSize: -1
Adding shard node URL: jdbc:hsqldb:mem:ycsb
Using shards: 1, batchSize:1, fetchSize: -1
Adding shard node URL: jdbc:hsqldb:mem:ycsb
Using shards: 1, batchSize:10, fetchSize: -1
Adding shard node URL: jdbc:hsqldb:mem:ycsb
Using shards: 1, batchSize:1, fetchSize: -1
Tests run: 7, Failures: 0, Errors: 0, Skipped: 0, Time elapsed: 0.783 sec

Results :

Tests run: 7, Failures: 0, Errors: 0, Skipped: 0


-------------------------------------------------------
 T E S T S
-------------------------------------------------------
Running com.yahoo.ycsb.db.AsyncMongoDbClientTest
Tests run: 1, Failures: 0, Errors: 0, Skipped: 1, Time elapsed: 0.116 sec
Running com.yahoo.ycsb.db.OptionsSupportTest
Tests run: 4, Failures: 0, Errors: 0, Skipped: 0, Time elapsed: 0.037 sec
Running com.yahoo.ycsb.db.MongoDbClientTest
Tests run: 1, Failures: 0, Errors: 0, Skipped: 1, Time elapsed: 0.004 sec

Results :

Tests run: 6, Failures: 0, Errors: 0, Skipped: 2


-------------------------------------------------------
 T E S T S
-------------------------------------------------------
Running com.yahoo.ycsb.db.RadosClientTest
Tests run: 1, Failures: 0, Errors: 0, Skipped: 1, Time elapsed: 0.237 sec

Results :

Tests run: 1, Failures: 0, Errors: 0, Skipped: 1


-------------------------------------------------------
 T E S T S
-------------------------------------------------------
Running com.yahoo.ycsb.db.riak.RiakKVClientTest
SLF4J: Failed to load class "org.slf4j.impl.StaticLoggerBinder".
SLF4J: Defaulting to no-operation (NOP) logger implementation
SLF4J: See http://www.slf4j.org/codes.html#StaticLoggerBinder for further details.
WARNING: An illegal reflective access operation has occurred
WARNING: Illegal reflective access by io.netty.util.internal.PlatformDependent0 (file:/home/travis/.m2/repository/io/netty/netty-all/4.0.33.Final/netty-all-4.0.33.Final.jar) to field java.nio.Buffer.address
WARNING: Please consider reporting this to the maintainers of io.netty.util.internal.PlatformDependent0
WARNING: Use --illegal-access=warn to enable warnings of further illegal reflective access operations
WARNING: All illegal access operations will be denied in a future release
Jun 20, 2018 2:05:16 PM io.netty.util.internal.PlatformDependent <clinit>
INFO: Your platform does not provide complete low-level API for accessing direct buffers reliably. Unless explicitly requested, heap buffer will always be preferred to avoid potential system unstability.
Tests run: 1, Failures: 0, Errors: 0, Skipped: 1, Time elapsed: 0.509 sec

Results :

Tests run: 1, Failures: 0, Errors: 0, Skipped: 1


travis_time:end:1911002b:start=1529503474701189896,finish=1529503518940236096,duration=44239046200
[0K
[32;1mThe command "mvn test -q" exited with 0.[0m

Done. Your build exited with 0.
