Apache Maven 3.6.3
Maven home: /usr/share/maven
Java version: 1.8.0_312, vendor: Private Build, runtime: /usr/lib/jvm/java-8-openjdk-amd64/jre
Default locale: en_US, platform encoding: UTF-8
OS name: "linux", version: "5.15.0-41-generic", arch: "amd64", family: "unix"
[INFO] Scanning for projects...
[INFO] Inspecting build with total of 1 modules...
[INFO] Installing Nexus Staging features:
[INFO]   ... total of 1 executions of maven-deploy-plugin replaced with nexus-staging-maven-plugin
[INFO] 
[INFO] ------------------< com.github.albfernandez:pmd-gds >-------------------
[INFO] Building PMD-Security-Rules 2.20.0-SNAPSHOT
[INFO] --------------------------------[ jar ]---------------------------------
[INFO] 
[INFO] --- maven-resources-plugin:2.6:resources (default-resources) @ pmd-gds ---
[INFO] Using 'UTF-8' encoding to copy filtered resources.
[INFO] Copying 8 resources
[INFO] 
[INFO] --- maven-compiler-plugin:3.7.0:compile (default-compile) @ pmd-gds ---
[INFO] Nothing to compile - all classes are up to date
[INFO] 
[INFO] --- maven-resources-plugin:2.6:testResources (default-testResources) @ pmd-gds ---
[INFO] Using 'UTF-8' encoding to copy filtered resources.
[INFO] Copying 1 resource
[INFO] 
[INFO] --- maven-compiler-plugin:3.7.0:testCompile (default-testCompile) @ pmd-gds ---
[INFO] Nothing to compile - all classes are up to date
[INFO] 
[INFO] --- maven-surefire-plugin:2.12.4:test (default-test) @ pmd-gds ---
[INFO] Surefire report directory: /home/user/Workspace/reproducibility/Reproducibility-Scanner/reproducer/workspace/Bears-194/target/surefire-reports

-------------------------------------------------------
 T E S T S
-------------------------------------------------------
Running com.gdssecurity.pmd.AnnotationTest
/home/user/Workspace/reproducibility/Reproducibility-Scanner/reproducer/workspace/Bears-194/src/test/java/resources/annotations/AnnotationExampleValidateParamsStaticQualified.java:17:	Cross-Site Scripting (Reflected)
/home/user/Workspace/reproducibility/Reproducibility-Scanner/reproducer/workspace/Bears-194/src/test/java/resources/annotations/AnnotationExample2.java:11:	Cross-Site Scripting (Reflected)
/home/user/Workspace/reproducibility/Reproducibility-Scanner/reproducer/workspace/Bears-194/src/test/java/resources/annotations/AnnotationExampleValidateParams.java:17:	Cross-Site Scripting (Reflected)
/home/user/Workspace/reproducibility/Reproducibility-Scanner/reproducer/workspace/Bears-194/src/test/java/resources/annotations/AnnotationExampleValidateParamsStatic.java:17:	Cross-Site Scripting (Reflected)
/home/user/Workspace/reproducibility/Reproducibility-Scanner/reproducer/workspace/Bears-194/src/test/java/resources/annotations/AnnotationExampleValidateParamsStaticOtherClass.java:11:	Cross-Site Scripting (Reflected)
/home/user/Workspace/reproducibility/Reproducibility-Scanner/reproducer/workspace/Bears-194/src/test/java/resources/annotations/AnnotationExampleValidateParamsQualified.java:17:	Cross-Site Scripting (Reflected)
Tests run: 8, Failures: 0, Errors: 0, Skipped: 0, Time elapsed: 0.668 sec
Running com.gdssecurity.pmd.GetterForConnectionTest
Tests run: 1, Failures: 0, Errors: 0, Skipped: 1, Time elapsed: 0 sec
Running com.gdssecurity.pmd.DefaultConfigTest
/home/user/Workspace/reproducibility/Reproducibility-Scanner/reproducer/workspace/Bears-194/src/test/java/resources/annotations/AnnotationExample.java:13:	Cross-Site Scripting
/home/user/Workspace/reproducibility/Reproducibility-Scanner/reproducer/workspace/Bears-194/src/test/java/resources/annotations/AnnotationExampleSinkConcat.java:15:	Cross-Site Scripting
/home/user/Workspace/reproducibility/Reproducibility-Scanner/reproducer/workspace/Bears-194/src/test/java/resources/annotations/AnnotationExampleValidateParams.java:13:	Cross-Site Scripting
/home/user/Workspace/reproducibility/Reproducibility-Scanner/reproducer/workspace/Bears-194/src/test/java/resources/annotations/AnnotationExampleValidateParamsQualified.java:13:	Cross-Site Scripting
/home/user/Workspace/reproducibility/Reproducibility-Scanner/reproducer/workspace/Bears-194/src/test/java/resources/annotations/AnnotationExampleValidateParamsStatic.java:13:	Cross-Site Scripting
/home/user/Workspace/reproducibility/Reproducibility-Scanner/reproducer/workspace/Bears-194/src/test/java/resources/annotations/AnnotationExampleValidateParamsStaticQualified.java:13:	Cross-Site Scripting
/home/user/Workspace/reproducibility/Reproducibility-Scanner/reproducer/workspace/Bears-194/src/test/java/resources/annotations/generator/AnnotationsGeneratorBadExample.java:24:	Cross-Site Scripting
/home/user/Workspace/reproducibility/Reproducibility-Scanner/reproducer/workspace/Bears-194/src/test/java/resources/annotations/generator/AnnotationsGeneratorChainedCall.java:21:	Cross-Site Scripting
/home/user/Workspace/reproducibility/Reproducibility-Scanner/reproducer/workspace/Bears-194/src/test/java/resources/annotations/generator/AnnotationsGeneratorChainedCall.java:26:	Cross-Site Scripting
/home/user/Workspace/reproducibility/Reproducibility-Scanner/reproducer/workspace/Bears-194/src/test/java/resources/annotations/generator/AnnotationsGeneratorChainedCall.java:30:	Cross-Site Scripting
/home/user/Workspace/reproducibility/Reproducibility-Scanner/reproducer/workspace/Bears-194/src/test/java/resources/annotations/generator/AnnotationsGeneratorExample.java:15:	Cross-Site Scripting
/home/user/Workspace/reproducibility/Reproducibility-Scanner/reproducer/workspace/Bears-194/src/test/java/resources/annotations/generator/AnnotationsGeneratorOkExample.java:25:	Cross-Site Scripting
/home/user/Workspace/reproducibility/Reproducibility-Scanner/reproducer/workspace/Bears-194/src/test/java/resources/annotations/generator/AnnotationsGeneratorOkExample.java:26:	Cross-Site Scripting
/home/user/Workspace/reproducibility/Reproducibility-Scanner/reproducer/workspace/Bears-194/src/test/java/resources/annotations/generator/AnnotationsGeneratorPrivateCallBad.java:15:	Cross-Site Scripting
/home/user/Workspace/reproducibility/Reproducibility-Scanner/reproducer/workspace/Bears-194/src/test/java/resources/annotations/generator/AnnotationsGeneratorPrivateCallOk.java:17:	Cross-Site Scripting
/home/user/Workspace/reproducibility/Reproducibility-Scanner/reproducer/workspace/Bears-194/src/test/java/resources/annotations/generator/AnnotationsGeneratorStaticCaller.java:12:	Cross-Site Scripting
/home/user/Workspace/reproducibility/Reproducibility-Scanner/reproducer/workspace/Bears-194/src/test/java/resources/annotations/generator/AnnotationsGeneratorStringBuilder.java:38:	Cross-Site Scripting
/home/user/Workspace/reproducibility/Reproducibility-Scanner/reproducer/workspace/Bears-194/src/test/java/resources/annotations/generator/AnnotationsGeneratorStringBuilder.java:42:	Cross-Site Scripting
/home/user/Workspace/reproducibility/Reproducibility-Scanner/reproducer/workspace/Bears-194/src/test/java/resources/annotations/generator/AnnotationsGeneratorStringBuilder.java:48:	Cross-Site Scripting
/home/user/Workspace/reproducibility/Reproducibility-Scanner/reproducer/workspace/Bears-194/src/test/java/resources/annotations/generator/twocallsonefile/TwoCallsInOneFile.java:19:	Cross-Site Scripting
/home/user/Workspace/reproducibility/Reproducibility-Scanner/reproducer/workspace/Bears-194/src/test/java/resources/annotations/generator/twocallsonefile/TwoCallsInOneFile.java:23:	Cross-Site Scripting
/home/user/Workspace/reproducibility/Reproducibility-Scanner/reproducer/workspace/Bears-194/src/test/java/resources/annotations/generator/twocallstwofiles/TwoCallsInTwoFiles1.java:18:	Cross-Site Scripting
/home/user/Workspace/reproducibility/Reproducibility-Scanner/reproducer/workspace/Bears-194/src/test/java/resources/annotations/generator/twocallstwofiles/TwoCallsInTwoFiles2.java:9:	Cross-Site Scripting
/home/user/Workspace/reproducibility/Reproducibility-Scanner/reproducer/workspace/Bears-194/src/test/java/resources/cwe113responsesplitting/TestRedirectServlet.java:17:	HTTP Response Splitting
/home/user/Workspace/reproducibility/Reproducibility-Scanner/reproducer/workspace/Bears-194/src/test/java/resources/cwe113responsesplitting/TestRedirectServlet.java:17:	Unvalidated Redirect
/home/user/Workspace/reproducibility/Reproducibility-Scanner/reproducer/workspace/Bears-194/src/test/java/resources/cwe327brokencrypto/CWE327UseBrokenCryptoBasic.java:18:	Insecure Cryptographic Algorithm
/home/user/Workspace/reproducibility/Reproducibility-Scanner/reproducer/workspace/Bears-194/src/test/java/resources/cwe328reversiblehash/CWE328ReversibleOneWayHashBasic.java:16:	Insecure Cryptographic Algorithm
/home/user/Workspace/reproducibility/Reproducibility-Scanner/reproducer/workspace/Bears-194/src/test/java/resources/cwe328reversiblehash/CWE328ReversibleOneWayHashBasic.java:32:	Insecure Cryptographic Algorithm
/home/user/Workspace/reproducibility/Reproducibility-Scanner/reproducer/workspace/Bears-194/src/test/java/resources/cwe89sqlinjection/JPAInjection.java:13:	Sql Injection
/home/user/Workspace/reproducibility/Reproducibility-Scanner/reproducer/workspace/Bears-194/src/test/java/resources/cwe89sqlinjection/JPAInjection.java:16:	Sql Injection
/home/user/Workspace/reproducibility/Reproducibility-Scanner/reproducer/workspace/Bears-194/src/test/java/resources/cwe89sqlinjection/JPAInjection.java:19:	Sql Injection
/home/user/Workspace/reproducibility/Reproducibility-Scanner/reproducer/workspace/Bears-194/src/test/java/resources/cwe89sqlinjection/SqliAppendString.java:11:	Sql Injection
/home/user/Workspace/reproducibility/Reproducibility-Scanner/reproducer/workspace/Bears-194/src/test/java/resources/cwe89sqlinjection/SqliConditional.java:17:	Sql Injection
/home/user/Workspace/reproducibility/Reproducibility-Scanner/reproducer/workspace/Bears-194/src/test/java/resources/cwe89sqlinjection/SqliConditional.java:28:	Sql Injection
/home/user/Workspace/reproducibility/Reproducibility-Scanner/reproducer/workspace/Bears-194/src/test/java/resources/cwe89sqlinjection/SqliDontMissAFunction.java:15:	Sql Injection
/home/user/Workspace/reproducibility/Reproducibility-Scanner/reproducer/workspace/Bears-194/src/test/java/resources/cwe89sqlinjection/SqliDontMissAFunction.java:16:	Sql Injection
/home/user/Workspace/reproducibility/Reproducibility-Scanner/reproducer/workspace/Bears-194/src/test/java/resources/cwe89sqlinjection/SqliDontMissAFunction.java:17:	Sql Injection
/home/user/Workspace/reproducibility/Reproducibility-Scanner/reproducer/workspace/Bears-194/src/test/java/resources/cwe89sqlinjection/SqliDontMissAFunction.java:18:	Sql Injection
/home/user/Workspace/reproducibility/Reproducibility-Scanner/reproducer/workspace/Bears-194/src/test/java/resources/cwe89sqlinjection/SqliDontMissAFunction.java:19:	Sql Injection
/home/user/Workspace/reproducibility/Reproducibility-Scanner/reproducer/workspace/Bears-194/src/test/java/resources/cwe89sqlinjection/SqliDontMissAFunction.java:20:	Sql Injection
/home/user/Workspace/reproducibility/Reproducibility-Scanner/reproducer/workspace/Bears-194/src/test/java/resources/cwe89sqlinjection/SqliDontMissAFunction.java:21:	Sql Injection
/home/user/Workspace/reproducibility/Reproducibility-Scanner/reproducer/workspace/Bears-194/src/test/java/resources/cwe89sqlinjection/SqliDontMissAFunction.java:22:	Sql Injection
/home/user/Workspace/reproducibility/Reproducibility-Scanner/reproducer/workspace/Bears-194/src/test/java/resources/cwe89sqlinjection/SqliDontMissAFunction.java:23:	Sql Injection
/home/user/Workspace/reproducibility/Reproducibility-Scanner/reproducer/workspace/Bears-194/src/test/java/resources/cwe89sqlinjection/SqliDontMissAFunction.java:24:	Sql Injection
/home/user/Workspace/reproducibility/Reproducibility-Scanner/reproducer/workspace/Bears-194/src/test/java/resources/cwe89sqlinjection/SqliDontMissAFunction.java:25:	Sql Injection
/home/user/Workspace/reproducibility/Reproducibility-Scanner/reproducer/workspace/Bears-194/src/test/java/resources/cwe89sqlinjection/SqliDontMissAFunction.java:26:	Sql Injection
/home/user/Workspace/reproducibility/Reproducibility-Scanner/reproducer/workspace/Bears-194/src/test/java/resources/cwe89sqlinjection/SqliDontMissAFunction.java:27:	Sql Injection
/home/user/Workspace/reproducibility/Reproducibility-Scanner/reproducer/workspace/Bears-194/src/test/java/resources/cwe89sqlinjection/SqliDontMissAFunction.java:28:	Sql Injection
/home/user/Workspace/reproducibility/Reproducibility-Scanner/reproducer/workspace/Bears-194/src/test/java/resources/cwe89sqlinjection/SqliDontMissAFunction.java:29:	Sql Injection
/home/user/Workspace/reproducibility/Reproducibility-Scanner/reproducer/workspace/Bears-194/src/test/java/resources/cwe89sqlinjection/SqliDontMissAFunction.java:30:	Sql Injection
/home/user/Workspace/reproducibility/Reproducibility-Scanner/reproducer/workspace/Bears-194/src/test/java/resources/cwe89sqlinjection/SqliDontMissAFunction.java:31:	Sql Injection
/home/user/Workspace/reproducibility/Reproducibility-Scanner/reproducer/workspace/Bears-194/src/test/java/resources/cwe89sqlinjection/SqliDontMissAFunction.java:32:	Sql Injection
/home/user/Workspace/reproducibility/Reproducibility-Scanner/reproducer/workspace/Bears-194/src/test/java/resources/cwe89sqlinjection/SqliDontMissAFunction.java:33:	Sql Injection
/home/user/Workspace/reproducibility/Reproducibility-Scanner/reproducer/workspace/Bears-194/src/test/java/resources/cwe89sqlinjection/SqliDontMissAFunction.java:34:	Sql Injection
/home/user/Workspace/reproducibility/Reproducibility-Scanner/reproducer/workspace/Bears-194/src/test/java/resources/cwe89sqlinjection/SqliFieldsAreTainted.java:11:	Sql Injection
/home/user/Workspace/reproducibility/Reproducibility-Scanner/reproducer/workspace/Bears-194/src/test/java/resources/cwe89sqlinjection/SqliFieldsAreTainted.java:15:	Sql Injection
/home/user/Workspace/reproducibility/Reproducibility-Scanner/reproducer/workspace/Bears-194/src/test/java/resources/cwe89sqlinjection/SqliMethodParametersAreTainted.java:9:	Sql Injection
/home/user/Workspace/reproducibility/Reproducibility-Scanner/reproducer/workspace/Bears-194/src/test/java/resources/cwe89sqlinjection/SqliServletTest.java:47:	Sql Injection
/home/user/Workspace/reproducibility/Reproducibility-Scanner/reproducer/workspace/Bears-194/src/test/java/resources/cwe89sqlinjection/StringBuilderTest.java:17:	Sql Injection
/home/user/Workspace/reproducibility/Reproducibility-Scanner/reproducer/workspace/Bears-194/src/test/java/resources/cwe89sqlinjection/StringBuilderTest.java:26:	Sql Injection
/home/user/Workspace/reproducibility/Reproducibility-Scanner/reproducer/workspace/Bears-194/src/test/java/resources/cwe931xss/TestXSSServlet.java:31:	Cross-Site Scripting
/home/user/Workspace/reproducibility/Reproducibility-Scanner/reproducer/workspace/Bears-194/src/test/java/resources/cwe931xss/XSS1jsp.java:61:	Cross-Site Scripting
/home/user/Workspace/reproducibility/Reproducibility-Scanner/reproducer/workspace/Bears-194/src/test/java/resources/cwe931xss/XSS2jsp.java:65:	Cross-Site Scripting
/home/user/Workspace/reproducibility/Reproducibility-Scanner/reproducer/workspace/Bears-194/src/test/java/resources/cwe931xss/XSSSanitizers.java:15:	Cross-Site Scripting
/home/user/Workspace/reproducibility/Reproducibility-Scanner/reproducer/workspace/Bears-194/src/test/java/resources/inheritance/Children.java:15:	Sql Injection
/home/user/Workspace/reproducibility/Reproducibility-Scanner/reproducer/workspace/Bears-194/src/test/java/resources/inheritance/Children.java:19:	Sql Injection
/home/user/Workspace/reproducibility/Reproducibility-Scanner/reproducer/workspace/Bears-194/src/test/java/resources/noascii/NonASCIIJavaExample.java:17:	Sql Injection
/home/user/Workspace/reproducibility/Reproducibility-Scanner/reproducer/workspace/Bears-194/src/test/java/resources/noascii/NonASCIIJavaExample.java:23:	Sql Injection
/home/user/Workspace/reproducibility/Reproducibility-Scanner/reproducer/workspace/Bears-194/src/test/java/resources/others/CallInReturnExample.java:13:	Sql Injection
/home/user/Workspace/reproducibility/Reproducibility-Scanner/reproducer/workspace/Bears-194/src/test/java/resources/others/CallInReturnWithParenthesis.java:12:	Sql Injection
/home/user/Workspace/reproducibility/Reproducibility-Scanner/reproducer/workspace/Bears-194/src/test/java/resources/others/SinkFullPackageExample.java:11:	Cross-Site Scripting
/home/user/Workspace/reproducibility/Reproducibility-Scanner/reproducer/workspace/Bears-194/src/test/java/resources/others/StringManipulationExample.java:14:	Sql Injection
/home/user/Workspace/reproducibility/Reproducibility-Scanner/reproducer/workspace/Bears-194/src/test/java/resources/others/StringManipulationExample.java:20:	Sql Injection
/home/user/Workspace/reproducibility/Reproducibility-Scanner/reproducer/workspace/Bears-194/src/test/java/resources/others/StringManipulationExample.java:25:	Sql Injection
/home/user/Workspace/reproducibility/Reproducibility-Scanner/reproducer/workspace/Bears-194/src/test/java/resources/others/UsingThis.java:12:	Sql Injection
/home/user/Workspace/reproducibility/Reproducibility-Scanner/reproducer/workspace/Bears-194/src/test/java/resources/others/bug28/ViolationAfterCatch.java:38:	Cross-Site Scripting
Tests run: 1, Failures: 0, Errors: 0, Skipped: 0, Time elapsed: 1.428 sec
Running com.gdssecurity.pmd.ViolationAfterCatchTest
/home/user/Workspace/reproducibility/Reproducibility-Scanner/reproducer/workspace/Bears-194/src/test/java/resources/others/bug28/ViolationAfterCatch.java:38:	Cross-Site Scripting
Tests run: 1, Failures: 0, Errors: 0, Skipped: 0, Time elapsed: 0.016 sec
Running com.gdssecurity.pmd.CWE327BrokenCryptoTest
/home/user/Workspace/reproducibility/Reproducibility-Scanner/reproducer/workspace/Bears-194/src/test/java/resources/cwe327brokencrypto/CWE327UseBrokenCryptoBasic.java:18:	Insecure Cryptographic Algorithm
Tests run: 1, Failures: 0, Errors: 0, Skipped: 0, Time elapsed: 0.031 sec
Running com.gdssecurity.pmd.StringManipulationTest
/home/user/Workspace/reproducibility/Reproducibility-Scanner/reproducer/workspace/Bears-194/src/test/java/resources/others/StringManipulationExample.java:14:	Sql Injection
/home/user/Workspace/reproducibility/Reproducibility-Scanner/reproducer/workspace/Bears-194/src/test/java/resources/others/StringManipulationExample.java:20:	Sql Injection
/home/user/Workspace/reproducibility/Reproducibility-Scanner/reproducer/workspace/Bears-194/src/test/java/resources/others/StringManipulationExample.java:25:	Sql Injection
Tests run: 1, Failures: 0, Errors: 0, Skipped: 0, Time elapsed: 0.014 sec
Running com.gdssecurity.pmd.InheritanceTest
/home/user/Workspace/reproducibility/Reproducibility-Scanner/reproducer/workspace/Bears-194/src/test/java/resources/inheritance/Children.java:15:	Sql Injection
/home/user/Workspace/reproducibility/Reproducibility-Scanner/reproducer/workspace/Bears-194/src/test/java/resources/inheritance/Children.java:19:	Sql Injection
Tests run: 1, Failures: 0, Errors: 0, Skipped: 0, Time elapsed: 0.015 sec
Running com.gdssecurity.pmd.SanitizersTest
/home/user/Workspace/reproducibility/Reproducibility-Scanner/reproducer/workspace/Bears-194/src/test/java/resources/cwe931xss/XSSSanitizers.java:15:	Cross-Site Scripting
Tests run: 4, Failures: 0, Errors: 0, Skipped: 0, Time elapsed: 0.046 sec
Running com.gdssecurity.pmd.NonASCIIJavaTest
/home/user/Workspace/reproducibility/Reproducibility-Scanner/reproducer/workspace/Bears-194/src/test/java/resources/noascii/NonASCIIJavaExample.java:17:	Sql Injection
/home/user/Workspace/reproducibility/Reproducibility-Scanner/reproducer/workspace/Bears-194/src/test/java/resources/noascii/NonASCIIJavaExample.java:23:	Sql Injection
Tests run: 1, Failures: 0, Errors: 0, Skipped: 0, Time elapsed: 0.013 sec
Running com.gdssecurity.pmd.CWE328ReversibleHashTest
/home/user/Workspace/reproducibility/Reproducibility-Scanner/reproducer/workspace/Bears-194/src/test/java/resources/cwe328reversiblehash/CWE328ReversibleOneWayHashBasic.java:16:	Insecure Cryptographic Algorithm
/home/user/Workspace/reproducibility/Reproducibility-Scanner/reproducer/workspace/Bears-194/src/test/java/resources/cwe328reversiblehash/CWE328ReversibleOneWayHashBasic.java:32:	Insecure Cryptographic Algorithm
Tests run: 1, Failures: 0, Errors: 0, Skipped: 0, Time elapsed: 0.016 sec
Running com.gdssecurity.pmd.SinkFullPackageNameTest
/home/user/Workspace/reproducibility/Reproducibility-Scanner/reproducer/workspace/Bears-194/src/test/java/resources/others/SinkFullPackageExample.java:11:	Cross-Site Scripting
Tests run: 1, Failures: 0, Errors: 0, Skipped: 0, Time elapsed: 0.009 sec
Running com.gdssecurity.pmd.PMDBug1024HangsTest
Tests run: 1, Failures: 0, Errors: 0, Skipped: 0, Time elapsed: 0.26 sec
Running com.gdssecurity.pmd.CWE935NoAccessControlTest
/home/user/Workspace/reproducibility/Reproducibility-Scanner/reproducer/workspace/Bears-194/src/test/java/resources/cwe935noaccesscontrol/TestRoleAuthZServlet.java:25:	Missing Or Incorrect Authorization
/home/user/Workspace/reproducibility/Reproducibility-Scanner/reproducer/workspace/Bears-194/src/test/java/resources/cwe935noaccesscontrol/TestRoleAuthZServlet.java:33:	Missing Or Incorrect Authorization
Tests run: 1, Failures: 0, Errors: 0, Skipped: 0, Time elapsed: 0.014 sec
Running com.gdssecurity.pmd.AnnotationsGeneratorTest
/home/user/Workspace/reproducibility/Reproducibility-Scanner/reproducer/workspace/Bears-194/src/test/java/resources/annotations/generator/AnnotationsGeneratorBadExample.java:14:	Cross-Site Scripting (Reflected)
/home/user/Workspace/reproducibility/Reproducibility-Scanner/reproducer/workspace/Bears-194/src/test/java/resources/annotations/generator/AnnotationsGeneratorBadExample.java:18:	Cross-Site Scripting (Reflected)
/home/user/Workspace/reproducibility/Reproducibility-Scanner/reproducer/workspace/Bears-194/src/test/java/resources/annotations/generator/AnnotationsGeneratorStringBuilder.java:20:	Cross-Site Scripting (Reflected)
/home/user/Workspace/reproducibility/Reproducibility-Scanner/reproducer/workspace/Bears-194/src/test/java/resources/annotations/generator/AnnotationsGeneratorStringBuilder.java:34:	Cross-Site Scripting (Reflected)
/home/user/Workspace/reproducibility/Reproducibility-Scanner/reproducer/workspace/Bears-194/src/test/java/resources/annotations/generator/AnnotationsGeneratorStatic.java:12:	Cross-Site Scripting (Reflected)
/home/user/Workspace/reproducibility/Reproducibility-Scanner/reproducer/workspace/Bears-194/src/test/java/resources/annotations/generator/AnnotationsGeneratorPrivateCallBad.java:24:	Cross-Site Scripting (Reflected)
/home/user/Workspace/reproducibility/Reproducibility-Scanner/reproducer/workspace/Bears-194/src/test/java/resources/annotations/generator/AnnotationsGeneratorExample.java:15:	Cross-Site Scripting (Reflected)
Tests run: 11, Failures: 0, Errors: 0, Skipped: 0, Time elapsed: 0.154 sec
Running com.gdssecurity.pmd.SanitizerWildcardImportTest
Tests run: 1, Failures: 0, Errors: 0, Skipped: 0, Time elapsed: 0.01 sec
Running com.gdssecurity.pmd.TernaryAsParameterTest
Tests run: 4, Failures: 0, Errors: 0, Skipped: 0, Time elapsed: 0.047 sec
Running com.gdssecurity.pmd.SanitizerFullPackageNameTest
Tests run: 1, Failures: 0, Errors: 0, Skipped: 0, Time elapsed: 0.009 sec
Running com.gdssecurity.pmd.UsingThisTest
/home/user/Workspace/reproducibility/Reproducibility-Scanner/reproducer/workspace/Bears-194/src/test/java/resources/others/UsingThis.java:12:	Sql Injection
Tests run: 1, Failures: 0, Errors: 0, Skipped: 0, Time elapsed: 0.01 sec
Running com.gdssecurity.pmd.PMDBug1393HangsTest
Tests run: 1, Failures: 0, Errors: 0, Skipped: 0, Time elapsed: 0.016 sec
Running com.gdssecurity.pmd.CWE89SqlInjectionTest
/home/user/Workspace/reproducibility/Reproducibility-Scanner/reproducer/workspace/Bears-194/src/test/java/resources/cwe89sqlinjection/StringBuilderTest.java:17:	Sql Injection
/home/user/Workspace/reproducibility/Reproducibility-Scanner/reproducer/workspace/Bears-194/src/test/java/resources/cwe89sqlinjection/StringBuilderTest.java:26:	Sql Injection
/home/user/Workspace/reproducibility/Reproducibility-Scanner/reproducer/workspace/Bears-194/src/test/java/resources/cwe89sqlinjection/SqliServletTest.java:47:	Sql Injection
/home/user/Workspace/reproducibility/Reproducibility-Scanner/reproducer/workspace/Bears-194/src/test/java/resources/cwe89sqlinjection/SqliMethodParametersAreTainted.java:9:	Sql Injection
/home/user/Workspace/reproducibility/Reproducibility-Scanner/reproducer/workspace/Bears-194/src/test/java/resources/cwe89sqlinjection/SqliConditional.java:17:	Sql Injection
/home/user/Workspace/reproducibility/Reproducibility-Scanner/reproducer/workspace/Bears-194/src/test/java/resources/cwe89sqlinjection/SqliConditional.java:28:	Sql Injection
/home/user/Workspace/reproducibility/Reproducibility-Scanner/reproducer/workspace/Bears-194/src/test/java/resources/cwe89sqlinjection/SqliAppendString.java:11:	Sql Injection
/home/user/Workspace/reproducibility/Reproducibility-Scanner/reproducer/workspace/Bears-194/src/test/java/resources/cwe89sqlinjection/SqliFieldsAreTainted.java:11:	Sql Injection
/home/user/Workspace/reproducibility/Reproducibility-Scanner/reproducer/workspace/Bears-194/src/test/java/resources/cwe89sqlinjection/SqliFieldsAreTainted.java:15:	Sql Injection
/home/user/Workspace/reproducibility/Reproducibility-Scanner/reproducer/workspace/Bears-194/src/test/java/resources/cwe89sqlinjection/SqliDontMissAFunction.java:15:	Sql Injection
/home/user/Workspace/reproducibility/Reproducibility-Scanner/reproducer/workspace/Bears-194/src/test/java/resources/cwe89sqlinjection/SqliDontMissAFunction.java:16:	Sql Injection
/home/user/Workspace/reproducibility/Reproducibility-Scanner/reproducer/workspace/Bears-194/src/test/java/resources/cwe89sqlinjection/SqliDontMissAFunction.java:17:	Sql Injection
/home/user/Workspace/reproducibility/Reproducibility-Scanner/reproducer/workspace/Bears-194/src/test/java/resources/cwe89sqlinjection/SqliDontMissAFunction.java:18:	Sql Injection
/home/user/Workspace/reproducibility/Reproducibility-Scanner/reproducer/workspace/Bears-194/src/test/java/resources/cwe89sqlinjection/SqliDontMissAFunction.java:19:	Sql Injection
/home/user/Workspace/reproducibility/Reproducibility-Scanner/reproducer/workspace/Bears-194/src/test/java/resources/cwe89sqlinjection/SqliDontMissAFunction.java:20:	Sql Injection
/home/user/Workspace/reproducibility/Reproducibility-Scanner/reproducer/workspace/Bears-194/src/test/java/resources/cwe89sqlinjection/SqliDontMissAFunction.java:21:	Sql Injection
/home/user/Workspace/reproducibility/Reproducibility-Scanner/reproducer/workspace/Bears-194/src/test/java/resources/cwe89sqlinjection/SqliDontMissAFunction.java:22:	Sql Injection
/home/user/Workspace/reproducibility/Reproducibility-Scanner/reproducer/workspace/Bears-194/src/test/java/resources/cwe89sqlinjection/SqliDontMissAFunction.java:23:	Sql Injection
/home/user/Workspace/reproducibility/Reproducibility-Scanner/reproducer/workspace/Bears-194/src/test/java/resources/cwe89sqlinjection/SqliDontMissAFunction.java:24:	Sql Injection
/home/user/Workspace/reproducibility/Reproducibility-Scanner/reproducer/workspace/Bears-194/src/test/java/resources/cwe89sqlinjection/SqliDontMissAFunction.java:25:	Sql Injection
/home/user/Workspace/reproducibility/Reproducibility-Scanner/reproducer/workspace/Bears-194/src/test/java/resources/cwe89sqlinjection/SqliDontMissAFunction.java:26:	Sql Injection
/home/user/Workspace/reproducibility/Reproducibility-Scanner/reproducer/workspace/Bears-194/src/test/java/resources/cwe89sqlinjection/SqliDontMissAFunction.java:27:	Sql Injection
/home/user/Workspace/reproducibility/Reproducibility-Scanner/reproducer/workspace/Bears-194/src/test/java/resources/cwe89sqlinjection/SqliDontMissAFunction.java:28:	Sql Injection
/home/user/Workspace/reproducibility/Reproducibility-Scanner/reproducer/workspace/Bears-194/src/test/java/resources/cwe89sqlinjection/SqliDontMissAFunction.java:29:	Sql Injection
/home/user/Workspace/reproducibility/Reproducibility-Scanner/reproducer/workspace/Bears-194/src/test/java/resources/cwe89sqlinjection/SqliDontMissAFunction.java:30:	Sql Injection
/home/user/Workspace/reproducibility/Reproducibility-Scanner/reproducer/workspace/Bears-194/src/test/java/resources/cwe89sqlinjection/SqliDontMissAFunction.java:31:	Sql Injection
/home/user/Workspace/reproducibility/Reproducibility-Scanner/reproducer/workspace/Bears-194/src/test/java/resources/cwe89sqlinjection/SqliDontMissAFunction.java:32:	Sql Injection
/home/user/Workspace/reproducibility/Reproducibility-Scanner/reproducer/workspace/Bears-194/src/test/java/resources/cwe89sqlinjection/SqliDontMissAFunction.java:33:	Sql Injection
/home/user/Workspace/reproducibility/Reproducibility-Scanner/reproducer/workspace/Bears-194/src/test/java/resources/cwe89sqlinjection/SqliDontMissAFunction.java:34:	Sql Injection
/home/user/Workspace/reproducibility/Reproducibility-Scanner/reproducer/workspace/Bears-194/src/test/java/resources/cwe89sqlinjection/JPAInjection.java:13:	Sql Injection
/home/user/Workspace/reproducibility/Reproducibility-Scanner/reproducer/workspace/Bears-194/src/test/java/resources/cwe89sqlinjection/JPAInjection.java:16:	Sql Injection
/home/user/Workspace/reproducibility/Reproducibility-Scanner/reproducer/workspace/Bears-194/src/test/java/resources/cwe89sqlinjection/JPAInjection.java:19:	Sql Injection
Tests run: 11, Failures: 0, Errors: 0, Skipped: 0, Time elapsed: 0.184 sec
Running com.gdssecurity.pmd.CWE113HttpResponseSplittingTest
/home/user/Workspace/reproducibility/Reproducibility-Scanner/reproducer/workspace/Bears-194/src/test/java/resources/cwe113responsesplitting/TestRedirectServlet.java:17:	HTTP Response Splitting
/home/user/Workspace/reproducibility/Reproducibility-Scanner/reproducer/workspace/Bears-194/src/test/java/resources/cwe113responsesplitting/TestRedirectServlet.java:17:	Unvalidated Redirect
Tests run: 2, Failures: 0, Errors: 0, Skipped: 0, Time elapsed: 0.02 sec
Running com.gdssecurity.pmd.CallInReturnTest
/home/user/Workspace/reproducibility/Reproducibility-Scanner/reproducer/workspace/Bears-194/src/test/java/resources/others/CallInReturnExample.java:13:	Sql Injection
/home/user/Workspace/reproducibility/Reproducibility-Scanner/reproducer/workspace/Bears-194/src/test/java/resources/others/CallInReturnWithParenthesis.java:12:	Sql Injection
Tests run: 2, Failures: 0, Errors: 0, Skipped: 0, Time elapsed: 0.023 sec
Running com.gdssecurity.pmd.CWE931XssTest
/home/user/Workspace/reproducibility/Reproducibility-Scanner/reproducer/workspace/Bears-194/src/test/java/resources/cwe931xss/TestXSSServlet.java:31:	Cross-Site Scripting
/home/user/Workspace/reproducibility/Reproducibility-Scanner/reproducer/workspace/Bears-194/src/test/java/resources/cwe931xss/XSS1jsp.java:61:	Cross-Site Scripting
/home/user/Workspace/reproducibility/Reproducibility-Scanner/reproducer/workspace/Bears-194/src/test/java/resources/cwe931xss/XSS2jsp.java:65:	Cross-Site Scripting
Tests run: 2, Failures: 0, Errors: 0, Skipped: 0, Time elapsed: 0.059 sec

Results :

Tests run: 59, Failures: 0, Errors: 0, Skipped: 1

[INFO] ------------------------------------------------------------------------
[INFO] BUILD SUCCESS
[INFO] ------------------------------------------------------------------------
[INFO] Total time:  5.179 s
[INFO] Finished at: 2022-07-25T18:41:30-07:00
[INFO] ------------------------------------------------------------------------
Running the tests related to the bug Bears-194...
The tests related to the bug Bears-194 were executed.