Apache Maven 3.6.3
Maven home: /usr/share/maven
Java version: 1.8.0_312, vendor: Private Build, runtime: /usr/lib/jvm/java-8-openjdk-amd64/jre
Default locale: en_US, platform encoding: UTF-8
OS name: "linux", version: "5.15.0-41-generic", arch: "amd64", family: "unix"
[INFO] Scanning for projects...
[INFO] 
[INFO] --------------------< org.imdea.vcd:vcdjavaclient >---------------------
[INFO] Building vcdjavaclient 0.1
[INFO] --------------------------------[ jar ]---------------------------------
[INFO] 
[INFO] --- protoc-jar-maven-plugin:3.4.0:run (default) @ vcdjavaclient ---
[INFO] Resolving artifact: com.google.protobuf:protoc:3.4.0, platform: linux-x86_64
protoc-jar: executing: [/tmp/protoc3698086475899395007.exe, --version]
libprotoc 3.4.0
[INFO] Protoc command: /tmp/protoc3698086475899395007.exe
[INFO] Input directories:
[INFO]     /home/user/Workspace/reproducibility/Reproducibility-Scanner/reproducer/workspace/Bears-249/src/main/proto
[INFO] Output targets:
[INFO]     java: /home/user/Workspace/reproducibility/Reproducibility-Scanner/reproducer/workspace/Bears-249/src/main/java (add: main, clean: false, plugin: null, outputOptions: null)
[INFO]     Processing (java): client.proto
protoc-jar: executing: [/tmp/protoc3698086475899395007.exe, -I/home/user/Workspace/reproducibility/Reproducibility-Scanner/reproducer/workspace/Bears-249/src/main/proto, --java_out=/home/user/Workspace/reproducibility/Reproducibility-Scanner/reproducer/workspace/Bears-249/src/main/java, /home/user/Workspace/reproducibility/Reproducibility-Scanner/reproducer/workspace/Bears-249/src/main/proto/client.proto]
[INFO] Adding generated classes to classpath
[INFO] 
[INFO] --- build-helper-maven-plugin:3.0.0:add-source (default) @ vcdjavaclient ---
[INFO] Source directory: /home/user/Workspace/reproducibility/Reproducibility-Scanner/reproducer/workspace/Bears-249/src/test added.
[INFO] 
[INFO] --- maven-resources-plugin:2.6:resources (default-resources) @ vcdjavaclient ---
[INFO] Using 'UTF-8' encoding to copy filtered resources.
[INFO] skip non existing resourceDirectory /home/user/Workspace/reproducibility/Reproducibility-Scanner/reproducer/workspace/Bears-249/src/main/resources
[INFO] 
[INFO] --- maven-compiler-plugin:3.1:compile (default-compile) @ vcdjavaclient ---
[INFO] Changes detected - recompiling the module!
[INFO] Compiling 32 source files to /home/user/Workspace/reproducibility/Reproducibility-Scanner/reproducer/workspace/Bears-249/target/classes
[WARNING] /home/user/Workspace/reproducibility/Reproducibility-Scanner/reproducer/workspace/Bears-249/src/main/java/org/imdea/vcd/queue/QueueAddArgs.java: Some input files use unchecked or unsafe operations.
[WARNING] /home/user/Workspace/reproducibility/Reproducibility-Scanner/reproducer/workspace/Bears-249/src/main/java/org/imdea/vcd/queue/QueueAddArgs.java: Recompile with -Xlint:unchecked for details.
[INFO] 
[INFO] --- maven-resources-plugin:2.6:testResources (default-testResources) @ vcdjavaclient ---
[INFO] Using 'UTF-8' encoding to copy filtered resources.
[INFO] skip non existing resourceDirectory /home/user/Workspace/reproducibility/Reproducibility-Scanner/reproducer/workspace/Bears-249/src/test/resources
[INFO] 
[INFO] --- maven-compiler-plugin:3.1:testCompile (default-testCompile) @ vcdjavaclient ---
[INFO] Nothing to compile - all classes are up to date
[INFO] 
[INFO] --- maven-surefire-plugin:2.12.4:test (default-test) @ vcdjavaclient ---
[INFO] Surefire report directory: /home/user/Workspace/reproducibility/Reproducibility-Scanner/reproducer/workspace/Bears-249/target/surefire-reports

-------------------------------------------------------
 T E S T S
-------------------------------------------------------
Running org.imdea.vcd.queue.ConfQueueTest
Tests run: 9, Failures: 0, Errors: 0, Skipped: 0, Time elapsed: 19.762 sec
Running org.imdea.vcd.queue.DepQueueTest
Tests run: 4, Failures: 0, Errors: 0, Skipped: 0, Time elapsed: 12.935 sec
Running org.imdea.vcd.queue.clock.MaxIntTest
Tests run: 3, Failures: 0, Errors: 0, Skipped: 0, Time elapsed: 0.001 sec
Running org.imdea.vcd.queue.clock.ClockTest
Tests run: 4, Failures: 0, Errors: 0, Skipped: 0, Time elapsed: 0 sec
Running org.imdea.vcd.queue.clock.ExceptionSetTest
Tests run: 4, Failures: 0, Errors: 0, Skipped: 0, Time elapsed: 0 sec

Results :

Tests run: 24, Failures: 0, Errors: 0, Skipped: 0

[INFO] ------------------------------------------------------------------------
[INFO] BUILD SUCCESS
[INFO] ------------------------------------------------------------------------
[INFO] Total time:  36.466 s
[INFO] Finished at: 2022-07-25T21:18:25-07:00
[INFO] ------------------------------------------------------------------------
Running the tests related to the bug Bears-249...
The tests related to the bug Bears-249 were executed.