Apache Maven 3.5.4 (1edded0938998edf8bf061f1ceb3cfdeccf443fe; 2018-06-17T11:33:14-07:00)
Maven home: /usr/local/apache-maven
Java version: 1.8.0_312, vendor: Private Build, runtime: /usr/lib/jvm/java-8-openjdk-amd64/jre
Default locale: en_US, platform encoding: UTF-8
OS name: "linux", version: "4.15.0-173-generic", arch: "amd64", family: "unix"
[INFO] Scanning for projects...
[INFO] ------------------------------------------------------------------------
[INFO] Reactor Build Order:
[INFO] 
[INFO] Feign (Parent)                                                     [pom]
[INFO] Feign Core                                                         [jar]
[INFO] Feign Gson                                                         [jar]
[INFO] Feign JAX-RS                                                       [jar]
[INFO] Feign Apache HttpClient                                            [jar]
[INFO] Feign Hystrix                                                      [jar]
[INFO] Feign Jackson                                                      [jar]
[INFO] Feign Jackson JAXB                                                 [jar]
[INFO] Feign JAXB                                                         [jar]
[INFO] Feign JAX-RS 2                                                     [jar]
[INFO] Feign OkHttp                                                       [jar]
[INFO] Feign Ribbon                                                       [jar]
[INFO] Feign SAX                                                          [jar]
[INFO] Feign SLF4J                                                        [jar]
[INFO] Feign Reactive Wrappers                                            [jar]
[INFO] GitHub Example                                                     [jar]
[INFO] Wikipedia Example                                                  [jar]
[INFO] Feign Java 8                                                       [jar]
[INFO] Feign Mock                                                         [jar]
[INFO] Feign Benchmark (JMH)                                              [jar]
[INFO] 
[INFO] ---------------------< io.github.openfeign:parent >---------------------
[INFO] Building Feign (Parent) 10.1.0-SNAPSHOT                           [1/20]
[INFO] --------------------------------[ pom ]---------------------------------
[INFO] 
[INFO] --- maven-compiler-plugin:3.8.0:compile (default-compile) @ parent ---
[INFO] No sources to compile
[INFO] 
[INFO] --- license-maven-plugin:3.0:check (default) @ parent ---
[INFO] 
[INFO] --- animal-sniffer-maven-plugin:1.17:check (default) @ parent ---
[INFO] Checking unresolved references to org.codehaus.mojo.signature:java18:1.0
[INFO] 
[INFO] --- maven-bundle-plugin:4.0.0:manifest (bundle-manifest) @ parent ---
[WARNING] Ignoring project type pom - supportedProjectTypes = [jar, bundle]
[INFO] 
[INFO] -------------------< io.github.openfeign:feign-core >-------------------
[INFO] Building Feign Core 10.1.0-SNAPSHOT                               [2/20]
[INFO] --------------------------------[ jar ]---------------------------------
[INFO] 
[INFO] --- maven-resources-plugin:2.6:resources (default-resources) @ feign-core ---
[INFO] Using 'UTF-8' encoding to copy filtered resources.
[INFO] skip non existing resourceDirectory /data-depot/user/Workspace/Reproducibility/Reproducibility-Scanner/reproducer/workspace/Bears-227/core/src/main/resources
[INFO] 
[INFO] --- maven-compiler-plugin:3.8.0:compile (default-compile) @ feign-core ---
[INFO] Nothing to compile - all classes are up to date
[INFO] 
[INFO] --- license-maven-plugin:3.0:check (default) @ feign-core ---
[INFO] 
[INFO] --- animal-sniffer-maven-plugin:1.17:check (default) @ feign-core ---
[INFO] Checking unresolved references to org.codehaus.mojo.signature:java18:1.0
[INFO] 
[INFO] --- maven-bundle-plugin:4.0.0:manifest (bundle-manifest) @ feign-core ---
[INFO] 
[INFO] --- maven-resources-plugin:2.6:testResources (default-testResources) @ feign-core ---
[INFO] Using 'UTF-8' encoding to copy filtered resources.
[INFO] Copying 1 resource
[INFO] 
[INFO] --- maven-compiler-plugin:3.8.0:testCompile (default-testCompile) @ feign-core ---
[INFO] Nothing to compile - all classes are up to date
[INFO] 
[INFO] --- maven-surefire-plugin:2.22.0:test (default-test) @ feign-core ---
[INFO] 
[INFO] -------------------------------------------------------
[INFO]  T E S T S
[INFO] -------------------------------------------------------
[INFO] Running feign.ResponseTest
[INFO] Tests run: 3, Failures: 0, Errors: 0, Skipped: 0, Time elapsed: 0.084 s - in feign.ResponseTest
[INFO] Running feign.stream.StreamDecoderTest
[INFO] Tests run: 2, Failures: 0, Errors: 0, Skipped: 0, Time elapsed: 0.237 s - in feign.stream.StreamDecoderTest
[INFO] Running feign.TargetTest
[INFO] Tests run: 2, Failures: 0, Errors: 0, Skipped: 0, Time elapsed: 0.028 s - in feign.TargetTest
[INFO] Running feign.EmptyTargetTest
[INFO] Tests run: 4, Failures: 0, Errors: 0, Skipped: 0, Time elapsed: 0.007 s - in feign.EmptyTargetTest
[INFO] Running feign.ContractWithRuntimeInjectionTest
[INFO] Tests run: 2, Failures: 0, Errors: 0, Skipped: 0, Time elapsed: 0.279 s - in feign.ContractWithRuntimeInjectionTest
[INFO] Running feign.RetryerTest
[INFO] Tests run: 4, Failures: 0, Errors: 0, Skipped: 0, Time elapsed: 2.223 s - in feign.RetryerTest
[INFO] Running feign.RequestTemplateTest
[INFO] Tests run: 30, Failures: 0, Errors: 0, Skipped: 0, Time elapsed: 0.031 s - in feign.RequestTemplateTest
[INFO] Running feign.auth.BasicAuthRequestInterceptorTest
[INFO] Tests run: 2, Failures: 0, Errors: 0, Skipped: 0, Time elapsed: 0 s - in feign.auth.BasicAuthRequestInterceptorTest
[INFO] Running feign.BaseApiTest
[INFO] Tests run: 2, Failures: 0, Errors: 0, Skipped: 0, Time elapsed: 0.011 s - in feign.BaseApiTest
[INFO] Running feign.codec.DefaultErrorDecoderTest
[INFO] Tests run: 4, Failures: 0, Errors: 0, Skipped: 0, Time elapsed: 0.007 s - in feign.codec.DefaultErrorDecoderTest
[INFO] Running feign.codec.RetryAfterDecoderTest
[INFO] Tests run: 3, Failures: 0, Errors: 0, Skipped: 0, Time elapsed: 0.001 s - in feign.codec.RetryAfterDecoderTest
[INFO] Running feign.codec.DefaultErrorDecoderHttpErrorTest
[INFO] Tests run: 15, Failures: 0, Errors: 0, Skipped: 0, Time elapsed: 0.014 s - in feign.codec.DefaultErrorDecoderHttpErrorTest
[INFO] Running feign.codec.DefaultDecoderTest
[INFO] Tests run: 4, Failures: 0, Errors: 0, Skipped: 0, Time elapsed: 0 s - in feign.codec.DefaultDecoderTest
[INFO] Running feign.codec.DefaultEncoderTest
[INFO] Tests run: 3, Failures: 0, Errors: 0, Skipped: 0, Time elapsed: 0 s - in feign.codec.DefaultEncoderTest
[INFO] Running feign.UtilTest
[INFO] Tests run: 11, Failures: 0, Errors: 0, Skipped: 0, Time elapsed: 0.007 s - in feign.UtilTest
[INFO] Running feign.FeignTest
[INFO] Tests run: 47, Failures: 0, Errors: 0, Skipped: 0, Time elapsed: 0.67 s - in feign.FeignTest
[INFO] Running feign.optionals.OptionalDecoderTests
[INFO] Tests run: 5, Failures: 0, Errors: 0, Skipped: 0, Time elapsed: 0.058 s - in feign.optionals.OptionalDecoderTests
[INFO] Running feign.DefaultQueryMapEncoderTest
[INFO] Tests run: 4, Failures: 0, Errors: 0, Skipped: 0, Time elapsed: 0.001 s - in feign.DefaultQueryMapEncoderTest
[INFO] Running feign.client.DefaultClientTest
[INFO] Tests run: 24, Failures: 0, Errors: 0, Skipped: 0, Time elapsed: 3.107 s - in feign.client.DefaultClientTest
[INFO] Running feign.template.UriUtilsTest
[INFO] Tests run: 2, Failures: 0, Errors: 0, Skipped: 0, Time elapsed: 0 s - in feign.template.UriUtilsTest
[INFO] Running feign.template.UriTemplateTest
[INFO] Tests run: 24, Failures: 0, Errors: 0, Skipped: 0, Time elapsed: 0.002 s - in feign.template.UriTemplateTest
[INFO] Running feign.template.QueryTemplateTest
[INFO] Tests run: 6, Failures: 0, Errors: 0, Skipped: 0, Time elapsed: 0 s - in feign.template.QueryTemplateTest
[INFO] Running feign.querymap.PropertyQueryMapEncoderTest
[INFO] Tests run: 3, Failures: 0, Errors: 0, Skipped: 0, Time elapsed: 0.001 s - in feign.querymap.PropertyQueryMapEncoderTest
[INFO] Running feign.querymap.FieldQueryMapEncoderTest
[INFO] Tests run: 2, Failures: 0, Errors: 0, Skipped: 0, Time elapsed: 0 s - in feign.querymap.FieldQueryMapEncoderTest
[INFO] Running feign.querymap.BeanQueryMapEncoderTest
[INFO] Tests run: 3, Failures: 0, Errors: 0, Skipped: 0, Time elapsed: 0.002 s - in feign.querymap.BeanQueryMapEncoderTest
[INFO] Running feign.DefaultContractTest
[INFO] Tests run: 43, Failures: 0, Errors: 0, Skipped: 0, Time elapsed: 0.025 s - in feign.DefaultContractTest
[INFO] Running feign.FeignBuilderTest
[INFO] Tests run: 18, Failures: 0, Errors: 0, Skipped: 0, Time elapsed: 0.075 s - in feign.FeignBuilderTest
[INFO] Running feign.LoggerTest
[INFO] Tests run: 19, Failures: 0, Errors: 0, Skipped: 0, Time elapsed: 4.904 s - in feign.LoggerTest
[INFO] 
[INFO] Results:
[INFO] 
[INFO] Tests run: 291, Failures: 0, Errors: 0, Skipped: 0
[INFO] 
[INFO] 
[INFO] -------------------< io.github.openfeign:feign-gson >-------------------
[INFO] Building Feign Gson 10.1.0-SNAPSHOT                               [3/20]
[INFO] --------------------------------[ jar ]---------------------------------
[INFO] 
[INFO] --- maven-resources-plugin:2.6:resources (default-resources) @ feign-gson ---
[INFO] Using 'UTF-8' encoding to copy filtered resources.
[INFO] skip non existing resourceDirectory /data-depot/user/Workspace/Reproducibility/Reproducibility-Scanner/reproducer/workspace/Bears-227/gson/src/main/resources
[INFO] 
[INFO] --- maven-compiler-plugin:3.8.0:compile (default-compile) @ feign-gson ---
[INFO] Nothing to compile - all classes are up to date
[INFO] 
[INFO] --- license-maven-plugin:3.0:check (default) @ feign-gson ---
[INFO] 
[INFO] --- animal-sniffer-maven-plugin:1.17:check (default) @ feign-gson ---
[INFO] Checking unresolved references to org.codehaus.mojo.signature:java18:1.0
[INFO] 
[INFO] --- maven-bundle-plugin:4.0.0:manifest (bundle-manifest) @ feign-gson ---
[INFO] 
[INFO] --- maven-resources-plugin:2.6:testResources (default-testResources) @ feign-gson ---
[INFO] Using 'UTF-8' encoding to copy filtered resources.
[INFO] skip non existing resourceDirectory /data-depot/user/Workspace/Reproducibility/Reproducibility-Scanner/reproducer/workspace/Bears-227/gson/src/test/resources
[INFO] 
[INFO] --- maven-compiler-plugin:3.8.0:testCompile (default-testCompile) @ feign-gson ---
[INFO] Nothing to compile - all classes are up to date
[INFO] 
[INFO] --- maven-surefire-plugin:2.22.0:test (default-test) @ feign-gson ---
[INFO] 
[INFO] -------------------------------------------------------
[INFO]  T E S T S
[INFO] -------------------------------------------------------
[INFO] Running feign.gson.GsonCodecTest
[INFO] Tests run: 9, Failures: 0, Errors: 0, Skipped: 0, Time elapsed: 0.173 s - in feign.gson.GsonCodecTest
[INFO] 
[INFO] Results:
[INFO] 
[INFO] Tests run: 9, Failures: 0, Errors: 0, Skipped: 0
[INFO] 
[INFO] 
[INFO] ------------------< io.github.openfeign:feign-jaxrs >-------------------
[INFO] Building Feign JAX-RS 10.1.0-SNAPSHOT                             [4/20]
[INFO] --------------------------------[ jar ]---------------------------------
[INFO] 
[INFO] --- maven-resources-plugin:2.6:resources (default-resources) @ feign-jaxrs ---
[INFO] Using 'UTF-8' encoding to copy filtered resources.
[INFO] skip non existing resourceDirectory /data-depot/user/Workspace/Reproducibility/Reproducibility-Scanner/reproducer/workspace/Bears-227/jaxrs/src/main/resources
[INFO] 
[INFO] --- maven-compiler-plugin:3.8.0:compile (default-compile) @ feign-jaxrs ---
[INFO] Nothing to compile - all classes are up to date
[INFO] 
[INFO] --- license-maven-plugin:3.0:check (default) @ feign-jaxrs ---
[INFO] 
[INFO] --- animal-sniffer-maven-plugin:1.17:check (default) @ feign-jaxrs ---
[INFO] Checking unresolved references to org.codehaus.mojo.signature:java18:1.0
[INFO] 
[INFO] --- maven-bundle-plugin:4.0.0:manifest (bundle-manifest) @ feign-jaxrs ---
[INFO] 
[INFO] --- maven-resources-plugin:2.6:testResources (default-testResources) @ feign-jaxrs ---
[INFO] Using 'UTF-8' encoding to copy filtered resources.
[INFO] skip non existing resourceDirectory /data-depot/user/Workspace/Reproducibility/Reproducibility-Scanner/reproducer/workspace/Bears-227/jaxrs/src/test/resources
[INFO] 
[INFO] --- maven-compiler-plugin:3.8.0:testCompile (default-testCompile) @ feign-jaxrs ---
[INFO] Nothing to compile - all classes are up to date
[INFO] 
[INFO] --- maven-surefire-plugin:2.22.0:test (default-test) @ feign-jaxrs ---
[INFO] 
[INFO] -------------------------------------------------------
[INFO]  T E S T S
[INFO] -------------------------------------------------------
[INFO] Running feign.jaxrs.JAXRSContractTest
[INFO] Tests run: 35, Failures: 0, Errors: 0, Skipped: 0, Time elapsed: 0.246 s - in feign.jaxrs.JAXRSContractTest
[INFO] 
[INFO] Results:
[INFO] 
[INFO] Tests run: 35, Failures: 0, Errors: 0, Skipped: 0
[INFO] 
[INFO] 
[INFO] ----------------< io.github.openfeign:feign-httpclient >----------------
[INFO] Building Feign Apache HttpClient 10.1.0-SNAPSHOT                  [5/20]
[INFO] --------------------------------[ jar ]---------------------------------
[INFO] 
[INFO] --- maven-resources-plugin:2.6:resources (default-resources) @ feign-httpclient ---
[INFO] Using 'UTF-8' encoding to copy filtered resources.
[INFO] skip non existing resourceDirectory /data-depot/user/Workspace/Reproducibility/Reproducibility-Scanner/reproducer/workspace/Bears-227/httpclient/src/main/resources
[INFO] 
[INFO] --- maven-compiler-plugin:3.8.0:compile (default-compile) @ feign-httpclient ---
[INFO] Nothing to compile - all classes are up to date
[INFO] 
[INFO] --- license-maven-plugin:3.0:check (default) @ feign-httpclient ---
[INFO] 
[INFO] --- animal-sniffer-maven-plugin:1.17:check (default) @ feign-httpclient ---
[INFO] Checking unresolved references to org.codehaus.mojo.signature:java18:1.0
[INFO] 
[INFO] --- maven-bundle-plugin:4.0.0:manifest (bundle-manifest) @ feign-httpclient ---
[INFO] 
[INFO] --- maven-resources-plugin:2.6:testResources (default-testResources) @ feign-httpclient ---
[INFO] Using 'UTF-8' encoding to copy filtered resources.
[INFO] skip non existing resourceDirectory /data-depot/user/Workspace/Reproducibility/Reproducibility-Scanner/reproducer/workspace/Bears-227/httpclient/src/test/resources
[INFO] 
[INFO] --- maven-compiler-plugin:3.8.0:testCompile (default-testCompile) @ feign-httpclient ---
[INFO] Nothing to compile - all classes are up to date
[INFO] 
[INFO] --- maven-surefire-plugin:2.22.0:test (default-test) @ feign-httpclient ---
[INFO] 
[INFO] -------------------------------------------------------
[INFO]  T E S T S
[INFO] -------------------------------------------------------
[INFO] Running feign.httpclient.ApacheHttpClientTest
[INFO] Tests run: 22, Failures: 0, Errors: 0, Skipped: 0, Time elapsed: 0.81 s - in feign.httpclient.ApacheHttpClientTest
[INFO] 
[INFO] Results:
[INFO] 
[INFO] Tests run: 22, Failures: 0, Errors: 0, Skipped: 0
[INFO] 
[INFO] 
[INFO] -----------------< io.github.openfeign:feign-hystrix >------------------
[INFO] Building Feign Hystrix 10.1.0-SNAPSHOT                            [6/20]
[INFO] --------------------------------[ jar ]---------------------------------
[INFO] 
[INFO] --- maven-resources-plugin:2.6:resources (default-resources) @ feign-hystrix ---
[INFO] Using 'UTF-8' encoding to copy filtered resources.
[INFO] skip non existing resourceDirectory /data-depot/user/Workspace/Reproducibility/Reproducibility-Scanner/reproducer/workspace/Bears-227/hystrix/src/main/resources
[INFO] 
[INFO] --- maven-compiler-plugin:3.8.0:compile (default-compile) @ feign-hystrix ---
[INFO] Nothing to compile - all classes are up to date
[INFO] 
[INFO] --- license-maven-plugin:3.0:check (default) @ feign-hystrix ---
[INFO] 
[INFO] --- animal-sniffer-maven-plugin:1.17:check (default) @ feign-hystrix ---
[INFO] Checking unresolved references to org.codehaus.mojo.signature:java18:1.0
[INFO] 
[INFO] --- maven-bundle-plugin:4.0.0:manifest (bundle-manifest) @ feign-hystrix ---
[INFO] 
[INFO] --- maven-resources-plugin:2.6:testResources (default-testResources) @ feign-hystrix ---
[INFO] Using 'UTF-8' encoding to copy filtered resources.
[INFO] skip non existing resourceDirectory /data-depot/user/Workspace/Reproducibility/Reproducibility-Scanner/reproducer/workspace/Bears-227/hystrix/src/test/resources
[INFO] 
[INFO] --- maven-compiler-plugin:3.8.0:testCompile (default-testCompile) @ feign-hystrix ---
[INFO] Nothing to compile - all classes are up to date
[INFO] 
[INFO] --- maven-surefire-plugin:2.22.0:test (default-test) @ feign-hystrix ---
[INFO] 
[INFO] -------------------------------------------------------
[INFO]  T E S T S
[INFO] -------------------------------------------------------
[INFO] Running feign.hystrix.HystrixBuilderTest
[INFO] Tests run: 32, Failures: 0, Errors: 0, Skipped: 0, Time elapsed: 1.003 s - in feign.hystrix.HystrixBuilderTest
[INFO] Running feign.hystrix.SetterFactoryTest
[INFO] Tests run: 1, Failures: 0, Errors: 0, Skipped: 0, Time elapsed: 0.005 s - in feign.hystrix.SetterFactoryTest
[INFO] Running feign.hystrix.FallbackFactoryTest
[INFO] Tests run: 6, Failures: 0, Errors: 0, Skipped: 0, Time elapsed: 0.04 s - in feign.hystrix.FallbackFactoryTest
[INFO] 
[INFO] Results:
[INFO] 
[INFO] Tests run: 39, Failures: 0, Errors: 0, Skipped: 0
[INFO] 
[INFO] 
[INFO] -----------------< io.github.openfeign:feign-jackson >------------------
[INFO] Building Feign Jackson 10.1.0-SNAPSHOT                            [7/20]
[INFO] --------------------------------[ jar ]---------------------------------
[INFO] 
[INFO] --- maven-resources-plugin:2.6:resources (default-resources) @ feign-jackson ---
[INFO] Using 'UTF-8' encoding to copy filtered resources.
[INFO] skip non existing resourceDirectory /data-depot/user/Workspace/Reproducibility/Reproducibility-Scanner/reproducer/workspace/Bears-227/jackson/src/main/resources
[INFO] 
[INFO] --- maven-compiler-plugin:3.8.0:compile (default-compile) @ feign-jackson ---
[INFO] Nothing to compile - all classes are up to date
[INFO] 
[INFO] --- license-maven-plugin:3.0:check (default) @ feign-jackson ---
[INFO] 
[INFO] --- animal-sniffer-maven-plugin:1.17:check (default) @ feign-jackson ---
[INFO] Checking unresolved references to org.codehaus.mojo.signature:java18:1.0
[INFO] 
[INFO] --- maven-bundle-plugin:4.0.0:manifest (bundle-manifest) @ feign-jackson ---
[INFO] 
[INFO] --- maven-resources-plugin:2.6:testResources (default-testResources) @ feign-jackson ---
[INFO] Using 'UTF-8' encoding to copy filtered resources.
[INFO] skip non existing resourceDirectory /data-depot/user/Workspace/Reproducibility/Reproducibility-Scanner/reproducer/workspace/Bears-227/jackson/src/test/resources
[INFO] 
[INFO] --- maven-compiler-plugin:3.8.0:testCompile (default-testCompile) @ feign-jackson ---
[INFO] Nothing to compile - all classes are up to date
[INFO] 
[INFO] --- maven-surefire-plugin:2.22.0:test (default-test) @ feign-jackson ---
[INFO] 
[INFO] -------------------------------------------------------
[INFO]  T E S T S
[INFO] -------------------------------------------------------
[INFO] Running feign.jackson.JacksonCodecTest
[INFO] Tests run: 12, Failures: 0, Errors: 0, Skipped: 0, Time elapsed: 0.331 s - in feign.jackson.JacksonCodecTest
[INFO] Running feign.jackson.JacksonIteratorTest
[INFO] Tests run: 7, Failures: 0, Errors: 0, Skipped: 0, Time elapsed: 0.029 s - in feign.jackson.JacksonIteratorTest
[INFO] 
[INFO] Results:
[INFO] 
[INFO] Tests run: 19, Failures: 0, Errors: 0, Skipped: 0
[INFO] 
[INFO] 
[INFO] ---------------< io.github.openfeign:feign-jackson-jaxb >---------------
[INFO] Building Feign Jackson JAXB 10.1.0-SNAPSHOT                       [8/20]
[INFO] --------------------------------[ jar ]---------------------------------
[INFO] 
[INFO] --- maven-resources-plugin:2.6:resources (default-resources) @ feign-jackson-jaxb ---
[INFO] Using 'UTF-8' encoding to copy filtered resources.
[INFO] skip non existing resourceDirectory /data-depot/user/Workspace/Reproducibility/Reproducibility-Scanner/reproducer/workspace/Bears-227/jackson-jaxb/src/main/resources
[INFO] 
[INFO] --- maven-compiler-plugin:3.8.0:compile (default-compile) @ feign-jackson-jaxb ---
[INFO] Nothing to compile - all classes are up to date
[INFO] 
[INFO] --- license-maven-plugin:3.0:check (default) @ feign-jackson-jaxb ---
[INFO] 
[INFO] --- animal-sniffer-maven-plugin:1.17:check (default) @ feign-jackson-jaxb ---
[INFO] Checking unresolved references to org.codehaus.mojo.signature:java18:1.0
[INFO] 
[INFO] --- maven-bundle-plugin:4.0.0:manifest (bundle-manifest) @ feign-jackson-jaxb ---
[INFO] 
[INFO] --- maven-resources-plugin:2.6:testResources (default-testResources) @ feign-jackson-jaxb ---
[INFO] Using 'UTF-8' encoding to copy filtered resources.
[INFO] skip non existing resourceDirectory /data-depot/user/Workspace/Reproducibility/Reproducibility-Scanner/reproducer/workspace/Bears-227/jackson-jaxb/src/test/resources
[INFO] 
[INFO] --- maven-compiler-plugin:3.8.0:testCompile (default-testCompile) @ feign-jackson-jaxb ---
[INFO] Nothing to compile - all classes are up to date
[INFO] 
[INFO] --- maven-surefire-plugin:2.22.0:test (default-test) @ feign-jackson-jaxb ---
[INFO] 
[INFO] -------------------------------------------------------
[INFO]  T E S T S
[INFO] -------------------------------------------------------
[INFO] Running feign.jackson.jaxb.JacksonJaxbCodecTest
[INFO] Tests run: 3, Failures: 0, Errors: 0, Skipped: 0, Time elapsed: 0.36 s - in feign.jackson.jaxb.JacksonJaxbCodecTest
[INFO] 
[INFO] Results:
[INFO] 
[INFO] Tests run: 3, Failures: 0, Errors: 0, Skipped: 0
[INFO] 
[INFO] 
[INFO] -------------------< io.github.openfeign:feign-jaxb >-------------------
[INFO] Building Feign JAXB 10.1.0-SNAPSHOT                               [9/20]
[INFO] --------------------------------[ jar ]---------------------------------
[INFO] 
[INFO] --- maven-resources-plugin:2.6:resources (default-resources) @ feign-jaxb ---
[INFO] Using 'UTF-8' encoding to copy filtered resources.
[INFO] skip non existing resourceDirectory /data-depot/user/Workspace/Reproducibility/Reproducibility-Scanner/reproducer/workspace/Bears-227/jaxb/src/main/resources
[INFO] 
[INFO] --- maven-compiler-plugin:3.8.0:compile (default-compile) @ feign-jaxb ---
[INFO] Nothing to compile - all classes are up to date
[INFO] 
[INFO] --- license-maven-plugin:3.0:check (default) @ feign-jaxb ---
[INFO] 
[INFO] --- animal-sniffer-maven-plugin:1.17:check (default) @ feign-jaxb ---
[INFO] Checking unresolved references to org.codehaus.mojo.signature:java18:1.0
[INFO] 
[INFO] --- maven-bundle-plugin:4.0.0:manifest (bundle-manifest) @ feign-jaxb ---
[INFO] 
[INFO] --- maven-resources-plugin:2.6:testResources (default-testResources) @ feign-jaxb ---
[INFO] Using 'UTF-8' encoding to copy filtered resources.
[INFO] skip non existing resourceDirectory /data-depot/user/Workspace/Reproducibility/Reproducibility-Scanner/reproducer/workspace/Bears-227/jaxb/src/test/resources
[INFO] 
[INFO] --- maven-compiler-plugin:3.8.0:testCompile (default-testCompile) @ feign-jaxb ---
[INFO] Nothing to compile - all classes are up to date
[INFO] 
[INFO] --- maven-surefire-plugin:2.22.0:test (default-test) @ feign-jaxb ---
[INFO] 
[INFO] -------------------------------------------------------
[INFO]  T E S T S
[INFO] -------------------------------------------------------
[INFO] Running feign.jaxb.JAXBContextFactoryTest
[INFO] Tests run: 6, Failures: 0, Errors: 0, Skipped: 0, Time elapsed: 0.074 s - in feign.jaxb.JAXBContextFactoryTest
[INFO] Running feign.jaxb.JAXBCodecTest
[INFO] Tests run: 10, Failures: 0, Errors: 0, Skipped: 0, Time elapsed: 0.165 s - in feign.jaxb.JAXBCodecTest
[INFO] 
[INFO] Results:
[INFO] 
[INFO] Tests run: 16, Failures: 0, Errors: 0, Skipped: 0
[INFO] 
[INFO] 
[INFO] ------------------< io.github.openfeign:feign-jaxrs2 >------------------
[INFO] Building Feign JAX-RS 2 10.1.0-SNAPSHOT                          [10/20]
[INFO] --------------------------------[ jar ]---------------------------------
[INFO] 
[INFO] --- maven-resources-plugin:2.6:resources (default-resources) @ feign-jaxrs2 ---
[INFO] Using 'UTF-8' encoding to copy filtered resources.
[INFO] skip non existing resourceDirectory /data-depot/user/Workspace/Reproducibility/Reproducibility-Scanner/reproducer/workspace/Bears-227/jaxrs2/src/main/resources
[INFO] 
[INFO] --- maven-compiler-plugin:3.8.0:compile (default-compile) @ feign-jaxrs2 ---
[INFO] Nothing to compile - all classes are up to date
[INFO] 
[INFO] --- license-maven-plugin:3.0:check (default) @ feign-jaxrs2 ---
[INFO] 
[INFO] --- animal-sniffer-maven-plugin:1.17:check (default) @ feign-jaxrs2 ---
[INFO] Checking unresolved references to org.codehaus.mojo.signature:java18:1.0
[INFO] 
[INFO] --- maven-bundle-plugin:4.0.0:manifest (bundle-manifest) @ feign-jaxrs2 ---
[INFO] 
[INFO] --- maven-resources-plugin:2.6:testResources (default-testResources) @ feign-jaxrs2 ---
[INFO] Using 'UTF-8' encoding to copy filtered resources.
[INFO] skip non existing resourceDirectory /data-depot/user/Workspace/Reproducibility/Reproducibility-Scanner/reproducer/workspace/Bears-227/jaxrs2/src/test/resources
[INFO] 
[INFO] --- maven-compiler-plugin:3.8.0:testCompile (default-testCompile) @ feign-jaxrs2 ---
[INFO] Nothing to compile - all classes are up to date
[INFO] 
[INFO] --- maven-surefire-plugin:2.22.0:test (default-test) @ feign-jaxrs2 ---
[INFO] 
[INFO] -------------------------------------------------------
[INFO]  T E S T S
[INFO] -------------------------------------------------------
[INFO] Running feign.jaxrs2.JAXRSClientTest
[WARNING] Tests run: 22, Failures: 0, Errors: 0, Skipped: 3, Time elapsed: 1.475 s - in feign.jaxrs2.JAXRSClientTest
[INFO] Running feign.jaxrs2.JAXRS2ContractTest
[INFO] Tests run: 35, Failures: 0, Errors: 0, Skipped: 0, Time elapsed: 0.045 s - in feign.jaxrs2.JAXRS2ContractTest
[INFO] 
[INFO] Results:
[INFO] 
[WARNING] Tests run: 57, Failures: 0, Errors: 0, Skipped: 3
[INFO] 
[INFO] 
[INFO] ------------------< io.github.openfeign:feign-okhttp >------------------
[INFO] Building Feign OkHttp 10.1.0-SNAPSHOT                            [11/20]
[INFO] --------------------------------[ jar ]---------------------------------
[INFO] 
[INFO] --- maven-resources-plugin:2.6:resources (default-resources) @ feign-okhttp ---
[INFO] Using 'UTF-8' encoding to copy filtered resources.
[INFO] skip non existing resourceDirectory /data-depot/user/Workspace/Reproducibility/Reproducibility-Scanner/reproducer/workspace/Bears-227/okhttp/src/main/resources
[INFO] 
[INFO] --- maven-compiler-plugin:3.8.0:compile (default-compile) @ feign-okhttp ---
[INFO] Nothing to compile - all classes are up to date
[INFO] 
[INFO] --- license-maven-plugin:3.0:check (default) @ feign-okhttp ---
[INFO] 
[INFO] --- animal-sniffer-maven-plugin:1.17:check (default) @ feign-okhttp ---
[INFO] Checking unresolved references to org.codehaus.mojo.signature:java18:1.0
[INFO] 
[INFO] --- maven-bundle-plugin:4.0.0:manifest (bundle-manifest) @ feign-okhttp ---
[INFO] 
[INFO] --- maven-resources-plugin:2.6:testResources (default-testResources) @ feign-okhttp ---
[INFO] Using 'UTF-8' encoding to copy filtered resources.
[INFO] skip non existing resourceDirectory /data-depot/user/Workspace/Reproducibility/Reproducibility-Scanner/reproducer/workspace/Bears-227/okhttp/src/test/resources
[INFO] 
[INFO] --- maven-compiler-plugin:3.8.0:testCompile (default-testCompile) @ feign-okhttp ---
[INFO] Nothing to compile - all classes are up to date
[INFO] 
[INFO] --- maven-surefire-plugin:2.22.0:test (default-test) @ feign-okhttp ---
[INFO] 
[INFO] -------------------------------------------------------
[INFO]  T E S T S
[INFO] -------------------------------------------------------
[INFO] Running feign.okhttp.OkHttpClientTest
[INFO] Tests run: 23, Failures: 0, Errors: 0, Skipped: 0, Time elapsed: 0.75 s - in feign.okhttp.OkHttpClientTest
[INFO] 
[INFO] Results:
[INFO] 
[INFO] Tests run: 23, Failures: 0, Errors: 0, Skipped: 0
[INFO] 
[INFO] 
[INFO] ------------------< io.github.openfeign:feign-ribbon >------------------
[INFO] Building Feign Ribbon 10.1.0-SNAPSHOT                            [12/20]
[INFO] --------------------------------[ jar ]---------------------------------
[INFO] 
[INFO] --- maven-resources-plugin:2.6:resources (default-resources) @ feign-ribbon ---
[INFO] Using 'UTF-8' encoding to copy filtered resources.
[INFO] skip non existing resourceDirectory /data-depot/user/Workspace/Reproducibility/Reproducibility-Scanner/reproducer/workspace/Bears-227/ribbon/src/main/resources
[INFO] 
[INFO] --- maven-compiler-plugin:3.8.0:compile (default-compile) @ feign-ribbon ---
[INFO] Nothing to compile - all classes are up to date
[INFO] 
[INFO] --- license-maven-plugin:3.0:check (default) @ feign-ribbon ---
[INFO] 
[INFO] --- animal-sniffer-maven-plugin:1.17:check (default) @ feign-ribbon ---
[INFO] Checking unresolved references to org.codehaus.mojo.signature:java18:1.0
[INFO] 
[INFO] --- maven-bundle-plugin:4.0.0:manifest (bundle-manifest) @ feign-ribbon ---
[INFO] 
[INFO] --- maven-resources-plugin:2.6:testResources (default-testResources) @ feign-ribbon ---
[INFO] Using 'UTF-8' encoding to copy filtered resources.
[INFO] skip non existing resourceDirectory /data-depot/user/Workspace/Reproducibility/Reproducibility-Scanner/reproducer/workspace/Bears-227/ribbon/src/test/resources
[INFO] 
[INFO] --- maven-compiler-plugin:3.8.0:testCompile (default-testCompile) @ feign-ribbon ---
[INFO] Nothing to compile - all classes are up to date
[INFO] 
[INFO] --- maven-surefire-plugin:2.22.0:test (default-test) @ feign-ribbon ---
[INFO] 
[INFO] -------------------------------------------------------
[INFO]  T E S T S
[INFO] -------------------------------------------------------
[INFO] Running feign.ribbon.PropagateFirstIOExceptionTest
[INFO] Tests run: 4, Failures: 0, Errors: 0, Skipped: 0, Time elapsed: 0.064 s - in feign.ribbon.PropagateFirstIOExceptionTest
[INFO] Running feign.ribbon.LoadBalancingTargetTest
[INFO] Tests run: 2, Failures: 0, Errors: 0, Skipped: 0, Time elapsed: 1.838 s - in feign.ribbon.LoadBalancingTargetTest
[INFO] Running feign.ribbon.RibbonClientTest
[INFO] Tests run: 14, Failures: 0, Errors: 0, Skipped: 0, Time elapsed: 120.664 s - in feign.ribbon.RibbonClientTest
[INFO] Running feign.ribbon.LBClientFactoryTest
[INFO] Tests run: 1, Failures: 0, Errors: 0, Skipped: 0, Time elapsed: 0.003 s - in feign.ribbon.LBClientFactoryTest
[INFO] Running feign.ribbon.LBClientTest
[INFO] Tests run: 2, Failures: 0, Errors: 0, Skipped: 0, Time elapsed: 0.012 s - in feign.ribbon.LBClientTest
[INFO] 
[INFO] Results:
[INFO] 
[INFO] Tests run: 23, Failures: 0, Errors: 0, Skipped: 0
[INFO] 
[INFO] 
[INFO] -------------------< io.github.openfeign:feign-sax >--------------------
[INFO] Building Feign SAX 10.1.0-SNAPSHOT                               [13/20]
[INFO] --------------------------------[ jar ]---------------------------------
[INFO] 
[INFO] --- maven-resources-plugin:2.6:resources (default-resources) @ feign-sax ---
[INFO] Using 'UTF-8' encoding to copy filtered resources.
[INFO] skip non existing resourceDirectory /data-depot/user/Workspace/Reproducibility/Reproducibility-Scanner/reproducer/workspace/Bears-227/sax/src/main/resources
[INFO] 
[INFO] --- maven-compiler-plugin:3.8.0:compile (default-compile) @ feign-sax ---
[INFO] Nothing to compile - all classes are up to date
[INFO] 
[INFO] --- license-maven-plugin:3.0:check (default) @ feign-sax ---
[INFO] 
[INFO] --- animal-sniffer-maven-plugin:1.17:check (default) @ feign-sax ---
[INFO] Checking unresolved references to org.codehaus.mojo.signature:java18:1.0
[INFO] 
[INFO] --- maven-bundle-plugin:4.0.0:manifest (bundle-manifest) @ feign-sax ---
[INFO] 
[INFO] --- maven-resources-plugin:2.6:testResources (default-testResources) @ feign-sax ---
[INFO] Using 'UTF-8' encoding to copy filtered resources.
[INFO] skip non existing resourceDirectory /data-depot/user/Workspace/Reproducibility/Reproducibility-Scanner/reproducer/workspace/Bears-227/sax/src/test/resources
[INFO] 
[INFO] --- maven-compiler-plugin:3.8.0:testCompile (default-testCompile) @ feign-sax ---
[INFO] Nothing to compile - all classes are up to date
[INFO] 
[INFO] --- maven-surefire-plugin:2.22.0:test (default-test) @ feign-sax ---
[INFO] 
[INFO] -------------------------------------------------------
[INFO]  T E S T S
[INFO] -------------------------------------------------------
[INFO] Running feign.sax.SAXDecoderTest
[INFO] Tests run: 4, Failures: 0, Errors: 0, Skipped: 0, Time elapsed: 0.132 s - in feign.sax.SAXDecoderTest
[INFO] 
[INFO] Results:
[INFO] 
[INFO] Tests run: 4, Failures: 0, Errors: 0, Skipped: 0
[INFO] 
[INFO] 
[INFO] ------------------< io.github.openfeign:feign-slf4j >-------------------
[INFO] Building Feign SLF4J 10.1.0-SNAPSHOT                             [14/20]
[INFO] --------------------------------[ jar ]---------------------------------
[INFO] 
[INFO] --- maven-resources-plugin:2.6:resources (default-resources) @ feign-slf4j ---
[INFO] Using 'UTF-8' encoding to copy filtered resources.
[INFO] skip non existing resourceDirectory /data-depot/user/Workspace/Reproducibility/Reproducibility-Scanner/reproducer/workspace/Bears-227/slf4j/src/main/resources
[INFO] 
[INFO] --- maven-compiler-plugin:3.8.0:compile (default-compile) @ feign-slf4j ---
[INFO] Nothing to compile - all classes are up to date
[INFO] 
[INFO] --- license-maven-plugin:3.0:check (default) @ feign-slf4j ---
[INFO] 
[INFO] --- animal-sniffer-maven-plugin:1.17:check (default) @ feign-slf4j ---
[INFO] Checking unresolved references to org.codehaus.mojo.signature:java18:1.0
[INFO] 
[INFO] --- maven-bundle-plugin:4.0.0:manifest (bundle-manifest) @ feign-slf4j ---
[INFO] 
[INFO] --- maven-resources-plugin:2.6:testResources (default-testResources) @ feign-slf4j ---
[INFO] Using 'UTF-8' encoding to copy filtered resources.
[INFO] skip non existing resourceDirectory /data-depot/user/Workspace/Reproducibility/Reproducibility-Scanner/reproducer/workspace/Bears-227/slf4j/src/test/resources
[INFO] 
[INFO] --- maven-compiler-plugin:3.8.0:testCompile (default-testCompile) @ feign-slf4j ---
[INFO] Nothing to compile - all classes are up to date
[INFO] 
[INFO] --- maven-surefire-plugin:2.22.0:test (default-test) @ feign-slf4j ---
[INFO] 
[INFO] -------------------------------------------------------
[INFO]  T E S T S
[INFO] -------------------------------------------------------
[INFO] Running feign.slf4j.Slf4jLoggerTest
[INFO] Tests run: 6, Failures: 0, Errors: 0, Skipped: 0, Time elapsed: 0.076 s - in feign.slf4j.Slf4jLoggerTest
[INFO] 
[INFO] Results:
[INFO] 
[INFO] Tests run: 6, Failures: 0, Errors: 0, Skipped: 0
[INFO] 
[INFO] 
[INFO] ------------< io.github.openfeign:feign-reactive-wrappers >-------------
[INFO] Building Feign Reactive Wrappers 10.1.0-SNAPSHOT                 [15/20]
[INFO] --------------------------------[ jar ]---------------------------------
[INFO] 
[INFO] --- maven-resources-plugin:2.6:resources (default-resources) @ feign-reactive-wrappers ---
[INFO] Using 'UTF-8' encoding to copy filtered resources.
[INFO] skip non existing resourceDirectory /data-depot/user/Workspace/Reproducibility/Reproducibility-Scanner/reproducer/workspace/Bears-227/reactive/src/main/resources
[INFO] 
[INFO] --- maven-compiler-plugin:3.8.0:compile (default-compile) @ feign-reactive-wrappers ---
[INFO] Nothing to compile - all classes are up to date
[INFO] 
[INFO] --- license-maven-plugin:3.0:check (default) @ feign-reactive-wrappers ---
[INFO] 
[INFO] --- animal-sniffer-maven-plugin:1.17:check (default) @ feign-reactive-wrappers ---
[INFO] Checking unresolved references to org.codehaus.mojo.signature:java18:1.0
[INFO] 
[INFO] --- maven-bundle-plugin:4.0.0:manifest (bundle-manifest) @ feign-reactive-wrappers ---
[INFO] 
[INFO] --- maven-resources-plugin:2.6:testResources (default-testResources) @ feign-reactive-wrappers ---
[INFO] Using 'UTF-8' encoding to copy filtered resources.
[INFO] skip non existing resourceDirectory /data-depot/user/Workspace/Reproducibility/Reproducibility-Scanner/reproducer/workspace/Bears-227/reactive/src/test/resources
[INFO] 
[INFO] --- maven-compiler-plugin:3.8.0:testCompile (default-testCompile) @ feign-reactive-wrappers ---
[INFO] Nothing to compile - all classes are up to date
[INFO] 
[INFO] --- maven-surefire-plugin:2.22.0:test (default-test) @ feign-reactive-wrappers ---
[INFO] 
[INFO] -------------------------------------------------------
[INFO]  T E S T S
[INFO] -------------------------------------------------------
[INFO] Running feign.reactive.ReactiveDelegatingContractTest
[INFO] Tests run: 4, Failures: 0, Errors: 0, Skipped: 0, Time elapsed: 0.099 s - in feign.reactive.ReactiveDelegatingContractTest
[INFO] Running feign.reactive.ReactiveFeignIntegrationTest
[INFO] Tests run: 13, Failures: 0, Errors: 0, Skipped: 0, Time elapsed: 1.119 s - in feign.reactive.ReactiveFeignIntegrationTest
[INFO] Running feign.reactive.ReactiveInvocationHandlerTest
[INFO] Tests run: 4, Failures: 0, Errors: 0, Skipped: 0, Time elapsed: 0.03 s - in feign.reactive.ReactiveInvocationHandlerTest
[INFO] 
[INFO] Results:
[INFO] 
[INFO] Tests run: 21, Failures: 0, Errors: 0, Skipped: 0
[INFO] 
[INFO] 
[INFO] --------------< io.github.openfeign:feign-example-github >--------------
[INFO] Building GitHub Example 10.1.0-SNAPSHOT                          [16/20]
[INFO] --------------------------------[ jar ]---------------------------------
[INFO] 
[INFO] --- maven-resources-plugin:2.6:resources (default-resources) @ feign-example-github ---
[INFO] Using 'UTF-8' encoding to copy filtered resources.
[INFO] skip non existing resourceDirectory /data-depot/user/Workspace/Reproducibility/Reproducibility-Scanner/reproducer/workspace/Bears-227/example-github/src/main/resources
[INFO] 
[INFO] --- maven-compiler-plugin:3.8.0:compile (default-compile) @ feign-example-github ---
[INFO] Nothing to compile - all classes are up to date
[INFO] 
[INFO] --- license-maven-plugin:3.0:check (default) @ feign-example-github ---
[INFO] 
[INFO] --- animal-sniffer-maven-plugin:1.17:check (default) @ feign-example-github ---
[INFO] Checking unresolved references to org.codehaus.mojo.signature:java18:1.0
[INFO] 
[INFO] --- maven-bundle-plugin:4.0.0:manifest (bundle-manifest) @ feign-example-github ---
[INFO] 
[INFO] --- maven-resources-plugin:2.6:testResources (default-testResources) @ feign-example-github ---
[INFO] Using 'UTF-8' encoding to copy filtered resources.
[INFO] skip non existing resourceDirectory /data-depot/user/Workspace/Reproducibility/Reproducibility-Scanner/reproducer/workspace/Bears-227/example-github/src/test/resources
[INFO] 
[INFO] --- maven-compiler-plugin:3.8.0:testCompile (default-testCompile) @ feign-example-github ---
[INFO] No sources to compile
[INFO] 
[INFO] --- maven-surefire-plugin:2.22.0:test (default-test) @ feign-example-github ---
[INFO] No tests to run.
[INFO] 
[INFO] ------------< io.github.openfeign:feign-example-wikipedia >-------------
[INFO] Building Wikipedia Example 10.1.0-SNAPSHOT                       [17/20]
[INFO] --------------------------------[ jar ]---------------------------------
[INFO] 
[INFO] --- maven-resources-plugin:2.6:resources (default-resources) @ feign-example-wikipedia ---
[INFO] Using 'UTF-8' encoding to copy filtered resources.
[INFO] skip non existing resourceDirectory /data-depot/user/Workspace/Reproducibility/Reproducibility-Scanner/reproducer/workspace/Bears-227/example-wikipedia/src/main/resources
[INFO] 
[INFO] --- maven-compiler-plugin:3.8.0:compile (default-compile) @ feign-example-wikipedia ---
[INFO] Nothing to compile - all classes are up to date
[INFO] 
[INFO] --- license-maven-plugin:3.0:check (default) @ feign-example-wikipedia ---
[INFO] 
[INFO] --- animal-sniffer-maven-plugin:1.17:check (default) @ feign-example-wikipedia ---
[INFO] Checking unresolved references to org.codehaus.mojo.signature:java18:1.0
[INFO] 
[INFO] --- maven-bundle-plugin:4.0.0:manifest (bundle-manifest) @ feign-example-wikipedia ---
[INFO] 
[INFO] --- maven-resources-plugin:2.6:testResources (default-testResources) @ feign-example-wikipedia ---
[INFO] Using 'UTF-8' encoding to copy filtered resources.
[INFO] skip non existing resourceDirectory /data-depot/user/Workspace/Reproducibility/Reproducibility-Scanner/reproducer/workspace/Bears-227/example-wikipedia/src/test/resources
[INFO] 
[INFO] --- maven-compiler-plugin:3.8.0:testCompile (default-testCompile) @ feign-example-wikipedia ---
[INFO] No sources to compile
[INFO] 
[INFO] --- maven-surefire-plugin:2.22.0:test (default-test) @ feign-example-wikipedia ---
[INFO] No tests to run.
[INFO] 
[INFO] ------------------< io.github.openfeign:feign-java8 >-------------------
[INFO] Building Feign Java 8 10.1.0-SNAPSHOT                            [18/20]
[INFO] --------------------------------[ jar ]---------------------------------
[INFO] 
[INFO] --- maven-resources-plugin:2.6:resources (default-resources) @ feign-java8 ---
[INFO] Using 'UTF-8' encoding to copy filtered resources.
[INFO] skip non existing resourceDirectory /data-depot/user/Workspace/Reproducibility/Reproducibility-Scanner/reproducer/workspace/Bears-227/java8/src/main/resources
[INFO] 
[INFO] --- maven-compiler-plugin:3.8.0:compile (default-compile) @ feign-java8 ---
[INFO] No sources to compile
[INFO] 
[INFO] --- license-maven-plugin:3.0:check (default) @ feign-java8 ---
[INFO] 
[INFO] --- animal-sniffer-maven-plugin:1.17:check (default) @ feign-java8 ---
[INFO] Checking unresolved references to org.codehaus.mojo.signature:java18:1.0
[INFO] 
[INFO] --- maven-bundle-plugin:4.0.0:manifest (bundle-manifest) @ feign-java8 ---
[INFO] 
[INFO] --- maven-resources-plugin:2.6:testResources (default-testResources) @ feign-java8 ---
[INFO] Using 'UTF-8' encoding to copy filtered resources.
[INFO] skip non existing resourceDirectory /data-depot/user/Workspace/Reproducibility/Reproducibility-Scanner/reproducer/workspace/Bears-227/java8/src/test/resources
[INFO] 
[INFO] --- maven-compiler-plugin:3.8.0:testCompile (default-testCompile) @ feign-java8 ---
[INFO] No sources to compile
[INFO] 
[INFO] --- maven-surefire-plugin:2.22.0:test (default-test) @ feign-java8 ---
[INFO] No tests to run.
[INFO] 
[INFO] -------------------< io.github.openfeign:feign-mock >-------------------
[INFO] Building Feign Mock 10.1.0-SNAPSHOT                              [19/20]
[INFO] --------------------------------[ jar ]---------------------------------
[INFO] 
[INFO] --- maven-resources-plugin:2.6:resources (default-resources) @ feign-mock ---
[INFO] Using 'UTF-8' encoding to copy filtered resources.
[INFO] skip non existing resourceDirectory /data-depot/user/Workspace/Reproducibility/Reproducibility-Scanner/reproducer/workspace/Bears-227/mock/src/main/resources
[INFO] 
[INFO] --- maven-compiler-plugin:3.8.0:compile (default-compile) @ feign-mock ---
[INFO] Nothing to compile - all classes are up to date
[INFO] 
[INFO] --- license-maven-plugin:3.0:check (default) @ feign-mock ---
[INFO] 
[INFO] --- animal-sniffer-maven-plugin:1.17:check (default) @ feign-mock ---
[INFO] Checking unresolved references to org.codehaus.mojo.signature:java18:1.0
[INFO] 
[INFO] --- maven-bundle-plugin:4.0.0:manifest (bundle-manifest) @ feign-mock ---
[INFO] 
[INFO] --- maven-resources-plugin:2.6:testResources (default-testResources) @ feign-mock ---
[INFO] Using 'UTF-8' encoding to copy filtered resources.
[INFO] Copying 1 resource
[INFO] 
[INFO] --- maven-compiler-plugin:3.8.0:testCompile (default-testCompile) @ feign-mock ---
[INFO] Nothing to compile - all classes are up to date
[INFO] 
[INFO] --- maven-surefire-plugin:2.22.0:test (default-test) @ feign-mock ---
[INFO] 
[INFO] -------------------------------------------------------
[INFO]  T E S T S
[INFO] -------------------------------------------------------
[INFO] Running feign.mock.MockClientSequentialTest
[INFO] Tests run: 4, Failures: 0, Errors: 0, Skipped: 0, Time elapsed: 0.214 s - in feign.mock.MockClientSequentialTest
[INFO] Running feign.mock.RequestHeadersTest
[INFO] Tests run: 6, Failures: 0, Errors: 0, Skipped: 0, Time elapsed: 0.047 s - in feign.mock.RequestHeadersTest
[INFO] Running feign.mock.MockClientTest
[INFO] Tests run: 10, Failures: 0, Errors: 0, Skipped: 0, Time elapsed: 0.074 s - in feign.mock.MockClientTest
[INFO] Running feign.mock.RequestKeyTest
[INFO] Tests run: 13, Failures: 0, Errors: 0, Skipped: 0, Time elapsed: 0.005 s - in feign.mock.RequestKeyTest
[INFO] Running feign.mock.MockTargetTest
[INFO] Tests run: 1, Failures: 0, Errors: 0, Skipped: 0, Time elapsed: 0 s - in feign.mock.MockTargetTest
[INFO] 
[INFO] Results:
[INFO] 
[INFO] Tests run: 34, Failures: 0, Errors: 0, Skipped: 0
[INFO] 
[INFO] 
[INFO] ----------------< io.github.openfeign:feign-benchmark >-----------------
[INFO] Building Feign Benchmark (JMH) 10.1.0-SNAPSHOT                   [20/20]
[INFO] --------------------------------[ jar ]---------------------------------
[INFO] 
[INFO] --- maven-resources-plugin:2.6:resources (default-resources) @ feign-benchmark ---
[INFO] Using 'UTF-8' encoding to copy filtered resources.
[INFO] skip non existing resourceDirectory /data-depot/user/Workspace/Reproducibility/Reproducibility-Scanner/reproducer/workspace/Bears-227/benchmark/src/main/resources
[INFO] 
[INFO] --- maven-compiler-plugin:3.8.0:compile (default-compile) @ feign-benchmark ---
[INFO] Nothing to compile - all classes are up to date
[INFO] 
[INFO] --- license-maven-plugin:3.0:check (default) @ feign-benchmark ---
[INFO] 
[INFO] --- animal-sniffer-maven-plugin:1.17:check (default) @ feign-benchmark ---
[INFO] Checking unresolved references to org.codehaus.mojo.signature:java18:1.0
[INFO] 
[INFO] --- maven-bundle-plugin:4.0.0:manifest (bundle-manifest) @ feign-benchmark ---
[INFO] 
[INFO] --- maven-resources-plugin:2.6:testResources (default-testResources) @ feign-benchmark ---
[INFO] Using 'UTF-8' encoding to copy filtered resources.
[INFO] skip non existing resourceDirectory /data-depot/user/Workspace/Reproducibility/Reproducibility-Scanner/reproducer/workspace/Bears-227/benchmark/src/test/resources
[INFO] 
[INFO] --- maven-compiler-plugin:3.8.0:testCompile (default-testCompile) @ feign-benchmark ---
[INFO] No sources to compile
[INFO] 
[INFO] --- maven-surefire-plugin:2.22.0:test (default-test) @ feign-benchmark ---
[INFO] No tests to run.
[INFO] ------------------------------------------------------------------------
[INFO] Reactor Summary:
[INFO] 
[INFO] Feign (Parent) 10.1.0-SNAPSHOT ..................... SUCCESS [  1.581 s]
[INFO] Feign Core ......................................... SUCCESS [ 14.113 s]
[INFO] Feign Gson ......................................... SUCCESS [  1.454 s]
[INFO] Feign JAX-RS ....................................... SUCCESS [  1.464 s]
[INFO] Feign Apache HttpClient ............................ SUCCESS [  2.096 s]
[INFO] Feign Hystrix ...................................... SUCCESS [  2.364 s]
[INFO] Feign Jackson ...................................... SUCCESS [  1.634 s]
[INFO] Feign Jackson JAXB ................................. SUCCESS [  1.617 s]
[INFO] Feign JAXB ......................................... SUCCESS [  1.465 s]
[INFO] Feign JAX-RS 2 ..................................... SUCCESS [  2.802 s]
[INFO] Feign OkHttp ....................................... SUCCESS [  1.985 s]
[INFO] Feign Ribbon ....................................... SUCCESS [02:03 min]
[INFO] Feign SAX .......................................... SUCCESS [  1.305 s]
[INFO] Feign SLF4J ........................................ SUCCESS [  1.323 s]
[INFO] Feign Reactive Wrappers ............................ SUCCESS [  2.608 s]
[INFO] GitHub Example ..................................... SUCCESS [  0.656 s]
[INFO] Wikipedia Example .................................. SUCCESS [  0.545 s]
[INFO] Feign Java 8 ....................................... SUCCESS [  0.513 s]
[INFO] Feign Mock ......................................... SUCCESS [  1.499 s]
[INFO] Feign Benchmark (JMH) 10.1.0-SNAPSHOT .............. SUCCESS [  0.890 s]
[INFO] ------------------------------------------------------------------------
[INFO] BUILD SUCCESS
[INFO] ------------------------------------------------------------------------
[INFO] Total time: 02:46 min
[INFO] Finished at: 2022-07-14T18:56:01-07:00
[INFO] ------------------------------------------------------------------------
Running the tests related to the bug Bears-227...
The tests related to the bug Bears-227 were executed.