travis_fold:start:system_info[0K[33;1mBuild system information[0m
Build language: java
Build group: stable
Build dist: precise
Build id: ''
Job id: ''
[34m[1mBuild image provisioning date and time[0m
Thu Feb  5 15:09:33 UTC 2015
[34m[1mOperating System Details[0m
Distributor ID:	Ubuntu
Description:	Ubuntu 12.04.5 LTS
Release:	12.04
Codename:	precise
[34m[1mLinux Version[0m
3.13.0-29-generic
[34m[1mCookbooks Version[0m
a68419e https://github.com/travis-ci/travis-cookbooks/tree/a68419e
[34m[1mGCC version[0m
gcc (Ubuntu/Linaro 4.6.3-1ubuntu5) 4.6.3
Copyright (C) 2011 Free Software Foundation, Inc.
This is free software; see the source for copying conditions.  There is NO
warranty; not even for MERCHANTABILITY or FITNESS FOR A PARTICULAR PURPOSE.

[34m[1mLLVM version[0m
clang version 3.4 (tags/RELEASE_34/final)
Target: x86_64-unknown-linux-gnu
Thread model: posix
[34m[1mPre-installed Ruby versions[0m
ruby-1.9.3-p551
[34m[1mPre-installed Node.js versions[0m
v0.10.36
[34m[1mPre-installed Go versions[0m
1.4.1
[34m[1mRedis version[0m
redis-server 2.8.19
[34m[1mriak version[0m
2.0.2
[34m[1mMongoDB version[0m
MongoDB 2.4.12
[34m[1mCouchDB version[0m
couchdb 1.6.1
[34m[1mNeo4j version[0m
1.9.4
[34m[1mRabbitMQ Version[0m
3.4.3
[34m[1mElasticSearch version[0m
1.4.0
[34m[1mInstalled Sphinx versions[0m
2.0.10
2.1.9
2.2.6
[34m[1mDefault Sphinx version[0m
2.2.6
[34m[1mInstalled Firefox version[0m
firefox 31.0esr
[34m[1mPhantomJS version[0m
1.9.8
[34m[1mant -version[0m
Apache Ant(TM) version 1.8.2 compiled on December 3 2011
[34m[1mmvn -version[0m
Apache Maven 3.2.5 (12a6b3acb947671f09b81f49094c53f426d8cea1; 2014-12-14T17:29:23+00:00)
Maven home: /usr/local/maven
Java version: 1.7.0_76, vendor: Oracle Corporation
Java home: /usr/lib/jvm/java-7-oracle/jre
Default locale: en_US, platform encoding: ANSI_X3.4-1968
OS name: "linux", version: "3.13.0-29-generic", arch: "amd64", family: "unix"
travis_fold:end:system_info[0K
W: Failed to fetch http://security.ubuntu.com/ubuntu/dists/precise-security/main/source/Sources  404  Not Found [IP: 91.189.91.39 80]

W: Failed to fetch http://security.ubuntu.com/ubuntu/dists/precise-security/restricted/source/Sources  404  Not Found [IP: 91.189.91.39 80]

W: Failed to fetch http://security.ubuntu.com/ubuntu/dists/precise-security/universe/source/Sources  404  Not Found [IP: 91.189.91.39 80]

W: Failed to fetch http://security.ubuntu.com/ubuntu/dists/precise-security/multiverse/source/Sources  404  Not Found [IP: 91.189.91.39 80]

W: Failed to fetch http://security.ubuntu.com/ubuntu/dists/precise-security/main/binary-amd64/Packages  404  Not Found [IP: 91.189.91.39 80]

W: Failed to fetch http://security.ubuntu.com/ubuntu/dists/precise-security/restricted/binary-amd64/Packages  404  Not Found [IP: 91.189.91.39 80]

W: Failed to fetch http://security.ubuntu.com/ubuntu/dists/precise-security/universe/binary-amd64/Packages  404  Not Found [IP: 91.189.91.39 80]

W: Failed to fetch http://security.ubuntu.com/ubuntu/dists/precise-security/multiverse/binary-amd64/Packages  404  Not Found [IP: 91.189.91.39 80]

W: Failed to fetch http://security.ubuntu.com/ubuntu/dists/precise-security/main/binary-i386/Packages  404  Not Found [IP: 91.189.91.39 80]

W: Failed to fetch http://security.ubuntu.com/ubuntu/dists/precise-security/restricted/binary-i386/Packages  404  Not Found [IP: 91.189.91.39 80]

W: Failed to fetch http://security.ubuntu.com/ubuntu/dists/precise-security/universe/binary-i386/Packages  404  Not Found [IP: 91.189.91.39 80]

W: Failed to fetch http://security.ubuntu.com/ubuntu/dists/precise-security/multiverse/binary-i386/Packages  404  Not Found [IP: 91.189.91.39 80]

W: Failed to fetch http://us.archive.ubuntu.com/ubuntu/dists/precise/main/source/Sources  404  Not Found [IP: 91.189.91.38 80]

W: Failed to fetch http://us.archive.ubuntu.com/ubuntu/dists/precise/restricted/source/Sources  404  Not Found [IP: 91.189.91.38 80]

W: Failed to fetch http://us.archive.ubuntu.com/ubuntu/dists/precise/universe/source/Sources  404  Not Found [IP: 91.189.91.38 80]

W: Failed to fetch http://us.archive.ubuntu.com/ubuntu/dists/precise/multiverse/source/Sources  404  Not Found [IP: 91.189.91.38 80]

W: Failed to fetch http://us.archive.ubuntu.com/ubuntu/dists/precise/main/binary-amd64/Packages  404  Not Found [IP: 91.189.91.38 80]

W: Failed to fetch http://us.archive.ubuntu.com/ubuntu/dists/precise/restricted/binary-amd64/Packages  404  Not Found [IP: 91.189.91.38 80]

W: Failed to fetch http://us.archive.ubuntu.com/ubuntu/dists/precise/universe/binary-amd64/Packages  404  Not Found [IP: 91.189.91.38 80]

W: Failed to fetch http://us.archive.ubuntu.com/ubuntu/dists/precise/multiverse/binary-amd64/Packages  404  Not Found [IP: 91.189.91.38 80]

W: Failed to fetch http://us.archive.ubuntu.com/ubuntu/dists/precise/main/binary-i386/Packages  404  Not Found [IP: 91.189.91.38 80]

W: Failed to fetch http://us.archive.ubuntu.com/ubuntu/dists/precise/restricted/binary-i386/Packages  404  Not Found [IP: 91.189.91.38 80]

W: Failed to fetch http://us.archive.ubuntu.com/ubuntu/dists/precise/universe/binary-i386/Packages  404  Not Found [IP: 91.189.91.38 80]

W: Failed to fetch http://us.archive.ubuntu.com/ubuntu/dists/precise/multiverse/binary-i386/Packages  404  Not Found [IP: 91.189.91.38 80]

W: Failed to fetch http://us.archive.ubuntu.com/ubuntu/dists/precise-updates/main/source/Sources  404  Not Found [IP: 91.189.91.38 80]

W: Failed to fetch http://us.archive.ubuntu.com/ubuntu/dists/precise-updates/restricted/source/Sources  404  Not Found [IP: 91.189.91.38 80]

W: Failed to fetch http://us.archive.ubuntu.com/ubuntu/dists/precise-updates/universe/source/Sources  404  Not Found [IP: 91.189.91.38 80]

W: Failed to fetch http://us.archive.ubuntu.com/ubuntu/dists/precise-updates/multiverse/source/Sources  404  Not Found [IP: 91.189.91.38 80]

W: Failed to fetch http://us.archive.ubuntu.com/ubuntu/dists/precise-updates/main/binary-amd64/Packages  404  Not Found [IP: 91.189.91.38 80]

W: Failed to fetch http://us.archive.ubuntu.com/ubuntu/dists/precise-updates/restricted/binary-amd64/Packages  404  Not Found [IP: 91.189.91.38 80]

W: Failed to fetch http://us.archive.ubuntu.com/ubuntu/dists/precise-updates/universe/binary-amd64/Packages  404  Not Found [IP: 91.189.91.38 80]

W: Failed to fetch http://us.archive.ubuntu.com/ubuntu/dists/precise-updates/multiverse/binary-amd64/Packages  404  Not Found [IP: 91.189.91.38 80]

W: Failed to fetch http://us.archive.ubuntu.com/ubuntu/dists/precise-updates/main/binary-i386/Packages  404  Not Found [IP: 91.189.91.38 80]

W: Failed to fetch http://us.archive.ubuntu.com/ubuntu/dists/precise-updates/restricted/binary-i386/Packages  404  Not Found [IP: 91.189.91.38 80]

W: Failed to fetch http://us.archive.ubuntu.com/ubuntu/dists/precise-updates/universe/binary-i386/Packages  404  Not Found [IP: 91.189.91.38 80]

W: Failed to fetch http://us.archive.ubuntu.com/ubuntu/dists/precise-updates/multiverse/binary-i386/Packages  404  Not Found [IP: 91.189.91.38 80]

W: Failed to fetch http://us.archive.ubuntu.com/ubuntu/dists/precise-backports/main/source/Sources  404  Not Found [IP: 91.189.91.38 80]

W: Failed to fetch http://us.archive.ubuntu.com/ubuntu/dists/precise-backports/restricted/source/Sources  404  Not Found [IP: 91.189.91.38 80]

W: Failed to fetch http://us.archive.ubuntu.com/ubuntu/dists/precise-backports/universe/source/Sources  404  Not Found [IP: 91.189.91.38 80]

W: Failed to fetch http://us.archive.ubuntu.com/ubuntu/dists/precise-backports/multiverse/source/Sources  404  Not Found [IP: 91.189.91.38 80]

W: Failed to fetch http://us.archive.ubuntu.com/ubuntu/dists/precise-backports/main/binary-amd64/Packages  404  Not Found [IP: 91.189.91.38 80]

W: Failed to fetch http://us.archive.ubuntu.com/ubuntu/dists/precise-backports/restricted/binary-amd64/Packages  404  Not Found [IP: 91.189.91.38 80]

W: Failed to fetch http://us.archive.ubuntu.com/ubuntu/dists/precise-backports/universe/binary-amd64/Packages  404  Not Found [IP: 91.189.91.38 80]

W: Failed to fetch http://us.archive.ubuntu.com/ubuntu/dists/precise-backports/multiverse/binary-amd64/Packages  404  Not Found [IP: 91.189.91.38 80]

W: Failed to fetch http://us.archive.ubuntu.com/ubuntu/dists/precise-backports/main/binary-i386/Packages  404  Not Found [IP: 91.189.91.38 80]

W: Failed to fetch http://us.archive.ubuntu.com/ubuntu/dists/precise-backports/restricted/binary-i386/Packages  404  Not Found [IP: 91.189.91.38 80]

W: Failed to fetch http://us.archive.ubuntu.com/ubuntu/dists/precise-backports/universe/binary-i386/Packages  404  Not Found [IP: 91.189.91.38 80]

W: Failed to fetch http://us.archive.ubuntu.com/ubuntu/dists/precise-backports/multiverse/binary-i386/Packages  404  Not Found [IP: 91.189.91.38 80]

W: Failed to fetch http://apt.postgresql.org/pub/repos/apt/dists/precise-pgdg/main/binary-amd64/Packages  404  Not Found [IP: 217.196.149.55 80]

W: Failed to fetch http://apt.postgresql.org/pub/repos/apt/dists/precise-pgdg/main/binary-i386/Packages  404  Not Found [IP: 217.196.149.55 80]

W: Failed to fetch http://ppa.launchpad.net/rwky/ppa/ubuntu/dists/precise/main/binary-amd64/Packages  403  Forbidden

W: Failed to fetch http://ppa.launchpad.net/rwky/ppa/ubuntu/dists/precise/main/binary-i386/Packages  403  Forbidden

W: Failed to fetch http://ppa.launchpad.net/travis-ci/zero-mq/ubuntu/dists/precise/main/binary-amd64/Packages  403  Forbidden

W: Failed to fetch http://ppa.launchpad.net/travis-ci/zero-mq/ubuntu/dists/precise/main/binary-i386/Packages  403  Forbidden

W: Failed to fetch http://downloads-distro.mongodb.org/repo/debian-sysvinit/dists/dist/10gen/binary-amd64/Packages  Undetermined Error [IP: 52.21.89.200 80]

W: Failed to fetch http://downloads-distro.mongodb.org/repo/debian-sysvinit/dists/dist/10gen/binary-i386/Packages  Undetermined Error [IP: 52.21.89.200 80]

E: Some index files failed to download. They have been ignored, or old ones used instead.
sed: cannot rename /etc/hosts: Device or resource busy
sed: cannot rename /etc/hosts: Device or resource busy
$ jdk_switcher use openjdk7
Switching to OpenJDK7 (java-1.7.0-openjdk-amd64), JAVA_HOME will be set to /usr/lib/jvm/java-7-openjdk-amd64
$ cd passed/Whiley/WhileyCompiler
$ java -Xmx32m -version
java version "1.7.0_75"
OpenJDK Runtime Environment (IcedTea 2.5.4) (7u75-2.5.4-1~precise1)
OpenJDK 64-Bit Server VM (build 24.75-b04, mixed mode)
$ javac -J-Xmx32m -version
javac 1.7.0_75
travis_time:start:07579610[0K$ ant test-all
Buildfile: /home/travis/build/passed/Whiley/WhileyCompiler/build.xml
[maven:dependencies] Downloading: junit/junit/4.12/junit-4.12.pom from repository central at http://insecure.repo1.maven.org/maven2
[maven:dependencies] Transferring 23K from central
[maven:dependencies] Downloading: org/hamcrest/hamcrest-core/1.3/hamcrest-core-1.3.pom from repository central at http://insecure.repo1.maven.org/maven2
[maven:dependencies] Transferring 1K from central
[maven:dependencies] Downloading: org/hamcrest/hamcrest-parent/1.3/hamcrest-parent-1.3.pom from repository central at http://insecure.repo1.maven.org/maven2
[maven:dependencies] Transferring 2K from central
[maven:dependencies] Downloading: junit/junit/4.12/junit-4.12.jar from repository central at http://insecure.repo1.maven.org/maven2
[maven:dependencies] Downloading: org/hamcrest/hamcrest-core/1.3/hamcrest-core-1.3.jar from repository central at http://insecure.repo1.maven.org/maven2
[maven:dependencies] Transferring 44K from central
[maven:dependencies] Transferring 308K from central

build-all:

compile-wybs:
    [javac] Compiling 29 source files
    [javac] Note: Some input files use unchecked or unsafe operations.
    [javac] Note: Recompile with -Xlint:unchecked for details.

build:
    [mkdir] Created dir: /home/travis/build/passed/Whiley/WhileyCompiler/modules/wybs/tmp
      [jar] Building jar: /home/travis/build/passed/Whiley/WhileyCompiler/lib/wybs-v0.3.39.jar
   [delete] Deleting directory /home/travis/build/passed/Whiley/WhileyCompiler/modules/wybs/tmp
     [echo] =============================================
     [echo] BUILT: lib/wybs-v0.3.39.jar
     [echo] =============================================

compile-wycs:
     [wyrl] Compiling wyrl file (2 modified dependencies)
     [wyrl] Compiling wyrl file (7 modified dependencies)
    [javac] Compiling 39 source files
    [javac] Note: Some input files use unchecked or unsafe operations.
    [javac] Note: Recompile with -Xlint:unchecked for details.
     [wycs] Compiled 1 source file(s)

build:
    [mkdir] Created dir: /home/travis/build/passed/Whiley/WhileyCompiler/modules/wycs/tmp
      [jar] Building jar: /home/travis/build/passed/Whiley/WhileyCompiler/lib/wycs-v0.3.39.jar
   [delete] Deleting directory /home/travis/build/passed/Whiley/WhileyCompiler/modules/wycs/tmp
     [echo] =============================================
     [echo] BUILT: lib/wycs-v0.3.39.jar
     [echo] =============================================

compile-wyil:
    [javac] Compiling 52 source files
    [javac] Note: Some input files use unchecked or unsafe operations.
    [javac] Note: Recompile with -Xlint:unchecked for details.

build:
    [mkdir] Created dir: /home/travis/build/passed/Whiley/WhileyCompiler/modules/wyil/tmp
      [jar] Building jar: /home/travis/build/passed/Whiley/WhileyCompiler/lib/wyil-v0.3.39.jar
   [delete] Deleting directory /home/travis/build/passed/Whiley/WhileyCompiler/modules/wyil/tmp
     [echo] =============================================
     [echo] BUILT: lib/wyil-v0.3.39.jar
     [echo] =============================================

compile-wyc:
    [javac] Compiling 15 source files
    [javac] Note: Some input files use unchecked or unsafe operations.
    [javac] Note: Recompile with -Xlint:unchecked for details.

build:
    [mkdir] Created dir: /home/travis/build/passed/Whiley/WhileyCompiler/modules/wyc/tmp
      [jar] Building jar: /home/travis/build/passed/Whiley/WhileyCompiler/lib/wyc-v0.3.39.jar
   [delete] Deleting directory /home/travis/build/passed/Whiley/WhileyCompiler/modules/wyc/tmp
     [echo] =============================================
     [echo] BUILT: lib/wyc-v0.3.39.jar
     [echo] =============================================

compile-wyrt:
      [wyc] Compiled 11 source file(s)

build:
      [jar] Building jar: /home/travis/build/passed/Whiley/WhileyCompiler/lib/wyrt-v0.3.39.jar
     [echo] =============================================
     [echo] BUILT: lib/wyrt-v0.3.39.jar
     [echo] =============================================

compile-wyjc:
    [javac] Compiling 14 source files
    [javac] Note: Some input files use unchecked or unsafe operations.
    [javac] Note: Recompile with -Xlint:unchecked for details.
     [wyjc] Compiled 11 source file(s)

build:
    [mkdir] Created dir: /home/travis/build/passed/Whiley/WhileyCompiler/modules/wyjc/tmp
      [jar] Building jar: /home/travis/build/passed/Whiley/WhileyCompiler/lib/wyjc-v0.3.39.jar
   [delete] Deleting directory /home/travis/build/passed/Whiley/WhileyCompiler/modules/wyjc/tmp
     [echo] =============================================
     [echo] BUILT: lib/wyjc-v0.3.39.jar
     [echo] =============================================

test-all:

test:

test:

test:

compile-wyc:

test-compile-wyc:
    [javac] Compiling 4 source files
    [javac] Note: /home/travis/build/passed/Whiley/WhileyCompiler/modules/wyc/src/wyc/testing/TestUtils.java uses unchecked or unsafe operations.
    [javac] Note: Recompile with -Xlint:unchecked for details.

test:
    [junit] Running wyc.testing.AllInvalidTests
    [junit] Testsuite: wyc.testing.AllInvalidTests
    [junit] Tests run: 242, Failures: 0, Errors: 0, Time elapsed: 11.299 sec
    [junit] Tests run: 242, Failures: 0, Errors: 0, Time elapsed: 11.299 sec
    [junit] ------------- Standard Error -----------------
    [junit] WARNING: version numbering unavailable
    [junit] ------------- ---------------- ---------------
    [junit] 
    [junit] Testcase: invalid[ArrayAccess_Invalid_1] took 0.183 sec
    [junit] Testcase: invalid[ArrayAccess_Invalid_2] took 0.65 sec
    [junit] Testcase: invalid[ArrayAccess_Invalid_3] took 0.035 sec
    [junit] Testcase: invalid[ArrayAccess_Invalid_4] took 0.234 sec
    [junit] Testcase: invalid[ArrayAccess_Invalid_5] took 0.385 sec
    [junit] Testcase: invalid[ArrayAssign_Invalid_1] took 0.011 sec
    [junit] Testcase: invalid[ArrayAssign_Invalid_2] took 0.002 sec
    [junit] Testcase: invalid[ArrayAssign_Invalid_3] took 0 sec
    [junit] Testcase: invalid[ArrayConversion_Invalid_1] took 0.014 sec
    [junit] Testcase: invalid[ArrayEmpty_Invalid_1] took 0.012 sec
    [junit] Testcase: invalid[ArrayEmpty_Invalid_2] took 0.207 sec
    [junit] Testcase: invalid[ArrayEquals_Invalid_1] took 0 sec
    [junit] Testcase: invalid[ArrayGenerator_Invalid_1] took 0.194 sec
    [junit] Testcase: invalid[ArrayGenerator_Invalid_2] took 0.142 sec
    [junit] Testcase: invalid[ArrayGenerator_Invalid_3] took 0.007 sec
    [junit] Testcase: invalid[ArrayGenerator_Invalid_4] took 0.041 sec
    [junit] Testcase: invalid[ArrayLength_Invalid_1] took 0.244 sec
    [junit] Testcase: invalid[ArrayLength_Invalid_2] took 0 sec
    [junit] Testcase: invalid[ArrayLength_Invalid_3] took 0.215 sec
    [junit] Testcase: invalid[ArrayUpdate_Invalid_1] took 0 sec
    [junit] Testcase: invalid[Array_Invalid_1] took 0.021 sec
    [junit] Testcase: invalid[Array_Invalid_2] took 0.009 sec
    [junit] Testcase: invalid[Array_Invalid_3] took 0.01 sec
    [junit] Testcase: invalid[Array_Invalid_4] took 0.006 sec
    [junit] Testcase: invalid[Array_Invalid_5] took 0.011 sec
    [junit] Testcase: invalid[Array_Invalid_6] took 0.007 sec
    [junit] Testcase: invalid[Array_Invalid_7] took 0.017 sec
    [junit] Testcase: invalid[Assert_Invalid_1] took 0.006 sec
    [junit] Testcase: invalid[Assert_Invalid_2] took 0.18 sec
    [junit] Testcase: invalid[Assign_Invalid_1] took 0.01 sec
    [junit] Testcase: invalid[Assign_Invalid_2] took 0.006 sec
    [junit] Testcase: invalid[Assign_Invalid_3] took 0.008 sec
    [junit] Testcase: invalid[Assign_Invalid_4] took 0.007 sec
    [junit] Testcase: invalid[Assign_Invalid_5] took 0.006 sec
    [junit] Testcase: invalid[Assign_Invalid_6] took 0.008 sec
    [junit] Testcase: invalid[Assign_Invalid_7] took 0.006 sec
    [junit] Testcase: invalid[Assign_Invalid_8] took 0.006 sec
    [junit] Testcase: invalid[Assign_Invalid_9] took 0.007 sec
    [junit] Testcase: invalid[Byte_Invalid_1] took 0.005 sec
    [junit] Testcase: invalid[Coercion_Invalid_2] took 0.021 sec
    [junit] Testcase: invalid[Constant_Invalid_1] took 0 sec
    [junit] Testcase: invalid[Constant_Invalid_2] took 0.01 sec
    [junit] Testcase: invalid[ConstrainedArray_Invalid_1] took 0.261 sec
    [junit] Testcase: invalid[ConstrainedArray_Invalid_2] took 0 sec
    [junit] Testcase: invalid[ConstrainedArray_Invalid_3] took 0 sec
    [junit] Testcase: invalid[ConstrainedDictionary_Invalid_1] took 0 sec
    [junit] Testcase: invalid[ConstrainedInt_Invalid_1] took 0 sec
    [junit] Testcase: invalid[ConstrainedInt_Invalid_10] took 0.001 sec
    [junit] Testcase: invalid[ConstrainedInt_Invalid_11] took 0 sec
    [junit] Testcase: invalid[ConstrainedInt_Invalid_12] took 0 sec
    [junit] Testcase: invalid[ConstrainedInt_Invalid_2] took 0.217 sec
    [junit] Testcase: invalid[ConstrainedInt_Invalid_3] took 0.145 sec
    [junit] Testcase: invalid[ConstrainedInt_Invalid_4] took 0.152 sec
    [junit] Testcase: invalid[ConstrainedInt_Invalid_5] took 0.167 sec
    [junit] Testcase: invalid[ConstrainedInt_Invalid_6] took 0.16 sec
    [junit] Testcase: invalid[ConstrainedInt_Invalid_7] took 0.001 sec
    [junit] Testcase: invalid[ConstrainedInt_Invalid_8] took 0 sec
    [junit] Testcase: invalid[ConstrainedInt_Invalid_9] took 0 sec
    [junit] Testcase: invalid[ConstrainedRecord_Invalid_1] took 0.227 sec
    [junit] Testcase: invalid[Continue_Invalid_1] took 0.011 sec
    [junit] Testcase: invalid[Continue_Invalid_2] took 0.006 sec
    [junit] Testcase: invalid[Contractive_Invalid_1] took 0 sec
    [junit] Testcase: invalid[Contractive_Invalid_2] took 0 sec
    [junit] Testcase: invalid[DefiniteAssign_Invalid_1] took 0.012 sec
    [junit] Testcase: invalid[DefiniteAssign_Invalid_2] took 0.011 sec
    [junit] Testcase: invalid[DefiniteAssign_Invalid_3] took 0.008 sec
    [junit] Testcase: invalid[DefiniteAssign_Invalid_4] took 0.01 sec
    [junit] Testcase: invalid[EndOfFile_Invalid_1] took 0 sec
    [junit] Testcase: invalid[Ensures_Invalid_1] took 0.167 sec
    [junit] Testcase: invalid[Ensures_Invalid_2] took 0.163 sec
    [junit] Testcase: invalid[Ensures_Invalid_3] took 0.16 sec
    [junit] Testcase: invalid[Export_Invalid_1] took 0 sec
    [junit] Testcase: invalid[Fail_Invalid_1] took 0.213 sec
    [junit] Testcase: invalid[Fail_Invalid_2] took 0.009 sec
    [junit] Testcase: invalid[FunctionRef_Invalid_1] took 0.007 sec
    [junit] Testcase: invalid[FunctionRef_Invalid_2] took 0.006 sec
    [junit] Testcase: invalid[FunctionRef_Invalid_3] took 0.008 sec
    [junit] Testcase: invalid[FunctionRef_Invalid_4] took 0.013 sec
    [junit] Testcase: invalid[FunctionRef_Invalid_5] took 0.015 sec
    [junit] Testcase: invalid[FunctionRef_Invalid_6] took 0.008 sec
    [junit] Testcase: invalid[FunctionRef_Invalid_7] took 0.044 sec
    [junit] Testcase: invalid[Function_Invalid_1] took 0.008 sec
    [junit] Testcase: invalid[Function_Invalid_10] took 0 sec
    [junit] Testcase: invalid[Function_Invalid_2] took 0 sec
    [junit] Testcase: invalid[Function_Invalid_3] took 0.008 sec
    [junit] Testcase: invalid[Function_Invalid_4] took 0.061 sec
    [junit] Testcase: invalid[Function_Invalid_9] took 0 sec
    [junit] Testcase: invalid[If_Invalid_1] took 0.006 sec
    [junit] Testcase: invalid[If_Invalid_2] took 0.007 sec
    [junit] Testcase: invalid[If_Invalid_4] took 0.006 sec
    [junit] Testcase: invalid[If_Invalid_5] took 0.005 sec
    [junit] Testcase: invalid[Import_Invalid_1] took 0.01 sec
    [junit] Testcase: invalid[IntDiv_Invalid_1] took 0.151 sec
    [junit] Testcase: invalid[Intersection_Invalid_1] took 0 sec
    [junit] Testcase: invalid[Intersection_Invalid_2] took 0 sec
    [junit] Testcase: invalid[Lambda_Invalid_3] took 0 sec
    [junit] Testcase: invalid[MethodCall_Invalid_1] took 0.013 sec
    [junit] Testcase: invalid[MethodCall_Invalid_2] took 0.009 sec
    [junit] Testcase: invalid[MethodCall_Invalid_3] took 0.022 sec
    [junit] Testcase: invalid[MethodCall_Invalid_4] took 0.037 sec
    [junit] Testcase: invalid[MethodCall_Invalid_5] took 0.041 sec
    [junit] Testcase: invalid[MethodCall_Invalid_6] took 0.036 sec
    [junit] Testcase: invalid[MethodCall_Invalid_7] took 0.038 sec
    [junit] Testcase: invalid[MethodCall_Invalid_8] took 0.034 sec
    [junit] Testcase: invalid[MethodRef_Invalid_1] took 0 sec
    [junit] Testcase: invalid[MethodRef_Invalid_2] took 0 sec
    [junit] Testcase: invalid[MethodRef_Invalid_3] took 0 sec
    [junit] Testcase: invalid[MultiAssign_Invalid_1] took 0.011 sec
    [junit] Testcase: invalid[Native_Invalid_1] took 0 sec
    [junit] Testcase: invalid[NegationType_Invalid_1] took 0.005 sec
    [junit] Testcase: invalid[NegationType_Invalid_2] took 0 sec
    [junit] Testcase: invalid[NegationType_Invalid_3] took 0.01 sec
    [junit] Testcase: invalid[OpenRecord_Invalid_1] took 0 sec
    [junit] Testcase: invalid[OpenRecord_Invalid_2] took 0 sec
    [junit] Testcase: invalid[OpenRecord_Invalid_3] took 0.012 sec
    [junit] Testcase: invalid[OpenRecord_Invalid_4] took 0.009 sec
    [junit] Testcase: invalid[OpenRecord_Invalid_5] took 0.012 sec
    [junit] Testcase: invalid[OpenRecord_Invalid_6] took 0.009 sec
    [junit] Testcase: invalid[OpenRecord_Invalid_7] took 0.016 sec
    [junit] Testcase: invalid[Parameter_Invalid_1] took 0.004 sec
    [junit] Testcase: invalid[Parameter_Invalid_2] took 0.006 sec
    [junit] Testcase: invalid[Parsing_Invalid_1] took 0 sec
    [junit] Testcase: invalid[Parsing_Invalid_10] took 0.011 sec
    [junit] Testcase: invalid[Parsing_Invalid_11] took 0.007 sec
    [junit] Testcase: invalid[Parsing_Invalid_12] took 0.017 sec
    [junit] Testcase: invalid[Parsing_Invalid_15] took 0 sec
    [junit] Testcase: invalid[Parsing_Invalid_16] took 0.056 sec
    [junit] Testcase: invalid[Parsing_Invalid_2] took 0 sec
    [junit] Testcase: invalid[Parsing_Invalid_21] took 0.009 sec
    [junit] Testcase: invalid[Parsing_Invalid_23] took 0.008 sec
    [junit] Testcase: invalid[Parsing_Invalid_24] took 0.013 sec
    [junit] Testcase: invalid[Parsing_Invalid_25] took 0.009 sec
    [junit] Testcase: invalid[Parsing_Invalid_26] took 0.009 sec
    [junit] Testcase: invalid[Parsing_Invalid_27] took 0 sec
    [junit] Testcase: invalid[Parsing_Invalid_28] took 0 sec
    [junit] Testcase: invalid[Parsing_Invalid_29] took 0.005 sec
    [junit] Testcase: invalid[Parsing_Invalid_30] took 0.005 sec
    [junit] Testcase: invalid[Parsing_Invalid_31] took 0 sec
    [junit] Testcase: invalid[Parsing_Invalid_4] took 0.034 sec
    [junit] Testcase: invalid[Parsing_Invalid_5] took 0.005 sec
    [junit] Testcase: invalid[Parsing_Invalid_6] took 0.01 sec
    [junit] Testcase: invalid[Parsing_Invalid_8] took 0.004 sec
    [junit] Testcase: invalid[ProcessAccess_Invalid_1] took 0.014 sec
    [junit] Testcase: invalid[ProcessAccess_Invalid_2] took 0.01 sec
    [junit] Testcase: invalid[ProcessAccess_Invalid_3] took 0.013 sec
    [junit] Testcase: invalid[Process_Invalid_1] took 0.009 sec
    [junit] Testcase: invalid[Quantifiers_Invalid_1] took 0.177 sec
    [junit] Testcase: invalid[Quantifiers_Invalid_2] took 0.151 sec
    [junit] Testcase: invalid[Quantifiers_Invalid_3] took 0.199 sec
    [junit] Testcase: invalid[Quantifiers_Invalid_4] took 0.176 sec
    [junit] Testcase: invalid[Quantifiers_Invalid_5] took 0.183 sec
    [junit] Testcase: invalid[Quantifiers_Invalid_6] took 0.167 sec
    [junit] Testcase: invalid[Quantifiers_Invalid_7] took 0.188 sec
    [junit] Testcase: invalid[Quantifiers_Invalid_8] took 0.298 sec
    [junit] Testcase: invalid[Record_Invalid_1] took 0.013 sec
    [junit] Testcase: invalid[Record_Invalid_2] took 0.013 sec
    [junit] Testcase: invalid[Record_Invalid_3] took 0.031 sec
    [junit] Testcase: invalid[RecursiveType_Invalid_1] took 0 sec
    [junit] Testcase: invalid[RecursiveType_Invalid_10] took 0 sec
    [junit] Testcase: invalid[RecursiveType_Invalid_2] took 0.001 sec
    [junit] Testcase: invalid[RecursiveType_Invalid_3] took 0.053 sec
    [junit] Testcase: invalid[RecursiveType_Invalid_4] took 0 sec
    [junit] Testcase: invalid[RecursiveType_Invalid_5] took 0.014 sec
    [junit] Testcase: invalid[RecursiveType_Invalid_7] took 0 sec
    [junit] Testcase: invalid[RecursiveType_Invalid_8] took 0 sec
    [junit] Testcase: invalid[RecursiveType_Invalid_9] took 0 sec
    [junit] Testcase: invalid[ReferenceOpenRecord_Invalid_1] took 0.001 sec
    [junit] Testcase: invalid[Reference_Subtype_Variant_Invalid_1] took 0.008 sec
    [junit] Testcase: invalid[Remainder_Invalid_1] took 0.152 sec
    [junit] Testcase: invalid[Remainder_Invalid_2] took 0.008 sec
    [junit] Testcase: invalid[Remainder_Invalid_3] took 0.007 sec
    [junit] Testcase: invalid[Requires_Invalid_1] took 0.202 sec
    [junit] Testcase: invalid[Return_Invalid_1] took 0.006 sec
    [junit] Testcase: invalid[Return_Invalid_10] took 0.008 sec
    [junit] Testcase: invalid[Return_Invalid_11] took 0.006 sec
    [junit] Testcase: invalid[Return_Invalid_12] took 0.008 sec
    [junit] Testcase: invalid[Return_Invalid_2] took 0.007 sec
    [junit] Testcase: invalid[Return_Invalid_3] took 0.007 sec
    [junit] Testcase: invalid[Return_Invalid_4] took 0.007 sec
    [junit] Testcase: invalid[Return_Invalid_5] took 0.008 sec
    [junit] Testcase: invalid[Return_Invalid_6] took 0.006 sec
    [junit] Testcase: invalid[Return_Invalid_7] took 0.035 sec
    [junit] Testcase: invalid[Return_Invalid_8] took 0.007 sec
    [junit] Testcase: invalid[Return_Invalid_9] took 0.008 sec
    [junit] Testcase: invalid[Subtype_Invalid_1] took 0.158 sec
    [junit] Testcase: invalid[Subtype_Invalid_2] took 0.146 sec
    [junit] Testcase: invalid[Subtype_Invalid_3] took 0.229 sec
    [junit] Testcase: invalid[Subtype_Invalid_4] took 0.164 sec
    [junit] Testcase: invalid[Subtype_Invalid_5] took 0.147 sec
    [junit] Testcase: invalid[Subtype_Invalid_6] took 0 sec
    [junit] Testcase: invalid[Subtype_Invalid_7] took 0.16 sec
    [junit] Testcase: invalid[Subtype_Invalid_8] took 0 sec
    [junit] Testcase: invalid[Subtype_Invalid_9] took 0 sec
    [junit] Testcase: invalid[Switch_Invalid_1] took 0.013 sec
    [junit] Testcase: invalid[Switch_Invalid_2] took 0.008 sec
    [junit] Testcase: invalid[Switch_Invalid_3] took 0.007 sec
    [junit] Testcase: invalid[Switch_Invalid_4] took 0.021 sec
    [junit] Testcase: invalid[Switch_Invalid_5] took 0.017 sec
    [junit] Testcase: invalid[Switch_Invalid_6] took 0 sec
    [junit] Testcase: invalid[Switch_Invalid_7] took 0.007 sec
    [junit] Testcase: invalid[TupleAssign_Invalid_1] took 0 sec
    [junit] Testcase: invalid[TupleAssign_Invalid_2] took 0 sec
    [junit] Testcase: invalid[TupleAssign_Invalid_3] took 0 sec
    [junit] Testcase: invalid[TupleDefine_Invalid_1] took 0.008 sec
    [junit] Testcase: invalid[TupleDefine_Invalid_2] took 0 sec
    [junit] Testcase: invalid[Tuple_Invalid_3] took 0 sec
    [junit] Testcase: invalid[Tuple_Invalid_4] took 0 sec
    [junit] Testcase: invalid[Tuple_Invalid_5] took 0 sec
    [junit] Testcase: invalid[Tuple_Invalid_6] took 0 sec
    [junit] Testcase: invalid[Tuple_Invalid_7] took 0 sec
    [junit] Testcase: invalid[TypeEquals_Invalid_1] took 0.011 sec
    [junit] Testcase: invalid[TypeEquals_Invalid_2] took 0.006 sec
    [junit] Testcase: invalid[TypeEquals_Invalid_5] took 0 sec
    [junit] Testcase: invalid[TypeEquals_Invalid_6] took 0.171 sec
    [junit] Testcase: invalid[UnionType_Invalid_1] took 0.012 sec
    [junit] Testcase: invalid[UnionType_Invalid_10] took 0 sec
    [junit] Testcase: invalid[UnionType_Invalid_2] took 0.013 sec
    [junit] Testcase: invalid[UnionType_Invalid_3] took 0.008 sec
    [junit] Testcase: invalid[UnionType_Invalid_4] took 0.016 sec
    [junit] Testcase: invalid[UnionType_Invalid_5] took 0.047 sec
    [junit] Testcase: invalid[UnionType_Invalid_6] took 0.016 sec
    [junit] Testcase: invalid[UnionType_Invalid_7] took 0 sec
    [junit] Testcase: invalid[UnionType_Invalid_8] took 0 sec
    [junit] Testcase: invalid[UnionType_Invalid_9] took 0 sec
    [junit] Testcase: invalid[VarDecl_Invalid_1] took 0.007 sec
    [junit] Testcase: invalid[VarDecl_Invalid_2] took 0.154 sec
    [junit] Testcase: invalid[VarDecl_Invalid_3] took 0.009 sec
    [junit] Testcase: invalid[While_Invalid_1] took 0.009 sec
    [junit] Testcase: invalid[While_Invalid_10] took 0.216 sec
    [junit] Testcase: invalid[While_Invalid_11] took 0.181 sec
    [junit] Testcase: invalid[While_Invalid_12] took 0 sec
    [junit] Testcase: invalid[While_Invalid_13] took 0.163 sec
    [junit] Testcase: invalid[While_Invalid_14] took 0.006 sec
    [junit] Testcase: invalid[While_Invalid_2] took 0.008 sec
    [junit] Testcase: invalid[While_Invalid_3] took 0.008 sec
    [junit] Testcase: invalid[While_Invalid_4] took 0.009 sec
    [junit] Testcase: invalid[While_Invalid_5] took 0.006 sec
    [junit] Testcase: invalid[While_Invalid_6] took 0.008 sec
    [junit] Testcase: invalid[While_Invalid_7] took 0.184 sec
    [junit] Testcase: invalid[While_Invalid_8] took 0.193 sec
    [junit] Testcase: invalid[While_Invalid_9] took 0.007 sec
    [junit] Testcase: invalid[XOR_Invalid_1] took 0.008 sec
    [junit] Running wyc.testing.AllValidTests
    [junit] Testsuite: wyc.testing.AllValidTests
    [junit] Tests run: 476, Failures: 0, Errors: 0, Time elapsed: 67.974 sec
    [junit] Tests run: 476, Failures: 0, Errors: 0, Time elapsed: 67.974 sec
    [junit] ------------- Standard Error -----------------
    [junit] WARNING: version numbering unavailable
    [junit] ------------- ---------------- ---------------
    [junit] 
    [junit] Testcase: valid[Access_Valid_1] took 0.47 sec
    [junit] Testcase: valid[Access_Valid_2] took 0.183 sec
    [junit] Testcase: valid[Assume_Valid_1] took 0.161 sec
    [junit] Testcase: valid[Assume_Valid_2] took 0.116 sec
    [junit] Testcase: valid[BoolAssign_Valid_1] took 0.122 sec
    [junit] Testcase: valid[BoolAssign_Valid_2] took 0.134 sec
    [junit] Testcase: valid[BoolAssign_Valid_3] took 0.126 sec
    [junit] Testcase: valid[BoolAssign_Valid_4] took 0.113 sec
    [junit] Testcase: valid[BoolAssign_Valid_5] took 0.126 sec
    [junit] Testcase: valid[BoolAssign_Valid_6] took 0.11 sec
    [junit] Testcase: valid[BoolFun_Valid_1] took 0.151 sec
    [junit] Testcase: valid[BoolIfElse_Valid_1] took 0.133 sec
    [junit] Testcase: valid[BoolIfElse_Valid_2] took 0.134 sec
    [junit] Testcase: valid[BoolList_Valid_1] took 0.132 sec
    [junit] Testcase: valid[BoolList_Valid_2] took 0.135 sec
    [junit] Testcase: valid[BoolList_Valid_3] took 0.222 sec
    [junit] Testcase: valid[BoolRecord_Valid_1] took 0.147 sec
    [junit] Testcase: valid[BoolRecord_Valid_2] took 0.124 sec
    [junit] Testcase: valid[BoolRequires_Valid_1] took 0.111 sec
    [junit] Testcase: valid[BoolReturn_Valid_1] took 0.112 sec
    [junit] Testcase: valid[Byte_Valid_1] took 0.222 sec
    [junit] Testcase: valid[Byte_Valid_2] took 1.372 sec
    [junit] Testcase: valid[Byte_Valid_3] took 1.008 sec
    [junit] Testcase: valid[Byte_Valid_4] took 1.06 sec
    [junit] Testcase: valid[Byte_Valid_5] took 0.147 sec
    [junit] Testcase: valid[Byte_Valid_6] took 0.153 sec
    [junit] Testcase: valid[Byte_Valid_7] took 0.142 sec
    [junit] Testcase: valid[Byte_Valid_8] took 0.153 sec
    [junit] Testcase: valid[Byte_Valid_9] took 0.332 sec
    [junit] Testcase: valid[Cast_Valid_5] took 0.154 sec
    [junit] Testcase: valid[Coercion_Valid_2] took 0.114 sec
    [junit] Testcase: valid[Coercion_Valid_3] took 0.119 sec
    [junit] Testcase: valid[Coercion_Valid_7] took 0.128 sec
    [junit] Testcase: valid[Coercion_Valid_8] took 0.001 sec
    [junit] Testcase: valid[Coercion_Valid_9] took 0.11 sec
    [junit] Testcase: valid[Complex_Valid_1] took 0.179 sec
    [junit] Testcase: valid[Complex_Valid_2] took 0.224 sec
    [junit] Testcase: valid[Complex_Valid_3] took 0 sec
    [junit] Testcase: valid[Complex_Valid_4] took 0.146 sec
    [junit] Testcase: valid[Complex_Valid_5] took 0.116 sec
    [junit] Testcase: valid[Complex_Valid_6] took 0.15 sec
    [junit] Testcase: valid[Complex_Valid_7] took 0.154 sec
    [junit] Testcase: valid[Complex_Valid_8] took 0.18 sec
    [junit] Testcase: valid[Constant_Valid_3] took 0.121 sec
    [junit] Testcase: valid[ConstrainedInt_Valid_1] took 0.112 sec
    [junit] Testcase: valid[ConstrainedInt_Valid_10] took 0.112 sec
    [junit] Testcase: valid[ConstrainedInt_Valid_12] took 0.107 sec
    [junit] Testcase: valid[ConstrainedInt_Valid_13] took 0.106 sec
    [junit] Testcase: valid[ConstrainedInt_Valid_15] took 0.136 sec
    [junit] Testcase: valid[ConstrainedInt_Valid_16] took 0.126 sec
    [junit] Testcase: valid[ConstrainedInt_Valid_17] took 0.116 sec
    [junit] Testcase: valid[ConstrainedInt_Valid_18] took 0.118 sec
    [junit] Testcase: valid[ConstrainedInt_Valid_19] took 0.123 sec
    [junit] Testcase: valid[ConstrainedInt_Valid_2] took 0.121 sec
    [junit] Testcase: valid[ConstrainedInt_Valid_20] took 0.104 sec
    [junit] Testcase: valid[ConstrainedInt_Valid_21] took 0.127 sec
    [junit] Testcase: valid[ConstrainedInt_Valid_22] took 0.142 sec
    [junit] Testcase: valid[ConstrainedInt_Valid_23] took 0.147 sec
    [junit] Testcase: valid[ConstrainedInt_Valid_24] took 0.111 sec
    [junit] Testcase: valid[ConstrainedInt_Valid_3] took 0.097 sec
    [junit] Testcase: valid[ConstrainedInt_Valid_4] took 0.111 sec
    [junit] Testcase: valid[ConstrainedInt_Valid_5] took 0.105 sec
    [junit] Testcase: valid[ConstrainedInt_Valid_6] took 0.123 sec
    [junit] Testcase: valid[ConstrainedInt_Valid_8] took 0.126 sec
    [junit] Testcase: valid[ConstrainedIntersection_Valid_1] took 0 sec
    [junit] Testcase: valid[ConstrainedList_Valid_1] took 0.124 sec
    [junit] Testcase: valid[ConstrainedList_Valid_11] took 0.125 sec
    [junit] Testcase: valid[ConstrainedList_Valid_12] took 0.121 sec
    [junit] Testcase: valid[ConstrainedList_Valid_14] took 0.134 sec
    [junit] Testcase: valid[ConstrainedList_Valid_15] took 0.129 sec
    [junit] Testcase: valid[ConstrainedList_Valid_16] took 0.126 sec
    [junit] Testcase: valid[ConstrainedList_Valid_17] took 0.118 sec
    [junit] Testcase: valid[ConstrainedList_Valid_18] took 0.114 sec
    [junit] Testcase: valid[ConstrainedList_Valid_19] took 0.118 sec
    [junit] Testcase: valid[ConstrainedList_Valid_2] took 0.134 sec
    [junit] Testcase: valid[ConstrainedList_Valid_20] took 0.128 sec
    [junit] Testcase: valid[ConstrainedList_Valid_21] took 0.15 sec
    [junit] Testcase: valid[ConstrainedList_Valid_22] took 0.155 sec
    [junit] Testcase: valid[ConstrainedList_Valid_23] took 0.119 sec
    [junit] Testcase: valid[ConstrainedList_Valid_25] took 0.135 sec
    [junit] Testcase: valid[ConstrainedList_Valid_26] took 0.116 sec
    [junit] Testcase: valid[ConstrainedList_Valid_27] took 0.133 sec
    [junit] Testcase: valid[ConstrainedList_Valid_28] took 0.138 sec
    [junit] Testcase: valid[ConstrainedList_Valid_3] took 0.123 sec
    [junit] Testcase: valid[ConstrainedList_Valid_4] took 0.109 sec
    [junit] Testcase: valid[ConstrainedList_Valid_5] took 0.132 sec
    [junit] Testcase: valid[ConstrainedList_Valid_6] took 0.135 sec
    [junit] Testcase: valid[ConstrainedList_Valid_7] took 0.132 sec
    [junit] Testcase: valid[ConstrainedList_Valid_8] took 0.124 sec
    [junit] Testcase: valid[ConstrainedList_Valid_9] took 0.127 sec
    [junit] Testcase: valid[ConstrainedNegation_Valid_1] took 0 sec
    [junit] Testcase: valid[ConstrainedNegation_Valid_2] took 0 sec
    [junit] Testcase: valid[ConstrainedRecord_Valid_1] took 0.125 sec
    [junit] Testcase: valid[ConstrainedRecord_Valid_10] took 0.124 sec
    [junit] Testcase: valid[ConstrainedRecord_Valid_2] took 0.127 sec
    [junit] Testcase: valid[ConstrainedRecord_Valid_3] took 0.126 sec
    [junit] Testcase: valid[ConstrainedRecord_Valid_4] took 0.128 sec
    [junit] Testcase: valid[ConstrainedRecord_Valid_5] took 0.115 sec
    [junit] Testcase: valid[ConstrainedRecord_Valid_6] took 0.13 sec
    [junit] Testcase: valid[ConstrainedRecord_Valid_8] took 0.139 sec
    [junit] Testcase: valid[ConstrainedRecord_Valid_9] took 0.166 sec
    [junit] Testcase: valid[ConstrainedReference_Valid_1] took 0.11 sec
    [junit] Testcase: valid[ConstrainedUnion_Valid_1] took 0.11 sec
    [junit] Testcase: valid[Contractive_Valid_1] took 0 sec
    [junit] Testcase: valid[Contractive_Valid_2] took 0.135 sec
    [junit] Testcase: valid[Define_Valid_1] took 0.135 sec
    [junit] Testcase: valid[Define_Valid_2] took 0.139 sec
    [junit] Testcase: valid[Define_Valid_3] took 0.158 sec
    [junit] Testcase: valid[Define_Valid_4] took 0.147 sec
    [junit] Testcase: valid[DoWhile_Valid_1] took 0.137 sec
    [junit] Testcase: valid[DoWhile_Valid_2] took 0.153 sec
    [junit] Testcase: valid[DoWhile_Valid_3] took 0.149 sec
    [junit] Testcase: valid[DoWhile_Valid_4] took 0 sec
    [junit] Testcase: valid[DoWhile_Valid_5] took 0.16 sec
    [junit] Testcase: valid[DoWhile_Valid_6] took 0.153 sec
    [junit] Testcase: valid[DoWhile_Valid_7] took 0 sec
    [junit] Testcase: valid[EffectiveList_Valid_1] took 0.141 sec
    [junit] Testcase: valid[Ensures_Valid_1] took 0.127 sec
    [junit] Testcase: valid[Ensures_Valid_2] took 0.115 sec
    [junit] Testcase: valid[Ensures_Valid_3] took 0.137 sec
    [junit] Testcase: valid[Ensures_Valid_4] took 0.135 sec
    [junit] Testcase: valid[Ensures_Valid_5] took 0.141 sec
    [junit] Testcase: valid[Ensures_Valid_6] took 0.12 sec
    [junit] Testcase: valid[Ensures_Valid_7] took 0.134 sec
    [junit] Testcase: valid[Ensures_Valid_8] took 0.13 sec
    [junit] Testcase: valid[Fail_Valid_1] took 0.133 sec
    [junit] Testcase: valid[Fail_Valid_2] took 0.111 sec
    [junit] Testcase: valid[FunctionRef_Valid_1] took 0.138 sec
    [junit] Testcase: valid[FunctionRef_Valid_10] took 0.149 sec
    [junit] Testcase: valid[FunctionRef_Valid_11] took 0.155 sec
    [junit] Testcase: valid[FunctionRef_Valid_12] took 0.139 sec
    [junit] Testcase: valid[FunctionRef_Valid_13] took 0 sec
    [junit] Testcase: valid[FunctionRef_Valid_2] took 0 sec
    [junit] Testcase: valid[FunctionRef_Valid_4] took 0.158 sec
    [junit] Testcase: valid[FunctionRef_Valid_5] took 0.123 sec
    [junit] Testcase: valid[FunctionRef_Valid_6] took 0.143 sec
    [junit] Testcase: valid[FunctionRef_Valid_7] took 0.136 sec
    [junit] Testcase: valid[FunctionRef_Valid_8] took 0.133 sec
    [junit] Testcase: valid[FunctionRef_Valid_9] took 0.12 sec
    [junit] Testcase: valid[Function_Valid_1] took 0.122 sec
    [junit] Testcase: valid[Function_Valid_11] took 0 sec
    [junit] Testcase: valid[Function_Valid_12] took 0.131 sec
    [junit] Testcase: valid[Function_Valid_13] took 0.125 sec
    [junit] Testcase: valid[Function_Valid_14] took 0.13 sec
    [junit] Testcase: valid[Function_Valid_15] took 0.001 sec
    [junit] Testcase: valid[Function_Valid_16] took 0.124 sec
    [junit] Testcase: valid[Function_Valid_17] took 0.134 sec
    [junit] Testcase: valid[Function_Valid_18] took 0.125 sec
    [junit] Testcase: valid[Function_Valid_2] took 0.122 sec
    [junit] Testcase: valid[Function_Valid_20] took 0.135 sec
    [junit] Testcase: valid[Function_Valid_21] took 0.112 sec
    [junit] Testcase: valid[Function_Valid_3] took 0.116 sec
    [junit] Testcase: valid[Function_Valid_4] took 0.13 sec
    [junit] Testcase: valid[Function_Valid_5] took 0.136 sec
    [junit] Testcase: valid[Function_Valid_6] took 0.142 sec
    [junit] Testcase: valid[Function_Valid_7] took 0.155 sec
    [junit] Testcase: valid[Function_Valid_8] took 0.153 sec
    [junit] Testcase: valid[Function_Valid_9] took 0.177 sec
    [junit] Testcase: valid[HexAssign_Valid_1] took 0.145 sec
    [junit] Testcase: valid[IfElse_Valid_1] took 0.15 sec
    [junit] Testcase: valid[IfElse_Valid_2] took 0.156 sec
    [junit] Testcase: valid[IfElse_Valid_3] took 0.152 sec
    [junit] Testcase: valid[IfElse_Valid_4] took 0.132 sec
    [junit] Testcase: valid[IfElse_Valid_5] took 0.123 sec
    [junit] Testcase: valid[Import_Valid_1] took 0.128 sec
    [junit] Testcase: valid[Import_Valid_2] took 0.115 sec
    [junit] Testcase: valid[Import_Valid_3] took 0.12 sec
    [junit] Testcase: valid[Import_Valid_4] took 0 sec
    [junit] Testcase: valid[Import_Valid_5] took 0 sec
    [junit] Testcase: valid[Import_Valid_6] took 0.158 sec
    [junit] Testcase: valid[IntConst_Valid_1] took 0.142 sec
    [junit] Testcase: valid[IntDefine_Valid_1] took 0.143 sec
    [junit] Testcase: valid[IntDefine_Valid_2] took 0.127 sec
    [junit] Testcase: valid[IntDiv_Valid_1] took 0.125 sec
    [junit] Testcase: valid[IntDiv_Valid_3] took 0.124 sec
    [junit] Testcase: valid[IntDiv_Valid_4] took 0.125 sec
    [junit] Testcase: valid[IntDiv_Valid_5] took 0.13 sec
    [junit] Testcase: valid[IntMul_Valid_1] took 0.139 sec
    [junit] Testcase: valid[IntMul_Valid_2] took 0.137 sec
    [junit] Testcase: valid[IntOp_Valid_1] took 0.143 sec
    [junit] Testcase: valid[Intersection_Valid_1] took 0 sec
    [junit] Testcase: valid[Intersection_Valid_2] took 0 sec
    [junit] Testcase: valid[Lambda_Valid_1] took 0.19 sec
    [junit] Testcase: valid[Lambda_Valid_2] took 0.156 sec
    [junit] Testcase: valid[Lambda_Valid_3] took 0.158 sec
    [junit] Testcase: valid[Lambda_Valid_4] took 0.203 sec
    [junit] Testcase: valid[Lambda_Valid_5] took 0.185 sec
    [junit] Testcase: valid[Lambda_Valid_6] took 0.151 sec
    [junit] Testcase: valid[Lambda_Valid_7] took 0.195 sec
    [junit] Testcase: valid[Lambda_Valid_8] took 0.195 sec
    [junit] Testcase: valid[Lambda_Valid_9] took 0.175 sec
    [junit] Testcase: valid[LengthOf_Valid_1] took 0.182 sec
    [junit] Testcase: valid[LengthOf_Valid_4] took 0.187 sec
    [junit] Testcase: valid[LengthOf_Valid_5] took 0.177 sec
    [junit] Testcase: valid[ListAccess_Valid_1] took 0.166 sec
    [junit] Testcase: valid[ListAccess_Valid_3] took 0.158 sec
    [junit] Testcase: valid[ListAccess_Valid_5] took 0.155 sec
    [junit] Testcase: valid[ListAccess_Valid_6] took 0 sec
    [junit] Testcase: valid[ListAccess_Valid_8] took 0.134 sec
    [junit] Testcase: valid[ListAccess_Valid_9] took 0.125 sec
    [junit] Testcase: valid[ListAssign_Valid_1] took 0.147 sec
    [junit] Testcase: valid[ListAssign_Valid_11] took 0.136 sec
    [junit] Testcase: valid[ListAssign_Valid_2] took 0.161 sec
    [junit] Testcase: valid[ListAssign_Valid_3] took 0.138 sec
    [junit] Testcase: valid[ListAssign_Valid_4] took 0.12 sec
    [junit] Testcase: valid[ListAssign_Valid_5] took 0.131 sec
    [junit] Testcase: valid[ListAssign_Valid_6] took 0.127 sec
    [junit] Testcase: valid[ListAssign_Valid_7] took 0.149 sec
    [junit] Testcase: valid[ListAssign_Valid_8] took 0.149 sec
    [junit] Testcase: valid[ListAssign_Valid_9] took 0.161 sec
    [junit] Testcase: valid[ListEmpty_Valid_1] took 0.182 sec
    [junit] Testcase: valid[ListGenerator_Valid_1] took 0.146 sec
    [junit] Testcase: valid[ListGenerator_Valid_10] took 0.137 sec
    [junit] Testcase: valid[ListGenerator_Valid_11] took 0.157 sec
    [junit] Testcase: valid[ListGenerator_Valid_12] took 0.154 sec
    [junit] Testcase: valid[ListGenerator_Valid_2] took 0.14 sec
    [junit] Testcase: valid[ListGenerator_Valid_3] took 0.131 sec
    [junit] Testcase: valid[ListGenerator_Valid_5] took 0.15 sec
    [junit] Testcase: valid[ListGenerator_Valid_6] took 0.16 sec
    [junit] Testcase: valid[ListGenerator_Valid_7] took 0.131 sec
    [junit] Testcase: valid[ListGenerator_Valid_8] took 0.163 sec
    [junit] Testcase: valid[ListGenerator_Valid_9] took 0.186 sec
    [junit] Testcase: valid[ListLength_Valid_1] took 0.144 sec
    [junit] Testcase: valid[ListLength_Valid_2] took 0.138 sec
    [junit] Testcase: valid[ListLength_Valid_3] took 0.144 sec
    [junit] Testcase: valid[MessageRef_Valid_1] took 0.142 sec
    [junit] Testcase: valid[MessageRef_Valid_2] took 0.134 sec
    [junit] Testcase: valid[MessageSend_Valid_1] took 0.154 sec
    [junit] Testcase: valid[MessageSend_Valid_2] took 0.152 sec
    [junit] Testcase: valid[MessageSend_Valid_3] took 0.157 sec
    [junit] Testcase: valid[MessageSend_Valid_4] took 0.145 sec
    [junit] Testcase: valid[MessageSend_Valid_5] took 0.161 sec
    [junit] Testcase: valid[MethodCall_Valid_1] took 0.144 sec
    [junit] Testcase: valid[MethodCall_Valid_2] took 0.139 sec
    [junit] Testcase: valid[MethodCall_Valid_3] took 0.127 sec
    [junit] Testcase: valid[MethodCall_Valid_4] took 0.13 sec
    [junit] Testcase: valid[MethodRef_Valid_1] took 0.125 sec
    [junit] Testcase: valid[MethodRef_Valid_2] took 0.125 sec
    [junit] Testcase: valid[Method_Valid_1] took 0.128 sec
    [junit] Testcase: valid[MultiLineComment_Valid_1] took 0.128 sec
    [junit] Testcase: valid[MultiLineComment_Valid_2] took 0.135 sec
    [junit] Testcase: valid[NegationType_Valid_1] took 0.134 sec
    [junit] Testcase: valid[NegationType_Valid_2] took 0.125 sec
    [junit] Testcase: valid[NegationType_Valid_3] took 0 sec
    [junit] Testcase: valid[NegationType_Valid_4] took 0.136 sec
    [junit] Testcase: valid[NegationType_Valid_5] took 0.17 sec
    [junit] Testcase: valid[OpenRecord_Valid_1] took 0.16 sec
    [junit] Testcase: valid[OpenRecord_Valid_10] took 0.154 sec
    [junit] Testcase: valid[OpenRecord_Valid_11] took 0 sec
    [junit] Testcase: valid[OpenRecord_Valid_2] took 0.162 sec
    [junit] Testcase: valid[OpenRecord_Valid_3] took 0.136 sec
    [junit] Testcase: valid[OpenRecord_Valid_4] took 0.118 sec
    [junit] Testcase: valid[OpenRecord_Valid_5] took 0.136 sec
    [junit] Testcase: valid[OpenRecord_Valid_6] took 0.143 sec
    [junit] Testcase: valid[OpenRecord_Valid_9] took 0.154 sec
    [junit] Testcase: valid[ProcessAccess_Valid_1] took 0.128 sec
    [junit] Testcase: valid[ProcessAccess_Valid_2] took 0.128 sec
    [junit] Testcase: valid[Process_Valid_1] took 0.144 sec
    [junit] Testcase: valid[Process_Valid_10] took 0.144 sec
    [junit] Testcase: valid[Process_Valid_11] took 0.125 sec
    [junit] Testcase: valid[Process_Valid_12] took 0.139 sec
    [junit] Testcase: valid[Process_Valid_2] took 0.147 sec
    [junit] Testcase: valid[Process_Valid_3] took 0.116 sec
    [junit] Testcase: valid[Process_Valid_4] took 0.122 sec
    [junit] Testcase: valid[Process_Valid_5] took 0.147 sec
    [junit] Testcase: valid[Process_Valid_6] took 0.152 sec
    [junit] Testcase: valid[Process_Valid_7] took 0.13 sec
    [junit] Testcase: valid[Process_Valid_8] took 0.14 sec
    [junit] Testcase: valid[Process_Valid_9] took 0.146 sec
    [junit] Testcase: valid[Quantifiers_Valid_1] took 0.147 sec
    [junit] Testcase: valid[RecordAccess_Valid_1] took 0.145 sec
    [junit] Testcase: valid[RecordAssign_Valid_1] took 0.142 sec
    [junit] Testcase: valid[RecordAssign_Valid_10] took 0.146 sec
    [junit] Testcase: valid[RecordAssign_Valid_2] took 0.122 sec
    [junit] Testcase: valid[RecordAssign_Valid_3] took 0.179 sec
    [junit] Testcase: valid[RecordAssign_Valid_4] took 0.183 sec
    [junit] Testcase: valid[RecordAssign_Valid_5] took 0.128 sec
    [junit] Testcase: valid[RecordAssign_Valid_6] took 0.121 sec
    [junit] Testcase: valid[RecordAssign_Valid_7] took 0.145 sec
    [junit] Testcase: valid[RecordAssign_Valid_8] took 0.139 sec
    [junit] Testcase: valid[RecordAssign_Valid_9] took 0.165 sec
    [junit] Testcase: valid[RecordCoercion_Valid_1] took 0 sec
    [junit] Testcase: valid[RecordDefine_Valid_1] took 0.144 sec
    [junit] Testcase: valid[RecordDefine_Valid_2] took 0.148 sec
    [junit] Testcase: valid[RecordSubtype_Valid_1] took 0 sec
    [junit] Testcase: valid[RecordSubtype_Valid_2] took 0 sec
    [junit] Testcase: valid[RecursiveType_Valid_1] took 0.128 sec
    [junit] Testcase: valid[RecursiveType_Valid_10] took 0.149 sec
    [junit] Testcase: valid[RecursiveType_Valid_11] took 0.142 sec
    [junit] Testcase: valid[RecursiveType_Valid_12] took 0 sec
    [junit] Testcase: valid[RecursiveType_Valid_13] took 0.13 sec
    [junit] Testcase: valid[RecursiveType_Valid_14] took 0.136 sec
    [junit] Testcase: valid[RecursiveType_Valid_15] took 0.129 sec
    [junit] Testcase: valid[RecursiveType_Valid_16] took 0.138 sec
    [junit] Testcase: valid[RecursiveType_Valid_17] took 0.14 sec
    [junit] Testcase: valid[RecursiveType_Valid_18] took 0.148 sec
    [junit] Testcase: valid[RecursiveType_Valid_19] took 0.137 sec
    [junit] Testcase: valid[RecursiveType_Valid_2] took 0.161 sec
    [junit] Testcase: valid[RecursiveType_Valid_20] took 0.144 sec
    [junit] Testcase: valid[RecursiveType_Valid_21] took 0.133 sec
    [junit] Testcase: valid[RecursiveType_Valid_22] took 0 sec
    [junit] Testcase: valid[RecursiveType_Valid_23] took 0.146 sec
    [junit] Testcase: valid[RecursiveType_Valid_24] took 0.161 sec
    [junit] Testcase: valid[RecursiveType_Valid_25] took 0.13 sec
    [junit] Testcase: valid[RecursiveType_Valid_26] took 0.136 sec
    [junit] Testcase: valid[RecursiveType_Valid_27] took 0.157 sec
    [junit] Testcase: valid[RecursiveType_Valid_28] took 0 sec
    [junit] Testcase: valid[RecursiveType_Valid_3] took 0 sec
    [junit] Testcase: valid[RecursiveType_Valid_4] took 0 sec
    [junit] Testcase: valid[RecursiveType_Valid_5] took 0 sec
    [junit] Testcase: valid[RecursiveType_Valid_6] took 0.133 sec
    [junit] Testcase: valid[RecursiveType_Valid_7] took 0.214 sec
    [junit] Testcase: valid[RecursiveType_Valid_8] took 0.132 sec
    [junit] Testcase: valid[RecursiveType_Valid_9] took 0.137 sec
    [junit] Testcase: valid[ReferenceType_Valid_1] took 0.124 sec
    [junit] Testcase: valid[Reference_Valid_1] took 0.151 sec
    [junit] Testcase: valid[Reference_Valid_2] took 0.117 sec
    [junit] Testcase: valid[Reference_Valid_3] took 0.112 sec
    [junit] Testcase: valid[Reference_Valid_4] took 0.148 sec
    [junit] Testcase: valid[Reference_Valid_5] took 0.116 sec
    [junit] Testcase: valid[Reference_Valid_6] took 0 sec
    [junit] Testcase: valid[Reference_Valid_7] took 0.134 sec
    [junit] Testcase: valid[Reference_Valid_8] took 0.133 sec
    [junit] Testcase: valid[Remainder_Valid_1] took 0.127 sec
    [junit] Testcase: valid[Requires_Valid_1] took 0.133 sec
    [junit] Testcase: valid[Resolution_Valid_1] took 0.148 sec
    [junit] Testcase: valid[Return_Valid_1] took 0.15 sec
    [junit] Testcase: valid[SingleLineComment_Valid_1] took 0.146 sec
    [junit] Testcase: valid[Skip_Valid_1] took 0.154 sec
    [junit] Testcase: valid[String_Valid_1] took 0.142 sec
    [junit] Testcase: valid[String_Valid_2] took 0.13 sec
    [junit] Testcase: valid[String_Valid_3] took 0.117 sec
    [junit] Testcase: valid[String_Valid_4] took 0.128 sec
    [junit] Testcase: valid[String_Valid_5] took 0.249 sec
    [junit] Testcase: valid[String_Valid_6] took 0.127 sec
    [junit] Testcase: valid[Subtype_Valid_1] took 0.144 sec
    [junit] Testcase: valid[Subtype_Valid_10] took 0.126 sec
    [junit] Testcase: valid[Subtype_Valid_11] took 0.144 sec
    [junit] Testcase: valid[Subtype_Valid_12] took 0.143 sec
    [junit] Testcase: valid[Subtype_Valid_13] took 0.141 sec
    [junit] Testcase: valid[Subtype_Valid_14] took 0.124 sec
    [junit] Testcase: valid[Subtype_Valid_2] took 0.142 sec
    [junit] Testcase: valid[Subtype_Valid_3] took 0.147 sec
    [junit] Testcase: valid[Subtype_Valid_4] took 0.184 sec
    [junit] Testcase: valid[Subtype_Valid_5] took 0.162 sec
    [junit] Testcase: valid[Subtype_Valid_6] took 0.154 sec
    [junit] Testcase: valid[Subtype_Valid_7] took 0.156 sec
    [junit] Testcase: valid[Subtype_Valid_8] took 0.141 sec
    [junit] Testcase: valid[Subtype_Valid_9] took 0.376 sec
    [junit] Testcase: valid[Switch_Valid_1] took 1.201 sec
    [junit] Testcase: valid[Switch_Valid_10] took 0.712 sec
    [junit] Testcase: valid[Switch_Valid_11] took 0.24 sec
    [junit] Testcase: valid[Switch_Valid_12] took 0.168 sec
    [junit] Testcase: valid[Switch_Valid_13] took 0.64 sec
    [junit] Testcase: valid[Switch_Valid_2] took 0.194 sec
    [junit] Testcase: valid[Switch_Valid_3] took 0.152 sec
    [junit] Testcase: valid[Switch_Valid_4] took 0.139 sec
    [junit] Testcase: valid[Switch_Valid_5] took 0.127 sec
    [junit] Testcase: valid[Switch_Valid_6] took 0.122 sec
    [junit] Testcase: valid[Switch_Valid_7] took 0.172 sec
    [junit] Testcase: valid[Switch_Valid_8] took 0.137 sec
    [junit] Testcase: valid[Switch_Valid_9] took 0.14 sec
    [junit] Testcase: valid[Syntax_Valid_1] took 0.138 sec
    [junit] Testcase: valid[TypeEquals_Valid_1] took 0.154 sec
    [junit] Testcase: valid[TypeEquals_Valid_10] took 0.142 sec
    [junit] Testcase: valid[TypeEquals_Valid_11] took 0.177 sec
    [junit] Testcase: valid[TypeEquals_Valid_12] took 0.172 sec
    [junit] Testcase: valid[TypeEquals_Valid_14] took 0.158 sec
    [junit] Testcase: valid[TypeEquals_Valid_15] took 0.169 sec
    [junit] Testcase: valid[TypeEquals_Valid_16] took 0.154 sec
    [junit] Testcase: valid[TypeEquals_Valid_17] took 0.116 sec
    [junit] Testcase: valid[TypeEquals_Valid_18] took 0.13 sec
    [junit] Testcase: valid[TypeEquals_Valid_19] took 0.136 sec
    [junit] Testcase: valid[TypeEquals_Valid_2] took 0.149 sec
    [junit] Testcase: valid[TypeEquals_Valid_21] took 0.137 sec
    [junit] Testcase: valid[TypeEquals_Valid_23] took 0 sec
    [junit] Testcase: valid[TypeEquals_Valid_24] took 0.112 sec
    [junit] Testcase: valid[TypeEquals_Valid_25] took 0.169 sec
    [junit] Testcase: valid[TypeEquals_Valid_27] took 0.127 sec
    [junit] Testcase: valid[TypeEquals_Valid_28] took 0.137 sec
    [junit] Testcase: valid[TypeEquals_Valid_29] took 0.156 sec
    [junit] Testcase: valid[TypeEquals_Valid_3] took 0.149 sec
    [junit] Testcase: valid[TypeEquals_Valid_30] took 0.165 sec
    [junit] Testcase: valid[TypeEquals_Valid_31] took 0.144 sec
    [junit] Testcase: valid[TypeEquals_Valid_32] took 0.125 sec
    [junit] Testcase: valid[TypeEquals_Valid_33] took 0.164 sec
    [junit] Testcase: valid[TypeEquals_Valid_34] took 0.152 sec
    [junit] Testcase: valid[TypeEquals_Valid_35] took 0.157 sec
    [junit] Testcase: valid[TypeEquals_Valid_36] took 0 sec
    [junit] Testcase: valid[TypeEquals_Valid_37] took 0 sec
    [junit] Testcase: valid[TypeEquals_Valid_38] took 0 sec
    [junit] Testcase: valid[TypeEquals_Valid_39] took 0.151 sec
    [junit] Testcase: valid[TypeEquals_Valid_40] took 0.181 sec
    [junit] Testcase: valid[TypeEquals_Valid_41] took 0.001 sec
    [junit] Testcase: valid[TypeEquals_Valid_42] took 0.156 sec
    [junit] Testcase: valid[TypeEquals_Valid_43] took 0.132 sec
    [junit] Testcase: valid[TypeEquals_Valid_44] took 0.14 sec
    [junit] Testcase: valid[TypeEquals_Valid_45] took 0.155 sec
    [junit] Testcase: valid[TypeEquals_Valid_46] took 0.153 sec
    [junit] Testcase: valid[TypeEquals_Valid_47] took 0.138 sec
    [junit] Testcase: valid[TypeEquals_Valid_5] took 0.121 sec
    [junit] Testcase: valid[TypeEquals_Valid_6] took 0.12 sec
    [junit] Testcase: valid[TypeEquals_Valid_7] took 0.119 sec
    [junit] Testcase: valid[TypeEquals_Valid_9] took 0.122 sec
    [junit] Testcase: valid[UnionType_Valid_1] took 0.151 sec
    [junit] Testcase: valid[UnionType_Valid_10] took 0.149 sec
    [junit] Testcase: valid[UnionType_Valid_11] took 0.22 sec
    [junit] Testcase: valid[UnionType_Valid_12] took 0.131 sec
    [junit] Testcase: valid[UnionType_Valid_13] took 0.139 sec
    [junit] Testcase: valid[UnionType_Valid_14] took 0.153 sec
    [junit] Testcase: valid[UnionType_Valid_15] took 0.141 sec
    [junit] Testcase: valid[UnionType_Valid_16] took 0.145 sec
    [junit] Testcase: valid[UnionType_Valid_17] took 0.121 sec
    [junit] Testcase: valid[UnionType_Valid_18] took 0.134 sec
    [junit] Testcase: valid[UnionType_Valid_19] took 0.132 sec
    [junit] Testcase: valid[UnionType_Valid_2] took 0.153 sec
    [junit] Testcase: valid[UnionType_Valid_20] took 0.12 sec
    [junit] Testcase: valid[UnionType_Valid_21] took 0.136 sec
    [junit] Testcase: valid[UnionType_Valid_22] took 0.119 sec
    [junit] Testcase: valid[UnionType_Valid_23] took 0.129 sec
    [junit] Testcase: valid[UnionType_Valid_3] took 0.124 sec
    [junit] Testcase: valid[UnionType_Valid_4] took 0.125 sec
    [junit] Testcase: valid[UnionType_Valid_5] took 0.141 sec
    [junit] Testcase: valid[UnionType_Valid_6] took 0.132 sec
    [junit] Testcase: valid[UnionType_Valid_7] took 0.149 sec
    [junit] Testcase: valid[UnionType_Valid_8] took 0.128 sec
    [junit] Testcase: valid[UnionType_Valid_9] took 0.128 sec
    [junit] Testcase: valid[Update_Valid_2] took 0.129 sec
    [junit] Testcase: valid[VarDecl_Valid_1] took 0.141 sec
    [junit] Testcase: valid[VarDecl_Valid_2] took 0.148 sec
    [junit] Testcase: valid[VarDecl_Valid_3] took 0.129 sec
    [junit] Testcase: valid[VarDecl_Valid_4] took 0.13 sec
    [junit] Testcase: valid[While_Valid_1] took 0.12 sec
    [junit] Testcase: valid[While_Valid_10] took 0.143 sec
    [junit] Testcase: valid[While_Valid_11] took 0.142 sec
    [junit] Testcase: valid[While_Valid_12] took 0.137 sec
    [junit] Testcase: valid[While_Valid_14] took 0.132 sec
    [junit] Testcase: valid[While_Valid_15] took 0 sec
    [junit] Testcase: valid[While_Valid_16] took 0.138 sec
    [junit] Testcase: valid[While_Valid_17] took 0.131 sec
    [junit] Testcase: valid[While_Valid_18] took 0.132 sec
    [junit] Testcase: valid[While_Valid_19] took 0.131 sec
    [junit] Testcase: valid[While_Valid_2] took 0.154 sec
    [junit] Testcase: valid[While_Valid_20] took 0.133 sec
    [junit] Testcase: valid[While_Valid_21] took 0.149 sec
    [junit] Testcase: valid[While_Valid_22] took 0.143 sec
    [junit] Testcase: valid[While_Valid_23] took 0.136 sec
    [junit] Testcase: valid[While_Valid_24] took 0.135 sec
    [junit] Testcase: valid[While_Valid_25] took 0.155 sec
    [junit] Testcase: valid[While_Valid_26] took 0.151 sec
    [junit] Testcase: valid[While_Valid_27] took 0.127 sec
    [junit] Testcase: valid[While_Valid_28] took 0.127 sec
    [junit] Testcase: valid[While_Valid_29] took 0.166 sec
    [junit] Testcase: valid[While_Valid_3] took 0.171 sec
    [junit] Testcase: valid[While_Valid_30] took 0.154 sec
    [junit] Testcase: valid[While_Valid_31] took 0.142 sec
    [junit] Testcase: valid[While_Valid_32] took 0.129 sec
    [junit] Testcase: valid[While_Valid_33] took 0.139 sec
    [junit] Testcase: valid[While_Valid_34] took 0.163 sec
    [junit] Testcase: valid[While_Valid_35] took 0.136 sec
    [junit] Testcase: valid[While_Valid_36] took 0.14 sec
    [junit] Testcase: valid[While_Valid_37] took 0.131 sec
    [junit] Testcase: valid[While_Valid_38] took 0.134 sec
    [junit] Testcase: valid[While_Valid_39] took 0.15 sec
    [junit] Testcase: valid[While_Valid_40] took 0.134 sec
    [junit] Testcase: valid[While_Valid_41] took 0.139 sec
    [junit] Testcase: valid[While_Valid_42] took 0.15 sec
    [junit] Testcase: valid[While_Valid_43] took 0.169 sec
    [junit] Testcase: valid[While_Valid_44] took 0.133 sec
    [junit] Testcase: valid[While_Valid_45] took 0.131 sec
    [junit] Testcase: valid[While_Valid_46] took 0.142 sec
    [junit] Testcase: valid[While_Valid_47] took 0.141 sec
    [junit] Testcase: valid[While_Valid_48] took 0 sec
    [junit] Testcase: valid[While_Valid_5] took 0.145 sec
    [junit] Testcase: valid[While_Valid_7] took 0 sec
    [junit] Testcase: valid[While_Valid_9] took 0.139 sec
    [junit] Running wyc.testing.AllValidVerificationTests
    [junit] Testsuite: wyc.testing.AllValidVerificationTests
    [junit] Tests run: 476, Failures: 0, Errors: 0, Time elapsed: 180.666 sec
    [junit] Tests run: 476, Failures: 0, Errors: 0, Time elapsed: 180.666 sec
    [junit] ------------- Standard Error -----------------
    [junit] WARNING: version numbering unavailable
    [junit] ------------- ---------------- ---------------
    [junit] 
    [junit] Testcase: validVerification[Access_Valid_1] took 0.862 sec
    [junit] Testcase: validVerification[Access_Valid_2] took 0.329 sec
    [junit] Testcase: validVerification[Assume_Valid_1] took 0.451 sec
    [junit] Testcase: validVerification[Assume_Valid_2] took 0.235 sec
    [junit] Testcase: validVerification[BoolAssign_Valid_1] took 0.229 sec
    [junit] Testcase: validVerification[BoolAssign_Valid_2] took 1.034 sec
    [junit] Testcase: validVerification[BoolAssign_Valid_3] took 0.411 sec
    [junit] Testcase: validVerification[BoolAssign_Valid_4] took 0.224 sec
    [junit] Testcase: validVerification[BoolAssign_Valid_5] took 0.281 sec
    [junit] Testcase: validVerification[BoolAssign_Valid_6] took 0.213 sec
    [junit] Testcase: validVerification[BoolFun_Valid_1] took 0.23 sec
    [junit] Testcase: validVerification[BoolIfElse_Valid_1] took 0.208 sec
    [junit] Testcase: validVerification[BoolIfElse_Valid_2] took 0.27 sec
    [junit] Testcase: validVerification[BoolList_Valid_1] took 0.313 sec
    [junit] Testcase: validVerification[BoolList_Valid_2] took 0.525 sec
    [junit] Testcase: validVerification[BoolList_Valid_3] took 0.002 sec
    [junit] Testcase: validVerification[BoolRecord_Valid_1] took 0.001 sec
    [junit] Testcase: validVerification[BoolRecord_Valid_2] took 0.284 sec
    [junit] Testcase: validVerification[BoolRequires_Valid_1] took 0.231 sec
    [junit] Testcase: validVerification[BoolReturn_Valid_1] took 0.214 sec
    [junit] Testcase: validVerification[Byte_Valid_1] took 0.297 sec
    [junit] Testcase: validVerification[Byte_Valid_2] took 0.615 sec
    [junit] Testcase: validVerification[Byte_Valid_3] took 0.612 sec
    [junit] Testcase: validVerification[Byte_Valid_4] took 0.63 sec
    [junit] Testcase: validVerification[Byte_Valid_5] took 0.526 sec
    [junit] Testcase: validVerification[Byte_Valid_6] took 0.334 sec
    [junit] Testcase: validVerification[Byte_Valid_7] took 0.456 sec
    [junit] Testcase: validVerification[Byte_Valid_8] took 0.291 sec
    [junit] Testcase: validVerification[Byte_Valid_9] took 0.337 sec
    [junit] Testcase: validVerification[Cast_Valid_5] took 0 sec
    [junit] Testcase: validVerification[Coercion_Valid_2] took 0.256 sec
    [junit] Testcase: validVerification[Coercion_Valid_3] took 0.232 sec
    [junit] Testcase: validVerification[Coercion_Valid_7] took 0.231 sec
    [junit] Testcase: validVerification[Coercion_Valid_8] took 0 sec
    [junit] Testcase: validVerification[Coercion_Valid_9] took 0.272 sec
    [junit] Testcase: validVerification[Complex_Valid_1] took 0 sec
    [junit] Testcase: validVerification[Complex_Valid_2] took 0 sec
    [junit] Testcase: validVerification[Complex_Valid_3] took 0 sec
    [junit] Testcase: validVerification[Complex_Valid_4] took 0 sec
    [junit] Testcase: validVerification[Complex_Valid_5] took 0 sec
    [junit] Testcase: validVerification[Complex_Valid_6] took 0 sec
    [junit] Testcase: validVerification[Complex_Valid_7] took 0 sec
    [junit] Testcase: validVerification[Complex_Valid_8] took 0 sec
    [junit] Testcase: validVerification[Constant_Valid_3] took 0.285 sec
    [junit] Testcase: validVerification[ConstrainedInt_Valid_1] took 0.241 sec
    [junit] Testcase: validVerification[ConstrainedInt_Valid_10] took 0.549 sec
    [junit] Testcase: validVerification[ConstrainedInt_Valid_12] took 0.256 sec
    [junit] Testcase: validVerification[ConstrainedInt_Valid_13] took 0.286 sec
    [junit] Testcase: validVerification[ConstrainedInt_Valid_15] took 0.267 sec
    [junit] Testcase: validVerification[ConstrainedInt_Valid_16] took 2.841 sec
    [junit] Testcase: validVerification[ConstrainedInt_Valid_17] took 0.269 sec
    [junit] Testcase: validVerification[ConstrainedInt_Valid_18] took 0.319 sec
    [junit] Testcase: validVerification[ConstrainedInt_Valid_19] took 0.299 sec
    [junit] Testcase: validVerification[ConstrainedInt_Valid_2] took 0.281 sec
    [junit] Testcase: validVerification[ConstrainedInt_Valid_20] took 0.279 sec
    [junit] Testcase: validVerification[ConstrainedInt_Valid_21] took 0.283 sec
    [junit] Testcase: validVerification[ConstrainedInt_Valid_22] took 0 sec
    [junit] Testcase: validVerification[ConstrainedInt_Valid_23] took 0.245 sec
    [junit] Testcase: validVerification[ConstrainedInt_Valid_24] took 0.371 sec
    [junit] Testcase: validVerification[ConstrainedInt_Valid_3] took 0.302 sec
    [junit] Testcase: validVerification[ConstrainedInt_Valid_4] took 0.289 sec
    [junit] Testcase: validVerification[ConstrainedInt_Valid_5] took 0.23 sec
    [junit] Testcase: validVerification[ConstrainedInt_Valid_6] took 0.51 sec
    [junit] Testcase: validVerification[ConstrainedInt_Valid_8] took 0.001 sec
    [junit] Testcase: validVerification[ConstrainedIntersection_Valid_1] took 0 sec
    [junit] Testcase: validVerification[ConstrainedList_Valid_1] took 0 sec
    [junit] Testcase: validVerification[ConstrainedList_Valid_11] took 0.289 sec
    [junit] Testcase: validVerification[ConstrainedList_Valid_12] took 0.274 sec
    [junit] Testcase: validVerification[ConstrainedList_Valid_14] took 0.32 sec
    [junit] Testcase: validVerification[ConstrainedList_Valid_15] took 0.276 sec
    [junit] Testcase: validVerification[ConstrainedList_Valid_16] took 0 sec
    [junit] Testcase: validVerification[ConstrainedList_Valid_17] took 0 sec
    [junit] Testcase: validVerification[ConstrainedList_Valid_18] took 0 sec
    [junit] Testcase: validVerification[ConstrainedList_Valid_19] took 0 sec
    [junit] Testcase: validVerification[ConstrainedList_Valid_2] took 0.001 sec
    [junit] Testcase: validVerification[ConstrainedList_Valid_20] took 0 sec
    [junit] Testcase: validVerification[ConstrainedList_Valid_21] took 0 sec
    [junit] Testcase: validVerification[ConstrainedList_Valid_22] took 0 sec
    [junit] Testcase: validVerification[ConstrainedList_Valid_23] took 0 sec
    [junit] Testcase: validVerification[ConstrainedList_Valid_25] took 0.312 sec
    [junit] Testcase: validVerification[ConstrainedList_Valid_26] took 0 sec
    [junit] Testcase: validVerification[ConstrainedList_Valid_27] took 0.332 sec
    [junit] Testcase: validVerification[ConstrainedList_Valid_28] took 0 sec
    [junit] Testcase: validVerification[ConstrainedList_Valid_3] took 1.559 sec
    [junit] Testcase: validVerification[ConstrainedList_Valid_4] took 0.001 sec
    [junit] Testcase: validVerification[ConstrainedList_Valid_5] took 0.202 sec
    [junit] Testcase: validVerification[ConstrainedList_Valid_6] took 0 sec
    [junit] Testcase: validVerification[ConstrainedList_Valid_7] took 0 sec
    [junit] Testcase: validVerification[ConstrainedList_Valid_8] took 0 sec
    [junit] Testcase: validVerification[ConstrainedList_Valid_9] took 0.448 sec
    [junit] Testcase: validVerification[ConstrainedNegation_Valid_1] took 0.001 sec
    [junit] Testcase: validVerification[ConstrainedNegation_Valid_2] took 0 sec
    [junit] Testcase: validVerification[ConstrainedRecord_Valid_1] took 0.227 sec
    [junit] Testcase: validVerification[ConstrainedRecord_Valid_10] took 0 sec
    [junit] Testcase: validVerification[ConstrainedRecord_Valid_2] took 0.225 sec
    [junit] Testcase: validVerification[ConstrainedRecord_Valid_3] took 0.203 sec
    [junit] Testcase: validVerification[ConstrainedRecord_Valid_4] took 0.204 sec
    [junit] Testcase: validVerification[ConstrainedRecord_Valid_5] took 0.221 sec
    [junit] Testcase: validVerification[ConstrainedRecord_Valid_6] took 0.344 sec
    [junit] Testcase: validVerification[ConstrainedRecord_Valid_8] took 0 sec
    [junit] Testcase: validVerification[ConstrainedRecord_Valid_9] took 0 sec
    [junit] Testcase: validVerification[ConstrainedReference_Valid_1] took 0 sec
    [junit] Testcase: validVerification[ConstrainedUnion_Valid_1] took 0.227 sec
    [junit] Testcase: validVerification[Contractive_Valid_1] took 0 sec
    [junit] Testcase: validVerification[Contractive_Valid_2] took 0.223 sec
    [junit] Testcase: validVerification[Define_Valid_1] took 0.203 sec
    [junit] Testcase: validVerification[Define_Valid_2] took 0.203 sec
    [junit] Testcase: validVerification[Define_Valid_3] took 0.194 sec
    [junit] Testcase: validVerification[Define_Valid_4] took 0.226 sec
    [junit] Testcase: validVerification[DoWhile_Valid_1] took 0.23 sec
    [junit] Testcase: validVerification[DoWhile_Valid_2] took 0.198 sec
    [junit] Testcase: validVerification[DoWhile_Valid_3] took 0.199 sec
    [junit] Testcase: validVerification[DoWhile_Valid_4] took 0.001 sec
    [junit] Testcase: validVerification[DoWhile_Valid_5] took 0.24 sec
    [junit] Testcase: validVerification[DoWhile_Valid_6] took 0.349 sec
    [junit] Testcase: validVerification[DoWhile_Valid_7] took 0 sec
    [junit] Testcase: validVerification[EffectiveList_Valid_1] took 0.758 sec
    [junit] Testcase: validVerification[Ensures_Valid_1] took 0.271 sec
    [junit] Testcase: validVerification[Ensures_Valid_2] took 0.314 sec
    [junit] Testcase: validVerification[Ensures_Valid_3] took 0 sec
    [junit] Testcase: validVerification[Ensures_Valid_4] took 0.224 sec
    [junit] Testcase: validVerification[Ensures_Valid_5] took 0.21 sec
    [junit] Testcase: validVerification[Ensures_Valid_6] took 0 sec
    [junit] Testcase: validVerification[Ensures_Valid_7] took 0.333 sec
    [junit] Testcase: validVerification[Ensures_Valid_8] took 0.303 sec
    [junit] Testcase: validVerification[Fail_Valid_1] took 0.304 sec
    [junit] Testcase: validVerification[Fail_Valid_2] took 0.372 sec
    [junit] Testcase: validVerification[FunctionRef_Valid_1] took 0.366 sec
    [junit] Testcase: validVerification[FunctionRef_Valid_10] took 0 sec
    [junit] Testcase: validVerification[FunctionRef_Valid_11] took 0 sec
    [junit] Testcase: validVerification[FunctionRef_Valid_12] took 0.353 sec
    [junit] Testcase: validVerification[FunctionRef_Valid_13] took 0 sec
    [junit] Testcase: validVerification[FunctionRef_Valid_2] took 0.001 sec
    [junit] Testcase: validVerification[FunctionRef_Valid_4] took 0 sec
    [junit] Testcase: validVerification[FunctionRef_Valid_5] took 0.375 sec
    [junit] Testcase: validVerification[FunctionRef_Valid_6] took 0.289 sec
    [junit] Testcase: validVerification[FunctionRef_Valid_7] took 0.269 sec
    [junit] Testcase: validVerification[FunctionRef_Valid_8] took 0.274 sec
    [junit] Testcase: validVerification[FunctionRef_Valid_9] took 0.303 sec
    [junit] Testcase: validVerification[Function_Valid_1] took 0.288 sec
    [junit] Testcase: validVerification[Function_Valid_11] took 0.001 sec
    [junit] Testcase: validVerification[Function_Valid_12] took 0.307 sec
    [junit] Testcase: validVerification[Function_Valid_13] took 0.299 sec
    [junit] Testcase: validVerification[Function_Valid_14] took 0.312 sec
    [junit] Testcase: validVerification[Function_Valid_15] took 0 sec
    [junit] Testcase: validVerification[Function_Valid_16] took 0.386 sec
    [junit] Testcase: validVerification[Function_Valid_17] took 0.293 sec
    [junit] Testcase: validVerification[Function_Valid_18] took 0.414 sec
    [junit] Testcase: validVerification[Function_Valid_2] took 0.303 sec
    [junit] Testcase: validVerification[Function_Valid_20] took 0.273 sec
    [junit] Testcase: validVerification[Function_Valid_21] took 0.247 sec
    [junit] Testcase: validVerification[Function_Valid_3] took 0.266 sec
    [junit] Testcase: validVerification[Function_Valid_4] took 0.263 sec
    [junit] Testcase: validVerification[Function_Valid_5] took 0.306 sec
    [junit] Testcase: validVerification[Function_Valid_6] took 29.505 sec
    [junit] Testcase: validVerification[Function_Valid_7] took 0.835 sec
    [junit] Testcase: validVerification[Function_Valid_8] took 28.328 sec
    [junit] Testcase: validVerification[Function_Valid_9] took 0.947 sec
    [junit] Testcase: validVerification[HexAssign_Valid_1] took 0.27 sec
    [junit] Testcase: validVerification[IfElse_Valid_1] took 0.28 sec
    [junit] Testcase: validVerification[IfElse_Valid_2] took 0.306 sec
    [junit] Testcase: validVerification[IfElse_Valid_3] took 0.288 sec
    [junit] Testcase: validVerification[IfElse_Valid_4] took 0 sec
    [junit] Testcase: validVerification[IfElse_Valid_5] took 0.286 sec
    [junit] Testcase: validVerification[Import_Valid_1] took 0.287 sec
    [junit] Testcase: validVerification[Import_Valid_2] took 0.308 sec
    [junit] Testcase: validVerification[Import_Valid_3] took 0.321 sec
    [junit] Testcase: validVerification[Import_Valid_4] took 0 sec
    [junit] Testcase: validVerification[Import_Valid_5] took 0 sec
    [junit] Testcase: validVerification[Import_Valid_6] took 0.238 sec
    [junit] Testcase: validVerification[IntConst_Valid_1] took 0.248 sec
    [junit] Testcase: validVerification[IntDefine_Valid_1] took 0.244 sec
    [junit] Testcase: validVerification[IntDefine_Valid_2] took 0.269 sec
    [junit] Testcase: validVerification[IntDiv_Valid_1] took 0.272 sec
    [junit] Testcase: validVerification[IntDiv_Valid_3] took 0 sec
    [junit] Testcase: validVerification[IntDiv_Valid_4] took 0.28 sec
    [junit] Testcase: validVerification[IntDiv_Valid_5] took 0.263 sec
    [junit] Testcase: validVerification[IntMul_Valid_1] took 0.247 sec
    [junit] Testcase: validVerification[IntMul_Valid_2] took 0.261 sec
    [junit] Testcase: validVerification[IntOp_Valid_1] took 0.339 sec
    [junit] Testcase: validVerification[Intersection_Valid_1] took 0 sec
    [junit] Testcase: validVerification[Intersection_Valid_2] took 0 sec
    [junit] Testcase: validVerification[Lambda_Valid_1] took 0.276 sec
    [junit] Testcase: validVerification[Lambda_Valid_2] took 0.302 sec
    [junit] Testcase: validVerification[Lambda_Valid_3] took 0.001 sec
    [junit] Testcase: validVerification[Lambda_Valid_4] took 0 sec
    [junit] Testcase: validVerification[Lambda_Valid_5] took 0.305 sec
    [junit] Testcase: validVerification[Lambda_Valid_6] took 0.305 sec
    [junit] Testcase: validVerification[Lambda_Valid_7] took 0 sec
    [junit] Testcase: validVerification[Lambda_Valid_8] took 0.288 sec
    [junit] Testcase: validVerification[Lambda_Valid_9] took 0 sec
    [junit] Testcase: validVerification[LengthOf_Valid_1] took 0.276 sec
    [junit] Testcase: validVerification[LengthOf_Valid_4] took 0.293 sec
    [junit] Testcase: validVerification[LengthOf_Valid_5] took 0.244 sec
    [junit] Testcase: validVerification[ListAccess_Valid_1] took 0.266 sec
    [junit] Testcase: validVerification[ListAccess_Valid_3] took 0.372 sec
    [junit] Testcase: validVerification[ListAccess_Valid_5] took 0.266 sec
    [junit] Testcase: validVerification[ListAccess_Valid_6] took 0.001 sec
    [junit] Testcase: validVerification[ListAccess_Valid_8] took 0.476 sec
    [junit] Testcase: validVerification[ListAccess_Valid_9] took 0.289 sec
    [junit] Testcase: validVerification[ListAssign_Valid_1] took 0 sec
    [junit] Testcase: validVerification[ListAssign_Valid_11] took 0.301 sec
    [junit] Testcase: validVerification[ListAssign_Valid_2] took 0.296 sec
    [junit] Testcase: validVerification[ListAssign_Valid_3] took 0.294 sec
    [junit] Testcase: validVerification[ListAssign_Valid_4] took 0.401 sec
    [junit] Testcase: validVerification[ListAssign_Valid_5] took 1.742 sec
    [junit] Testcase: validVerification[ListAssign_Valid_6] took 0 sec
    [junit] Testcase: validVerification[ListAssign_Valid_7] took 0.363 sec
    [junit] Testcase: validVerification[ListAssign_Valid_8] took 0.325 sec
    [junit] Testcase: validVerification[ListAssign_Valid_9] took 0.338 sec
    [junit] Testcase: validVerification[ListEmpty_Valid_1] took 0.294 sec
    [junit] Testcase: validVerification[ListGenerator_Valid_1] took 0.32 sec
    [junit] Testcase: validVerification[ListGenerator_Valid_10] took 0.261 sec
    [junit] Testcase: validVerification[ListGenerator_Valid_11] took 0.286 sec
    [junit] Testcase: validVerification[ListGenerator_Valid_12] took 0.001 sec
    [junit] Testcase: validVerification[ListGenerator_Valid_2] took 0.282 sec
    [junit] Testcase: validVerification[ListGenerator_Valid_3] took 0.343 sec
    [junit] Testcase: validVerification[ListGenerator_Valid_5] took 0.298 sec
    [junit] Testcase: validVerification[ListGenerator_Valid_6] took 0.389 sec
    [junit] Testcase: validVerification[ListGenerator_Valid_7] took 0.329 sec
    [junit] Testcase: validVerification[ListGenerator_Valid_8] took 0.285 sec
    [junit] Testcase: validVerification[ListGenerator_Valid_9] took 0.303 sec
    [junit] Testcase: validVerification[ListLength_Valid_1] took 0.268 sec
    [junit] Testcase: validVerification[ListLength_Valid_2] took 0.296 sec
    [junit] Testcase: validVerification[ListLength_Valid_3] took 0.304 sec
    [junit] Testcase: validVerification[MessageRef_Valid_1] took 0.282 sec
    [junit] Testcase: validVerification[MessageRef_Valid_2] took 0.326 sec
    [junit] Testcase: validVerification[MessageSend_Valid_1] took 0.295 sec
    [junit] Testcase: validVerification[MessageSend_Valid_2] took 0.249 sec
    [junit] Testcase: validVerification[MessageSend_Valid_3] took 0.293 sec
    [junit] Testcase: validVerification[MessageSend_Valid_4] took 0.362 sec
    [junit] Testcase: validVerification[MessageSend_Valid_5] took 0.359 sec
    [junit] Testcase: validVerification[MethodCall_Valid_1] took 0.285 sec
    [junit] Testcase: validVerification[MethodCall_Valid_2] took 0.283 sec
    [junit] Testcase: validVerification[MethodCall_Valid_3] took 0.279 sec
    [junit] Testcase: validVerification[MethodCall_Valid_4] took 0.337 sec
    [junit] Testcase: validVerification[MethodRef_Valid_1] took 0.282 sec
    [junit] Testcase: validVerification[MethodRef_Valid_2] took 0.312 sec
    [junit] Testcase: validVerification[Method_Valid_1] took 0 sec
    [junit] Testcase: validVerification[MultiLineComment_Valid_1] took 0.272 sec
    [junit] Testcase: validVerification[MultiLineComment_Valid_2] took 0.267 sec
    [junit] Testcase: validVerification[NegationType_Valid_1] took 0.303 sec
    [junit] Testcase: validVerification[NegationType_Valid_2] took 0.351 sec
    [junit] Testcase: validVerification[NegationType_Valid_3] took 0 sec
    [junit] Testcase: validVerification[NegationType_Valid_4] took 0.3 sec
    [junit] Testcase: validVerification[NegationType_Valid_5] took 0.354 sec
    [junit] Testcase: validVerification[OpenRecord_Valid_1] took 0.288 sec
    [junit] Testcase: validVerification[OpenRecord_Valid_10] took 0.328 sec
    [junit] Testcase: validVerification[OpenRecord_Valid_11] took 0 sec
    [junit] Testcase: validVerification[OpenRecord_Valid_2] took 0.242 sec
    [junit] Testcase: validVerification[OpenRecord_Valid_3] took 0.253 sec
    [junit] Testcase: validVerification[OpenRecord_Valid_4] took 0.283 sec
    [junit] Testcase: validVerification[OpenRecord_Valid_5] took 0.311 sec
    [junit] Testcase: validVerification[OpenRecord_Valid_6] took 0.354 sec
    [junit] Testcase: validVerification[OpenRecord_Valid_9] took 0.314 sec
    [junit] Testcase: validVerification[ProcessAccess_Valid_1] took 0.247 sec
    [junit] Testcase: validVerification[ProcessAccess_Valid_2] took 0.299 sec
    [junit] Testcase: validVerification[Process_Valid_1] took 0 sec
    [junit] Testcase: validVerification[Process_Valid_10] took 0 sec
    [junit] Testcase: validVerification[Process_Valid_11] took 0.265 sec
    [junit] Testcase: validVerification[Process_Valid_12] took 0.277 sec
    [junit] Testcase: validVerification[Process_Valid_2] took 0.248 sec
    [junit] Testcase: validVerification[Process_Valid_3] took 0.297 sec
    [junit] Testcase: validVerification[Process_Valid_4] took 0.296 sec
    [junit] Testcase: validVerification[Process_Valid_5] took 0.267 sec
    [junit] Testcase: validVerification[Process_Valid_6] took 0.462 sec
    [junit] Testcase: validVerification[Process_Valid_7] took 0.267 sec
    [junit] Testcase: validVerification[Process_Valid_8] took 0.274 sec
    [junit] Testcase: validVerification[Process_Valid_9] took 0 sec
    [junit] Testcase: validVerification[Quantifiers_Valid_1] took 0.312 sec
    [junit] Testcase: validVerification[RecordAccess_Valid_1] took 0.301 sec
    [junit] Testcase: validVerification[RecordAssign_Valid_1] took 0.324 sec
    [junit] Testcase: validVerification[RecordAssign_Valid_10] took 0.279 sec
    [junit] Testcase: validVerification[RecordAssign_Valid_2] took 0.001 sec
    [junit] Testcase: validVerification[RecordAssign_Valid_3] took 0.381 sec
    [junit] Testcase: validVerification[RecordAssign_Valid_4] took 0.322 sec
    [junit] Testcase: validVerification[RecordAssign_Valid_5] took 0.307 sec
    [junit] Testcase: validVerification[RecordAssign_Valid_6] took 0.259 sec
    [junit] Testcase: validVerification[RecordAssign_Valid_7] took 0.292 sec
    [junit] Testcase: validVerification[RecordAssign_Valid_8] took 0.256 sec
    [junit] Testcase: validVerification[RecordAssign_Valid_9] took 0.345 sec
    [junit] Testcase: validVerification[RecordCoercion_Valid_1] took 0 sec
    [junit] Testcase: validVerification[RecordDefine_Valid_1] took 0.24 sec
    [junit] Testcase: validVerification[RecordDefine_Valid_2] took 0.264 sec
    [junit] Testcase: validVerification[RecordSubtype_Valid_1] took 0 sec
    [junit] Testcase: validVerification[RecordSubtype_Valid_2] took 0 sec
    [junit] Testcase: validVerification[RecursiveType_Valid_1] took 0.252 sec
    [junit] Testcase: validVerification[RecursiveType_Valid_10] took 0.244 sec
    [junit] Testcase: validVerification[RecursiveType_Valid_11] took 0 sec
    [junit] Testcase: validVerification[RecursiveType_Valid_12] took 0 sec
    [junit] Testcase: validVerification[RecursiveType_Valid_13] took 0.25 sec
    [junit] Testcase: validVerification[RecursiveType_Valid_14] took 0 sec
    [junit] Testcase: validVerification[RecursiveType_Valid_15] took 0.327 sec
    [junit] Testcase: validVerification[RecursiveType_Valid_16] took 0 sec
    [junit] Testcase: validVerification[RecursiveType_Valid_17] took 0 sec
    [junit] Testcase: validVerification[RecursiveType_Valid_18] took 0 sec
    [junit] Testcase: validVerification[RecursiveType_Valid_19] took 0 sec
    [junit] Testcase: validVerification[RecursiveType_Valid_2] took 0.001 sec
    [junit] Testcase: validVerification[RecursiveType_Valid_20] took 0 sec
    [junit] Testcase: validVerification[RecursiveType_Valid_21] took 0 sec
    [junit] Testcase: validVerification[RecursiveType_Valid_22] took 0 sec
    [junit] Testcase: validVerification[RecursiveType_Valid_23] took 0 sec
    [junit] Testcase: validVerification[RecursiveType_Valid_24] took 0 sec
    [junit] Testcase: validVerification[RecursiveType_Valid_25] took 0 sec
    [junit] Testcase: validVerification[RecursiveType_Valid_26] took 0 sec
    [junit] Testcase: validVerification[RecursiveType_Valid_27] took 0 sec
    [junit] Testcase: validVerification[RecursiveType_Valid_28] took 0 sec
    [junit] Testcase: validVerification[RecursiveType_Valid_3] took 0 sec
    [junit] Testcase: validVerification[RecursiveType_Valid_4] took 0 sec
    [junit] Testcase: validVerification[RecursiveType_Valid_5] took 0 sec
    [junit] Testcase: validVerification[RecursiveType_Valid_6] took 0.267 sec
    [junit] Testcase: validVerification[RecursiveType_Valid_7] took 0 sec
    [junit] Testcase: validVerification[RecursiveType_Valid_8] took 0.312 sec
    [junit] Testcase: validVerification[RecursiveType_Valid_9] took 0.275 sec
    [junit] Testcase: validVerification[ReferenceType_Valid_1] took 0.272 sec
    [junit] Testcase: validVerification[Reference_Valid_1] took 0.282 sec
    [junit] Testcase: validVerification[Reference_Valid_2] took 0 sec
    [junit] Testcase: validVerification[Reference_Valid_3] took 0 sec
    [junit] Testcase: validVerification[Reference_Valid_4] took 0.308 sec
    [junit] Testcase: validVerification[Reference_Valid_5] took 0.27 sec
    [junit] Testcase: validVerification[Reference_Valid_6] took 0 sec
    [junit] Testcase: validVerification[Reference_Valid_7] took 0.282 sec
    [junit] Testcase: validVerification[Reference_Valid_8] took 0.285 sec
    [junit] Testcase: validVerification[Remainder_Valid_1] took 0.273 sec
    [junit] Testcase: validVerification[Requires_Valid_1] took 0.304 sec
    [junit] Testcase: validVerification[Resolution_Valid_1] took 0.265 sec
    [junit] Testcase: validVerification[Return_Valid_1] took 0 sec
    [junit] Testcase: validVerification[SingleLineComment_Valid_1] took 0.238 sec
    [junit] Testcase: validVerification[Skip_Valid_1] took 0.27 sec
    [junit] Testcase: validVerification[String_Valid_1] took 0.31 sec
    [junit] Testcase: validVerification[String_Valid_2] took 0.292 sec
    [junit] Testcase: validVerification[String_Valid_3] took 0.29 sec
    [junit] Testcase: validVerification[String_Valid_4] took 0.337 sec
    [junit] Testcase: validVerification[String_Valid_5] took 0.334 sec
    [junit] Testcase: validVerification[String_Valid_6] took 1.635 sec
    [junit] Testcase: validVerification[Subtype_Valid_1] took 0 sec
    [junit] Testcase: validVerification[Subtype_Valid_10] took 0 sec
    [junit] Testcase: validVerification[Subtype_Valid_11] took 0 sec
    [junit] Testcase: validVerification[Subtype_Valid_12] took 0 sec
    [junit] Testcase: validVerification[Subtype_Valid_13] took 0 sec
    [junit] Testcase: validVerification[Subtype_Valid_14] took 0 sec
    [junit] Testcase: validVerification[Subtype_Valid_2] took 0.26 sec
    [junit] Testcase: validVerification[Subtype_Valid_3] took 0.259 sec
    [junit] Testcase: validVerification[Subtype_Valid_4] took 0.258 sec
    [junit] Testcase: validVerification[Subtype_Valid_5] took 0.242 sec
    [junit] Testcase: validVerification[Subtype_Valid_6] took 0.273 sec
    [junit] Testcase: validVerification[Subtype_Valid_7] took 0 sec
    [junit] Testcase: validVerification[Subtype_Valid_8] took 0.252 sec
    [junit] Testcase: validVerification[Subtype_Valid_9] took 0.281 sec
    [junit] Testcase: validVerification[Switch_Valid_1] took 0.268 sec
    [junit] Testcase: validVerification[Switch_Valid_10] took 0.31 sec
    [junit] Testcase: validVerification[Switch_Valid_11] took 0.318 sec
    [junit] Testcase: validVerification[Switch_Valid_12] took 0.376 sec
    [junit] Testcase: validVerification[Switch_Valid_13] took 0.265 sec
    [junit] Testcase: validVerification[Switch_Valid_2] took 0.271 sec
    [junit] Testcase: validVerification[Switch_Valid_3] took 0.245 sec
    [junit] Testcase: validVerification[Switch_Valid_4] took 0.282 sec
    [junit] Testcase: validVerification[Switch_Valid_5] took 0.284 sec
    [junit] Testcase: validVerification[Switch_Valid_6] took 0.262 sec
    [junit] Testcase: validVerification[Switch_Valid_7] took 0.3 sec
    [junit] Testcase: validVerification[Switch_Valid_8] took 0.255 sec
    [junit] Testcase: validVerification[Switch_Valid_9] took 0.282 sec
    [junit] Testcase: validVerification[Syntax_Valid_1] took 0.227 sec
    [junit] Testcase: validVerification[TypeEquals_Valid_1] took 0.237 sec
    [junit] Testcase: validVerification[TypeEquals_Valid_10] took 0.269 sec
    [junit] Testcase: validVerification[TypeEquals_Valid_11] took 0.218 sec
    [junit] Testcase: validVerification[TypeEquals_Valid_12] took 0.226 sec
    [junit] Testcase: validVerification[TypeEquals_Valid_14] took 0.232 sec
    [junit] Testcase: validVerification[TypeEquals_Valid_15] took 0.252 sec
    [junit] Testcase: validVerification[TypeEquals_Valid_16] took 0.256 sec
    [junit] Testcase: validVerification[TypeEquals_Valid_17] took 0.252 sec
    [junit] Testcase: validVerification[TypeEquals_Valid_18] took 0.278 sec
    [junit] Testcase: validVerification[TypeEquals_Valid_19] took 0.272 sec
    [junit] Testcase: validVerification[TypeEquals_Valid_2] took 0 sec
    [junit] Testcase: validVerification[TypeEquals_Valid_21] took 0.275 sec
    [junit] Testcase: validVerification[TypeEquals_Valid_23] took 0.001 sec
    [junit] Testcase: validVerification[TypeEquals_Valid_24] took 0.217 sec
    [junit] Testcase: validVerification[TypeEquals_Valid_25] took 0 sec
    [junit] Testcase: validVerification[TypeEquals_Valid_27] took 0.224 sec
    [junit] Testcase: validVerification[TypeEquals_Valid_28] took 0.228 sec
    [junit] Testcase: validVerification[TypeEquals_Valid_29] took 0.248 sec
    [junit] Testcase: validVerification[TypeEquals_Valid_3] took 0 sec
    [junit] Testcase: validVerification[TypeEquals_Valid_30] took 0 sec
    [junit] Testcase: validVerification[TypeEquals_Valid_31] took 0.252 sec
    [junit] Testcase: validVerification[TypeEquals_Valid_32] took 0.581 sec
    [junit] Testcase: validVerification[TypeEquals_Valid_33] took 0.306 sec
    [junit] Testcase: validVerification[TypeEquals_Valid_34] took 0.352 sec
    [junit] Testcase: validVerification[TypeEquals_Valid_35] took 0.497 sec
    [junit] Testcase: validVerification[TypeEquals_Valid_36] took 0 sec
    [junit] Testcase: validVerification[TypeEquals_Valid_37] took 0 sec
    [junit] Testcase: validVerification[TypeEquals_Valid_38] took 0 sec
    [junit] Testcase: validVerification[TypeEquals_Valid_39] took 0.255 sec
    [junit] Testcase: validVerification[TypeEquals_Valid_40] took 0.278 sec
    [junit] Testcase: validVerification[TypeEquals_Valid_41] took 0 sec
    [junit] Testcase: validVerification[TypeEquals_Valid_42] took 0.272 sec
    [junit] Testcase: validVerification[TypeEquals_Valid_43] took 0.273 sec
    [junit] Testcase: validVerification[TypeEquals_Valid_44] took 0.282 sec
    [junit] Testcase: validVerification[TypeEquals_Valid_45] took 0 sec
    [junit] Testcase: validVerification[TypeEquals_Valid_46] took 0.279 sec
    [junit] Testcase: validVerification[TypeEquals_Valid_47] took 0.28 sec
    [junit] Testcase: validVerification[TypeEquals_Valid_5] took 0.298 sec
    [junit] Testcase: validVerification[TypeEquals_Valid_6] took 0.332 sec
    [junit] Testcase: validVerification[TypeEquals_Valid_7] took 0.267 sec
    [junit] Testcase: validVerification[TypeEquals_Valid_9] took 0.316 sec
    [junit] Testcase: validVerification[UnionType_Valid_1] took 0.343 sec
    [junit] Testcase: validVerification[UnionType_Valid_10] took 0.321 sec
    [junit] Testcase: validVerification[UnionType_Valid_11] took 0.347 sec
    [junit] Testcase: validVerification[UnionType_Valid_12] took 0.318 sec
    [junit] Testcase: validVerification[UnionType_Valid_13] took 0.358 sec
    [junit] Testcase: validVerification[UnionType_Valid_14] took 0 sec
    [junit] Testcase: validVerification[UnionType_Valid_15] took 0.344 sec
    [junit] Testcase: validVerification[UnionType_Valid_16] took 0.295 sec
    [junit] Testcase: validVerification[UnionType_Valid_17] took 0.31 sec
    [junit] Testcase: validVerification[UnionType_Valid_18] took 0.294 sec
    [junit] Testcase: validVerification[UnionType_Valid_19] took 0.288 sec
    [junit] Testcase: validVerification[UnionType_Valid_2] took 0 sec
    [junit] Testcase: validVerification[UnionType_Valid_20] took 0.435 sec
    [junit] Testcase: validVerification[UnionType_Valid_21] took 0.315 sec
    [junit] Testcase: validVerification[UnionType_Valid_22] took 0 sec
    [junit] Testcase: validVerification[UnionType_Valid_23] took 0.288 sec
    [junit] Testcase: validVerification[UnionType_Valid_3] took 0.369 sec
    [junit] Testcase: validVerification[UnionType_Valid_4] took 0.335 sec
    [junit] Testcase: validVerification[UnionType_Valid_5] took 0.284 sec
    [junit] Testcase: validVerification[UnionType_Valid_6] took 0.28 sec
    [junit] Testcase: validVerification[UnionType_Valid_7] took 0.353 sec
    [junit] Testcase: validVerification[UnionType_Valid_8] took 0.375 sec
    [junit] Testcase: validVerification[UnionType_Valid_9] took 0.387 sec
    [junit] Testcase: validVerification[Update_Valid_2] took 0.272 sec
    [junit] Testcase: validVerification[VarDecl_Valid_1] took 0.255 sec
    [junit] Testcase: validVerification[VarDecl_Valid_2] took 0.264 sec
    [junit] Testcase: validVerification[VarDecl_Valid_3] took 0.25 sec
    [junit] Testcase: validVerification[VarDecl_Valid_4] took 0.248 sec
    [junit] Testcase: validVerification[While_Valid_1] took 0.493 sec
    [junit] Testcase: validVerification[While_Valid_10] took 0.352 sec
    [junit] Testcase: validVerification[While_Valid_11] took 0 sec
    [junit] Testcase: validVerification[While_Valid_12] took 0.518 sec
    [junit] Testcase: validVerification[While_Valid_14] took 0.304 sec
    [junit] Testcase: validVerification[While_Valid_15] took 0 sec
    [junit] Testcase: validVerification[While_Valid_16] took 0 sec
    [junit] Testcase: validVerification[While_Valid_17] took 0.278 sec
    [junit] Testcase: validVerification[While_Valid_18] took 0.419 sec
    [junit] Testcase: validVerification[While_Valid_19] took 0.4 sec
    [junit] Testcase: validVerification[While_Valid_2] took 0.001 sec
    [junit] Testcase: validVerification[While_Valid_20] took 0.306 sec
    [junit] Testcase: validVerification[While_Valid_21] took 0.491 sec
    [junit] Testcase: validVerification[While_Valid_22] took 0 sec
    [junit] Testcase: validVerification[While_Valid_23] took 0 sec
    [junit] Testcase: validVerification[While_Valid_24] took 0.353 sec
    [junit] Testcase: validVerification[While_Valid_25] took 0.342 sec
    [junit] Testcase: validVerification[While_Valid_26] took 0 sec
    [junit] Testcase: validVerification[While_Valid_27] took 0 sec
    [junit] Testcase: validVerification[While_Valid_28] took 0.329 sec
    [junit] Testcase: validVerification[While_Valid_29] took 0.409 sec
    [junit] Testcase: validVerification[While_Valid_3] took 0 sec
    [junit] Testcase: validVerification[While_Valid_30] took 0.416 sec
    [junit] Testcase: validVerification[While_Valid_31] took 0.382 sec
    [junit] Testcase: validVerification[While_Valid_32] took 0.412 sec
    [junit] Testcase: validVerification[While_Valid_33] took 0.397 sec
    [junit] Testcase: validVerification[While_Valid_34] took 0 sec
    [junit] Testcase: validVerification[While_Valid_35] took 1.619 sec
    [junit] Testcase: validVerification[While_Valid_36] took 1.26 sec
    [junit] Testcase: validVerification[While_Valid_37] took 0 sec
    [junit] Testcase: validVerification[While_Valid_38] took 3.32 sec
    [junit] Testcase: validVerification[While_Valid_39] took 0.383 sec
    [junit] Testcase: validVerification[While_Valid_40] took 0.442 sec
    [junit] Testcase: validVerification[While_Valid_41] took 1.017 sec
    [junit] Testcase: validVerification[While_Valid_42] took 0 sec
    [junit] Testcase: validVerification[While_Valid_43] took 0.994 sec
    [junit] Testcase: validVerification[While_Valid_44] took 0.623 sec
    [junit] Testcase: validVerification[While_Valid_45] took 0.9 sec
    [junit] Testcase: validVerification[While_Valid_46] took 0.521 sec
    [junit] Testcase: validVerification[While_Valid_47] took 0.436 sec
    [junit] Testcase: validVerification[While_Valid_48] took 0 sec
    [junit] Testcase: validVerification[While_Valid_5] took 0 sec
    [junit] Testcase: validVerification[While_Valid_7] took 0.763 sec
    [junit] Testcase: validVerification[While_Valid_9] took 0.624 sec

test:

test:

BUILD SUCCESSFUL
Total time: 5 minutes 46 seconds

travis_time:end:07579610:start=1657803496001061487,finish=1657803842368457387,duration=346367395900[0K
[32;1mThe command "ant test-all" exited with 0.[0m

Done. Your build exited with 0.
