Apache Maven 3.6.3
Maven home: /usr/share/maven
Java version: 1.8.0_342, vendor: Private Build, runtime: /usr/lib/jvm/java-8-openjdk-amd64/jre
Default locale: en_US, platform encoding: UTF-8
OS name: "linux", version: "5.15.0-41-generic", arch: "amd64", family: "unix"
[INFO] Scanning for projects...
[INFO] ------------------------------------------------------------------------
[INFO] Reactor Build Order:
[INFO] 
[INFO] cucumber-seeds-parent                                              [pom]
[INFO] seeds-core                                                         [jar]
[INFO] seeds-db                                                           [jar]
[INFO] test-steps                                                         [jar]
[INFO] 
[INFO] ----------------< com.github.smallcreep.cucumber:seeds >----------------
[INFO] Building cucumber-seeds-parent 0.0.1-SNAPSHOT                      [1/4]
[INFO] --------------------------------[ pom ]---------------------------------
[INFO] 
[INFO] --- maven-enforcer-plugin:1.4.1:enforce (enforce-maven) @ seeds ---
[INFO] Skipping Rule Enforcement.
[INFO] 
[INFO] --- buildnumber-maven-plugin:1.4:create (jcabi-build-number) @ seeds ---
[INFO] ShortRevision tag detected. The value is '7'.
[INFO] Executing: /bin/sh -c cd '/On-the-Reproducibility/section-2/reproducibility-scanner/reproducer/workspace/Bears-240' && 'git' 'rev-parse' '--verify' '--short=7' 'HEAD'
[INFO] Working directory: /On-the-Reproducibility/section-2/reproducibility-scanner/reproducer/workspace/Bears-240
[INFO] Storing buildNumber: null at timestamp: 2022-08-18T14:30:31
[WARNING] Cannot get the branch information from the git repository: 
Detecting the current branch failed: fatal: not a git repository: /On-the-Reproducibility/section-2/reproducibility-scanner/reproducer/workspace/Bears-240/../../.git/modules/benchmarks/bears-benchmark

[INFO] ShortRevision tag detected. The value is '7'.
[INFO] Executing: /bin/sh -c cd '/On-the-Reproducibility/section-2/reproducibility-scanner/reproducer/workspace/Bears-240' && 'git' 'rev-parse' '--verify' '--short=7' 'HEAD'
[INFO] Working directory: /On-the-Reproducibility/section-2/reproducibility-scanner/reproducer/workspace/Bears-240
[INFO] Storing buildScmBranch: UNKNOWN_BRANCH
[INFO] 
[INFO] --- buildnumber-maven-plugin:1.4:create-timestamp (jcabi-build-number) @ seeds ---
[INFO] 
[INFO] -------------< com.github.smallcreep.cucumber:seeds-core >--------------
[INFO] Building seeds-core 0.0.1-SNAPSHOT                                 [2/4]
[INFO] --------------------------------[ jar ]---------------------------------
[INFO] 
[INFO] --- maven-enforcer-plugin:1.4.1:enforce (enforce-maven) @ seeds-core ---
[INFO] Skipping Rule Enforcement.
[INFO] 
[INFO] --- buildnumber-maven-plugin:1.4:create (jcabi-build-number) @ seeds-core ---
[INFO] ShortRevision tag detected. The value is '7'.
[INFO] Executing: /bin/sh -c cd '/On-the-Reproducibility/section-2/reproducibility-scanner/reproducer/workspace/Bears-240/seeds-core' && 'git' 'rev-parse' '--verify' '--short=7' 'HEAD'
[INFO] Working directory: /On-the-Reproducibility/section-2/reproducibility-scanner/reproducer/workspace/Bears-240/seeds-core
[INFO] Storing buildNumber: null at timestamp: 2022-08-18T14:30:31
[WARNING] Cannot get the branch information from the git repository: 
Detecting the current branch failed: fatal: not a git repository: /On-the-Reproducibility/section-2/reproducibility-scanner/reproducer/workspace/Bears-240/../../.git/modules/benchmarks/bears-benchmark

[INFO] ShortRevision tag detected. The value is '7'.
[INFO] Executing: /bin/sh -c cd '/On-the-Reproducibility/section-2/reproducibility-scanner/reproducer/workspace/Bears-240/seeds-core' && 'git' 'rev-parse' '--verify' '--short=7' 'HEAD'
[INFO] Working directory: /On-the-Reproducibility/section-2/reproducibility-scanner/reproducer/workspace/Bears-240/seeds-core
[INFO] Storing buildScmBranch: UNKNOWN_BRANCH
[INFO] 
[INFO] --- buildnumber-maven-plugin:1.4:create-timestamp (jcabi-build-number) @ seeds-core ---
[INFO] 
[INFO] --- maven-resources-plugin:3.0.1:resources (default-resources) @ seeds-core ---
[INFO] Using 'UTF-8' encoding to copy filtered resources.
[INFO] skip non existing resourceDirectory /On-the-Reproducibility/section-2/reproducibility-scanner/reproducer/workspace/Bears-240/seeds-core/src/main/resources
[INFO] 
[INFO] --- maven-compiler-plugin:3.7.0:compile (default-compile) @ seeds-core ---
[INFO] Changes detected - recompiling the module!
[INFO] Compiling 21 source files to /On-the-Reproducibility/section-2/reproducibility-scanner/reproducer/workspace/Bears-240/seeds-core/target/classes
[INFO] 
[INFO] --- maven-resources-plugin:3.0.1:testResources (default-testResources) @ seeds-core ---
[INFO] Using 'UTF-8' encoding to copy filtered resources.
[INFO] skip non existing resourceDirectory /On-the-Reproducibility/section-2/reproducibility-scanner/reproducer/workspace/Bears-240/seeds-core/src/test/resources
[INFO] 
[INFO] --- maven-compiler-plugin:3.7.0:testCompile (default-testCompile) @ seeds-core ---
[INFO] Nothing to compile - all classes are up to date
[INFO] 
[INFO] --- maven-surefire-plugin:2.19.1:test (default-test) @ seeds-core ---

-------------------------------------------------------
 T E S T S
-------------------------------------------------------
Running com.github.smallcreep.cucumber.seeds.context.CxSimpleTest
Tests run: 5, Failures: 0, Errors: 0, Skipped: 0, Time elapsed: 0.074 sec - in com.github.smallcreep.cucumber.seeds.context.CxSimpleTest
Running com.github.smallcreep.cucumber.seeds.suit.StSimpleTest
Tests run: 3, Failures: 0, Errors: 0, Skipped: 0, Time elapsed: 0.008 sec - in com.github.smallcreep.cucumber.seeds.suit.StSimpleTest
Running com.github.smallcreep.cucumber.seeds.props.PrMapTest
Tests run: 1, Failures: 0, Errors: 0, Skipped: 0, Time elapsed: 0.07 sec - in com.github.smallcreep.cucumber.seeds.props.PrMapTest
Running com.github.smallcreep.cucumber.seeds.scenario.ScSimpleTest
Tests run: 1, Failures: 0, Errors: 0, Skipped: 0, Time elapsed: 0.009 sec - in com.github.smallcreep.cucumber.seeds.scenario.ScSimpleTest
Running com.github.smallcreep.cucumber.seeds.context.CxJoinedTest
Tests run: 4, Failures: 0, Errors: 0, Skipped: 0, Time elapsed: 0.077 sec - in com.github.smallcreep.cucumber.seeds.context.CxJoinedTest
Running com.github.smallcreep.cucumber.seeds.suit.StDefaultTest
Tests run: 2, Failures: 0, Errors: 0, Skipped: 0, Time elapsed: 0.07 sec - in com.github.smallcreep.cucumber.seeds.suit.StDefaultTest
Running com.github.smallcreep.cucumber.seeds.suit.StEnvelopeTest
Tests run: 3, Failures: 0, Errors: 0, Skipped: 0, Time elapsed: 0.014 sec - in com.github.smallcreep.cucumber.seeds.suit.StEnvelopeTest
Running com.github.smallcreep.cucumber.seeds.suit.StSmartTest
Tests run: 4, Failures: 0, Errors: 0, Skipped: 0, Time elapsed: 0.071 sec - in com.github.smallcreep.cucumber.seeds.suit.StSmartTest
Running com.github.smallcreep.cucumber.seeds.context.CxPropertiesTest
Tests run: 3, Failures: 0, Errors: 0, Skipped: 0, Time elapsed: 0.074 sec - in com.github.smallcreep.cucumber.seeds.context.CxPropertiesTest

Results :

Tests run: 26, Failures: 0, Errors: 0, Skipped: 0

[INFO] 
[INFO] --------------< com.github.smallcreep.cucumber:seeds-db >---------------
[INFO] Building seeds-db 0.0.1-SNAPSHOT                                   [3/4]
[INFO] --------------------------------[ jar ]---------------------------------
[INFO] 
[INFO] --- maven-enforcer-plugin:1.4.1:enforce (enforce-maven) @ seeds-db ---
[INFO] Skipping Rule Enforcement.
[INFO] 
[INFO] --- buildnumber-maven-plugin:1.4:create (jcabi-build-number) @ seeds-db ---
[INFO] ShortRevision tag detected. The value is '7'.
[INFO] Executing: /bin/sh -c cd '/On-the-Reproducibility/section-2/reproducibility-scanner/reproducer/workspace/Bears-240/seeds-db' && 'git' 'rev-parse' '--verify' '--short=7' 'HEAD'
[INFO] Working directory: /On-the-Reproducibility/section-2/reproducibility-scanner/reproducer/workspace/Bears-240/seeds-db
[INFO] Storing buildNumber: null at timestamp: 2022-08-18T14:30:33
[WARNING] Cannot get the branch information from the git repository: 
Detecting the current branch failed: fatal: not a git repository: /On-the-Reproducibility/section-2/reproducibility-scanner/reproducer/workspace/Bears-240/../../.git/modules/benchmarks/bears-benchmark

[INFO] ShortRevision tag detected. The value is '7'.
[INFO] Executing: /bin/sh -c cd '/On-the-Reproducibility/section-2/reproducibility-scanner/reproducer/workspace/Bears-240/seeds-db' && 'git' 'rev-parse' '--verify' '--short=7' 'HEAD'
[INFO] Working directory: /On-the-Reproducibility/section-2/reproducibility-scanner/reproducer/workspace/Bears-240/seeds-db
[INFO] Storing buildScmBranch: UNKNOWN_BRANCH
[INFO] 
[INFO] --- buildnumber-maven-plugin:1.4:create-timestamp (jcabi-build-number) @ seeds-db ---
[INFO] 
[INFO] --- maven-resources-plugin:3.0.1:resources (default-resources) @ seeds-db ---
[INFO] Using 'UTF-8' encoding to copy filtered resources.
[INFO] skip non existing resourceDirectory /On-the-Reproducibility/section-2/reproducibility-scanner/reproducer/workspace/Bears-240/seeds-db/src/main/resources
[INFO] 
[INFO] --- maven-compiler-plugin:3.7.0:compile (default-compile) @ seeds-db ---
[INFO] Changes detected - recompiling the module!
[INFO] Compiling 13 source files to /On-the-Reproducibility/section-2/reproducibility-scanner/reproducer/workspace/Bears-240/seeds-db/target/classes
[INFO] 
[INFO] --- maven-resources-plugin:3.0.1:testResources (default-testResources) @ seeds-db ---
[INFO] Using 'UTF-8' encoding to copy filtered resources.
[INFO] skip non existing resourceDirectory /On-the-Reproducibility/section-2/reproducibility-scanner/reproducer/workspace/Bears-240/seeds-db/src/test/resources
[INFO] 
[INFO] --- maven-compiler-plugin:3.7.0:testCompile (default-testCompile) @ seeds-db ---
[INFO] Nothing to compile - all classes are up to date
[INFO] 
[INFO] --- maven-surefire-plugin:2.19.1:test (default-test) @ seeds-db ---

-------------------------------------------------------
 T E S T S
-------------------------------------------------------
Running com.github.smallcreep.cucumber.seeds.props.PrDbsSuitTest
Tests run: 3, Failures: 0, Errors: 0, Skipped: 0, Time elapsed: 0.079 sec - in com.github.smallcreep.cucumber.seeds.props.PrDbsSuitTest
Running com.github.smallcreep.cucumber.seeds.props.PrDbContextTest
Tests run: 4, Failures: 0, Errors: 0, Skipped: 0, Time elapsed: 0.423 sec - in com.github.smallcreep.cucumber.seeds.props.PrDbContextTest
Running com.github.smallcreep.cucumber.seeds.hooks.HkDataBasesTest
Tests run: 1, Failures: 0, Errors: 0, Skipped: 0, Time elapsed: 0.072 sec - in com.github.smallcreep.cucumber.seeds.hooks.HkDataBasesTest
Running com.github.smallcreep.cucumber.seeds.db.steps.StpDefConnectionTest
Tests run: 1, Failures: 0, Errors: 0, Skipped: 0, Time elapsed: 0.007 sec - in com.github.smallcreep.cucumber.seeds.db.steps.StpDefConnectionTest
Running com.github.smallcreep.cucumber.seeds.db.DbsDefaultTest
Tests run: 1, Failures: 0, Errors: 0, Skipped: 0, Time elapsed: 0.171 sec - in com.github.smallcreep.cucumber.seeds.db.DbsDefaultTest

Results :

Tests run: 10, Failures: 0, Errors: 0, Skipped: 0

[INFO] 
[INFO] -------------< com.github.smallcreep.cucumber:test-steps >--------------
[INFO] Building test-steps 0.0.1-SNAPSHOT                                 [4/4]
[INFO] --------------------------------[ jar ]---------------------------------
[INFO] 
[INFO] --- maven-enforcer-plugin:1.4.1:enforce (enforce-maven) @ test-steps ---
[INFO] Skipping Rule Enforcement.
[INFO] 
[INFO] --- buildnumber-maven-plugin:1.4:create (jcabi-build-number) @ test-steps ---
[INFO] ShortRevision tag detected. The value is '7'.
[INFO] Executing: /bin/sh -c cd '/On-the-Reproducibility/section-2/reproducibility-scanner/reproducer/workspace/Bears-240/test-steps' && 'git' 'rev-parse' '--verify' '--short=7' 'HEAD'
[INFO] Working directory: /On-the-Reproducibility/section-2/reproducibility-scanner/reproducer/workspace/Bears-240/test-steps
[INFO] Storing buildNumber: null at timestamp: 2022-08-18T14:30:35
[WARNING] Cannot get the branch information from the git repository: 
Detecting the current branch failed: fatal: not a git repository: /On-the-Reproducibility/section-2/reproducibility-scanner/reproducer/workspace/Bears-240/../../.git/modules/benchmarks/bears-benchmark

[INFO] ShortRevision tag detected. The value is '7'.
[INFO] Executing: /bin/sh -c cd '/On-the-Reproducibility/section-2/reproducibility-scanner/reproducer/workspace/Bears-240/test-steps' && 'git' 'rev-parse' '--verify' '--short=7' 'HEAD'
[INFO] Working directory: /On-the-Reproducibility/section-2/reproducibility-scanner/reproducer/workspace/Bears-240/test-steps
[INFO] Storing buildScmBranch: UNKNOWN_BRANCH
[INFO] 
[INFO] --- buildnumber-maven-plugin:1.4:create-timestamp (jcabi-build-number) @ test-steps ---
[INFO] 
[INFO] --- maven-resources-plugin:3.0.1:resources (default-resources) @ test-steps ---
[INFO] Using 'UTF-8' encoding to copy filtered resources.
[INFO] skip non existing resourceDirectory /On-the-Reproducibility/section-2/reproducibility-scanner/reproducer/workspace/Bears-240/test-steps/src/main/resources
[INFO] 
[INFO] --- maven-compiler-plugin:3.7.0:compile (default-compile) @ test-steps ---
[INFO] No sources to compile
[INFO] 
[INFO] --- maven-resources-plugin:3.0.1:testResources (default-testResources) @ test-steps ---
[INFO] Using 'UTF-8' encoding to copy filtered resources.
[INFO] Copying 4 resources
[INFO] 
[INFO] --- maven-compiler-plugin:3.7.0:testCompile (default-testCompile) @ test-steps ---
[INFO] Nothing to compile - all classes are up to date
[INFO] 
[INFO] --- maven-surefire-plugin:2.19.1:test (default-test) @ test-steps ---
[INFO] ------------------------------------------------------------------------
[INFO] Reactor Summary for cucumber-seeds-parent 0.0.1-SNAPSHOT:
[INFO] 
[INFO] cucumber-seeds-parent .............................. SUCCESS [  0.918 s]
[INFO] seeds-core ......................................... SUCCESS [  2.039 s]
[INFO] seeds-db ........................................... SUCCESS [  1.891 s]
[INFO] test-steps ......................................... SUCCESS [  0.254 s]
[INFO] ------------------------------------------------------------------------
[INFO] BUILD SUCCESS
[INFO] ------------------------------------------------------------------------
[INFO] Total time:  5.566 s
[INFO] Finished at: 2022-08-18T14:30:35-07:00
[INFO] ------------------------------------------------------------------------
Running the tests related to the bug Bears-240...
The tests related to the bug Bears-240 were executed.