Apache Maven 3.6.3
Maven home: /usr/share/maven
Java version: 1.8.0_342, vendor: Private Build, runtime: /usr/lib/jvm/java-8-openjdk-amd64/jre
Default locale: en_US, platform encoding: UTF-8
OS name: "linux", version: "5.15.0-41-generic", arch: "amd64", family: "unix"
[INFO] Scanning for projects...
[INFO] 
[INFO] ---------------------< AutomatedCar:AutomatedCar >----------------------
[INFO] Building AutomatedCar 1.0
[INFO] --------------------------------[ jar ]---------------------------------
[INFO] 
[INFO] --- jacoco-maven-plugin:0.7.8:prepare-agent (prepare-agent) @ AutomatedCar ---
[INFO] argLine set to -javaagent:/root/.m2/repository/org/jacoco/org.jacoco.agent/0.7.8/org.jacoco.agent-0.7.8-runtime.jar=destfile=/On-the-Reproducibility/section-2/reproducibility-scanner/reproducer/workspace/Bears-189/target/jacoco.exec
[INFO] 
[INFO] --- maven-resources-plugin:2.6:resources (default-resources) @ AutomatedCar ---
[INFO] Using 'UTF-8' encoding to copy filtered resources.
[INFO] Copying 44 resources
[INFO] 
[INFO] --- maven-compiler-plugin:3.1:compile (default-compile) @ AutomatedCar ---
[INFO] Nothing to compile - all classes are up to date
[INFO] 
[INFO] --- maven-resources-plugin:2.6:testResources (default-testResources) @ AutomatedCar ---
[INFO] Using 'UTF-8' encoding to copy filtered resources.
[INFO] skip non existing resourceDirectory /On-the-Reproducibility/section-2/reproducibility-scanner/reproducer/workspace/Bears-189/src/test/resources
[INFO] 
[INFO] --- maven-compiler-plugin:3.1:testCompile (default-testCompile) @ AutomatedCar ---
[INFO] Nothing to compile - all classes are up to date
[INFO] 
[INFO] --- maven-surefire-plugin:2.12.4:test (default-test) @ AutomatedCar ---
[INFO] Surefire report directory: /On-the-Reproducibility/section-2/reproducibility-scanner/reproducer/workspace/Bears-189/target/surefire-reports

-------------------------------------------------------
 T E S T S
-------------------------------------------------------
Running hu.oe.nik.szfmv.environment.WorldTest
Tests run: 8, Failures: 0, Errors: 0, Skipped: 0, Time elapsed: 2.584 sec
Running hu.oe.nik.szfmv.environment.models.PedestrianTest
Tests run: 4, Failures: 0, Errors: 0, Skipped: 0, Time elapsed: 0.001 sec
Running hu.oe.nik.szfmv.environment.models.TreeTest
Tests run: 3, Failures: 0, Errors: 0, Skipped: 0, Time elapsed: 0 sec
Running hu.oe.nik.szfmv.environment.models.CrosswalkTest
Tests run: 2, Failures: 0, Errors: 0, Skipped: 0, Time elapsed: 0 sec
Running hu.oe.nik.szfmv.environment.models.RoadTest
Tests run: 2, Failures: 0, Errors: 0, Skipped: 0, Time elapsed: 0 sec
Running hu.oe.nik.szfmv.environment.models.ParkingSpotTest
Tests run: 2, Failures: 0, Errors: 0, Skipped: 0, Time elapsed: 0.001 sec
Running hu.oe.nik.szfmv.environment.models.RoadSignTest
Tests run: 3, Failures: 0, Errors: 0, Skipped: 0, Time elapsed: 0 sec
Running hu.oe.nik.szfmv.automatedcar.bus.VirtualFunctionBusTest
Tests run: 2, Failures: 0, Errors: 0, Skipped: 0, Time elapsed: 0 sec
Running hu.oe.nik.szfmv.automatedcar.sensors.UltrasonicSensorTest
Tests run: 4, Failures: 0, Errors: 0, Skipped: 0, Time elapsed: 0.199 sec
Running hu.oe.nik.szfmv.automatedcar.systemcomponents.PowertrainSystemTest
Tests run: 16, Failures: 0, Errors: 0, Skipped: 0, Time elapsed: 0.076 sec
Running hu.oe.nik.szfmv.automatedcar.steering.WheelPositionTest
Tests run: 6, Failures: 0, Errors: 0, Skipped: 0, Time elapsed: 0.008 sec
Running hu.oe.nik.szfmv.automatedcar.steering.WheelDisplacementTest
Tests run: 3, Failures: 0, Errors: 0, Skipped: 0, Time elapsed: 0.013 sec
Running hu.oe.nik.szfmv.automatedcar.steering.CarHeadingTest
Tests run: 6, Failures: 0, Errors: 0, Skipped: 0, Time elapsed: 0.002 sec
Running hu.oe.nik.szfmv.automatedcar.steering.SteerAngleTest
Tests run: 5, Failures: 0, Errors: 0, Skipped: 0, Time elapsed: 0.002 sec
Running hu.oe.nik.szfmv.automatedcar.steering.CarPositionTest
Tests run: 4, Failures: 0, Errors: 0, Skipped: 0, Time elapsed: 0.005 sec
Running hu.oe.nik.szfmv.detector.DetectorTest
Tests run: 2, Failures: 0, Errors: 0, Skipped: 0, Time elapsed: 0.466 sec
Running hu.oe.nik.szfmv.detector.TriangleTest
Tests run: 10, Failures: 0, Errors: 0, Skipped: 0, Time elapsed: 0.011 sec
Running hu.oe.nik.szfmv.visualization.DashboardTest
Tests run: 1, Failures: 0, Errors: 0, Skipped: 0, Time elapsed: 0.147 sec
Running hu.oe.nik.szfmv.common.ConfigProviderTest
Tests run: 1, Failures: 0, Errors: 0, Skipped: 0, Time elapsed: 0.084 sec
Running hu.oe.nik.szfmv.common.UtilsTest
Tests run: 6, Failures: 0, Errors: 0, Skipped: 0, Time elapsed: 0.001 sec

Results :

Tests run: 90, Failures: 0, Errors: 0, Skipped: 0

[INFO] ------------------------------------------------------------------------
[INFO] BUILD SUCCESS
[INFO] ------------------------------------------------------------------------
[INFO] Total time:  5.947 s
[INFO] Finished at: 2022-08-18T11:55:17-07:00
[INFO] ------------------------------------------------------------------------
Running the tests related to the bug Bears-189...
The tests related to the bug Bears-189 were executed.