Apache Maven 3.6.3
Maven home: /usr/share/maven
Java version: 1.8.0_342, vendor: Private Build, runtime: /usr/lib/jvm/java-8-openjdk-amd64/jre
Default locale: en_US, platform encoding: UTF-8
OS name: "linux", version: "5.15.0-41-generic", arch: "amd64", family: "unix"
[INFO] Scanning for projects...
[WARNING] The project org.hisp.dhis:dhis:pom:2.29 uses prerequisites which is only intended for maven-plugin projects but not for non maven-plugin projects. For such purposes you should use the maven-enforcer-plugin. See https://maven.apache.org/enforcer/enforcer-rules/requireMavenVersion.html
[INFO] ------------------------------------------------------------------------
[INFO] Reactor Build Order:
[INFO] 
[INFO] DHIS 2                                                             [pom]
[INFO] DHIS Support Parent Project                                        [pom]
[INFO] DHIS Support Commons                                               [jar]
[INFO] DHIS API                                                           [jar]
[INFO] DHIS External Support                                              [jar]
[INFO] DHIS Hibernate Support                                             [jar]
[INFO] DHIS Test Support                                                  [jar]
[INFO] DHIS System Support                                                [jar]
[INFO] DHIS JDBC Service                                                  [jar]
[INFO] DHIS Services Parent Project                                       [pom]
[INFO] DHIS Core API Implementations                                      [jar]
[INFO] DHIS DXF 2 Data Exchange                                           [jar]
[INFO] DHIS Mobile Service                                                [jar]
[INFO] DHIS Administration Service                                        [jar]
[INFO] DHIS Analytics                                                     [jar]
[INFO] DHIS Reporting Service                                             [jar]
[INFO] 
[INFO] -------------------------< org.hisp.dhis:dhis >-------------------------
[INFO] Building DHIS 2 2.29                                              [1/16]
[INFO] --------------------------------[ pom ]---------------------------------
[INFO] 
[INFO] ---------------------< org.hisp.dhis:dhis-support >---------------------
[INFO] Building DHIS Support Parent Project 2.29                         [2/16]
[INFO] --------------------------------[ pom ]---------------------------------
[INFO] 
[INFO] -----------------< org.hisp.dhis:dhis-support-commons >-----------------
[INFO] Building DHIS Support Commons 2.29                                [3/16]
[INFO] --------------------------------[ jar ]---------------------------------
[INFO] 
[INFO] --- maven-resources-plugin:2.5:resources (default-resources) @ dhis-support-commons ---
[debug] execute contextualize
[INFO] Using 'UTF-8' encoding to copy filtered resources.
[INFO] skip non existing resourceDirectory /On-the-Reproducibility/section-2/reproducibility-scanner/reproducer/workspace/Bears-165/dhis-2/dhis-support/dhis-support-commons/src/main/resources
[INFO] 
[INFO] --- maven-compiler-plugin:2.3.2:compile (default-compile) @ dhis-support-commons ---
[INFO] Compiling 6 source files to /On-the-Reproducibility/section-2/reproducibility-scanner/reproducer/workspace/Bears-165/dhis-2/dhis-support/dhis-support-commons/target/classes
[INFO] 
[INFO] --- maven-resources-plugin:2.5:testResources (default-testResources) @ dhis-support-commons ---
[debug] execute contextualize
[INFO] Using 'UTF-8' encoding to copy filtered resources.
[INFO] skip non existing resourceDirectory /On-the-Reproducibility/section-2/reproducibility-scanner/reproducer/workspace/Bears-165/dhis-2/dhis-support/dhis-support-commons/src/test/resources
[INFO] 
[INFO] --- maven-compiler-plugin:2.3.2:testCompile (default-testCompile) @ dhis-support-commons ---
[INFO] Nothing to compile - all classes are up to date
[INFO] 
[INFO] --- maven-surefire-plugin:2.18.1:test (default-test) @ dhis-support-commons ---
[INFO] Surefire report directory: /On-the-Reproducibility/section-2/reproducibility-scanner/reproducer/workspace/Bears-165/dhis-2/dhis-support/dhis-support-commons/target/surefire-reports
[INFO] parallel='none', perCoreThreadCount=true, threadCount=0, useUnlimitedThreads=false, threadCountSuites=0, threadCountClasses=0, threadCountMethods=0, parallelOptimized=true

-------------------------------------------------------
 T E S T S
-------------------------------------------------------
Running org.hisp.dhis.commons.collection.CachingMapTest
Tests run: 6, Failures: 0, Errors: 0, Skipped: 0, Time elapsed: 0.003 sec - in org.hisp.dhis.commons.collection.CachingMapTest
Running org.hisp.dhis.commons.util.ExpressionFunctionsTest
Tests run: 1, Failures: 0, Errors: 0, Skipped: 0, Time elapsed: 0 sec - in org.hisp.dhis.commons.util.ExpressionFunctionsTest
Running org.hisp.dhis.commons.util.CronUtilsTest
Tests run: 4, Failures: 0, Errors: 0, Skipped: 0, Time elapsed: 0 sec - in org.hisp.dhis.commons.util.CronUtilsTest
Running org.hisp.dhis.commons.util.PageRangeTest
Tests run: 3, Failures: 0, Errors: 0, Skipped: 0, Time elapsed: 0 sec - in org.hisp.dhis.commons.util.PageRangeTest
Running org.hisp.dhis.commons.util.TextUtilsTest
Tests run: 12, Failures: 0, Errors: 0, Skipped: 0, Time elapsed: 0.012 sec - in org.hisp.dhis.commons.util.TextUtilsTest
Running org.hisp.dhis.commons.util.ExpressionUtilsTest
Tests run: 10, Failures: 0, Errors: 0, Skipped: 0, Time elapsed: 0.113 sec - in org.hisp.dhis.commons.util.ExpressionUtilsTest
Running org.hisp.dhis.commons.util.PaginatedListTest
Tests run: 7, Failures: 0, Errors: 0, Skipped: 0, Time elapsed: 0.001 sec - in org.hisp.dhis.commons.util.PaginatedListTest
Running org.hisp.dhis.commons.util.ListUtilsTest
Tests run: 2, Failures: 0, Errors: 0, Skipped: 0, Time elapsed: 0.001 sec - in org.hisp.dhis.commons.util.ListUtilsTest

Results :

Tests run: 45, Failures: 0, Errors: 0, Skipped: 0

[INFO] 
[INFO] -----------------------< org.hisp.dhis:dhis-api >-----------------------
[INFO] Building DHIS API 2.29                                            [4/16]
[INFO] --------------------------------[ jar ]---------------------------------
[INFO] Downloading from jaspersoft-third-party: http://jaspersoft.jfrog.io/jaspersoft/third-party-ce-artifacts/org/olap4j/olap4j/0.9.7.309-JS-3/olap4j-0.9.7.309-JS-3.pom
[WARNING] The POM for org.geotools:gt-opengis:jar:18.0 is missing, no dependency information available
[INFO] ------------------------------------------------------------------------
[INFO] Reactor Summary for DHIS 2 2.29:
[INFO] 
[INFO] DHIS 2 ............................................. SUCCESS [  0.003 s]
[INFO] DHIS Support Parent Project ........................ SUCCESS [  0.001 s]
[INFO] DHIS Support Commons ............................... SUCCESS [  1.913 s]
[INFO] DHIS API ........................................... FAILURE [  0.728 s]
[INFO] DHIS External Support .............................. SKIPPED
[INFO] DHIS Hibernate Support ............................. SKIPPED
[INFO] DHIS Test Support .................................. SKIPPED
[INFO] DHIS System Support ................................ SKIPPED
[INFO] DHIS JDBC Service .................................. SKIPPED
[INFO] DHIS Services Parent Project ....................... SKIPPED
[INFO] DHIS Core API Implementations ...................... SKIPPED
[INFO] DHIS DXF 2 Data Exchange ........................... SKIPPED
[INFO] DHIS Mobile Service ................................ SKIPPED
[INFO] DHIS Administration Service ........................ SKIPPED
[INFO] DHIS Analytics ..................................... SKIPPED
[INFO] DHIS Reporting Service ............................. SKIPPED
[INFO] ------------------------------------------------------------------------
[INFO] BUILD FAILURE
[INFO] ------------------------------------------------------------------------
[INFO] Total time:  2.895 s
[INFO] Finished at: 2022-08-17T01:19:48-07:00
[INFO] ------------------------------------------------------------------------
[ERROR] Failed to execute goal on project dhis-api: Could not resolve dependencies for project org.hisp.dhis:dhis-api:jar:2.29: Failed to collect dependencies at net.sf.jasperreports:jasperreports:jar:6.3.1 -> org.olap4j:olap4j:jar:0.9.7.309-JS-3: Failed to read artifact descriptor for org.olap4j:olap4j:jar:0.9.7.309-JS-3: Could not transfer artifact org.olap4j:olap4j:pom:0.9.7.309-JS-3 from/to jaspersoft-third-party (http://jaspersoft.jfrog.io/jaspersoft/third-party-ce-artifacts/): Transfer failed for http://jaspersoft.jfrog.io/jaspersoft/third-party-ce-artifacts/org/olap4j/olap4j/0.9.7.309-JS-3/olap4j-0.9.7.309-JS-3.pom 308 Permanent Redirect -> [Help 1]
[ERROR] 
[ERROR] To see the full stack trace of the errors, re-run Maven with the -e switch.
[ERROR] Re-run Maven using the -X switch to enable full debug logging.
[ERROR] 
[ERROR] For more information about the errors and possible solutions, please read the following articles:
[ERROR] [Help 1] http://cwiki.apache.org/confluence/display/MAVEN/DependencyResolutionException
[ERROR] 
[ERROR] After correcting the problems, you can resume the build with the command
[ERROR]   mvn <args> -rf :dhis-api
Running the tests related to the bug Bears-165...
The tests related to the bug Bears-165 were executed.