[[1;34mINFO[m] Scanning for projects...
[[1;34mINFO[m] [1m------------------------------------------------------------------------[m
[[1;34mINFO[m] [1mReactor Build Order:[m
[[1;34mINFO[m] 
[[1;34mINFO[m] Apache Log4j 2                                                     [pom]
[[1;34mINFO[m] Apache Log4j API                                                   [jar]
[[1;34mINFO[m] Apache Log4j Core                                                  [jar]
[[1;34mINFO[m] Apache Log4J Core OSGi Async                                    [bundle]
[[1;34mINFO[m] Apache Log4J Core OSGi JPA                                      [bundle]
[[1;34mINFO[m] Apache Log4j 1.x Compatibility API                                 [jar]
[[1;34mINFO[m] Apache Log4J 1.x Compatibility Bundle                           [bundle]
[[1;34mINFO[m] Apache Log4J Core OSGi Net                                      [bundle]
[[1;34mINFO[m] Apache Log4J Core OSGi CouchDB                                  [bundle]
[[1;34mINFO[m] Apache Log4J Core OSGi MongoDB                                  [bundle]
[[1;34mINFO[m] Apache Log4J Core OSGi                                          [bundle]
[[1;34mINFO[m] Apache Log4j to SLF4J Adapter                                      [jar]
[[1;34mINFO[m] Apache Log4j to SLF4J                                           [bundle]
[[1;34mINFO[m] Apache Log4j SLF4J Binding                                         [jar]
[[1;34mINFO[m] Apache Log4j for SLF4J                                          [bundle]
[[1;34mINFO[m] Apache Log4J Core OSGi Bundles                                     [pom]
[[1;34mINFO[m] Apache Log4j Commons Logging Bridge                                [jar]
[[1;34mINFO[m] Apache Log4j Flume NG Bridge                                       [jar]
[[1;34mINFO[m] Apache Log4j Tag Library                                           [jar]
[[1;34mINFO[m] Apache Log4j JMX GUI                                               [jar]
[[1;34mINFO[m] Apache Log4j Samples                                               [pom]
[[1;34mINFO[m] Apache Log4j Samples: Flume - Common                               [jar]
[[1;34mINFO[m] Apache Log4j Samples: Flume - Remote                               [war]
[[1;34mINFO[m] Apache Log4j Samples: Flume - Embedded                             [war]
[[1;34mINFO[m] 
[[1;34mINFO[m] [1m-------------------< [0;36morg.apache.logging.log4j:log4j[0;1m >-------------------[m
[[1;34mINFO[m] [1mBuilding Apache Log4j 2 2.0-rc2-SNAPSHOT                          [1/24][m
[[1;34mINFO[m] [1m--------------------------------[ pom ]---------------------------------[m
[[1;34mINFO[m] 
[[1;34mINFO[m] [1m--- [0;32mmaven-remote-resources-plugin:1.1:process[m [1m(default)[m @ [36mlog4j[0;1m ---[m
[[1;34mINFO[m] Setting property: classpath.resource.loader.class => 'org.codehaus.plexus.velocity.ContextClassLoaderResourceLoader'.
[[1;34mINFO[m] Setting property: velocimacro.messages.on => 'false'.
[[1;34mINFO[m] Setting property: resource.loader => 'classpath'.
[[1;34mINFO[m] Setting property: resource.manager.logwhenfound => 'false'.
[[1;34mINFO[m] 
[[1;34mINFO[m] [1m--- [0;32mmaven-bundle-plugin:2.3.7:manifest[m [1m(bundle-manifest)[m @ [36mlog4j[0;1m ---[m
[[1;33mWARNING[m] Ignoring project type pom - supportedProjectTypes = [jar, bundle]
[[1;34mINFO[m] 
[[1;34mINFO[m] [1m--- [0;32mmaven-install-plugin:2.3.1:install[m [1m(default-install)[m @ [36mlog4j[0;1m ---[m
[[1;34mINFO[m] Installing /home/user/Reproducibility-Scanner/benchmarks/bugs-dot-jar/logging-log4j2/pom.xml to /home/user/.m2/repository/org/apache/logging/log4j/log4j/2.0-rc2-SNAPSHOT/log4j-2.0-rc2-SNAPSHOT.pom
[[1;34mINFO[m] 
[[1;34mINFO[m] [1m-----------------< [0;36morg.apache.logging.log4j:log4j-api[0;1m >-----------------[m
[[1;34mINFO[m] [1mBuilding Apache Log4j API 2.0-rc2-SNAPSHOT                        [2/24][m
[[1;34mINFO[m] [1m--------------------------------[ jar ]---------------------------------[m
[[1;34mINFO[m] 
[[1;34mINFO[m] [1m--- [0;32mmaven-remote-resources-plugin:1.1:process[m [1m(default)[m @ [36mlog4j-api[0;1m ---[m
[[1;34mINFO[m] 
[[1;34mINFO[m] [1m--- [0;32mmaven-resources-plugin:2.5:resources[m [1m(default-resources)[m @ [36mlog4j-api[0;1m ---[m
[debug] execute contextualize
[[1;34mINFO[m] Using 'UTF-8' encoding to copy filtered resources.
[[1;34mINFO[m] skip non existing resourceDirectory /home/user/Reproducibility-Scanner/benchmarks/bugs-dot-jar/logging-log4j2/log4j-api/src/main/resources
[[1;34mINFO[m] Copying 3 resources
[[1;34mINFO[m] 
[[1;34mINFO[m] [1m--- [0;32mmaven-compiler-plugin:3.1:compile[m [1m(default-compile)[m @ [36mlog4j-api[0;1m ---[m
[[1;34mINFO[m] Changes detected - recompiling the module!
[[1;34mINFO[m] Compiling 61 source files to /home/user/Reproducibility-Scanner/benchmarks/bugs-dot-jar/logging-log4j2/log4j-api/target/classes
[[1;33mWARNING[m] bootstrap class path not set in conjunction with -source 1.6
[[1;34mINFO[m] 
[[1;34mINFO[m] [1m--- [0;32mmaven-bundle-plugin:2.3.7:manifest[m [1m(bundle-manifest)[m @ [36mlog4j-api[0;1m ---[m
[[1;34mINFO[m] 
[[1;34mINFO[m] [1m--- [0;32mmaven-resources-plugin:2.5:testResources[m [1m(default-testResources)[m @ [36mlog4j-api[0;1m ---[m
[debug] execute contextualize
[[1;34mINFO[m] Using 'UTF-8' encoding to copy filtered resources.
[[1;34mINFO[m] Copying 7 resources
[[1;34mINFO[m] Copying 3 resources
[[1;34mINFO[m] 
[[1;34mINFO[m] [1m--- [0;32mmaven-compiler-plugin:3.1:testCompile[m [1m(default-testCompile)[m @ [36mlog4j-api[0;1m ---[m
[[1;34mINFO[m] Changes detected - recompiling the module!
[[1;34mINFO[m] Compiling 32 source files to /home/user/Reproducibility-Scanner/benchmarks/bugs-dot-jar/logging-log4j2/log4j-api/target/test-classes
[[1;33mWARNING[m] bootstrap class path not set in conjunction with -source 1.6
[[1;33mWARNING[m] No processor claimed any of these annotations: org.junit.AfterClass,org.junit.BeforeClass,org.junit.After,org.junit.runner.RunWith,org.junit.runners.Parameterized.Parameters,org.junit.Test,org.junit.Before
[[1;34mINFO[m] 
[[1;34mINFO[m] [1m--- [0;32mmaven-surefire-plugin:2.16:test[m [1m(default-test)[m @ [36mlog4j-api[0;1m ---[m
[[1;34mINFO[m] Tests are skipped.
[[1;34mINFO[m] 
[[1;34mINFO[m] [1m--- [0;32mmaven-jar-plugin:2.3.1:jar[m [1m(default-jar)[m @ [36mlog4j-api[0;1m ---[m
[[1;34mINFO[m] Building jar: /home/user/Reproducibility-Scanner/benchmarks/bugs-dot-jar/logging-log4j2/log4j-api/target/log4j-api-2.0-rc2-SNAPSHOT.jar
[[1;34mINFO[m] 
[[1;34mINFO[m] [1m--- [0;32mmaven-jar-plugin:2.3.1:test-jar[m [1m(default)[m @ [36mlog4j-api[0;1m ---[m
[[1;34mINFO[m] Building jar: /home/user/Reproducibility-Scanner/benchmarks/bugs-dot-jar/logging-log4j2/log4j-api/target/log4j-api-2.0-rc2-SNAPSHOT-tests.jar
[[1;34mINFO[m] 
[[1;34mINFO[m] [1m--- [0;32mmaven-install-plugin:2.3.1:install[m [1m(default-install)[m @ [36mlog4j-api[0;1m ---[m
[[1;34mINFO[m] Installing /home/user/Reproducibility-Scanner/benchmarks/bugs-dot-jar/logging-log4j2/log4j-api/target/log4j-api-2.0-rc2-SNAPSHOT.jar to /home/user/.m2/repository/org/apache/logging/log4j/log4j-api/2.0-rc2-SNAPSHOT/log4j-api-2.0-rc2-SNAPSHOT.jar
[[1;34mINFO[m] Installing /home/user/Reproducibility-Scanner/benchmarks/bugs-dot-jar/logging-log4j2/log4j-api/pom.xml to /home/user/.m2/repository/org/apache/logging/log4j/log4j-api/2.0-rc2-SNAPSHOT/log4j-api-2.0-rc2-SNAPSHOT.pom
[[1;34mINFO[m] Installing /home/user/Reproducibility-Scanner/benchmarks/bugs-dot-jar/logging-log4j2/log4j-api/target/log4j-api-2.0-rc2-SNAPSHOT-tests.jar to /home/user/.m2/repository/org/apache/logging/log4j/log4j-api/2.0-rc2-SNAPSHOT/log4j-api-2.0-rc2-SNAPSHOT-tests.jar
[[1;34mINFO[m] 
[[1;34mINFO[m] [1m----------------< [0;36morg.apache.logging.log4j:log4j-core[0;1m >-----------------[m
[[1;34mINFO[m] [1mBuilding Apache Log4j Core 2.0-rc2-SNAPSHOT                       [3/24][m
[[1;34mINFO[m] [1m--------------------------------[ jar ]---------------------------------[m
[[1;34mINFO[m] 
[[1;34mINFO[m] [1m--- [0;32mmaven-bundle-plugin:2.3.7:cleanVersions[m [1m(default)[m @ [36mlog4j-core[0;1m ---[m
[[1;34mINFO[m] 
[[1;34mINFO[m] [1m--- [0;32mmaven-remote-resources-plugin:1.1:process[m [1m(default)[m @ [36mlog4j-core[0;1m ---[m
[[1;34mINFO[m] 
[[1;34mINFO[m] [1m--- [0;32mmaven-resources-plugin:2.5:resources[m [1m(default-resources)[m @ [36mlog4j-core[0;1m ---[m
[debug] execute contextualize
[[1;34mINFO[m] Using 'UTF-8' encoding to copy filtered resources.
[[1;34mINFO[m] Copying 8 resources
[[1;34mINFO[m] 
[[1;34mINFO[m] [1m--- [0;32mmaven-compiler-plugin:3.1:compile[m [1m(default-compile)[m @ [36mlog4j-core[0;1m ---[m
[[1;34mINFO[m] Changes detected - recompiling the module!
[[1;34mINFO[m] Compiling 334 source files to /home/user/Reproducibility-Scanner/benchmarks/bugs-dot-jar/logging-log4j2/log4j-core/target/classes
[[1;33mWARNING[m] bootstrap class path not set in conjunction with -source 1.6
[[1;33mWARNING[m] Signature attribute introduced in version 49.0 class files is ignored in version 48.0 class files
[[1;33mWARNING[m] Signature attribute introduced in version 49.0 class files is ignored in version 48.0 class files
[[1;33mWARNING[m] /home/user/Reproducibility-Scanner/benchmarks/bugs-dot-jar/logging-log4j2/log4j-core/src/main/java/org/apache/logging/log4j/core/config/plugins/PluginManager.java:[242,44] found raw type: org.apache.logging.log4j.core.config.plugins.PluginType
  missing type arguments for generic class org.apache.logging.log4j.core.config.plugins.PluginType<T>
[[1;33mWARNING[m] Signature attribute introduced in version 49.0 class files is ignored in version 48.0 class files
[[1;33mWARNING[m] /home/user/Reproducibility-Scanner/benchmarks/bugs-dot-jar/logging-log4j2/log4j-core/src/main/java/org/apache/logging/log4j/core/config/plugins/ResolverUtil.java:[309,61] unchecked conversion
  required: java.util.Collection<java.lang.String>
  found:    java.util.Collection
[[1;33mWARNING[m] /home/user/Reproducibility-Scanner/benchmarks/bugs-dot-jar/logging-log4j2/log4j-core/src/main/java/org/apache/logging/log4j/core/net/TLSSocketManager.java:[55,86] found raw type: org.apache.logging.log4j.core.Layout
  missing type arguments for generic class org.apache.logging.log4j.core.Layout<T>
[[1;33mWARNING[m] /home/user/Reproducibility-Scanner/benchmarks/bugs-dot-jar/logging-log4j2/log4j-core/src/main/java/org/apache/logging/log4j/core/net/TLSSocketManager.java:[56,14] unchecked method invocation: constructor <init> in class org.apache.logging.log4j.core.net.TCPSocketManager is applied to given types
  required: java.lang.String,java.io.OutputStream,java.net.Socket,java.net.InetAddress,java.lang.String,int,int,boolean,org.apache.logging.log4j.core.Layout<? extends java.io.Serializable>
  found: java.lang.String,java.io.OutputStream,java.net.Socket,java.net.InetAddress,java.lang.String,int,int,boolean,org.apache.logging.log4j.core.Layout
[[1;33mWARNING[m] /home/user/Reproducibility-Scanner/benchmarks/bugs-dot-jar/logging-log4j2/log4j-core/src/main/java/org/apache/logging/log4j/core/net/TLSSocketManager.java:[56,71] unchecked conversion
  required: org.apache.logging.log4j.core.Layout<? extends java.io.Serializable>
  found:    org.apache.logging.log4j.core.Layout
[[1;33mWARNING[m] /home/user/Reproducibility-Scanner/benchmarks/bugs-dot-jar/logging-log4j2/log4j-core/src/main/java/org/apache/logging/log4j/core/net/TLSSocketManager.java:[66,23] found raw type: org.apache.logging.log4j.core.Layout
  missing type arguments for generic class org.apache.logging.log4j.core.Layout<T>
[[1;33mWARNING[m] /home/user/Reproducibility-Scanner/benchmarks/bugs-dot-jar/logging-log4j2/log4j-core/src/main/java/org/apache/logging/log4j/core/net/TLSSocketManager.java:[69,31] found raw type: org.apache.logging.log4j.core.Layout
  missing type arguments for generic class org.apache.logging.log4j.core.Layout<T>
[[1;33mWARNING[m] /home/user/Reproducibility-Scanner/benchmarks/bugs-dot-jar/logging-log4j2/log4j-core/src/main/java/org/apache/logging/log4j/core/net/TLSSocketManager.java:[80,99] found raw type: org.apache.logging.log4j.core.Layout
  missing type arguments for generic class org.apache.logging.log4j.core.Layout<T>
[[1;33mWARNING[m] /home/user/Reproducibility-Scanner/benchmarks/bugs-dot-jar/logging-log4j2/log4j-core/src/main/java/org/apache/logging/log4j/core/net/TLSSocketManager.java:[170,199] found raw type: org.apache.logging.log4j.core.Layout
  missing type arguments for generic class org.apache.logging.log4j.core.Layout<T>
[[1;33mWARNING[m] /home/user/Reproducibility-Scanner/benchmarks/bugs-dot-jar/logging-log4j2/log4j-core/src/main/java/org/apache/logging/log4j/core/appender/db/nosql/NoSQLDatabaseManager.java:[212,24] found raw type: org.apache.logging.log4j.core.appender.db.nosql.NoSQLDatabaseManager
  missing type arguments for generic class org.apache.logging.log4j.core.appender.db.nosql.NoSQLDatabaseManager<W>
[[1;33mWARNING[m] /home/user/Reproducibility-Scanner/benchmarks/bugs-dot-jar/logging-log4j2/log4j-core/src/main/java/org/apache/logging/log4j/core/appender/rolling/OnStartupTriggeringPolicy.java:[63,86] found raw type: java.lang.Class
  missing type arguments for generic class java.lang.Class<T>
[[1;33mWARNING[m] /home/user/Reproducibility-Scanner/benchmarks/bugs-dot-jar/logging-log4j2/log4j-core/src/main/java/org/apache/logging/log4j/core/appender/rolling/OnStartupTriggeringPolicy.java:[67,84] found raw type: java.lang.Class
  missing type arguments for generic class java.lang.Class<T>
[[1;33mWARNING[m] /home/user/Reproducibility-Scanner/benchmarks/bugs-dot-jar/logging-log4j2/log4j-core/src/main/java/org/apache/logging/log4j/core/net/MulticastDNSAdvertiser.java:[101,83] found raw type: java.lang.Class
  missing type arguments for generic class java.lang.Class<T>
[[1;33mWARNING[m] /home/user/Reproducibility-Scanner/benchmarks/bugs-dot-jar/logging-log4j2/log4j-core/src/main/java/org/apache/logging/log4j/core/net/MulticastDNSAdvertiser.java:[127,85] found raw type: java.lang.Class
  missing type arguments for generic class java.lang.Class<T>
[[1;33mWARNING[m] /home/user/Reproducibility-Scanner/benchmarks/bugs-dot-jar/logging-log4j2/log4j-core/src/main/java/org/apache/logging/log4j/core/appender/TLSSyslogFrame.java:[24,8] Class org.apache.logging.log4j.core.appender.TLSSyslogFrame overrides equals, but neither it nor any superclass overrides hashCode method
[[1;34mINFO[m] 
[[1;34mINFO[m] [1m>>> [0;32mexec-maven-plugin:1.2.1:java[m [1m(default)[0;1m > [0;1mvalidate[m @ [36mlog4j-core[0;1m >>>[m
[[1;34mINFO[m] 
[[1;34mINFO[m] [1m<<< [0;32mexec-maven-plugin:1.2.1:java[m [1m(default)[0;1m < [0;1mvalidate[m @ [36mlog4j-core[0;1m <<<[m
[[1;34mINFO[m] 
[[1;34mINFO[m] 
[[1;34mINFO[m] [1m--- [0;32mexec-maven-plugin:1.2.1:java[m [1m(default)[m @ [36mlog4j-core[0;1m ---[m
[[1;34mINFO[m] 
[[1;34mINFO[m] [1m--- [0;32mmaven-bundle-plugin:2.3.7:manifest[m [1m(bundle-manifest)[m @ [36mlog4j-core[0;1m ---[m
[[1;34mINFO[m] 
[[1;34mINFO[m] [1m--- [0;32mmaven-resources-plugin:2.5:testResources[m [1m(default-testResources)[m @ [36mlog4j-core[0;1m ---[m
[debug] execute contextualize
[[1;34mINFO[m] Using 'UTF-8' encoding to copy filtered resources.
[[1;34mINFO[m] Copying 130 resources
[[1;34mINFO[m] 
[[1;34mINFO[m] [1m--- [0;32mmaven-compiler-plugin:3.1:testCompile[m [1m(default-testCompile)[m @ [36mlog4j-core[0;1m ---[m
[[1;34mINFO[m] Changes detected - recompiling the module!
[[1;34mINFO[m] Compiling 238 source files to /home/user/Reproducibility-Scanner/benchmarks/bugs-dot-jar/logging-log4j2/log4j-core/target/test-classes
[[1;33mWARNING[m] bootstrap class path not set in conjunction with -source 1.6
[[1;33mWARNING[m] /home/user/Reproducibility-Scanner/benchmarks/bugs-dot-jar/logging-log4j2/log4j-core/src/test/java/org/apache/logging/log4j/core/impl/ReflectionComparison.java:[24,19] sun.reflect.Reflection is internal proprietary API and may be removed in a future release
[[1;33mWARNING[m] /home/user/Reproducibility-Scanner/benchmarks/bugs-dot-jar/logging-log4j2/log4j-core/src/test/java/org/apache/logging/log4j/core/config/CustomConfigurationTest.java:[65,9] found raw type: org.apache.logging.log4j.core.Layout
  missing type arguments for generic class org.apache.logging.log4j.core.Layout<T>
[[1;33mWARNING[m] /home/user/Reproducibility-Scanner/benchmarks/bugs-dot-jar/logging-log4j2/log4j-core/src/test/java/org/apache/logging/log4j/core/config/CustomConfigurationTest.java:[67,56] unchecked method invocation: method createAppender in class org.apache.logging.log4j.core.appender.FileAppender is applied to given types
  required: java.lang.String,java.lang.String,java.lang.String,java.lang.String,java.lang.String,java.lang.String,java.lang.String,java.lang.String,org.apache.logging.log4j.core.Layout<? extends java.io.Serializable>,org.apache.logging.log4j.core.Filter,java.lang.String,java.lang.String,org.apache.logging.log4j.core.config.Configuration
  found: java.lang.String,java.lang.String,java.lang.String,java.lang.String,java.lang.String,java.lang.String,java.lang.String,java.lang.String,org.apache.logging.log4j.core.Layout,<nulltype>,java.lang.String,<nulltype>,org.apache.logging.log4j.core.config.Configuration
[[1;33mWARNING[m] /home/user/Reproducibility-Scanner/benchmarks/bugs-dot-jar/logging-log4j2/log4j-core/src/test/java/org/apache/logging/log4j/core/config/CustomConfigurationTest.java:[68,39] unchecked conversion
  required: org.apache.logging.log4j.core.Layout<? extends java.io.Serializable>
  found:    org.apache.logging.log4j.core.Layout
[[1;33mWARNING[m] /home/user/Reproducibility-Scanner/benchmarks/bugs-dot-jar/logging-log4j2/log4j-core/src/test/java/org/apache/logging/log4j/core/impl/ReflectionComparison.java:[54,13] sun.reflect.Reflection is internal proprietary API and may be removed in a future release
[[1;33mWARNING[m] /home/user/Reproducibility-Scanner/benchmarks/bugs-dot-jar/logging-log4j2/log4j-core/src/test/java/org/apache/logging/log4j/core/impl/ReflectionComparison.java:[54,23] getCallerClass(int) in sun.reflect.Reflection has been deprecated
[[1;33mWARNING[m] /home/user/Reproducibility-Scanner/benchmarks/bugs-dot-jar/logging-log4j2/log4j-core/src/test/java/org/apache/logging/log4j/core/impl/ReflectionComparison.java:[63,17] sun.reflect.Reflection is internal proprietary API and may be removed in a future release
[[1;33mWARNING[m] /home/user/Reproducibility-Scanner/benchmarks/bugs-dot-jar/logging-log4j2/log4j-core/src/test/java/org/apache/logging/log4j/core/impl/ReflectionComparison.java:[63,27] getCallerClass(int) in sun.reflect.Reflection has been deprecated
[[1;33mWARNING[m] /home/user/Reproducibility-Scanner/benchmarks/bugs-dot-jar/logging-log4j2/log4j-core/src/test/java/org/apache/logging/log4j/core/impl/ReflectionComparison.java:[66,17] sun.reflect.Reflection is internal proprietary API and may be removed in a future release
[[1;33mWARNING[m] /home/user/Reproducibility-Scanner/benchmarks/bugs-dot-jar/logging-log4j2/log4j-core/src/test/java/org/apache/logging/log4j/core/impl/ReflectionComparison.java:[66,27] getCallerClass(int) in sun.reflect.Reflection has been deprecated
[[1;33mWARNING[m] /home/user/Reproducibility-Scanner/benchmarks/bugs-dot-jar/logging-log4j2/log4j-core/src/test/java/org/apache/logging/log4j/core/impl/ReflectionComparison.java:[69,17] sun.reflect.Reflection is internal proprietary API and may be removed in a future release
[[1;33mWARNING[m] /home/user/Reproducibility-Scanner/benchmarks/bugs-dot-jar/logging-log4j2/log4j-core/src/test/java/org/apache/logging/log4j/core/impl/ReflectionComparison.java:[69,27] getCallerClass(int) in sun.reflect.Reflection has been deprecated
[[1;33mWARNING[m] /home/user/Reproducibility-Scanner/benchmarks/bugs-dot-jar/logging-log4j2/log4j-core/src/test/java/org/apache/logging/log4j/core/impl/ReflectionComparison.java:[72,17] sun.reflect.Reflection is internal proprietary API and may be removed in a future release
[[1;33mWARNING[m] /home/user/Reproducibility-Scanner/benchmarks/bugs-dot-jar/logging-log4j2/log4j-core/src/test/java/org/apache/logging/log4j/core/impl/ReflectionComparison.java:[72,27] getCallerClass(int) in sun.reflect.Reflection has been deprecated
[[1;33mWARNING[m] /home/user/Reproducibility-Scanner/benchmarks/bugs-dot-jar/logging-log4j2/log4j-core/src/test/java/org/apache/logging/log4j/core/impl/ReflectionComparison.java:[75,17] sun.reflect.Reflection is internal proprietary API and may be removed in a future release
[[1;33mWARNING[m] /home/user/Reproducibility-Scanner/benchmarks/bugs-dot-jar/logging-log4j2/log4j-core/src/test/java/org/apache/logging/log4j/core/impl/ReflectionComparison.java:[75,27] getCallerClass(int) in sun.reflect.Reflection has been deprecated
[[1;33mWARNING[m] /home/user/Reproducibility-Scanner/benchmarks/bugs-dot-jar/logging-log4j2/log4j-core/src/test/java/org/apache/logging/log4j/core/impl/ReflectionComparison.java:[78,17] sun.reflect.Reflection is internal proprietary API and may be removed in a future release
[[1;33mWARNING[m] /home/user/Reproducibility-Scanner/benchmarks/bugs-dot-jar/logging-log4j2/log4j-core/src/test/java/org/apache/logging/log4j/core/impl/ReflectionComparison.java:[78,27] getCallerClass(int) in sun.reflect.Reflection has been deprecated
[[1;34mINFO[m] 
[[1;34mINFO[m] [1m--- [0;32mmaven-surefire-plugin:2.16:test[m [1m(default-test)[m @ [36mlog4j-core[0;1m ---[m
[[1;34mINFO[m] Tests are skipped.
[[1;34mINFO[m] 
[[1;34mINFO[m] [1m--- [0;32mmaven-jar-plugin:2.3.1:jar[m [1m(default-jar)[m @ [36mlog4j-core[0;1m ---[m
[[1;34mINFO[m] Building jar: /home/user/Reproducibility-Scanner/benchmarks/bugs-dot-jar/logging-log4j2/log4j-core/target/log4j-core-2.0-rc2-SNAPSHOT.jar
[[1;34mINFO[m] 
[[1;34mINFO[m] [1m--- [0;32mmaven-jar-plugin:2.3.1:test-jar[m [1m(default)[m @ [36mlog4j-core[0;1m ---[m
[[1;34mINFO[m] Building jar: /home/user/Reproducibility-Scanner/benchmarks/bugs-dot-jar/logging-log4j2/log4j-core/target/log4j-core-2.0-rc2-SNAPSHOT-tests.jar
[[1;34mINFO[m] 
[[1;34mINFO[m] [1m--- [0;32mmaven-install-plugin:2.3.1:install[m [1m(default-install)[m @ [36mlog4j-core[0;1m ---[m
[[1;34mINFO[m] Installing /home/user/Reproducibility-Scanner/benchmarks/bugs-dot-jar/logging-log4j2/log4j-core/target/log4j-core-2.0-rc2-SNAPSHOT.jar to /home/user/.m2/repository/org/apache/logging/log4j/log4j-core/2.0-rc2-SNAPSHOT/log4j-core-2.0-rc2-SNAPSHOT.jar
[[1;34mINFO[m] Installing /home/user/Reproducibility-Scanner/benchmarks/bugs-dot-jar/logging-log4j2/log4j-core/pom.xml to /home/user/.m2/repository/org/apache/logging/log4j/log4j-core/2.0-rc2-SNAPSHOT/log4j-core-2.0-rc2-SNAPSHOT.pom
[[1;34mINFO[m] Installing /home/user/Reproducibility-Scanner/benchmarks/bugs-dot-jar/logging-log4j2/log4j-core/target/log4j-core-2.0-rc2-SNAPSHOT-tests.jar to /home/user/.m2/repository/org/apache/logging/log4j/log4j-core/2.0-rc2-SNAPSHOT/log4j-core-2.0-rc2-SNAPSHOT-tests.jar
[[1;34mINFO[m] 
[[1;34mINFO[m] [1m--------< [0;36morg.apache.logging.log4j.osgi:log4j-core-osgi-async[0;1m >---------[m
[[1;34mINFO[m] [1mBuilding Apache Log4J Core OSGi Async 2.0-rc2-SNAPSHOT            [4/24][m
[[1;34mINFO[m] [1m-------------------------------[ bundle ]-------------------------------[m
[[1;34mINFO[m] 
[[1;34mINFO[m] [1m--- [0;32mmaven-antrun-plugin:1.6:run[m [1m(generate-sources)[m @ [36mlog4j-core-osgi-async[0;1m ---[m
[[1;33mWARNING[m] Parameter tasks is deprecated, use target instead
[[1;34mINFO[m] Executing tasks

main:
    [mkdir] Created dir: /home/user/Reproducibility-Scanner/benchmarks/bugs-dot-jar/logging-log4j2/log4j-osgi/core-osgi-async/target/classes
[[1;34mINFO[m] Executed tasks
[[1;34mINFO[m] 
[[1;34mINFO[m] [1m--- [0;32mmaven-bundle-plugin:2.3.7:cleanVersions[m [1m(default)[m @ [36mlog4j-core-osgi-async[0;1m ---[m
[[1;34mINFO[m] 
[[1;34mINFO[m] [1m--- [0;32mmaven-remote-resources-plugin:1.1:process[m [1m(default)[m @ [36mlog4j-core-osgi-async[0;1m ---[m
[[1;34mINFO[m] Setting property: classpath.resource.loader.class => 'org.codehaus.plexus.velocity.ContextClassLoaderResourceLoader'.
[[1;34mINFO[m] Setting property: velocimacro.messages.on => 'false'.
[[1;34mINFO[m] Setting property: resource.loader => 'classpath'.
[[1;34mINFO[m] Setting property: resource.manager.logwhenfound => 'false'.
[[1;34mINFO[m] 
[[1;34mINFO[m] [1m--- [0;32mmaven-resources-plugin:2.5:resources[m [1m(default-resources)[m @ [36mlog4j-core-osgi-async[0;1m ---[m
[debug] execute contextualize
[[1;34mINFO[m] Using 'UTF-8' encoding to copy filtered resources.
[[1;34mINFO[m] skip non existing resourceDirectory /home/user/Reproducibility-Scanner/benchmarks/bugs-dot-jar/logging-log4j2/log4j-osgi/core-osgi-async/src/main/resources
[[1;34mINFO[m] 
[[1;34mINFO[m] [1m--- [0;32mmaven-compiler-plugin:3.1:compile[m [1m(default-compile)[m @ [36mlog4j-core-osgi-async[0;1m ---[m
[[1;34mINFO[m] No sources to compile
[[1;34mINFO[m] 
[[1;34mINFO[m] [1m--- [0;32mmaven-bundle-plugin:2.3.7:manifest[m [1m(bundle-manifest)[m @ [36mlog4j-core-osgi-async[0;1m ---[m
[[1;33mWARNING[m] Manifest org.apache.logging.log4j.osgi:log4j-core-osgi-async:bundle:2.0-rc2-SNAPSHOT : Superfluous export-package instructions: [org.apache.logging.log4j.core.async.*]
[[1;34mINFO[m] 
[[1;34mINFO[m] [1m--- [0;32mmaven-resources-plugin:2.5:testResources[m [1m(default-testResources)[m @ [36mlog4j-core-osgi-async[0;1m ---[m
[debug] execute contextualize
[[1;34mINFO[m] Using 'UTF-8' encoding to copy filtered resources.
[[1;34mINFO[m] skip non existing resourceDirectory /home/user/Reproducibility-Scanner/benchmarks/bugs-dot-jar/logging-log4j2/log4j-osgi/core-osgi-async/src/test/resources
[[1;34mINFO[m] 
[[1;34mINFO[m] [1m--- [0;32mmaven-compiler-plugin:3.1:testCompile[m [1m(default-testCompile)[m @ [36mlog4j-core-osgi-async[0;1m ---[m
[[1;34mINFO[m] No sources to compile
[[1;34mINFO[m] 
[[1;34mINFO[m] [1m--- [0;32mmaven-surefire-plugin:2.16:test[m [1m(default-test)[m @ [36mlog4j-core-osgi-async[0;1m ---[m
[[1;34mINFO[m] Tests are skipped.
[[1;34mINFO[m] 
[[1;34mINFO[m] [1m--- [0;32mmaven-bundle-plugin:2.3.7:bundle[m [1m(default-bundle)[m @ [36mlog4j-core-osgi-async[0;1m ---[m
[[1;34mINFO[m] 
[[1;34mINFO[m] [1m--- [0;32mmaven-install-plugin:2.3.1:install[m [1m(default-install)[m @ [36mlog4j-core-osgi-async[0;1m ---[m
[[1;34mINFO[m] Installing /home/user/Reproducibility-Scanner/benchmarks/bugs-dot-jar/logging-log4j2/log4j-osgi/core-osgi-async/target/log4j-core-osgi-async-2.0-rc2-SNAPSHOT.jar to /home/user/.m2/repository/org/apache/logging/log4j/osgi/log4j-core-osgi-async/2.0-rc2-SNAPSHOT/log4j-core-osgi-async-2.0-rc2-SNAPSHOT.jar
[[1;34mINFO[m] Installing /home/user/Reproducibility-Scanner/benchmarks/bugs-dot-jar/logging-log4j2/log4j-osgi/core-osgi-async/pom.xml to /home/user/.m2/repository/org/apache/logging/log4j/osgi/log4j-core-osgi-async/2.0-rc2-SNAPSHOT/log4j-core-osgi-async-2.0-rc2-SNAPSHOT.pom
[[1;34mINFO[m] 
[[1;34mINFO[m] [1m--- [0;32mmaven-bundle-plugin:2.3.7:install[m [1m(default-install)[m @ [36mlog4j-core-osgi-async[0;1m ---[m
[[1;34mINFO[m] Installing org/apache/logging/log4j/osgi/log4j-core-osgi-async/2.0-rc2-SNAPSHOT/log4j-core-osgi-async-2.0-rc2-SNAPSHOT.jar
[[1;34mINFO[m] Writing OBR metadata
[[1;34mINFO[m] 
[[1;34mINFO[m] [1m---------< [0;36morg.apache.logging.log4j.osgi:log4j-core-osgi-jpa[0;1m >----------[m
[[1;34mINFO[m] [1mBuilding Apache Log4J Core OSGi JPA 2.0-rc2-SNAPSHOT              [5/24][m
[[1;34mINFO[m] [1m-------------------------------[ bundle ]-------------------------------[m
[[1;34mINFO[m] 
[[1;34mINFO[m] [1m--- [0;32mmaven-antrun-plugin:1.6:run[m [1m(generate-sources)[m @ [36mlog4j-core-osgi-jpa[0;1m ---[m
[[1;33mWARNING[m] Parameter tasks is deprecated, use target instead
[[1;34mINFO[m] Executing tasks

main:
    [mkdir] Created dir: /home/user/Reproducibility-Scanner/benchmarks/bugs-dot-jar/logging-log4j2/log4j-osgi/core-osgi-jpa/target/classes
[[1;34mINFO[m] Executed tasks
[[1;34mINFO[m] 
[[1;34mINFO[m] [1m--- [0;32mmaven-bundle-plugin:2.3.7:cleanVersions[m [1m(default)[m @ [36mlog4j-core-osgi-jpa[0;1m ---[m
[[1;34mINFO[m] 
[[1;34mINFO[m] [1m--- [0;32mmaven-remote-resources-plugin:1.1:process[m [1m(default)[m @ [36mlog4j-core-osgi-jpa[0;1m ---[m
[[1;34mINFO[m] 
[[1;34mINFO[m] [1m--- [0;32mmaven-resources-plugin:2.5:resources[m [1m(default-resources)[m @ [36mlog4j-core-osgi-jpa[0;1m ---[m
[debug] execute contextualize
[[1;34mINFO[m] Using 'UTF-8' encoding to copy filtered resources.
[[1;34mINFO[m] skip non existing resourceDirectory /home/user/Reproducibility-Scanner/benchmarks/bugs-dot-jar/logging-log4j2/log4j-osgi/core-osgi-jpa/src/main/resources
[[1;34mINFO[m] 
[[1;34mINFO[m] [1m--- [0;32mmaven-compiler-plugin:3.1:compile[m [1m(default-compile)[m @ [36mlog4j-core-osgi-jpa[0;1m ---[m
[[1;34mINFO[m] No sources to compile
[[1;34mINFO[m] 
[[1;34mINFO[m] [1m--- [0;32mmaven-bundle-plugin:2.3.7:manifest[m [1m(bundle-manifest)[m @ [36mlog4j-core-osgi-jpa[0;1m ---[m
[[1;33mWARNING[m] Manifest org.apache.logging.log4j.osgi:log4j-core-osgi-jpa:bundle:2.0-rc2-SNAPSHOT : Superfluous export-package instructions: [org.apache.logging.log4j.core.appender.db.jpa.*]
[[1;34mINFO[m] 
[[1;34mINFO[m] [1m--- [0;32mmaven-resources-plugin:2.5:testResources[m [1m(default-testResources)[m @ [36mlog4j-core-osgi-jpa[0;1m ---[m
[debug] execute contextualize
[[1;34mINFO[m] Using 'UTF-8' encoding to copy filtered resources.
[[1;34mINFO[m] skip non existing resourceDirectory /home/user/Reproducibility-Scanner/benchmarks/bugs-dot-jar/logging-log4j2/log4j-osgi/core-osgi-jpa/src/test/resources
[[1;34mINFO[m] 
[[1;34mINFO[m] [1m--- [0;32mmaven-compiler-plugin:3.1:testCompile[m [1m(default-testCompile)[m @ [36mlog4j-core-osgi-jpa[0;1m ---[m
[[1;34mINFO[m] No sources to compile
[[1;34mINFO[m] 
[[1;34mINFO[m] [1m--- [0;32mmaven-surefire-plugin:2.16:test[m [1m(default-test)[m @ [36mlog4j-core-osgi-jpa[0;1m ---[m
[[1;34mINFO[m] Tests are skipped.
[[1;34mINFO[m] 
[[1;34mINFO[m] [1m--- [0;32mmaven-bundle-plugin:2.3.7:bundle[m [1m(default-bundle)[m @ [36mlog4j-core-osgi-jpa[0;1m ---[m
[[1;34mINFO[m] 
[[1;34mINFO[m] [1m--- [0;32mmaven-install-plugin:2.3.1:install[m [1m(default-install)[m @ [36mlog4j-core-osgi-jpa[0;1m ---[m
[[1;34mINFO[m] Installing /home/user/Reproducibility-Scanner/benchmarks/bugs-dot-jar/logging-log4j2/log4j-osgi/core-osgi-jpa/target/log4j-core-osgi-jpa-2.0-rc2-SNAPSHOT.jar to /home/user/.m2/repository/org/apache/logging/log4j/osgi/log4j-core-osgi-jpa/2.0-rc2-SNAPSHOT/log4j-core-osgi-jpa-2.0-rc2-SNAPSHOT.jar
[[1;34mINFO[m] Installing /home/user/Reproducibility-Scanner/benchmarks/bugs-dot-jar/logging-log4j2/log4j-osgi/core-osgi-jpa/pom.xml to /home/user/.m2/repository/org/apache/logging/log4j/osgi/log4j-core-osgi-jpa/2.0-rc2-SNAPSHOT/log4j-core-osgi-jpa-2.0-rc2-SNAPSHOT.pom
[[1;34mINFO[m] 
[[1;34mINFO[m] [1m--- [0;32mmaven-bundle-plugin:2.3.7:install[m [1m(default-install)[m @ [36mlog4j-core-osgi-jpa[0;1m ---[m
[[1;34mINFO[m] Installing org/apache/logging/log4j/osgi/log4j-core-osgi-jpa/2.0-rc2-SNAPSHOT/log4j-core-osgi-jpa-2.0-rc2-SNAPSHOT.jar
[[1;34mINFO[m] Writing OBR metadata
[[1;34mINFO[m] 
[[1;34mINFO[m] [1m---------------< [0;36morg.apache.logging.log4j:log4j-1.2-api[0;1m >---------------[m
[[1;34mINFO[m] [1mBuilding Apache Log4j 1.x Compatibility API 2.0-rc2-SNAPSHOT      [6/24][m
[[1;34mINFO[m] [1m--------------------------------[ jar ]---------------------------------[m
[[1;34mINFO[m] 
[[1;34mINFO[m] [1m--- [0;32mmaven-remote-resources-plugin:1.1:process[m [1m(default)[m @ [36mlog4j-1.2-api[0;1m ---[m
[[1;34mINFO[m] 
[[1;34mINFO[m] [1m--- [0;32mmaven-resources-plugin:2.5:resources[m [1m(default-resources)[m @ [36mlog4j-1.2-api[0;1m ---[m
[debug] execute contextualize
[[1;34mINFO[m] Using 'UTF-8' encoding to copy filtered resources.
[[1;34mINFO[m] skip non existing resourceDirectory /home/user/Reproducibility-Scanner/benchmarks/bugs-dot-jar/logging-log4j2/log4j-1.2-api/src/main/resources
[[1;34mINFO[m] Copying 3 resources
[[1;34mINFO[m] 
[[1;34mINFO[m] [1m--- [0;32mmaven-compiler-plugin:3.1:compile[m [1m(default-compile)[m @ [36mlog4j-1.2-api[0;1m ---[m
[[1;34mINFO[m] Changes detected - recompiling the module!
[[1;34mINFO[m] Compiling 28 source files to /home/user/Reproducibility-Scanner/benchmarks/bugs-dot-jar/logging-log4j2/log4j-1.2-api/target/classes
[[1;33mWARNING[m] bootstrap class path not set in conjunction with -source 1.6
[[1;34mINFO[m] 
[[1;34mINFO[m] [1m--- [0;32mmaven-bundle-plugin:2.3.7:manifest[m [1m(bundle-manifest)[m @ [36mlog4j-1.2-api[0;1m ---[m
[[1;33mWARNING[m] Manifest org.apache.logging.log4j:log4j-1.2-api:jar:2.0-rc2-SNAPSHOT : Superfluous export-package instructions: [org.apache.logging.log4j.*]
[[1;34mINFO[m] 
[[1;34mINFO[m] [1m--- [0;32mmaven-resources-plugin:2.5:testResources[m [1m(default-testResources)[m @ [36mlog4j-1.2-api[0;1m ---[m
[debug] execute contextualize
[[1;34mINFO[m] Using 'UTF-8' encoding to copy filtered resources.
[[1;34mINFO[m] Copying 6 resources
[[1;34mINFO[m] Copying 3 resources
[[1;34mINFO[m] 
[[1;34mINFO[m] [1m--- [0;32mmaven-compiler-plugin:3.1:testCompile[m [1m(default-testCompile)[m @ [36mlog4j-1.2-api[0;1m ---[m
[[1;34mINFO[m] Changes detected - recompiling the module!
[[1;34mINFO[m] Compiling 10 source files to /home/user/Reproducibility-Scanner/benchmarks/bugs-dot-jar/logging-log4j2/log4j-1.2-api/target/test-classes
[[1;33mWARNING[m] bootstrap class path not set in conjunction with -source 1.6
[[1;34mINFO[m] 
[[1;34mINFO[m] [1m--- [0;32mmaven-surefire-plugin:2.16:test[m [1m(default-test)[m @ [36mlog4j-1.2-api[0;1m ---[m
[[1;34mINFO[m] Tests are skipped.
[[1;34mINFO[m] 
[[1;34mINFO[m] [1m--- [0;32mmaven-jar-plugin:2.3.1:jar[m [1m(default-jar)[m @ [36mlog4j-1.2-api[0;1m ---[m
[[1;34mINFO[m] Building jar: /home/user/Reproducibility-Scanner/benchmarks/bugs-dot-jar/logging-log4j2/log4j-1.2-api/target/log4j-1.2-api-2.0-rc2-SNAPSHOT.jar
[[1;34mINFO[m] 
[[1;34mINFO[m] [1m--- [0;32mmaven-install-plugin:2.3.1:install[m [1m(default-install)[m @ [36mlog4j-1.2-api[0;1m ---[m
[[1;34mINFO[m] Installing /home/user/Reproducibility-Scanner/benchmarks/bugs-dot-jar/logging-log4j2/log4j-1.2-api/target/log4j-1.2-api-2.0-rc2-SNAPSHOT.jar to /home/user/.m2/repository/org/apache/logging/log4j/log4j-1.2-api/2.0-rc2-SNAPSHOT/log4j-1.2-api-2.0-rc2-SNAPSHOT.jar
[[1;34mINFO[m] Installing /home/user/Reproducibility-Scanner/benchmarks/bugs-dot-jar/logging-log4j2/log4j-1.2-api/pom.xml to /home/user/.m2/repository/org/apache/logging/log4j/log4j-1.2-api/2.0-rc2-SNAPSHOT/log4j-1.2-api-2.0-rc2-SNAPSHOT.pom
[[1;34mINFO[m] 
[[1;34mINFO[m] [1m----------< [0;36morg.apache.logging.log4j.osgi:log4j-1.2-osgi-api[0;1m >----------[m
[[1;34mINFO[m] [1mBuilding Apache Log4J 1.x Compatibility Bundle 2.0-rc2-SNAPSHOT   [7/24][m
[[1;34mINFO[m] [1m-------------------------------[ bundle ]-------------------------------[m
[[1;34mINFO[m] 
[[1;34mINFO[m] [1m--- [0;32mmaven-antrun-plugin:1.6:run[m [1m(generate-sources)[m @ [36mlog4j-1.2-osgi-api[0;1m ---[m
[[1;33mWARNING[m] Parameter tasks is deprecated, use target instead
[[1;34mINFO[m] Executing tasks

main:
    [mkdir] Created dir: /home/user/Reproducibility-Scanner/benchmarks/bugs-dot-jar/logging-log4j2/log4j-osgi/core-osgi-legacy-api/target/classes
[[1;34mINFO[m] Executed tasks
[[1;34mINFO[m] 
[[1;34mINFO[m] [1m--- [0;32mmaven-bundle-plugin:2.3.7:cleanVersions[m [1m(default)[m @ [36mlog4j-1.2-osgi-api[0;1m ---[m
[[1;34mINFO[m] 
[[1;34mINFO[m] [1m--- [0;32mmaven-remote-resources-plugin:1.1:process[m [1m(default)[m @ [36mlog4j-1.2-osgi-api[0;1m ---[m
[[1;34mINFO[m] 
[[1;34mINFO[m] [1m--- [0;32mmaven-resources-plugin:2.5:resources[m [1m(default-resources)[m @ [36mlog4j-1.2-osgi-api[0;1m ---[m
[debug] execute contextualize
[[1;34mINFO[m] Using 'UTF-8' encoding to copy filtered resources.
[[1;34mINFO[m] skip non existing resourceDirectory /home/user/Reproducibility-Scanner/benchmarks/bugs-dot-jar/logging-log4j2/log4j-osgi/core-osgi-legacy-api/src/main/resources
[[1;34mINFO[m] 
[[1;34mINFO[m] [1m--- [0;32mmaven-compiler-plugin:3.1:compile[m [1m(default-compile)[m @ [36mlog4j-1.2-osgi-api[0;1m ---[m
[[1;34mINFO[m] No sources to compile
[[1;34mINFO[m] 
[[1;34mINFO[m] [1m--- [0;32mmaven-bundle-plugin:2.3.7:manifest[m [1m(bundle-manifest)[m @ [36mlog4j-1.2-osgi-api[0;1m ---[m
[[1;33mWARNING[m] Manifest org.apache.logging.log4j.osgi:log4j-1.2-osgi-api:bundle:2.0-rc2-SNAPSHOT : Superfluous export-package instructions: [org.apache.log4j*]
[[1;34mINFO[m] 
[[1;34mINFO[m] [1m--- [0;32mmaven-resources-plugin:2.5:testResources[m [1m(default-testResources)[m @ [36mlog4j-1.2-osgi-api[0;1m ---[m
[debug] execute contextualize
[[1;34mINFO[m] Using 'UTF-8' encoding to copy filtered resources.
[[1;34mINFO[m] skip non existing resourceDirectory /home/user/Reproducibility-Scanner/benchmarks/bugs-dot-jar/logging-log4j2/log4j-osgi/core-osgi-legacy-api/src/test/resources
[[1;34mINFO[m] 
[[1;34mINFO[m] [1m--- [0;32mmaven-compiler-plugin:3.1:testCompile[m [1m(default-testCompile)[m @ [36mlog4j-1.2-osgi-api[0;1m ---[m
[[1;34mINFO[m] No sources to compile
[[1;34mINFO[m] 
[[1;34mINFO[m] [1m--- [0;32mmaven-surefire-plugin:2.16:test[m [1m(default-test)[m @ [36mlog4j-1.2-osgi-api[0;1m ---[m
[[1;34mINFO[m] Tests are skipped.
[[1;34mINFO[m] 
[[1;34mINFO[m] [1m--- [0;32mmaven-bundle-plugin:2.3.7:bundle[m [1m(default-bundle)[m @ [36mlog4j-1.2-osgi-api[0;1m ---[m
[[1;34mINFO[m] 
[[1;34mINFO[m] [1m--- [0;32mmaven-install-plugin:2.3.1:install[m [1m(default-install)[m @ [36mlog4j-1.2-osgi-api[0;1m ---[m
[[1;34mINFO[m] Installing /home/user/Reproducibility-Scanner/benchmarks/bugs-dot-jar/logging-log4j2/log4j-osgi/core-osgi-legacy-api/target/log4j-1.2-osgi-api-2.0-rc2-SNAPSHOT.jar to /home/user/.m2/repository/org/apache/logging/log4j/osgi/log4j-1.2-osgi-api/2.0-rc2-SNAPSHOT/log4j-1.2-osgi-api-2.0-rc2-SNAPSHOT.jar
[[1;34mINFO[m] Installing /home/user/Reproducibility-Scanner/benchmarks/bugs-dot-jar/logging-log4j2/log4j-osgi/core-osgi-legacy-api/pom.xml to /home/user/.m2/repository/org/apache/logging/log4j/osgi/log4j-1.2-osgi-api/2.0-rc2-SNAPSHOT/log4j-1.2-osgi-api-2.0-rc2-SNAPSHOT.pom
[[1;34mINFO[m] 
[[1;34mINFO[m] [1m--- [0;32mmaven-bundle-plugin:2.3.7:install[m [1m(default-install)[m @ [36mlog4j-1.2-osgi-api[0;1m ---[m
[[1;34mINFO[m] Installing org/apache/logging/log4j/osgi/log4j-1.2-osgi-api/2.0-rc2-SNAPSHOT/log4j-1.2-osgi-api-2.0-rc2-SNAPSHOT.jar
[[1;34mINFO[m] Writing OBR metadata
[[1;34mINFO[m] 
[[1;34mINFO[m] [1m---------< [0;36morg.apache.logging.log4j.osgi:log4j-core-osgi-net[0;1m >----------[m
[[1;34mINFO[m] [1mBuilding Apache Log4J Core OSGi Net 2.0-rc2-SNAPSHOT              [8/24][m
[[1;34mINFO[m] [1m-------------------------------[ bundle ]-------------------------------[m
[[1;34mINFO[m] 
[[1;34mINFO[m] [1m--- [0;32mmaven-antrun-plugin:1.6:run[m [1m(generate-sources)[m @ [36mlog4j-core-osgi-net[0;1m ---[m
[[1;33mWARNING[m] Parameter tasks is deprecated, use target instead
[[1;34mINFO[m] Executing tasks

main:
    [mkdir] Created dir: /home/user/Reproducibility-Scanner/benchmarks/bugs-dot-jar/logging-log4j2/log4j-osgi/core-osgi-net/target/classes
[[1;34mINFO[m] Executed tasks
[[1;34mINFO[m] 
[[1;34mINFO[m] [1m--- [0;32mmaven-bundle-plugin:2.3.7:cleanVersions[m [1m(default)[m @ [36mlog4j-core-osgi-net[0;1m ---[m
[[1;34mINFO[m] 
[[1;34mINFO[m] [1m--- [0;32mmaven-remote-resources-plugin:1.1:process[m [1m(default)[m @ [36mlog4j-core-osgi-net[0;1m ---[m
[[1;34mINFO[m] 
[[1;34mINFO[m] [1m--- [0;32mmaven-resources-plugin:2.5:resources[m [1m(default-resources)[m @ [36mlog4j-core-osgi-net[0;1m ---[m
[debug] execute contextualize
[[1;34mINFO[m] Using 'UTF-8' encoding to copy filtered resources.
[[1;34mINFO[m] skip non existing resourceDirectory /home/user/Reproducibility-Scanner/benchmarks/bugs-dot-jar/logging-log4j2/log4j-osgi/core-osgi-net/src/main/resources
[[1;34mINFO[m] 
[[1;34mINFO[m] [1m--- [0;32mmaven-compiler-plugin:3.1:compile[m [1m(default-compile)[m @ [36mlog4j-core-osgi-net[0;1m ---[m
[[1;34mINFO[m] No sources to compile
[[1;34mINFO[m] 
[[1;34mINFO[m] [1m--- [0;32mmaven-bundle-plugin:2.3.7:manifest[m [1m(bundle-manifest)[m @ [36mlog4j-core-osgi-net[0;1m ---[m
[[1;33mWARNING[m] Manifest org.apache.logging.log4j.osgi:log4j-core-osgi-net:bundle:2.0-rc2-SNAPSHOT : Superfluous export-package instructions: [org.apache.logging.log4j.core.net.*]
[[1;34mINFO[m] 
[[1;34mINFO[m] [1m--- [0;32mmaven-resources-plugin:2.5:testResources[m [1m(default-testResources)[m @ [36mlog4j-core-osgi-net[0;1m ---[m
[debug] execute contextualize
[[1;34mINFO[m] Using 'UTF-8' encoding to copy filtered resources.
[[1;34mINFO[m] skip non existing resourceDirectory /home/user/Reproducibility-Scanner/benchmarks/bugs-dot-jar/logging-log4j2/log4j-osgi/core-osgi-net/src/test/resources
[[1;34mINFO[m] 
[[1;34mINFO[m] [1m--- [0;32mmaven-compiler-plugin:3.1:testCompile[m [1m(default-testCompile)[m @ [36mlog4j-core-osgi-net[0;1m ---[m
[[1;34mINFO[m] No sources to compile
[[1;34mINFO[m] 
[[1;34mINFO[m] [1m--- [0;32mmaven-surefire-plugin:2.16:test[m [1m(default-test)[m @ [36mlog4j-core-osgi-net[0;1m ---[m
[[1;34mINFO[m] Tests are skipped.
[[1;34mINFO[m] 
[[1;34mINFO[m] [1m--- [0;32mmaven-bundle-plugin:2.3.7:bundle[m [1m(default-bundle)[m @ [36mlog4j-core-osgi-net[0;1m ---[m
[[1;34mINFO[m] 
[[1;34mINFO[m] [1m--- [0;32mmaven-install-plugin:2.3.1:install[m [1m(default-install)[m @ [36mlog4j-core-osgi-net[0;1m ---[m
[[1;34mINFO[m] Installing /home/user/Reproducibility-Scanner/benchmarks/bugs-dot-jar/logging-log4j2/log4j-osgi/core-osgi-net/target/log4j-core-osgi-net-2.0-rc2-SNAPSHOT.jar to /home/user/.m2/repository/org/apache/logging/log4j/osgi/log4j-core-osgi-net/2.0-rc2-SNAPSHOT/log4j-core-osgi-net-2.0-rc2-SNAPSHOT.jar
[[1;34mINFO[m] Installing /home/user/Reproducibility-Scanner/benchmarks/bugs-dot-jar/logging-log4j2/log4j-osgi/core-osgi-net/pom.xml to /home/user/.m2/repository/org/apache/logging/log4j/osgi/log4j-core-osgi-net/2.0-rc2-SNAPSHOT/log4j-core-osgi-net-2.0-rc2-SNAPSHOT.pom
[[1;34mINFO[m] 
[[1;34mINFO[m] [1m--- [0;32mmaven-bundle-plugin:2.3.7:install[m [1m(default-install)[m @ [36mlog4j-core-osgi-net[0;1m ---[m
[[1;34mINFO[m] Installing org/apache/logging/log4j/osgi/log4j-core-osgi-net/2.0-rc2-SNAPSHOT/log4j-core-osgi-net-2.0-rc2-SNAPSHOT.jar
[[1;34mINFO[m] Writing OBR metadata
[[1;34mINFO[m] 
[[1;34mINFO[m] [1m----< [0;36morg.apache.logging.log4j.osgi:log4j-core-osgi-nosql-couchdb[0;1m >-----[m
[[1;34mINFO[m] [1mBuilding Apache Log4J Core OSGi CouchDB 2.0-rc2-SNAPSHOT          [9/24][m
[[1;34mINFO[m] [1m-------------------------------[ bundle ]-------------------------------[m
[[1;34mINFO[m] 
[[1;34mINFO[m] [1m--- [0;32mmaven-antrun-plugin:1.6:run[m [1m(generate-sources)[m @ [36mlog4j-core-osgi-nosql-couchdb[0;1m ---[m
[[1;33mWARNING[m] Parameter tasks is deprecated, use target instead
[[1;34mINFO[m] Executing tasks

main:
    [mkdir] Created dir: /home/user/Reproducibility-Scanner/benchmarks/bugs-dot-jar/logging-log4j2/log4j-osgi/core-osgi-nosql-couchdb/target/classes
[[1;34mINFO[m] Executed tasks
[[1;34mINFO[m] 
[[1;34mINFO[m] [1m--- [0;32mmaven-bundle-plugin:2.3.7:cleanVersions[m [1m(default)[m @ [36mlog4j-core-osgi-nosql-couchdb[0;1m ---[m
[[1;34mINFO[m] 
[[1;34mINFO[m] [1m--- [0;32mmaven-remote-resources-plugin:1.1:process[m [1m(default)[m @ [36mlog4j-core-osgi-nosql-couchdb[0;1m ---[m
[[1;34mINFO[m] 
[[1;34mINFO[m] [1m--- [0;32mmaven-resources-plugin:2.5:resources[m [1m(default-resources)[m @ [36mlog4j-core-osgi-nosql-couchdb[0;1m ---[m
[debug] execute contextualize
[[1;34mINFO[m] Using 'UTF-8' encoding to copy filtered resources.
[[1;34mINFO[m] skip non existing resourceDirectory /home/user/Reproducibility-Scanner/benchmarks/bugs-dot-jar/logging-log4j2/log4j-osgi/core-osgi-nosql-couchdb/src/main/resources
[[1;34mINFO[m] 
[[1;34mINFO[m] [1m--- [0;32mmaven-compiler-plugin:3.1:compile[m [1m(default-compile)[m @ [36mlog4j-core-osgi-nosql-couchdb[0;1m ---[m
[[1;34mINFO[m] No sources to compile
[[1;34mINFO[m] 
[[1;34mINFO[m] [1m--- [0;32mmaven-bundle-plugin:2.3.7:manifest[m [1m(bundle-manifest)[m @ [36mlog4j-core-osgi-nosql-couchdb[0;1m ---[m
[[1;33mWARNING[m] Manifest org.apache.logging.log4j.osgi:log4j-core-osgi-nosql-couchdb:bundle:2.0-rc2-SNAPSHOT : Superfluous export-package instructions: [org.apache.logging.log4j.core.appender.db.nosql.couchdb.*]
[[1;34mINFO[m] 
[[1;34mINFO[m] [1m--- [0;32mmaven-resources-plugin:2.5:testResources[m [1m(default-testResources)[m @ [36mlog4j-core-osgi-nosql-couchdb[0;1m ---[m
[debug] execute contextualize
[[1;34mINFO[m] Using 'UTF-8' encoding to copy filtered resources.
[[1;34mINFO[m] skip non existing resourceDirectory /home/user/Reproducibility-Scanner/benchmarks/bugs-dot-jar/logging-log4j2/log4j-osgi/core-osgi-nosql-couchdb/src/test/resources
[[1;34mINFO[m] 
[[1;34mINFO[m] [1m--- [0;32mmaven-compiler-plugin:3.1:testCompile[m [1m(default-testCompile)[m @ [36mlog4j-core-osgi-nosql-couchdb[0;1m ---[m
[[1;34mINFO[m] No sources to compile
[[1;34mINFO[m] 
[[1;34mINFO[m] [1m--- [0;32mmaven-surefire-plugin:2.16:test[m [1m(default-test)[m @ [36mlog4j-core-osgi-nosql-couchdb[0;1m ---[m
[[1;34mINFO[m] Tests are skipped.
[[1;34mINFO[m] 
[[1;34mINFO[m] [1m--- [0;32mmaven-bundle-plugin:2.3.7:bundle[m [1m(default-bundle)[m @ [36mlog4j-core-osgi-nosql-couchdb[0;1m ---[m
[[1;34mINFO[m] 
[[1;34mINFO[m] [1m--- [0;32mmaven-install-plugin:2.3.1:install[m [1m(default-install)[m @ [36mlog4j-core-osgi-nosql-couchdb[0;1m ---[m
[[1;34mINFO[m] Installing /home/user/Reproducibility-Scanner/benchmarks/bugs-dot-jar/logging-log4j2/log4j-osgi/core-osgi-nosql-couchdb/target/log4j-core-osgi-nosql-couchdb-2.0-rc2-SNAPSHOT.jar to /home/user/.m2/repository/org/apache/logging/log4j/osgi/log4j-core-osgi-nosql-couchdb/2.0-rc2-SNAPSHOT/log4j-core-osgi-nosql-couchdb-2.0-rc2-SNAPSHOT.jar
[[1;34mINFO[m] Installing /home/user/Reproducibility-Scanner/benchmarks/bugs-dot-jar/logging-log4j2/log4j-osgi/core-osgi-nosql-couchdb/pom.xml to /home/user/.m2/repository/org/apache/logging/log4j/osgi/log4j-core-osgi-nosql-couchdb/2.0-rc2-SNAPSHOT/log4j-core-osgi-nosql-couchdb-2.0-rc2-SNAPSHOT.pom
[[1;34mINFO[m] 
[[1;34mINFO[m] [1m--- [0;32mmaven-bundle-plugin:2.3.7:install[m [1m(default-install)[m @ [36mlog4j-core-osgi-nosql-couchdb[0;1m ---[m
[[1;34mINFO[m] Installing org/apache/logging/log4j/osgi/log4j-core-osgi-nosql-couchdb/2.0-rc2-SNAPSHOT/log4j-core-osgi-nosql-couchdb-2.0-rc2-SNAPSHOT.jar
[[1;34mINFO[m] Writing OBR metadata
[[1;34mINFO[m] 
[[1;34mINFO[m] [1m----< [0;36morg.apache.logging.log4j.osgi:log4j-core-osgi-nosql-mongodb[0;1m >-----[m
[[1;34mINFO[m] [1mBuilding Apache Log4J Core OSGi MongoDB 2.0-rc2-SNAPSHOT         [10/24][m
[[1;34mINFO[m] [1m-------------------------------[ bundle ]-------------------------------[m
[[1;34mINFO[m] 
[[1;34mINFO[m] [1m--- [0;32mmaven-antrun-plugin:1.6:run[m [1m(generate-sources)[m @ [36mlog4j-core-osgi-nosql-mongodb[0;1m ---[m
[[1;33mWARNING[m] Parameter tasks is deprecated, use target instead
[[1;34mINFO[m] Executing tasks

main:
    [mkdir] Created dir: /home/user/Reproducibility-Scanner/benchmarks/bugs-dot-jar/logging-log4j2/log4j-osgi/core-osgi-nosql-mongodb/target/classes
[[1;34mINFO[m] Executed tasks
[[1;34mINFO[m] 
[[1;34mINFO[m] [1m--- [0;32mmaven-bundle-plugin:2.3.7:cleanVersions[m [1m(default)[m @ [36mlog4j-core-osgi-nosql-mongodb[0;1m ---[m
[[1;34mINFO[m] 
[[1;34mINFO[m] [1m--- [0;32mmaven-remote-resources-plugin:1.1:process[m [1m(default)[m @ [36mlog4j-core-osgi-nosql-mongodb[0;1m ---[m
[[1;34mINFO[m] 
[[1;34mINFO[m] [1m--- [0;32mmaven-resources-plugin:2.5:resources[m [1m(default-resources)[m @ [36mlog4j-core-osgi-nosql-mongodb[0;1m ---[m
[debug] execute contextualize
[[1;34mINFO[m] Using 'UTF-8' encoding to copy filtered resources.
[[1;34mINFO[m] skip non existing resourceDirectory /home/user/Reproducibility-Scanner/benchmarks/bugs-dot-jar/logging-log4j2/log4j-osgi/core-osgi-nosql-mongodb/src/main/resources
[[1;34mINFO[m] 
[[1;34mINFO[m] [1m--- [0;32mmaven-compiler-plugin:3.1:compile[m [1m(default-compile)[m @ [36mlog4j-core-osgi-nosql-mongodb[0;1m ---[m
[[1;34mINFO[m] No sources to compile
[[1;34mINFO[m] 
[[1;34mINFO[m] [1m--- [0;32mmaven-bundle-plugin:2.3.7:manifest[m [1m(bundle-manifest)[m @ [36mlog4j-core-osgi-nosql-mongodb[0;1m ---[m
[[1;33mWARNING[m] Manifest org.apache.logging.log4j.osgi:log4j-core-osgi-nosql-mongodb:bundle:2.0-rc2-SNAPSHOT : Superfluous export-package instructions: [org.apache.logging.log4j.core.appender.db.nosql.mongodb.*]
[[1;34mINFO[m] 
[[1;34mINFO[m] [1m--- [0;32mmaven-resources-plugin:2.5:testResources[m [1m(default-testResources)[m @ [36mlog4j-core-osgi-nosql-mongodb[0;1m ---[m
[debug] execute contextualize
[[1;34mINFO[m] Using 'UTF-8' encoding to copy filtered resources.
[[1;34mINFO[m] skip non existing resourceDirectory /home/user/Reproducibility-Scanner/benchmarks/bugs-dot-jar/logging-log4j2/log4j-osgi/core-osgi-nosql-mongodb/src/test/resources
[[1;34mINFO[m] 
[[1;34mINFO[m] [1m--- [0;32mmaven-compiler-plugin:3.1:testCompile[m [1m(default-testCompile)[m @ [36mlog4j-core-osgi-nosql-mongodb[0;1m ---[m
[[1;34mINFO[m] No sources to compile
[[1;34mINFO[m] 
[[1;34mINFO[m] [1m--- [0;32mmaven-surefire-plugin:2.16:test[m [1m(default-test)[m @ [36mlog4j-core-osgi-nosql-mongodb[0;1m ---[m
[[1;34mINFO[m] Tests are skipped.
[[1;34mINFO[m] 
[[1;34mINFO[m] [1m--- [0;32mmaven-bundle-plugin:2.3.7:bundle[m [1m(default-bundle)[m @ [36mlog4j-core-osgi-nosql-mongodb[0;1m ---[m
[[1;34mINFO[m] 
[[1;34mINFO[m] [1m--- [0;32mmaven-install-plugin:2.3.1:install[m [1m(default-install)[m @ [36mlog4j-core-osgi-nosql-mongodb[0;1m ---[m
[[1;34mINFO[m] Installing /home/user/Reproducibility-Scanner/benchmarks/bugs-dot-jar/logging-log4j2/log4j-osgi/core-osgi-nosql-mongodb/target/log4j-core-osgi-nosql-mongodb-2.0-rc2-SNAPSHOT.jar to /home/user/.m2/repository/org/apache/logging/log4j/osgi/log4j-core-osgi-nosql-mongodb/2.0-rc2-SNAPSHOT/log4j-core-osgi-nosql-mongodb-2.0-rc2-SNAPSHOT.jar
[[1;34mINFO[m] Installing /home/user/Reproducibility-Scanner/benchmarks/bugs-dot-jar/logging-log4j2/log4j-osgi/core-osgi-nosql-mongodb/pom.xml to /home/user/.m2/repository/org/apache/logging/log4j/osgi/log4j-core-osgi-nosql-mongodb/2.0-rc2-SNAPSHOT/log4j-core-osgi-nosql-mongodb-2.0-rc2-SNAPSHOT.pom
[[1;34mINFO[m] 
[[1;34mINFO[m] [1m--- [0;32mmaven-bundle-plugin:2.3.7:install[m [1m(default-install)[m @ [36mlog4j-core-osgi-nosql-mongodb[0;1m ---[m
[[1;34mINFO[m] Installing org/apache/logging/log4j/osgi/log4j-core-osgi-nosql-mongodb/2.0-rc2-SNAPSHOT/log4j-core-osgi-nosql-mongodb-2.0-rc2-SNAPSHOT.jar
[[1;34mINFO[m] Writing OBR metadata
[[1;34mINFO[m] 
[[1;34mINFO[m] [1m-------< [0;36morg.apache.logging.log4j.osgi:log4j-core-osgi-reduced[0;1m >--------[m
[[1;34mINFO[m] [1mBuilding Apache Log4J Core OSGi 2.0-rc2-SNAPSHOT                 [11/24][m
[[1;34mINFO[m] [1m-------------------------------[ bundle ]-------------------------------[m
[[1;34mINFO[m] 
[[1;34mINFO[m] [1m--- [0;32mmaven-antrun-plugin:1.6:run[m [1m(generate-sources)[m @ [36mlog4j-core-osgi-reduced[0;1m ---[m
[[1;33mWARNING[m] Parameter tasks is deprecated, use target instead
[[1;34mINFO[m] Executing tasks

main:
    [mkdir] Created dir: /home/user/Reproducibility-Scanner/benchmarks/bugs-dot-jar/logging-log4j2/log4j-osgi/core-osgi-reduced/target/classes
[[1;34mINFO[m] Executed tasks
[[1;34mINFO[m] 
[[1;34mINFO[m] [1m--- [0;32mmaven-bundle-plugin:2.3.7:cleanVersions[m [1m(default)[m @ [36mlog4j-core-osgi-reduced[0;1m ---[m
[[1;34mINFO[m] 
[[1;34mINFO[m] [1m--- [0;32mmaven-remote-resources-plugin:1.1:process[m [1m(default)[m @ [36mlog4j-core-osgi-reduced[0;1m ---[m
[[1;34mINFO[m] 
[[1;34mINFO[m] [1m--- [0;32mmaven-resources-plugin:2.5:resources[m [1m(default-resources)[m @ [36mlog4j-core-osgi-reduced[0;1m ---[m
[debug] execute contextualize
[[1;34mINFO[m] Using 'UTF-8' encoding to copy filtered resources.
[[1;34mINFO[m] skip non existing resourceDirectory /home/user/Reproducibility-Scanner/benchmarks/bugs-dot-jar/logging-log4j2/log4j-osgi/core-osgi-reduced/src/main/resources
[[1;34mINFO[m] 
[[1;34mINFO[m] [1m--- [0;32mmaven-compiler-plugin:3.1:compile[m [1m(default-compile)[m @ [36mlog4j-core-osgi-reduced[0;1m ---[m
[[1;34mINFO[m] No sources to compile
[[1;34mINFO[m] 
[[1;34mINFO[m] [1m--- [0;32mmaven-bundle-plugin:2.3.7:manifest[m [1m(bundle-manifest)[m @ [36mlog4j-core-osgi-reduced[0;1m ---[m
[[1;33mWARNING[m] Manifest org.apache.logging.log4j.osgi:log4j-core-osgi-reduced:bundle:2.0-rc2-SNAPSHOT : Superfluous export-package instructions: [org.apache.logging.log4j.core.appender.db.nosql, org.apache.logging.log4j.core.*]
[[1;34mINFO[m] 
[[1;34mINFO[m] [1m--- [0;32mmaven-resources-plugin:2.5:testResources[m [1m(default-testResources)[m @ [36mlog4j-core-osgi-reduced[0;1m ---[m
[debug] execute contextualize
[[1;34mINFO[m] Using 'UTF-8' encoding to copy filtered resources.
[[1;34mINFO[m] skip non existing resourceDirectory /home/user/Reproducibility-Scanner/benchmarks/bugs-dot-jar/logging-log4j2/log4j-osgi/core-osgi-reduced/src/test/resources
[[1;34mINFO[m] 
[[1;34mINFO[m] [1m--- [0;32mmaven-compiler-plugin:3.1:testCompile[m [1m(default-testCompile)[m @ [36mlog4j-core-osgi-reduced[0;1m ---[m
[[1;34mINFO[m] No sources to compile
[[1;34mINFO[m] 
[[1;34mINFO[m] [1m--- [0;32mmaven-surefire-plugin:2.16:test[m [1m(default-test)[m @ [36mlog4j-core-osgi-reduced[0;1m ---[m
[[1;34mINFO[m] Tests are skipped.
[[1;34mINFO[m] 
[[1;34mINFO[m] [1m--- [0;32mmaven-bundle-plugin:2.3.7:bundle[m [1m(default-bundle)[m @ [36mlog4j-core-osgi-reduced[0;1m ---[m
[[1;34mINFO[m] 
[[1;34mINFO[m] [1m--- [0;32mmaven-install-plugin:2.3.1:install[m [1m(default-install)[m @ [36mlog4j-core-osgi-reduced[0;1m ---[m
[[1;34mINFO[m] Installing /home/user/Reproducibility-Scanner/benchmarks/bugs-dot-jar/logging-log4j2/log4j-osgi/core-osgi-reduced/target/log4j-core-osgi-reduced-2.0-rc2-SNAPSHOT.jar to /home/user/.m2/repository/org/apache/logging/log4j/osgi/log4j-core-osgi-reduced/2.0-rc2-SNAPSHOT/log4j-core-osgi-reduced-2.0-rc2-SNAPSHOT.jar
[[1;34mINFO[m] Installing /home/user/Reproducibility-Scanner/benchmarks/bugs-dot-jar/logging-log4j2/log4j-osgi/core-osgi-reduced/pom.xml to /home/user/.m2/repository/org/apache/logging/log4j/osgi/log4j-core-osgi-reduced/2.0-rc2-SNAPSHOT/log4j-core-osgi-reduced-2.0-rc2-SNAPSHOT.pom
[[1;34mINFO[m] 
[[1;34mINFO[m] [1m--- [0;32mmaven-bundle-plugin:2.3.7:install[m [1m(default-install)[m @ [36mlog4j-core-osgi-reduced[0;1m ---[m
[[1;34mINFO[m] Installing org/apache/logging/log4j/osgi/log4j-core-osgi-reduced/2.0-rc2-SNAPSHOT/log4j-core-osgi-reduced-2.0-rc2-SNAPSHOT.jar
[[1;34mINFO[m] Writing OBR metadata
[[1;34mINFO[m] 
[[1;34mINFO[m] [1m--------------< [0;36morg.apache.logging.log4j:log4j-to-slf4j[0;1m >---------------[m
[[1;34mINFO[m] [1mBuilding Apache Log4j to SLF4J Adapter 2.0-rc2-SNAPSHOT          [12/24][m
[[1;34mINFO[m] [1m--------------------------------[ jar ]---------------------------------[m
[[1;34mINFO[m] 
[[1;34mINFO[m] [1m--- [0;32mmaven-remote-resources-plugin:1.1:process[m [1m(default)[m @ [36mlog4j-to-slf4j[0;1m ---[m
[[1;34mINFO[m] 
[[1;34mINFO[m] [1m--- [0;32mmaven-resources-plugin:2.5:resources[m [1m(default-resources)[m @ [36mlog4j-to-slf4j[0;1m ---[m
[debug] execute contextualize
[[1;34mINFO[m] Using 'UTF-8' encoding to copy filtered resources.
[[1;34mINFO[m] Copying 1 resource
[[1;34mINFO[m] Copying 3 resources
[[1;34mINFO[m] 
[[1;34mINFO[m] [1m--- [0;32mmaven-compiler-plugin:3.1:compile[m [1m(default-compile)[m @ [36mlog4j-to-slf4j[0;1m ---[m
[[1;34mINFO[m] Changes detected - recompiling the module!
[[1;34mINFO[m] Compiling 5 source files to /home/user/Reproducibility-Scanner/benchmarks/bugs-dot-jar/logging-log4j2/log4j-to-slf4j/target/classes
[[1;33mWARNING[m] bootstrap class path not set in conjunction with -source 1.6
[[1;34mINFO[m] 
[[1;34mINFO[m] [1m--- [0;32mmaven-bundle-plugin:2.3.7:manifest[m [1m(bundle-manifest)[m @ [36mlog4j-to-slf4j[0;1m ---[m
[[1;33mWARNING[m] Manifest org.apache.logging.log4j:log4j-to-slf4j:jar:2.0-rc2-SNAPSHOT : Superfluous export-package instructions: [org.apache.logging.log4j.*]
[[1;34mINFO[m] 
[[1;34mINFO[m] [1m--- [0;32mmaven-resources-plugin:2.5:testResources[m [1m(default-testResources)[m @ [36mlog4j-to-slf4j[0;1m ---[m
[debug] execute contextualize
[[1;34mINFO[m] Using 'UTF-8' encoding to copy filtered resources.
[[1;34mINFO[m] Copying 1 resource
[[1;34mINFO[m] Copying 3 resources
[[1;34mINFO[m] 
[[1;34mINFO[m] [1m--- [0;32mmaven-compiler-plugin:3.1:testCompile[m [1m(default-testCompile)[m @ [36mlog4j-to-slf4j[0;1m ---[m
[[1;34mINFO[m] Changes detected - recompiling the module!
[[1;34mINFO[m] Compiling 1 source file to /home/user/Reproducibility-Scanner/benchmarks/bugs-dot-jar/logging-log4j2/log4j-to-slf4j/target/test-classes
[[1;33mWARNING[m] bootstrap class path not set in conjunction with -source 1.6
[[1;34mINFO[m] 
[[1;34mINFO[m] [1m--- [0;32mmaven-surefire-plugin:2.16:test[m [1m(default-test)[m @ [36mlog4j-to-slf4j[0;1m ---[m
[[1;34mINFO[m] Tests are skipped.
[[1;34mINFO[m] 
[[1;34mINFO[m] [1m--- [0;32mmaven-jar-plugin:2.3.1:jar[m [1m(default-jar)[m @ [36mlog4j-to-slf4j[0;1m ---[m
[[1;34mINFO[m] Building jar: /home/user/Reproducibility-Scanner/benchmarks/bugs-dot-jar/logging-log4j2/log4j-to-slf4j/target/log4j-to-slf4j-2.0-rc2-SNAPSHOT.jar
[[1;34mINFO[m] 
[[1;34mINFO[m] [1m--- [0;32mmaven-install-plugin:2.3.1:install[m [1m(default-install)[m @ [36mlog4j-to-slf4j[0;1m ---[m
[[1;34mINFO[m] Installing /home/user/Reproducibility-Scanner/benchmarks/bugs-dot-jar/logging-log4j2/log4j-to-slf4j/target/log4j-to-slf4j-2.0-rc2-SNAPSHOT.jar to /home/user/.m2/repository/org/apache/logging/log4j/log4j-to-slf4j/2.0-rc2-SNAPSHOT/log4j-to-slf4j-2.0-rc2-SNAPSHOT.jar
[[1;34mINFO[m] Installing /home/user/Reproducibility-Scanner/benchmarks/bugs-dot-jar/logging-log4j2/log4j-to-slf4j/pom.xml to /home/user/.m2/repository/org/apache/logging/log4j/log4j-to-slf4j/2.0-rc2-SNAPSHOT/log4j-to-slf4j-2.0-rc2-SNAPSHOT.pom
[[1;34mINFO[m] 
[[1;34mINFO[m] [1m--------< [0;36morg.apache.logging.log4j.osgi:log4j-to-slf4j-bundle[0;1m >---------[m
[[1;34mINFO[m] [1mBuilding Apache Log4j to SLF4J 2.0-rc2-SNAPSHOT                  [13/24][m
[[1;34mINFO[m] [1m-------------------------------[ bundle ]-------------------------------[m
[[1;34mINFO[m] 
[[1;34mINFO[m] [1m--- [0;32mmaven-antrun-plugin:1.6:run[m [1m(generate-sources)[m @ [36mlog4j-to-slf4j-bundle[0;1m ---[m
[[1;33mWARNING[m] Parameter tasks is deprecated, use target instead
[[1;34mINFO[m] Executing tasks

main:
    [mkdir] Created dir: /home/user/Reproducibility-Scanner/benchmarks/bugs-dot-jar/logging-log4j2/log4j-osgi/log4j-to-slf4j/target/classes
[[1;34mINFO[m] Executed tasks
[[1;34mINFO[m] 
[[1;34mINFO[m] [1m--- [0;32mmaven-bundle-plugin:2.3.7:cleanVersions[m [1m(default)[m @ [36mlog4j-to-slf4j-bundle[0;1m ---[m
[[1;34mINFO[m] 
[[1;34mINFO[m] [1m--- [0;32mmaven-remote-resources-plugin:1.1:process[m [1m(default)[m @ [36mlog4j-to-slf4j-bundle[0;1m ---[m
[[1;34mINFO[m] 
[[1;34mINFO[m] [1m--- [0;32mmaven-resources-plugin:2.5:resources[m [1m(default-resources)[m @ [36mlog4j-to-slf4j-bundle[0;1m ---[m
[debug] execute contextualize
[[1;34mINFO[m] Using 'UTF-8' encoding to copy filtered resources.
[[1;34mINFO[m] skip non existing resourceDirectory /home/user/Reproducibility-Scanner/benchmarks/bugs-dot-jar/logging-log4j2/log4j-osgi/log4j-to-slf4j/src/main/resources
[[1;34mINFO[m] 
[[1;34mINFO[m] [1m--- [0;32mmaven-compiler-plugin:3.1:compile[m [1m(default-compile)[m @ [36mlog4j-to-slf4j-bundle[0;1m ---[m
[[1;34mINFO[m] No sources to compile
[[1;34mINFO[m] 
[[1;34mINFO[m] [1m--- [0;32mmaven-bundle-plugin:2.3.7:manifest[m [1m(bundle-manifest)[m @ [36mlog4j-to-slf4j-bundle[0;1m ---[m
[[1;33mWARNING[m] Manifest org.apache.logging.log4j.osgi:log4j-to-slf4j-bundle:bundle:2.0-rc2-SNAPSHOT : Superfluous export-package instructions: [org.apache.logging.slf4j.*]
[[1;34mINFO[m] 
[[1;34mINFO[m] [1m--- [0;32mmaven-resources-plugin:2.5:testResources[m [1m(default-testResources)[m @ [36mlog4j-to-slf4j-bundle[0;1m ---[m
[debug] execute contextualize
[[1;34mINFO[m] Using 'UTF-8' encoding to copy filtered resources.
[[1;34mINFO[m] skip non existing resourceDirectory /home/user/Reproducibility-Scanner/benchmarks/bugs-dot-jar/logging-log4j2/log4j-osgi/log4j-to-slf4j/src/test/resources
[[1;34mINFO[m] 
[[1;34mINFO[m] [1m--- [0;32mmaven-compiler-plugin:3.1:testCompile[m [1m(default-testCompile)[m @ [36mlog4j-to-slf4j-bundle[0;1m ---[m
[[1;34mINFO[m] No sources to compile
[[1;34mINFO[m] 
[[1;34mINFO[m] [1m--- [0;32mmaven-surefire-plugin:2.16:test[m [1m(default-test)[m @ [36mlog4j-to-slf4j-bundle[0;1m ---[m
[[1;34mINFO[m] Tests are skipped.
[[1;34mINFO[m] 
[[1;34mINFO[m] [1m--- [0;32mmaven-bundle-plugin:2.3.7:bundle[m [1m(default-bundle)[m @ [36mlog4j-to-slf4j-bundle[0;1m ---[m
[[1;34mINFO[m] 
[[1;34mINFO[m] [1m--- [0;32mmaven-install-plugin:2.3.1:install[m [1m(default-install)[m @ [36mlog4j-to-slf4j-bundle[0;1m ---[m
[[1;34mINFO[m] Installing /home/user/Reproducibility-Scanner/benchmarks/bugs-dot-jar/logging-log4j2/log4j-osgi/log4j-to-slf4j/target/log4j-to-slf4j-bundle-2.0-rc2-SNAPSHOT.jar to /home/user/.m2/repository/org/apache/logging/log4j/osgi/log4j-to-slf4j-bundle/2.0-rc2-SNAPSHOT/log4j-to-slf4j-bundle-2.0-rc2-SNAPSHOT.jar
[[1;34mINFO[m] Installing /home/user/Reproducibility-Scanner/benchmarks/bugs-dot-jar/logging-log4j2/log4j-osgi/log4j-to-slf4j/pom.xml to /home/user/.m2/repository/org/apache/logging/log4j/osgi/log4j-to-slf4j-bundle/2.0-rc2-SNAPSHOT/log4j-to-slf4j-bundle-2.0-rc2-SNAPSHOT.pom
[[1;34mINFO[m] 
[[1;34mINFO[m] [1m--- [0;32mmaven-bundle-plugin:2.3.7:install[m [1m(default-install)[m @ [36mlog4j-to-slf4j-bundle[0;1m ---[m
[[1;34mINFO[m] Installing org/apache/logging/log4j/osgi/log4j-to-slf4j-bundle/2.0-rc2-SNAPSHOT/log4j-to-slf4j-bundle-2.0-rc2-SNAPSHOT.jar
[[1;34mINFO[m] Writing OBR metadata
[[1;34mINFO[m] 
[[1;34mINFO[m] [1m-------------< [0;36morg.apache.logging.log4j:log4j-slf4j-impl[0;1m >--------------[m
[[1;34mINFO[m] [1mBuilding Apache Log4j SLF4J Binding 2.0-rc2-SNAPSHOT             [14/24][m
[[1;34mINFO[m] [1m--------------------------------[ jar ]---------------------------------[m
[[1;34mINFO[m] 
[[1;34mINFO[m] [1m--- [0;32mmaven-remote-resources-plugin:1.1:process[m [1m(default)[m @ [36mlog4j-slf4j-impl[0;1m ---[m
[[1;34mINFO[m] 
[[1;34mINFO[m] [1m--- [0;32mmaven-resources-plugin:2.5:resources[m [1m(default-resources)[m @ [36mlog4j-slf4j-impl[0;1m ---[m
[debug] execute contextualize
[[1;34mINFO[m] Using 'UTF-8' encoding to copy filtered resources.
[[1;34mINFO[m] skip non existing resourceDirectory /home/user/Reproducibility-Scanner/benchmarks/bugs-dot-jar/logging-log4j2/log4j-slf4j-impl/src/main/resources
[[1;34mINFO[m] Copying 3 resources
[[1;34mINFO[m] 
[[1;34mINFO[m] [1m--- [0;32mmaven-compiler-plugin:3.1:compile[m [1m(default-compile)[m @ [36mlog4j-slf4j-impl[0;1m ---[m
[[1;34mINFO[m] Changes detected - recompiling the module!
[[1;34mINFO[m] Compiling 13 source files to /home/user/Reproducibility-Scanner/benchmarks/bugs-dot-jar/logging-log4j2/log4j-slf4j-impl/target/classes
[[1;33mWARNING[m] bootstrap class path not set in conjunction with -source 1.6
[[1;34mINFO[m] 
[[1;34mINFO[m] [1m--- [0;32mmaven-bundle-plugin:2.3.7:manifest[m [1m(bundle-manifest)[m @ [36mlog4j-slf4j-impl[0;1m ---[m
[[1;33mWARNING[m] Manifest org.apache.logging.log4j:log4j-slf4j-impl:jar:2.0-rc2-SNAPSHOT : Superfluous export-package instructions: [org.apache.logging.log4j.*]
[[1;34mINFO[m] 
[[1;34mINFO[m] [1m--- [0;32mmaven-resources-plugin:2.5:testResources[m [1m(default-testResources)[m @ [36mlog4j-slf4j-impl[0;1m ---[m
[debug] execute contextualize
[[1;34mINFO[m] Using 'UTF-8' encoding to copy filtered resources.
[[1;34mINFO[m] Copying 1 resource
[[1;34mINFO[m] Copying 3 resources
[[1;34mINFO[m] 
[[1;34mINFO[m] [1m--- [0;32mmaven-compiler-plugin:3.1:testCompile[m [1m(default-testCompile)[m @ [36mlog4j-slf4j-impl[0;1m ---[m
[[1;34mINFO[m] Changes detected - recompiling the module!
[[1;34mINFO[m] Compiling 4 source files to /home/user/Reproducibility-Scanner/benchmarks/bugs-dot-jar/logging-log4j2/log4j-slf4j-impl/target/test-classes
[[1;33mWARNING[m] bootstrap class path not set in conjunction with -source 1.6
[[1;34mINFO[m] 
[[1;34mINFO[m] [1m--- [0;32mmaven-surefire-plugin:2.16:test[m [1m(default-test)[m @ [36mlog4j-slf4j-impl[0;1m ---[m
[[1;34mINFO[m] Tests are skipped.
[[1;34mINFO[m] 
[[1;34mINFO[m] [1m--- [0;32mmaven-surefire-plugin:2.16:test[m [1m(default-tests)[m @ [36mlog4j-slf4j-impl[0;1m ---[m
[[1;34mINFO[m] Tests are skipped.
[[1;34mINFO[m] 
[[1;34mINFO[m] [1m--- [0;32mmaven-surefire-plugin:2.16:test[m [1m(test-optional)[m @ [36mlog4j-slf4j-impl[0;1m ---[m
[[1;34mINFO[m] Tests are skipped.
[[1;34mINFO[m] 
[[1;34mINFO[m] [1m--- [0;32mmaven-jar-plugin:2.3.1:jar[m [1m(default-jar)[m @ [36mlog4j-slf4j-impl[0;1m ---[m
[[1;34mINFO[m] Building jar: /home/user/Reproducibility-Scanner/benchmarks/bugs-dot-jar/logging-log4j2/log4j-slf4j-impl/target/log4j-slf4j-impl-2.0-rc2-SNAPSHOT.jar
[[1;34mINFO[m] 
[[1;34mINFO[m] [1m--- [0;32mmaven-install-plugin:2.3.1:install[m [1m(default-install)[m @ [36mlog4j-slf4j-impl[0;1m ---[m
[[1;34mINFO[m] Installing /home/user/Reproducibility-Scanner/benchmarks/bugs-dot-jar/logging-log4j2/log4j-slf4j-impl/target/log4j-slf4j-impl-2.0-rc2-SNAPSHOT.jar to /home/user/.m2/repository/org/apache/logging/log4j/log4j-slf4j-impl/2.0-rc2-SNAPSHOT/log4j-slf4j-impl-2.0-rc2-SNAPSHOT.jar
[[1;34mINFO[m] Installing /home/user/Reproducibility-Scanner/benchmarks/bugs-dot-jar/logging-log4j2/log4j-slf4j-impl/pom.xml to /home/user/.m2/repository/org/apache/logging/log4j/log4j-slf4j-impl/2.0-rc2-SNAPSHOT/log4j-slf4j-impl-2.0-rc2-SNAPSHOT.pom
[[1;34mINFO[m] 
[[1;34mINFO[m] [1m-------< [0;36morg.apache.logging.log4j.osgi:log4j-slf4j-impl-bundle[0;1m >--------[m
[[1;34mINFO[m] [1mBuilding Apache Log4j for SLF4J 2.0-rc2-SNAPSHOT                 [15/24][m
[[1;34mINFO[m] [1m-------------------------------[ bundle ]-------------------------------[m
[[1;34mINFO[m] 
[[1;34mINFO[m] [1m--- [0;32mmaven-antrun-plugin:1.6:run[m [1m(generate-sources)[m @ [36mlog4j-slf4j-impl-bundle[0;1m ---[m
[[1;33mWARNING[m] Parameter tasks is deprecated, use target instead
[[1;34mINFO[m] Executing tasks

main:
    [mkdir] Created dir: /home/user/Reproducibility-Scanner/benchmarks/bugs-dot-jar/logging-log4j2/log4j-osgi/slf4j-to-log4j/target/classes
[[1;34mINFO[m] Executed tasks
[[1;34mINFO[m] 
[[1;34mINFO[m] [1m--- [0;32mmaven-bundle-plugin:2.3.7:cleanVersions[m [1m(default)[m @ [36mlog4j-slf4j-impl-bundle[0;1m ---[m
[[1;34mINFO[m] 
[[1;34mINFO[m] [1m--- [0;32mmaven-remote-resources-plugin:1.1:process[m [1m(default)[m @ [36mlog4j-slf4j-impl-bundle[0;1m ---[m
[[1;34mINFO[m] 
[[1;34mINFO[m] [1m--- [0;32mmaven-resources-plugin:2.5:resources[m [1m(default-resources)[m @ [36mlog4j-slf4j-impl-bundle[0;1m ---[m
[debug] execute contextualize
[[1;34mINFO[m] Using 'UTF-8' encoding to copy filtered resources.
[[1;34mINFO[m] skip non existing resourceDirectory /home/user/Reproducibility-Scanner/benchmarks/bugs-dot-jar/logging-log4j2/log4j-osgi/slf4j-to-log4j/src/main/resources
[[1;34mINFO[m] 
[[1;34mINFO[m] [1m--- [0;32mmaven-compiler-plugin:3.1:compile[m [1m(default-compile)[m @ [36mlog4j-slf4j-impl-bundle[0;1m ---[m
[[1;34mINFO[m] No sources to compile
[[1;34mINFO[m] 
[[1;34mINFO[m] [1m--- [0;32mmaven-bundle-plugin:2.3.7:manifest[m [1m(bundle-manifest)[m @ [36mlog4j-slf4j-impl-bundle[0;1m ---[m
[[1;33mWARNING[m] Manifest org.apache.logging.log4j.osgi:log4j-slf4j-impl-bundle:bundle:2.0-rc2-SNAPSHOT : Superfluous export-package instructions: [org.slf4j.helpers.*, org.apache.logging.slf4j.*, org.slf4j.impl.*]
[[1;34mINFO[m] 
[[1;34mINFO[m] [1m--- [0;32mmaven-resources-plugin:2.5:testResources[m [1m(default-testResources)[m @ [36mlog4j-slf4j-impl-bundle[0;1m ---[m
[debug] execute contextualize
[[1;34mINFO[m] Using 'UTF-8' encoding to copy filtered resources.
[[1;34mINFO[m] skip non existing resourceDirectory /home/user/Reproducibility-Scanner/benchmarks/bugs-dot-jar/logging-log4j2/log4j-osgi/slf4j-to-log4j/src/test/resources
[[1;34mINFO[m] 
[[1;34mINFO[m] [1m--- [0;32mmaven-compiler-plugin:3.1:testCompile[m [1m(default-testCompile)[m @ [36mlog4j-slf4j-impl-bundle[0;1m ---[m
[[1;34mINFO[m] No sources to compile
[[1;34mINFO[m] 
[[1;34mINFO[m] [1m--- [0;32mmaven-surefire-plugin:2.16:test[m [1m(default-test)[m @ [36mlog4j-slf4j-impl-bundle[0;1m ---[m
[[1;34mINFO[m] Tests are skipped.
[[1;34mINFO[m] 
[[1;34mINFO[m] [1m--- [0;32mmaven-bundle-plugin:2.3.7:bundle[m [1m(default-bundle)[m @ [36mlog4j-slf4j-impl-bundle[0;1m ---[m
[[1;33mWARNING[m] Bundle org.apache.logging.log4j.osgi:log4j-slf4j-impl-bundle:bundle:2.0-rc2-SNAPSHOT : Split package org/slf4j/helpers
Use directive -split-package:=(merge-first|merge-last|error|first) on Export/Private Package instruction to get rid of this warning
Package found in   [Jar:log4j-slf4j-impl, Jar:slf4j-api]
Reference from     /home/user/.m2/repository/org/slf4j/slf4j-api/1.7.5/slf4j-api-1.7.5.jar
Classpath          [Jar:., Jar:log4j-slf4j-impl, Jar:slf4j-api, Jar:log4j-api]
[[1;34mINFO[m] 
[[1;34mINFO[m] [1m--- [0;32mmaven-install-plugin:2.3.1:install[m [1m(default-install)[m @ [36mlog4j-slf4j-impl-bundle[0;1m ---[m
[[1;34mINFO[m] Installing /home/user/Reproducibility-Scanner/benchmarks/bugs-dot-jar/logging-log4j2/log4j-osgi/slf4j-to-log4j/target/log4j-slf4j-impl-bundle-2.0-rc2-SNAPSHOT.jar to /home/user/.m2/repository/org/apache/logging/log4j/osgi/log4j-slf4j-impl-bundle/2.0-rc2-SNAPSHOT/log4j-slf4j-impl-bundle-2.0-rc2-SNAPSHOT.jar
[[1;34mINFO[m] Installing /home/user/Reproducibility-Scanner/benchmarks/bugs-dot-jar/logging-log4j2/log4j-osgi/slf4j-to-log4j/pom.xml to /home/user/.m2/repository/org/apache/logging/log4j/osgi/log4j-slf4j-impl-bundle/2.0-rc2-SNAPSHOT/log4j-slf4j-impl-bundle-2.0-rc2-SNAPSHOT.pom
[[1;34mINFO[m] 
[[1;34mINFO[m] [1m--- [0;32mmaven-bundle-plugin:2.3.7:install[m [1m(default-install)[m @ [36mlog4j-slf4j-impl-bundle[0;1m ---[m
[[1;34mINFO[m] Installing org/apache/logging/log4j/osgi/log4j-slf4j-impl-bundle/2.0-rc2-SNAPSHOT/log4j-slf4j-impl-bundle-2.0-rc2-SNAPSHOT.jar
[[1;34mINFO[m] Writing OBR metadata
[[1;34mINFO[m] 
[[1;34mINFO[m] [1m--------------< [0;36morg.apache.logging.log4j.osgi:log4j-osgi[0;1m >--------------[m
[[1;34mINFO[m] [1mBuilding Apache Log4J Core OSGi Bundles 2.0-rc2-SNAPSHOT         [16/24][m
[[1;34mINFO[m] [1m--------------------------------[ pom ]---------------------------------[m
[[1;34mINFO[m] 
[[1;34mINFO[m] [1m--- [0;32mmaven-remote-resources-plugin:1.1:process[m [1m(default)[m @ [36mlog4j-osgi[0;1m ---[m
[[1;34mINFO[m] 
[[1;34mINFO[m] [1m--- [0;32mmaven-bundle-plugin:2.3.7:manifest[m [1m(bundle-manifest)[m @ [36mlog4j-osgi[0;1m ---[m
[[1;33mWARNING[m] Ignoring project type pom - supportedProjectTypes = [jar, bundle]
[[1;34mINFO[m] 
[[1;34mINFO[m] [1m--- [0;32mmaven-install-plugin:2.3.1:install[m [1m(default-install)[m @ [36mlog4j-osgi[0;1m ---[m
[[1;34mINFO[m] Installing /home/user/Reproducibility-Scanner/benchmarks/bugs-dot-jar/logging-log4j2/log4j-osgi/pom.xml to /home/user/.m2/repository/org/apache/logging/log4j/osgi/log4j-osgi/2.0-rc2-SNAPSHOT/log4j-osgi-2.0-rc2-SNAPSHOT.pom
[[1;34mINFO[m] 
[[1;34mINFO[m] [1m-----------------< [0;36morg.apache.logging.log4j:log4j-jcl[0;1m >-----------------[m
[[1;34mINFO[m] [1mBuilding Apache Log4j Commons Logging Bridge 2.0-rc2-SNAPSHOT    [17/24][m
[[1;34mINFO[m] [1m--------------------------------[ jar ]---------------------------------[m
[[1;34mINFO[m] 
[[1;34mINFO[m] [1m--- [0;32mmaven-remote-resources-plugin:1.1:process[m [1m(default)[m @ [36mlog4j-jcl[0;1m ---[m
[[1;34mINFO[m] 
[[1;34mINFO[m] [1m--- [0;32mmaven-resources-plugin:2.5:resources[m [1m(default-resources)[m @ [36mlog4j-jcl[0;1m ---[m
[debug] execute contextualize
[[1;34mINFO[m] Using 'UTF-8' encoding to copy filtered resources.
[[1;34mINFO[m] Copying 1 resource
[[1;34mINFO[m] Copying 3 resources
[[1;34mINFO[m] 
[[1;34mINFO[m] [1m--- [0;32mmaven-compiler-plugin:3.1:compile[m [1m(default-compile)[m @ [36mlog4j-jcl[0;1m ---[m
[[1;34mINFO[m] Changes detected - recompiling the module!
[[1;34mINFO[m] Compiling 3 source files to /home/user/Reproducibility-Scanner/benchmarks/bugs-dot-jar/logging-log4j2/log4j-jcl/target/classes
[[1;33mWARNING[m] bootstrap class path not set in conjunction with -source 1.6
[[1;34mINFO[m] 
[[1;34mINFO[m] [1m--- [0;32mmaven-bundle-plugin:2.3.7:manifest[m [1m(bundle-manifest)[m @ [36mlog4j-jcl[0;1m ---[m
[[1;34mINFO[m] 
[[1;34mINFO[m] [1m--- [0;32mmaven-resources-plugin:2.5:testResources[m [1m(default-testResources)[m @ [36mlog4j-jcl[0;1m ---[m
[debug] execute contextualize
[[1;34mINFO[m] Using 'UTF-8' encoding to copy filtered resources.
[[1;34mINFO[m] Copying 1 resource
[[1;34mINFO[m] Copying 3 resources
[[1;34mINFO[m] 
[[1;34mINFO[m] [1m--- [0;32mmaven-compiler-plugin:3.1:testCompile[m [1m(default-testCompile)[m @ [36mlog4j-jcl[0;1m ---[m
[[1;34mINFO[m] Changes detected - recompiling the module!
[[1;34mINFO[m] Compiling 1 source file to /home/user/Reproducibility-Scanner/benchmarks/bugs-dot-jar/logging-log4j2/log4j-jcl/target/test-classes
[[1;33mWARNING[m] bootstrap class path not set in conjunction with -source 1.6
[[1;34mINFO[m] 
[[1;34mINFO[m] [1m--- [0;32mmaven-surefire-plugin:2.16:test[m [1m(default-test)[m @ [36mlog4j-jcl[0;1m ---[m
[[1;34mINFO[m] Tests are skipped.
[[1;34mINFO[m] 
[[1;34mINFO[m] [1m--- [0;32mmaven-jar-plugin:2.3.1:jar[m [1m(default-jar)[m @ [36mlog4j-jcl[0;1m ---[m
[[1;34mINFO[m] Building jar: /home/user/Reproducibility-Scanner/benchmarks/bugs-dot-jar/logging-log4j2/log4j-jcl/target/log4j-jcl-2.0-rc2-SNAPSHOT.jar
[[1;34mINFO[m] 
[[1;34mINFO[m] [1m--- [0;32mmaven-install-plugin:2.3.1:install[m [1m(default-install)[m @ [36mlog4j-jcl[0;1m ---[m
[[1;34mINFO[m] Installing /home/user/Reproducibility-Scanner/benchmarks/bugs-dot-jar/logging-log4j2/log4j-jcl/target/log4j-jcl-2.0-rc2-SNAPSHOT.jar to /home/user/.m2/repository/org/apache/logging/log4j/log4j-jcl/2.0-rc2-SNAPSHOT/log4j-jcl-2.0-rc2-SNAPSHOT.jar
[[1;34mINFO[m] Installing /home/user/Reproducibility-Scanner/benchmarks/bugs-dot-jar/logging-log4j2/log4j-jcl/pom.xml to /home/user/.m2/repository/org/apache/logging/log4j/log4j-jcl/2.0-rc2-SNAPSHOT/log4j-jcl-2.0-rc2-SNAPSHOT.pom
[[1;34mINFO[m] 
[[1;34mINFO[m] [1m--------------< [0;36morg.apache.logging.log4j:log4j-flume-ng[0;1m >---------------[m
[[1;34mINFO[m] [1mBuilding Apache Log4j Flume NG Bridge 2.0-rc2-SNAPSHOT           [18/24][m
[[1;34mINFO[m] [1m--------------------------------[ jar ]---------------------------------[m
[[1;34mINFO[m] 
[[1;34mINFO[m] [1m--- [0;32mmaven-remote-resources-plugin:1.1:process[m [1m(default)[m @ [36mlog4j-flume-ng[0;1m ---[m
[[1;34mINFO[m] 
[[1;34mINFO[m] [1m--- [0;32mmaven-resources-plugin:2.5:resources[m [1m(default-resources)[m @ [36mlog4j-flume-ng[0;1m ---[m
[debug] execute contextualize
[[1;34mINFO[m] Using 'UTF-8' encoding to copy filtered resources.
[[1;34mINFO[m] skip non existing resourceDirectory /home/user/Reproducibility-Scanner/benchmarks/bugs-dot-jar/logging-log4j2/log4j-flume-ng/src/main/resources
[[1;34mINFO[m] Copying 3 resources
[[1;34mINFO[m] 
[[1;34mINFO[m] [1m--- [0;32mmaven-compiler-plugin:3.1:compile[m [1m(default-compile)[m @ [36mlog4j-flume-ng[0;1m ---[m
[[1;34mINFO[m] Changes detected - recompiling the module!
[[1;34mINFO[m] Compiling 11 source files to /home/user/Reproducibility-Scanner/benchmarks/bugs-dot-jar/logging-log4j2/log4j-flume-ng/target/classes
[[1;33mWARNING[m] bootstrap class path not set in conjunction with -source 1.6
[[1;34mINFO[m] 
[[1;34mINFO[m] [1m--- [0;32mmaven-bundle-plugin:2.3.7:manifest[m [1m(bundle-manifest)[m @ [36mlog4j-flume-ng[0;1m ---[m
[[1;34mINFO[m] 
[[1;34mINFO[m] [1m>>> [0;32mexec-maven-plugin:1.2.1:java[m [1m(default)[0;1m > [0;1mvalidate[m @ [36mlog4j-flume-ng[0;1m >>>[m
[[1;34mINFO[m] 
[[1;34mINFO[m] [1m<<< [0;32mexec-maven-plugin:1.2.1:java[m [1m(default)[0;1m < [0;1mvalidate[m @ [36mlog4j-flume-ng[0;1m <<<[m
[[1;34mINFO[m] 
[[1;34mINFO[m] 
[[1;34mINFO[m] [1m--- [0;32mexec-maven-plugin:1.2.1:java[m [1m(default)[m @ [36mlog4j-flume-ng[0;1m ---[m
[[1;34mINFO[m] 
[[1;34mINFO[m] [1m--- [0;32mmaven-resources-plugin:2.5:testResources[m [1m(default-testResources)[m @ [36mlog4j-flume-ng[0;1m ---[m
[debug] execute contextualize
[[1;34mINFO[m] Using 'UTF-8' encoding to copy filtered resources.
[[1;34mINFO[m] Copying 3 resources
[[1;34mINFO[m] Copying 3 resources
[[1;34mINFO[m] 
[[1;34mINFO[m] [1m--- [0;32mmaven-compiler-plugin:3.1:testCompile[m [1m(default-testCompile)[m @ [36mlog4j-flume-ng[0;1m ---[m
[[1;34mINFO[m] Changes detected - recompiling the module!
[[1;34mINFO[m] Compiling 6 source files to /home/user/Reproducibility-Scanner/benchmarks/bugs-dot-jar/logging-log4j2/log4j-flume-ng/target/test-classes
[[1;33mWARNING[m] bootstrap class path not set in conjunction with -source 1.6
[[1;34mINFO[m] 
[[1;34mINFO[m] [1m--- [0;32mmaven-surefire-plugin:2.16:test[m [1m(default-test)[m @ [36mlog4j-flume-ng[0;1m ---[m
[[1;34mINFO[m] Tests are skipped.
[[1;34mINFO[m] 
[[1;34mINFO[m] [1m--- [0;32mmaven-jar-plugin:2.3.1:jar[m [1m(default-jar)[m @ [36mlog4j-flume-ng[0;1m ---[m
[[1;34mINFO[m] Building jar: /home/user/Reproducibility-Scanner/benchmarks/bugs-dot-jar/logging-log4j2/log4j-flume-ng/target/log4j-flume-ng-2.0-rc2-SNAPSHOT.jar
[[1;34mINFO[m] 
[[1;34mINFO[m] [1m--- [0;32mmaven-jar-plugin:2.3.1:test-jar[m [1m(default)[m @ [36mlog4j-flume-ng[0;1m ---[m
[[1;34mINFO[m] Building jar: /home/user/Reproducibility-Scanner/benchmarks/bugs-dot-jar/logging-log4j2/log4j-flume-ng/target/log4j-flume-ng-2.0-rc2-SNAPSHOT-tests.jar
[[1;34mINFO[m] 
[[1;34mINFO[m] [1m--- [0;32mmaven-install-plugin:2.3.1:install[m [1m(default-install)[m @ [36mlog4j-flume-ng[0;1m ---[m
[[1;34mINFO[m] Installing /home/user/Reproducibility-Scanner/benchmarks/bugs-dot-jar/logging-log4j2/log4j-flume-ng/target/log4j-flume-ng-2.0-rc2-SNAPSHOT.jar to /home/user/.m2/repository/org/apache/logging/log4j/log4j-flume-ng/2.0-rc2-SNAPSHOT/log4j-flume-ng-2.0-rc2-SNAPSHOT.jar
[[1;34mINFO[m] Installing /home/user/Reproducibility-Scanner/benchmarks/bugs-dot-jar/logging-log4j2/log4j-flume-ng/pom.xml to /home/user/.m2/repository/org/apache/logging/log4j/log4j-flume-ng/2.0-rc2-SNAPSHOT/log4j-flume-ng-2.0-rc2-SNAPSHOT.pom
[[1;34mINFO[m] Installing /home/user/Reproducibility-Scanner/benchmarks/bugs-dot-jar/logging-log4j2/log4j-flume-ng/target/log4j-flume-ng-2.0-rc2-SNAPSHOT-tests.jar to /home/user/.m2/repository/org/apache/logging/log4j/log4j-flume-ng/2.0-rc2-SNAPSHOT/log4j-flume-ng-2.0-rc2-SNAPSHOT-tests.jar
[[1;34mINFO[m] 
[[1;34mINFO[m] [1m---------------< [0;36morg.apache.logging.log4j:log4j-taglib[0;1m >----------------[m
[[1;34mINFO[m] [1mBuilding Apache Log4j Tag Library 2.0-rc2-SNAPSHOT               [19/24][m
[[1;34mINFO[m] [1m--------------------------------[ jar ]---------------------------------[m
[[1;34mINFO[m] 
[[1;34mINFO[m] [1m--- [0;32mmaven-remote-resources-plugin:1.1:process[m [1m(default)[m @ [36mlog4j-taglib[0;1m ---[m
[[1;34mINFO[m] 
[[1;34mINFO[m] [1m--- [0;32mmaven-resources-plugin:2.5:resources[m [1m(default-resources)[m @ [36mlog4j-taglib[0;1m ---[m
[debug] execute contextualize
[[1;34mINFO[m] Using 'UTF-8' encoding to copy filtered resources.
[[1;34mINFO[m] Copying 1 resource
[[1;34mINFO[m] Copying 3 resources
[[1;34mINFO[m] 
[[1;34mINFO[m] [1m--- [0;32mmaven-compiler-plugin:3.1:compile[m [1m(default-compile)[m @ [36mlog4j-taglib[0;1m ---[m
[[1;34mINFO[m] Changes detected - recompiling the module!
[[1;34mINFO[m] Compiling 20 source files to /home/user/Reproducibility-Scanner/benchmarks/bugs-dot-jar/logging-log4j2/log4j-taglib/target/classes
[[1;33mWARNING[m] bootstrap class path not set in conjunction with -source 1.6
[[1;34mINFO[m] 
[[1;34mINFO[m] [1m--- [0;32mmaven-bundle-plugin:2.3.7:manifest[m [1m(bundle-manifest)[m @ [36mlog4j-taglib[0;1m ---[m
[[1;34mINFO[m] 
[[1;34mINFO[m] [1m--- [0;32mmaven-resources-plugin:2.5:testResources[m [1m(default-testResources)[m @ [36mlog4j-taglib[0;1m ---[m
[debug] execute contextualize
[[1;34mINFO[m] Using 'UTF-8' encoding to copy filtered resources.
[[1;34mINFO[m] Copying 1 resource
[[1;34mINFO[m] Copying 3 resources
[[1;34mINFO[m] 
[[1;34mINFO[m] [1m--- [0;32mmaven-compiler-plugin:3.1:testCompile[m [1m(default-testCompile)[m @ [36mlog4j-taglib[0;1m ---[m
[[1;34mINFO[m] Changes detected - recompiling the module!
[[1;34mINFO[m] Compiling 17 source files to /home/user/Reproducibility-Scanner/benchmarks/bugs-dot-jar/logging-log4j2/log4j-taglib/target/test-classes
[[1;33mWARNING[m] bootstrap class path not set in conjunction with -source 1.6
[[1;34mINFO[m] 
[[1;34mINFO[m] [1m--- [0;32mmaven-surefire-plugin:2.16:test[m [1m(default-test)[m @ [36mlog4j-taglib[0;1m ---[m
[[1;34mINFO[m] Tests are skipped.
[[1;34mINFO[m] 
[[1;34mINFO[m] [1m--- [0;32mmaven-jar-plugin:2.3.1:jar[m [1m(default-jar)[m @ [36mlog4j-taglib[0;1m ---[m
[[1;34mINFO[m] Building jar: /home/user/Reproducibility-Scanner/benchmarks/bugs-dot-jar/logging-log4j2/log4j-taglib/target/log4j-taglib-2.0-rc2-SNAPSHOT.jar
[[1;34mINFO[m] 
[[1;34mINFO[m] [1m--- [0;32mmaven-install-plugin:2.3.1:install[m [1m(default-install)[m @ [36mlog4j-taglib[0;1m ---[m
[[1;34mINFO[m] Installing /home/user/Reproducibility-Scanner/benchmarks/bugs-dot-jar/logging-log4j2/log4j-taglib/target/log4j-taglib-2.0-rc2-SNAPSHOT.jar to /home/user/.m2/repository/org/apache/logging/log4j/log4j-taglib/2.0-rc2-SNAPSHOT/log4j-taglib-2.0-rc2-SNAPSHOT.jar
[[1;34mINFO[m] Installing /home/user/Reproducibility-Scanner/benchmarks/bugs-dot-jar/logging-log4j2/log4j-taglib/pom.xml to /home/user/.m2/repository/org/apache/logging/log4j/log4j-taglib/2.0-rc2-SNAPSHOT/log4j-taglib-2.0-rc2-SNAPSHOT.pom
[[1;34mINFO[m] 
[[1;34mINFO[m] [1m---------------< [0;36morg.apache.logging.log4j:log4j-jmx-gui[0;1m >---------------[m
[[1;34mINFO[m] [1mBuilding Apache Log4j JMX GUI 2.0-rc2-SNAPSHOT                   [20/24][m
[[1;34mINFO[m] [1m--------------------------------[ jar ]---------------------------------[m
[[1;34mINFO[m] 
[[1;34mINFO[m] [1m--- [0;32mmaven-remote-resources-plugin:1.1:process[m [1m(default)[m @ [36mlog4j-jmx-gui[0;1m ---[m
[[1;34mINFO[m] 
[[1;34mINFO[m] [1m--- [0;32mmaven-resources-plugin:2.5:resources[m [1m(default-resources)[m @ [36mlog4j-jmx-gui[0;1m ---[m
[debug] execute contextualize
[[1;34mINFO[m] Using 'UTF-8' encoding to copy filtered resources.
[[1;34mINFO[m] Copying 1 resource
[[1;34mINFO[m] Copying 3 resources
[[1;34mINFO[m] 
[[1;34mINFO[m] [1m--- [0;32mmaven-compiler-plugin:3.1:compile[m [1m(default-compile)[m @ [36mlog4j-jmx-gui[0;1m ---[m
[[1;34mINFO[m] Changes detected - recompiling the module!
[[1;34mINFO[m] Compiling 5 source files to /home/user/Reproducibility-Scanner/benchmarks/bugs-dot-jar/logging-log4j2/log4j-jmx-gui/target/classes
[[1;33mWARNING[m] bootstrap class path not set in conjunction with -source 1.6
[[1;34mINFO[m] 
[[1;34mINFO[m] [1m--- [0;32mmaven-bundle-plugin:2.3.7:manifest[m [1m(bundle-manifest)[m @ [36mlog4j-jmx-gui[0;1m ---[m
[[1;34mINFO[m] 
[[1;34mINFO[m] [1m--- [0;32mmaven-resources-plugin:2.5:testResources[m [1m(default-testResources)[m @ [36mlog4j-jmx-gui[0;1m ---[m
[debug] execute contextualize
[[1;34mINFO[m] Using 'UTF-8' encoding to copy filtered resources.
[[1;34mINFO[m] skip non existing resourceDirectory /home/user/Reproducibility-Scanner/benchmarks/bugs-dot-jar/logging-log4j2/log4j-jmx-gui/src/test/resources
[[1;34mINFO[m] Copying 3 resources
[[1;34mINFO[m] 
[[1;34mINFO[m] [1m--- [0;32mmaven-compiler-plugin:3.1:testCompile[m [1m(default-testCompile)[m @ [36mlog4j-jmx-gui[0;1m ---[m
[[1;34mINFO[m] No sources to compile
[[1;34mINFO[m] 
[[1;34mINFO[m] [1m--- [0;32mmaven-surefire-plugin:2.16:test[m [1m(default-test)[m @ [36mlog4j-jmx-gui[0;1m ---[m
[[1;34mINFO[m] Tests are skipped.
[[1;34mINFO[m] 
[[1;34mINFO[m] [1m--- [0;32mmaven-jar-plugin:2.3.1:jar[m [1m(default-jar)[m @ [36mlog4j-jmx-gui[0;1m ---[m
[[1;34mINFO[m] Building jar: /home/user/Reproducibility-Scanner/benchmarks/bugs-dot-jar/logging-log4j2/log4j-jmx-gui/target/log4j-jmx-gui-2.0-rc2-SNAPSHOT.jar
[[1;34mINFO[m] 
[[1;34mINFO[m] [1m--- [0;32mmaven-install-plugin:2.3.1:install[m [1m(default-install)[m @ [36mlog4j-jmx-gui[0;1m ---[m
[[1;34mINFO[m] Installing /home/user/Reproducibility-Scanner/benchmarks/bugs-dot-jar/logging-log4j2/log4j-jmx-gui/target/log4j-jmx-gui-2.0-rc2-SNAPSHOT.jar to /home/user/.m2/repository/org/apache/logging/log4j/log4j-jmx-gui/2.0-rc2-SNAPSHOT/log4j-jmx-gui-2.0-rc2-SNAPSHOT.jar
[[1;34mINFO[m] Installing /home/user/Reproducibility-Scanner/benchmarks/bugs-dot-jar/logging-log4j2/log4j-jmx-gui/pom.xml to /home/user/.m2/repository/org/apache/logging/log4j/log4j-jmx-gui/2.0-rc2-SNAPSHOT/log4j-jmx-gui-2.0-rc2-SNAPSHOT.pom
[[1;34mINFO[m] 
[[1;34mINFO[m] [1m-----------< [0;36morg.apache.logging.log4j.samples:log4j-samples[0;1m >-----------[m
[[1;34mINFO[m] [1mBuilding Apache Log4j Samples 2.0-rc2-SNAPSHOT                   [21/24][m
[[1;34mINFO[m] [1m--------------------------------[ pom ]---------------------------------[m
[[1;34mINFO[m] 
[[1;34mINFO[m] [1m--- [0;32mmaven-remote-resources-plugin:1.1:process[m [1m(default)[m @ [36mlog4j-samples[0;1m ---[m
[[1;34mINFO[m] 
[[1;34mINFO[m] [1m--- [0;32mmaven-bundle-plugin:2.3.7:manifest[m [1m(bundle-manifest)[m @ [36mlog4j-samples[0;1m ---[m
[[1;33mWARNING[m] Ignoring project type pom - supportedProjectTypes = [jar, bundle]
[[1;34mINFO[m] 
[[1;34mINFO[m] [1m--- [0;32mmaven-install-plugin:2.3.1:install[m [1m(default-install)[m @ [36mlog4j-samples[0;1m ---[m
[[1;34mINFO[m] Installing /home/user/Reproducibility-Scanner/benchmarks/bugs-dot-jar/logging-log4j2/log4j-samples/pom.xml to /home/user/.m2/repository/org/apache/logging/log4j/samples/log4j-samples/2.0-rc2-SNAPSHOT/log4j-samples-2.0-rc2-SNAPSHOT.pom
[[1;34mINFO[m] 
[[1;34mINFO[m] [1m----< [0;36morg.apache.logging.log4j.samples:log4j-samples-flume-common[0;1m >-----[m
[[1;34mINFO[m] [1mBuilding Apache Log4j Samples: Flume - Common 2.0-rc2-SNAPSHOT   [22/24][m
[[1;34mINFO[m] [1m--------------------------------[ jar ]---------------------------------[m
[[1;34mINFO[m] 
[[1;34mINFO[m] [1m--- [0;32mmaven-remote-resources-plugin:1.1:process[m [1m(default)[m @ [36mlog4j-samples-flume-common[0;1m ---[m
[[1;34mINFO[m] 
[[1;34mINFO[m] [1m--- [0;32mmaven-resources-plugin:2.5:resources[m [1m(default-resources)[m @ [36mlog4j-samples-flume-common[0;1m ---[m
[debug] execute contextualize
[[1;34mINFO[m] Using 'UTF-8' encoding to copy filtered resources.
[[1;34mINFO[m] skip non existing resourceDirectory /home/user/Reproducibility-Scanner/benchmarks/bugs-dot-jar/logging-log4j2/log4j-samples/flume-common/src/main/resources
[[1;34mINFO[m] Copying 3 resources
[[1;34mINFO[m] 
[[1;34mINFO[m] [1m--- [0;32mmaven-compiler-plugin:3.1:compile[m [1m(default-compile)[m @ [36mlog4j-samples-flume-common[0;1m ---[m
[[1;34mINFO[m] Changes detected - recompiling the module!
[[1;34mINFO[m] Compiling 13 source files to /home/user/Reproducibility-Scanner/benchmarks/bugs-dot-jar/logging-log4j2/log4j-samples/flume-common/target/classes
[[1;33mWARNING[m] bootstrap class path not set in conjunction with -source 1.6
[[1;34mINFO[m] 
[[1;34mINFO[m] [1m--- [0;32mmaven-bundle-plugin:2.3.7:manifest[m [1m(bundle-manifest)[m @ [36mlog4j-samples-flume-common[0;1m ---[m
[[1;34mINFO[m] 
[[1;34mINFO[m] [1m--- [0;32mmaven-resources-plugin:2.5:testResources[m [1m(default-testResources)[m @ [36mlog4j-samples-flume-common[0;1m ---[m
[debug] execute contextualize
[[1;34mINFO[m] Using 'UTF-8' encoding to copy filtered resources.
[[1;34mINFO[m] skip non existing resourceDirectory /home/user/Reproducibility-Scanner/benchmarks/bugs-dot-jar/logging-log4j2/log4j-samples/flume-common/src/test/resources
[[1;34mINFO[m] Copying 3 resources
[[1;34mINFO[m] 
[[1;34mINFO[m] [1m--- [0;32mmaven-compiler-plugin:3.1:testCompile[m [1m(default-testCompile)[m @ [36mlog4j-samples-flume-common[0;1m ---[m
[[1;34mINFO[m] No sources to compile
[[1;34mINFO[m] 
[[1;34mINFO[m] [1m--- [0;32mmaven-surefire-plugin:2.16:test[m [1m(default-test)[m @ [36mlog4j-samples-flume-common[0;1m ---[m
[[1;34mINFO[m] Tests are skipped.
[[1;34mINFO[m] 
[[1;34mINFO[m] [1m--- [0;32mmaven-jar-plugin:2.3.1:jar[m [1m(default-jar)[m @ [36mlog4j-samples-flume-common[0;1m ---[m
[[1;34mINFO[m] Building jar: /home/user/Reproducibility-Scanner/benchmarks/bugs-dot-jar/logging-log4j2/log4j-samples/flume-common/target/log4j-samples-flume-common-2.0-rc2-SNAPSHOT.jar
[[1;34mINFO[m] 
[[1;34mINFO[m] [1m--- [0;32mmaven-install-plugin:2.3.1:install[m [1m(default-install)[m @ [36mlog4j-samples-flume-common[0;1m ---[m
[[1;34mINFO[m] Installing /home/user/Reproducibility-Scanner/benchmarks/bugs-dot-jar/logging-log4j2/log4j-samples/flume-common/target/log4j-samples-flume-common-2.0-rc2-SNAPSHOT.jar to /home/user/.m2/repository/org/apache/logging/log4j/samples/log4j-samples-flume-common/2.0-rc2-SNAPSHOT/log4j-samples-flume-common-2.0-rc2-SNAPSHOT.jar
[[1;34mINFO[m] Installing /home/user/Reproducibility-Scanner/benchmarks/bugs-dot-jar/logging-log4j2/log4j-samples/flume-common/pom.xml to /home/user/.m2/repository/org/apache/logging/log4j/samples/log4j-samples-flume-common/2.0-rc2-SNAPSHOT/log4j-samples-flume-common-2.0-rc2-SNAPSHOT.pom
[[1;34mINFO[m] 
[[1;34mINFO[m] [1m----< [0;36morg.apache.logging.log4j.samples:log4j-samples-flume-remote[0;1m >-----[m
[[1;34mINFO[m] [1mBuilding Apache Log4j Samples: Flume - Remote 2.0-rc2-SNAPSHOT   [23/24][m
[[1;34mINFO[m] [1m--------------------------------[ war ]---------------------------------[m
[[1;34mINFO[m] 
[[1;34mINFO[m] [1m--- [0;32mmaven-remote-resources-plugin:1.1:process[m [1m(default)[m @ [36mlog4j-samples-flume-remote[0;1m ---[m
[[1;34mINFO[m] 
[[1;34mINFO[m] [1m--- [0;32mmaven-resources-plugin:2.5:resources[m [1m(default-resources)[m @ [36mlog4j-samples-flume-remote[0;1m ---[m
[debug] execute contextualize
[[1;34mINFO[m] Using 'UTF-8' encoding to copy filtered resources.
[[1;34mINFO[m] skip non existing resourceDirectory /home/user/Reproducibility-Scanner/benchmarks/bugs-dot-jar/logging-log4j2/src/main/resources
[[1;34mINFO[m] skip non existing resourceDirectory /home/user/Reproducibility-Scanner/benchmarks/bugs-dot-jar/logging-log4j2/src/main/webapp/WEB-INF
[[1;34mINFO[m] Copying 3 resources
[[1;34mINFO[m] 
[[1;34mINFO[m] [1m--- [0;32mmaven-compiler-plugin:3.1:compile[m [1m(default-compile)[m @ [36mlog4j-samples-flume-remote[0;1m ---[m
[[1;34mINFO[m] No sources to compile
[[1;34mINFO[m] 
[[1;34mINFO[m] [1m--- [0;32mmaven-bundle-plugin:2.3.7:manifest[m [1m(bundle-manifest)[m @ [36mlog4j-samples-flume-remote[0;1m ---[m
[[1;33mWARNING[m] Ignoring project type war - supportedProjectTypes = [jar, bundle]
[[1;34mINFO[m] 
[[1;34mINFO[m] [1m--- [0;32mmaven-resources-plugin:2.5:testResources[m [1m(default-testResources)[m @ [36mlog4j-samples-flume-remote[0;1m ---[m
[debug] execute contextualize
[[1;34mINFO[m] Using 'UTF-8' encoding to copy filtered resources.
[[1;34mINFO[m] skip non existing resourceDirectory /home/user/Reproducibility-Scanner/benchmarks/bugs-dot-jar/logging-log4j2/log4j-samples/flume-remote/src/test/resources
[[1;34mINFO[m] Copying 3 resources
[[1;34mINFO[m] 
[[1;34mINFO[m] [1m--- [0;32mmaven-compiler-plugin:3.1:testCompile[m [1m(default-testCompile)[m @ [36mlog4j-samples-flume-remote[0;1m ---[m
[[1;34mINFO[m] No sources to compile
[[1;34mINFO[m] 
[[1;34mINFO[m] [1m--- [0;32mmaven-surefire-plugin:2.16:test[m [1m(default-test)[m @ [36mlog4j-samples-flume-remote[0;1m ---[m
[[1;34mINFO[m] Tests are skipped.
[[1;34mINFO[m] 
[[1;34mINFO[m] [1m--- [0;32mmaven-war-plugin:2.2:war[m [1m(default-war)[m @ [36mlog4j-samples-flume-remote[0;1m ---[m
[[1;34mINFO[m] Packaging webapp
[[1;34mINFO[m] Assembling webapp [log4j-samples-flume-remote] in [/home/user/Reproducibility-Scanner/benchmarks/bugs-dot-jar/logging-log4j2/log4j-samples/flume-remote/target/log4j-samples-flume-remote-2.0-rc2-SNAPSHOT]
[[1;34mINFO[m] Processing war project
[[1;34mINFO[m] Copying webapp resources [/home/user/Reproducibility-Scanner/benchmarks/bugs-dot-jar/logging-log4j2/log4j-samples/flume-remote/src/main/webapp]
[[1;34mINFO[m] Webapp assembled in [51 msecs]
[[1;34mINFO[m] Building war: /home/user/Reproducibility-Scanner/benchmarks/bugs-dot-jar/logging-log4j2/log4j-samples/flume-remote/target/log4j-samples-flume-remote-2.0-rc2-SNAPSHOT.war
[[1;34mINFO[m] WEB-INF/web.xml already added, skipping
[[1;34mINFO[m] 
[[1;34mINFO[m] [1m--- [0;32mmaven-install-plugin:2.4:install[m [1m(default-install)[m @ [36mlog4j-samples-flume-remote[0;1m ---[m
[[1;34mINFO[m] Skipping artifact installation
[[1;34mINFO[m] 
[[1;34mINFO[m] [1m---< [0;36morg.apache.logging.log4j.samples:log4j-samples-flume-embedded[0;1m >----[m
[[1;34mINFO[m] [1mBuilding Apache Log4j Samples: Flume - Embedded 2.0-rc2-SNAPSHOT [24/24][m
[[1;34mINFO[m] [1m--------------------------------[ war ]---------------------------------[m
[[1;34mINFO[m] 
[[1;34mINFO[m] [1m--- [0;32mmaven-remote-resources-plugin:1.1:process[m [1m(default)[m @ [36mlog4j-samples-flume-embedded[0;1m ---[m
[[1;34mINFO[m] 
[[1;34mINFO[m] [1m--- [0;32mmaven-resources-plugin:2.5:resources[m [1m(default-resources)[m @ [36mlog4j-samples-flume-embedded[0;1m ---[m
[debug] execute contextualize
[[1;34mINFO[m] Using 'UTF-8' encoding to copy filtered resources.
[[1;34mINFO[m] skip non existing resourceDirectory /home/user/Reproducibility-Scanner/benchmarks/bugs-dot-jar/logging-log4j2/src/main/resources
[[1;34mINFO[m] skip non existing resourceDirectory /home/user/Reproducibility-Scanner/benchmarks/bugs-dot-jar/logging-log4j2/src/main/webapp/WEB-INF
[[1;34mINFO[m] Copying 3 resources
[[1;34mINFO[m] 
[[1;34mINFO[m] [1m--- [0;32mmaven-compiler-plugin:3.1:compile[m [1m(default-compile)[m @ [36mlog4j-samples-flume-embedded[0;1m ---[m
[[1;34mINFO[m] No sources to compile
[[1;34mINFO[m] 
[[1;34mINFO[m] [1m--- [0;32mmaven-bundle-plugin:2.3.7:manifest[m [1m(bundle-manifest)[m @ [36mlog4j-samples-flume-embedded[0;1m ---[m
[[1;33mWARNING[m] Ignoring project type war - supportedProjectTypes = [jar, bundle]
[[1;34mINFO[m] 
[[1;34mINFO[m] [1m--- [0;32mmaven-resources-plugin:2.5:testResources[m [1m(default-testResources)[m @ [36mlog4j-samples-flume-embedded[0;1m ---[m
[debug] execute contextualize
[[1;34mINFO[m] Using 'UTF-8' encoding to copy filtered resources.
[[1;34mINFO[m] skip non existing resourceDirectory /home/user/Reproducibility-Scanner/benchmarks/bugs-dot-jar/logging-log4j2/log4j-samples/flume-embedded/src/test/resources
[[1;34mINFO[m] Copying 3 resources
[[1;34mINFO[m] 
[[1;34mINFO[m] [1m--- [0;32mmaven-compiler-plugin:3.1:testCompile[m [1m(default-testCompile)[m @ [36mlog4j-samples-flume-embedded[0;1m ---[m
[[1;34mINFO[m] No sources to compile
[[1;34mINFO[m] 
[[1;34mINFO[m] [1m--- [0;32mmaven-surefire-plugin:2.16:test[m [1m(default-test)[m @ [36mlog4j-samples-flume-embedded[0;1m ---[m
[[1;34mINFO[m] Tests are skipped.
[[1;34mINFO[m] 
[[1;34mINFO[m] [1m--- [0;32mmaven-war-plugin:2.2:war[m [1m(default-war)[m @ [36mlog4j-samples-flume-embedded[0;1m ---[m
[[1;34mINFO[m] Packaging webapp
[[1;34mINFO[m] Assembling webapp [log4j-samples-flume-embedded] in [/home/user/Reproducibility-Scanner/benchmarks/bugs-dot-jar/logging-log4j2/log4j-samples/flume-embedded/target/log4j-samples-flume-embedded-2.0-rc2-SNAPSHOT]
[[1;34mINFO[m] Processing war project
[[1;34mINFO[m] Copying webapp resources [/home/user/Reproducibility-Scanner/benchmarks/bugs-dot-jar/logging-log4j2/log4j-samples/flume-embedded/src/main/webapp]
[[1;34mINFO[m] Webapp assembled in [68 msecs]
[[1;34mINFO[m] Building war: /home/user/Reproducibility-Scanner/benchmarks/bugs-dot-jar/logging-log4j2/log4j-samples/flume-embedded/target/log4j-samples-flume-embedded-2.0-rc2-SNAPSHOT.war
[[1;34mINFO[m] WEB-INF/web.xml already added, skipping
[[1;34mINFO[m] 
[[1;34mINFO[m] [1m--- [0;32mmaven-install-plugin:2.4:install[m [1m(default-install)[m @ [36mlog4j-samples-flume-embedded[0;1m ---[m
[[1;34mINFO[m] Skipping artifact installation
[[1;34mINFO[m] [1m------------------------------------------------------------------------[m
[[1;34mINFO[m] [1mReactor Summary for Apache Log4j 2 2.0-rc2-SNAPSHOT:[m
[[1;34mINFO[m] 
[[1;34mINFO[m] Apache Log4j 2 ..................................... [1;32mSUCCESS[m [  0.584 s]
[[1;34mINFO[m] Apache Log4j API ................................... [1;32mSUCCESS[m [  2.849 s]
[[1;34mINFO[m] Apache Log4j Core .................................. [1;32mSUCCESS[m [  3.012 s]
[[1;34mINFO[m] Apache Log4J Core OSGi Async ....................... [1;32mSUCCESS[m [  1.672 s]
[[1;34mINFO[m] Apache Log4J Core OSGi JPA ......................... [1;32mSUCCESS[m [  0.936 s]
[[1;34mINFO[m] Apache Log4j 1.x Compatibility API ................. [1;32mSUCCESS[m [  0.296 s]
[[1;34mINFO[m] Apache Log4J 1.x Compatibility Bundle .............. [1;32mSUCCESS[m [  1.039 s]
[[1;34mINFO[m] Apache Log4J Core OSGi Net ......................... [1;32mSUCCESS[m [  0.887 s]
[[1;34mINFO[m] Apache Log4J Core OSGi CouchDB ..................... [1;32mSUCCESS[m [  1.254 s]
[[1;34mINFO[m] Apache Log4J Core OSGi MongoDB ..................... [1;32mSUCCESS[m [  0.952 s]
[[1;34mINFO[m] Apache Log4J Core OSGi ............................. [1;32mSUCCESS[m [  1.015 s]
[[1;34mINFO[m] Apache Log4j to SLF4J Adapter ...................... [1;32mSUCCESS[m [  0.202 s]
[[1;34mINFO[m] Apache Log4j to SLF4J .............................. [1;32mSUCCESS[m [  1.029 s]
[[1;34mINFO[m] Apache Log4j SLF4J Binding ......................... [1;32mSUCCESS[m [  0.208 s]
[[1;34mINFO[m] Apache Log4j for SLF4J ............................. [1;32mSUCCESS[m [  0.805 s]
[[1;34mINFO[m] Apache Log4J Core OSGi Bundles ..................... [1;32mSUCCESS[m [  0.006 s]
[[1;34mINFO[m] Apache Log4j Commons Logging Bridge ................ [1;32mSUCCESS[m [  0.160 s]
[[1;34mINFO[m] Apache Log4j Flume NG Bridge ....................... [1;32mSUCCESS[m [  0.919 s]
[[1;34mINFO[m] Apache Log4j Tag Library ........................... [1;32mSUCCESS[m [  0.225 s]
[[1;34mINFO[m] Apache Log4j JMX GUI ............................... [1;32mSUCCESS[m [  0.179 s]
[[1;34mINFO[m] Apache Log4j Samples ............................... [1;32mSUCCESS[m [  0.012 s]
[[1;34mINFO[m] Apache Log4j Samples: Flume - Common ............... [1;32mSUCCESS[m [  0.212 s]
[[1;34mINFO[m] Apache Log4j Samples: Flume - Remote ............... [1;32mSUCCESS[m [  1.026 s]
[[1;34mINFO[m] Apache Log4j Samples: Flume - Embedded ............. [1;32mSUCCESS[m [  2.063 s]
[[1;34mINFO[m] [1m------------------------------------------------------------------------[m
[[1;34mINFO[m] [1;32mBUILD SUCCESS[m
[[1;34mINFO[m] [1m------------------------------------------------------------------------[m
[[1;34mINFO[m] Total time:  22.098 s
[[1;34mINFO[m] Finished at: 2022-08-25T03:27:30-07:00
[[1;34mINFO[m] [1m------------------------------------------------------------------------[m
[[1;34mINFO[m] Scanning for projects...
[[1;34mINFO[m] 
[[1;34mINFO[m] [1m-------------< [0;36morg.apache.logging.log4j:log4j-slf4j-impl[0;1m >--------------[m
[[1;34mINFO[m] [1mBuilding Apache Log4j SLF4J Binding 2.0-rc2-SNAPSHOT[m
[[1;34mINFO[m] [1m--------------------------------[ jar ]---------------------------------[m
[[1;34mINFO[m] 
[[1;34mINFO[m] [1m--- [0;32mmaven-remote-resources-plugin:1.1:process[m [1m(default)[m @ [36mlog4j-slf4j-impl[0;1m ---[m
[[1;34mINFO[m] Setting property: classpath.resource.loader.class => 'org.codehaus.plexus.velocity.ContextClassLoaderResourceLoader'.
[[1;34mINFO[m] Setting property: velocimacro.messages.on => 'false'.
[[1;34mINFO[m] Setting property: resource.loader => 'classpath'.
[[1;34mINFO[m] Setting property: resource.manager.logwhenfound => 'false'.
[[1;34mINFO[m] 
[[1;34mINFO[m] [1m--- [0;32mmaven-resources-plugin:2.5:resources[m [1m(default-resources)[m @ [36mlog4j-slf4j-impl[0;1m ---[m
[debug] execute contextualize
[[1;34mINFO[m] Using 'UTF-8' encoding to copy filtered resources.
[[1;34mINFO[m] skip non existing resourceDirectory /home/user/Reproducibility-Scanner/benchmarks/bugs-dot-jar/logging-log4j2/log4j-slf4j-impl/src/main/resources
[[1;34mINFO[m] Copying 3 resources
[[1;34mINFO[m] 
[[1;34mINFO[m] [1m--- [0;32mmaven-compiler-plugin:3.1:compile[m [1m(default-compile)[m @ [36mlog4j-slf4j-impl[0;1m ---[m
[[1;34mINFO[m] Changes detected - recompiling the module!
[[1;34mINFO[m] Compiling 13 source files to /home/user/Reproducibility-Scanner/benchmarks/bugs-dot-jar/logging-log4j2/log4j-slf4j-impl/target/classes
[[1;33mWARNING[m] bootstrap class path not set in conjunction with -source 1.6
[[1;34mINFO[m] 
[[1;34mINFO[m] [1m--- [0;32mmaven-bundle-plugin:2.3.7:manifest[m [1m(bundle-manifest)[m @ [36mlog4j-slf4j-impl[0;1m ---[m
[[1;33mWARNING[m] Manifest org.apache.logging.log4j:log4j-slf4j-impl:jar:2.0-rc2-SNAPSHOT : Superfluous export-package instructions: [org.apache.logging.log4j.*]
[[1;34mINFO[m] 
[[1;34mINFO[m] [1m--- [0;32mmaven-resources-plugin:2.5:testResources[m [1m(default-testResources)[m @ [36mlog4j-slf4j-impl[0;1m ---[m
[debug] execute contextualize
[[1;34mINFO[m] Using 'UTF-8' encoding to copy filtered resources.
[[1;34mINFO[m] Copying 1 resource
[[1;34mINFO[m] Copying 3 resources
[[1;34mINFO[m] 
[[1;34mINFO[m] [1m--- [0;32mmaven-compiler-plugin:3.1:testCompile[m [1m(default-testCompile)[m @ [36mlog4j-slf4j-impl[0;1m ---[m
[[1;34mINFO[m] Nothing to compile - all classes are up to date
[[1;34mINFO[m] 
[[1;34mINFO[m] [1m--- [0;32mmaven-surefire-plugin:2.16:test[m [1m(default-test)[m @ [36mlog4j-slf4j-impl[0;1m ---[m
[[1;33mWARNING[m] The parameter forkMode is deprecated since version 2.14. Use forkCount and reuseForks instead.
[[1;34mINFO[m] 
[[1;34mINFO[m] [1m--- [0;32mmaven-surefire-plugin:2.16:test[m [1m(default-tests)[m @ [36mlog4j-slf4j-impl[0;1m ---[m
[[1;33mWARNING[m] The parameter forkMode is deprecated since version 2.14. Use forkCount and reuseForks instead.
[[1;34mINFO[m] Surefire report directory: /home/user/Reproducibility-Scanner/benchmarks/bugs-dot-jar/logging-log4j2/log4j-slf4j-impl/target/surefire-reports

-------------------------------------------------------
 T E S T S
-------------------------------------------------------

-------------------------------------------------------
 T E S T S
-------------------------------------------------------
Running org.apache.logging.slf4j.SerializeTest
2022-08-25 03:27:35,429 DEBUG Found Plugin Map at jar:file:/home/user/.m2/repository/org/apache/logging/log4j/log4j-core/2.0-rc2-SNAPSHOT/log4j-core-2.0-rc2-SNAPSHOT.jar!/org/apache/logging/log4j/core/config/plugins/Log4j2Plugins.dat
2022-08-25 03:27:35,454 DEBUG Generated plugins in 0.025989240 seconds
2022-08-25 03:27:35,471 DEBUG Generated plugins in 0.016443846 seconds
2022-08-25 03:27:35,476 DEBUG Calling createProperty on class org.apache.logging.log4j.core.config.Property for element property with params(name="filename", value="target/test.log")
2022-08-25 03:27:35,479 DEBUG Calling configureSubstitutor on class org.apache.logging.log4j.core.config.plugins.PropertiesPlugin for element properties with params(Properties={filename=target/test.log}, Configuration(LoggerTest))
2022-08-25 03:27:35,496 DEBUG Generated plugins in 0.016068299 seconds
2022-08-25 03:27:35,497 DEBUG Calling createFilter on class org.apache.logging.log4j.core.filter.ThresholdFilter for element ThresholdFilter with params(level="trace", onMatch="null", onMismatch="null")
2022-08-25 03:27:35,499 DEBUG Calling createLayout on class org.apache.logging.log4j.core.layout.PatternLayout for element PatternLayout with params(pattern="%C{1.} %m%n", Configuration(LoggerTest), null, charset="null", alwaysWriteExceptions="null", noConsoleNoAnsi="null")
2022-08-25 03:27:35,514 DEBUG Generated plugins in 0.015115148 seconds
2022-08-25 03:27:35,516 DEBUG Calling createAppender on class org.apache.logging.log4j.test.appender.ListAppender for element List with params(name="EventLogger", entryPerNewLine="null", raw="null", PatternLayout(%C{1.} %m%n), null)
2022-08-25 03:27:35,516 DEBUG Calling createLayout on class org.apache.logging.log4j.core.layout.PatternLayout for element PatternLayout with params(pattern="%C{1.} %m MDC%X%n", Configuration(LoggerTest), null, charset="null", alwaysWriteExceptions="null", noConsoleNoAnsi="null")
2022-08-25 03:27:35,518 DEBUG Calling createAppender on class org.apache.logging.log4j.core.appender.ConsoleAppender for element Console with params(PatternLayout(%C{1.} %m MDC%X%n), null, target="null", name="STDOUT", follow="null", ignoreExceptions="null")
2022-08-25 03:27:35,518 DEBUG Calling createLayout on class org.apache.logging.log4j.core.layout.PatternLayout for element PatternLayout with params(pattern="%d %p %C{1.} [%t] %m%n", Configuration(LoggerTest), null, charset="null", alwaysWriteExceptions="null", noConsoleNoAnsi="null")
2022-08-25 03:27:35,519 DEBUG Calling createAppender on class org.apache.logging.log4j.core.appender.FileAppender for element File with params(fileName="target/test.log", append="null", locking="null", name="File", immediateFlush="null", ignoreExceptions="null", bufferedIO="null", bufferSize="null", PatternLayout(%d %p %C{1.} [%t] %m%n), null, advertise="null", advertiseURI="null", Configuration(LoggerTest))
2022-08-25 03:27:35,521 DEBUG Starting FileManager target/test.log
2022-08-25 03:27:35,521 DEBUG Calling createLayout on class org.apache.logging.log4j.core.layout.PatternLayout for element PatternLayout with params(pattern="%C{1.} %m MDC%X%n%ex{0}", Configuration(LoggerTest), null, charset="null", alwaysWriteExceptions="null", noConsoleNoAnsi="null")
2022-08-25 03:27:35,524 DEBUG Calling createAppender on class org.apache.logging.log4j.test.appender.ListAppender for element List with params(name="List", entryPerNewLine="null", raw="null", PatternLayout(%C{1.} %m MDC%X%n%ex{0}), null)
2022-08-25 03:27:35,524 ERROR Appenders contains an invalid element or attribute "SLF4J"
2022-08-25 03:27:35,524 DEBUG Calling createAppenders on class org.apache.logging.log4j.core.config.plugins.AppendersPlugin for element Appenders with params(Appenders={EventLogger, STDOUT, File, List})
2022-08-25 03:27:35,525 DEBUG Calling createAppenderRef on class org.apache.logging.log4j.core.config.AppenderRef for element AppenderRef with params(ref="EventLogger", level="null", null)
2022-08-25 03:27:35,526 DEBUG Calling createLogger on class org.apache.logging.log4j.core.config.LoggerConfig for element Logger with params(additivity="false", level="info", name="EventLogger", includeLocation="null", AppenderRef={EventLogger}, Properties={}, Configuration(LoggerTest), null)
2022-08-25 03:27:35,527 DEBUG Calling createAppenderRef on class org.apache.logging.log4j.core.config.AppenderRef for element AppenderRef with params(ref="File", level="null", null)
2022-08-25 03:27:35,527 DEBUG Calling createLogger on class org.apache.logging.log4j.core.config.LoggerConfig for element Logger with params(additivity="false", level="debug", name="org.apache.logging.log4j.test2", includeLocation="null", AppenderRef={File}, Properties={}, Configuration(LoggerTest), null)
2022-08-25 03:27:35,528 DEBUG Calling createAppenderRef on class org.apache.logging.log4j.core.config.AppenderRef for element AppenderRef with params(ref="List", level="null", null)
2022-08-25 03:27:35,530 DEBUG Calling createLogger on class org.apache.logging.log4j.core.config.LoggerConfig$RootLogger for element Root with params(additivity="null", level="trace", includeLocation="null", AppenderRef={List}, Properties={}, Configuration(LoggerTest), null)
2022-08-25 03:27:35,531 DEBUG Calling createLoggers on class org.apache.logging.log4j.core.config.plugins.LoggersPlugin for element Loggers with params(Loggers={EventLogger, org.apache.logging.log4j.test2, root})
2022-08-25 03:27:35,635 DEBUG Registering MBean org.apache.logging.log4j2:type=sun.misc.Launcher$AppClassLoader@7f31245a
2022-08-25 03:27:35,636 DEBUG Registering MBean org.apache.logging.log4j2:type=sun.misc.Launcher$AppClassLoader@7f31245a,component=StatusLogger
2022-08-25 03:27:35,638 DEBUG Registering MBean org.apache.logging.log4j2:type=sun.misc.Launcher$AppClassLoader@7f31245a,component=ContextSelector
2022-08-25 03:27:35,639 DEBUG Registering MBean org.apache.logging.log4j2:type=sun.misc.Launcher$AppClassLoader@7f31245a,component=Loggers,name=
2022-08-25 03:27:35,639 DEBUG Registering MBean org.apache.logging.log4j2:type=sun.misc.Launcher$AppClassLoader@7f31245a,component=Loggers,name=org.apache.logging.log4j.test2
2022-08-25 03:27:35,640 DEBUG Registering MBean org.apache.logging.log4j2:type=sun.misc.Launcher$AppClassLoader@7f31245a,component=Loggers,name=EventLogger
2022-08-25 03:27:35,641 DEBUG Registering MBean org.apache.logging.log4j2:type=sun.misc.Launcher$AppClassLoader@7f31245a,component=Appenders,name=EventLogger
2022-08-25 03:27:35,641 DEBUG Registering MBean org.apache.logging.log4j2:type=sun.misc.Launcher$AppClassLoader@7f31245a,component=Appenders,name=STDOUT
2022-08-25 03:27:35,642 DEBUG Registering MBean org.apache.logging.log4j2:type=sun.misc.Launcher$AppClassLoader@7f31245a,component=Appenders,name=List
2022-08-25 03:27:35,642 DEBUG Registering MBean org.apache.logging.log4j2:type=sun.misc.Launcher$AppClassLoader@7f31245a,component=Appenders,name=File
2022-08-25 03:27:35,642 DEBUG Reconfiguration completed
2022-08-25 03:27:35,663 DEBUG Reconfiguration started for context sun.misc.Launcher$AppClassLoader@7f31245a
2022-08-25 03:27:35,667 DEBUG ServletContext not present - WebLookup not added
2022-08-25 03:27:35,682 DEBUG Generated plugins in 0.015092478 seconds
2022-08-25 03:27:35,698 DEBUG Generated plugins in 0.014832494 seconds
2022-08-25 03:27:35,713 DEBUG Generated plugins in 0.014562390 seconds
2022-08-25 03:27:35,713 DEBUG Shutting down FileManager target/test.log
2022-08-25 03:27:35,714 DEBUG Unregistering MBean org.apache.logging.log4j2:type=sun.misc.Launcher$AppClassLoader@7f31245a
2022-08-25 03:27:35,714 DEBUG Unregistering MBean org.apache.logging.log4j2:type=sun.misc.Launcher$AppClassLoader@7f31245a,component=StatusLogger
2022-08-25 03:27:35,714 DEBUG Unregistering MBean org.apache.logging.log4j2:type=sun.misc.Launcher$AppClassLoader@7f31245a,component=ContextSelector
2022-08-25 03:27:35,715 DEBUG Unregistering MBean org.apache.logging.log4j2:type=sun.misc.Launcher$AppClassLoader@7f31245a,component=Loggers,name=org.apache.logging.log4j.test2
2022-08-25 03:27:35,715 DEBUG Unregistering MBean org.apache.logging.log4j2:type=sun.misc.Launcher$AppClassLoader@7f31245a,component=Loggers,name=EventLogger
2022-08-25 03:27:35,715 DEBUG Unregistering MBean org.apache.logging.log4j2:type=sun.misc.Launcher$AppClassLoader@7f31245a,component=Loggers,name=
2022-08-25 03:27:35,716 DEBUG Unregistering MBean org.apache.logging.log4j2:type=sun.misc.Launcher$AppClassLoader@7f31245a,component=Appenders,name=STDOUT
2022-08-25 03:27:35,716 DEBUG Unregistering MBean org.apache.logging.log4j2:type=sun.misc.Launcher$AppClassLoader@7f31245a,component=Appenders,name=List
2022-08-25 03:27:35,717 DEBUG Unregistering MBean org.apache.logging.log4j2:type=sun.misc.Launcher$AppClassLoader@7f31245a,component=Appenders,name=File
2022-08-25 03:27:35,717 DEBUG Unregistering MBean org.apache.logging.log4j2:type=sun.misc.Launcher$AppClassLoader@7f31245a,component=Appenders,name=EventLogger
2022-08-25 03:27:35,717 DEBUG Registering MBean org.apache.logging.log4j2:type=sun.misc.Launcher$AppClassLoader@7f31245a
2022-08-25 03:27:35,718 DEBUG Registering MBean org.apache.logging.log4j2:type=sun.misc.Launcher$AppClassLoader@7f31245a,component=StatusLogger
2022-08-25 03:27:35,718 DEBUG Registering MBean org.apache.logging.log4j2:type=sun.misc.Launcher$AppClassLoader@7f31245a,component=ContextSelector
2022-08-25 03:27:35,718 DEBUG Registering MBean org.apache.logging.log4j2:type=sun.misc.Launcher$AppClassLoader@7f31245a,component=Appenders,name=Console
2022-08-25 03:27:35,719 DEBUG Reconfiguration completed
Tests run: 1, Failures: 0, Errors: 0, Skipped: 0, Time elapsed: 0.489 sec - in org.apache.logging.slf4j.SerializeTest
Running org.apache.logging.slf4j.MarkerTest
Tests run: 1, Failures: 0, Errors: 0, Skipped: 0, Time elapsed: 0.042 sec - in org.apache.logging.slf4j.MarkerTest
Running org.apache.logging.slf4j.LoggerTest
2022-08-25 03:27:36,360 DEBUG Found Plugin Map at jar:file:/home/user/.m2/repository/org/apache/logging/log4j/log4j-core/2.0-rc2-SNAPSHOT/log4j-core-2.0-rc2-SNAPSHOT.jar!/org/apache/logging/log4j/core/config/plugins/Log4j2Plugins.dat
2022-08-25 03:27:36,384 DEBUG Generated plugins in 0.025387853 seconds
2022-08-25 03:27:36,402 DEBUG Generated plugins in 0.017811608 seconds
2022-08-25 03:27:36,408 DEBUG Calling createProperty on class org.apache.logging.log4j.core.config.Property for element property with params(name="filename", value="target/test.log")
2022-08-25 03:27:36,410 DEBUG Calling configureSubstitutor on class org.apache.logging.log4j.core.config.plugins.PropertiesPlugin for element properties with params(Properties={filename=target/test.log}, Configuration(LoggerTest))
2022-08-25 03:27:36,427 DEBUG Generated plugins in 0.015991973 seconds
2022-08-25 03:27:36,429 DEBUG Calling createFilter on class org.apache.logging.log4j.core.filter.ThresholdFilter for element ThresholdFilter with params(level="trace", onMatch="null", onMismatch="null")
2022-08-25 03:27:36,430 DEBUG Calling createLayout on class org.apache.logging.log4j.core.layout.PatternLayout for element PatternLayout with params(pattern="%C{1.} %m%n", Configuration(LoggerTest), null, charset="null", alwaysWriteExceptions="null", noConsoleNoAnsi="null")
2022-08-25 03:27:36,445 DEBUG Generated plugins in 0.014540989 seconds
2022-08-25 03:27:36,446 DEBUG Calling createAppender on class org.apache.logging.log4j.test.appender.ListAppender for element List with params(name="EventLogger", entryPerNewLine="null", raw="null", PatternLayout(%C{1.} %m%n), null)
2022-08-25 03:27:36,447 DEBUG Calling createLayout on class org.apache.logging.log4j.core.layout.PatternLayout for element PatternLayout with params(pattern="%C{1.} %m MDC%X%n", Configuration(LoggerTest), null, charset="null", alwaysWriteExceptions="null", noConsoleNoAnsi="null")
2022-08-25 03:27:36,448 DEBUG Calling createAppender on class org.apache.logging.log4j.core.appender.ConsoleAppender for element Console with params(PatternLayout(%C{1.} %m MDC%X%n), null, target="null", name="STDOUT", follow="null", ignoreExceptions="null")
2022-08-25 03:27:36,449 DEBUG Calling createLayout on class org.apache.logging.log4j.core.layout.PatternLayout for element PatternLayout with params(pattern="%d %p %C{1.} [%t] %m%n", Configuration(LoggerTest), null, charset="null", alwaysWriteExceptions="null", noConsoleNoAnsi="null")
2022-08-25 03:27:36,450 DEBUG Calling createAppender on class org.apache.logging.log4j.core.appender.FileAppender for element File with params(fileName="target/test.log", append="null", locking="null", name="File", immediateFlush="null", ignoreExceptions="null", bufferedIO="null", bufferSize="null", PatternLayout(%d %p %C{1.} [%t] %m%n), null, advertise="null", advertiseURI="null", Configuration(LoggerTest))
2022-08-25 03:27:36,451 DEBUG Starting FileManager target/test.log
2022-08-25 03:27:36,452 DEBUG Calling createLayout on class org.apache.logging.log4j.core.layout.PatternLayout for element PatternLayout with params(pattern="%C{1.} %m MDC%X%n%ex{0}", Configuration(LoggerTest), null, charset="null", alwaysWriteExceptions="null", noConsoleNoAnsi="null")
2022-08-25 03:27:36,454 DEBUG Calling createAppender on class org.apache.logging.log4j.test.appender.ListAppender for element List with params(name="List", entryPerNewLine="null", raw="null", PatternLayout(%C{1.} %m MDC%X%n%ex{0}), null)
2022-08-25 03:27:36,455 ERROR Appenders contains an invalid element or attribute "SLF4J"
2022-08-25 03:27:36,455 DEBUG Calling createAppenders on class org.apache.logging.log4j.core.config.plugins.AppendersPlugin for element Appenders with params(Appenders={EventLogger, STDOUT, File, List})
2022-08-25 03:27:36,455 DEBUG Calling createAppenderRef on class org.apache.logging.log4j.core.config.AppenderRef for element AppenderRef with params(ref="EventLogger", level="null", null)
2022-08-25 03:27:36,456 DEBUG Calling createLogger on class org.apache.logging.log4j.core.config.LoggerConfig for element Logger with params(additivity="false", level="info", name="EventLogger", includeLocation="null", AppenderRef={EventLogger}, Properties={}, Configuration(LoggerTest), null)
2022-08-25 03:27:36,457 DEBUG Calling createAppenderRef on class org.apache.logging.log4j.core.config.AppenderRef for element AppenderRef with params(ref="File", level="null", null)
2022-08-25 03:27:36,457 DEBUG Calling createLogger on class org.apache.logging.log4j.core.config.LoggerConfig for element Logger with params(additivity="false", level="debug", name="org.apache.logging.log4j.test2", includeLocation="null", AppenderRef={File}, Properties={}, Configuration(LoggerTest), null)
2022-08-25 03:27:36,458 DEBUG Calling createAppenderRef on class org.apache.logging.log4j.core.config.AppenderRef for element AppenderRef with params(ref="List", level="null", null)
2022-08-25 03:27:36,458 DEBUG Calling createLogger on class org.apache.logging.log4j.core.config.LoggerConfig$RootLogger for element Root with params(additivity="null", level="trace", includeLocation="null", AppenderRef={List}, Properties={}, Configuration(LoggerTest), null)
2022-08-25 03:27:36,459 DEBUG Calling createLoggers on class org.apache.logging.log4j.core.config.plugins.LoggersPlugin for element Loggers with params(Loggers={EventLogger, org.apache.logging.log4j.test2, root})
2022-08-25 03:27:36,566 DEBUG Registering MBean org.apache.logging.log4j2:type=sun.misc.Launcher$AppClassLoader@7f31245a
2022-08-25 03:27:36,568 DEBUG Registering MBean org.apache.logging.log4j2:type=sun.misc.Launcher$AppClassLoader@7f31245a,component=StatusLogger
2022-08-25 03:27:36,569 DEBUG Registering MBean org.apache.logging.log4j2:type=sun.misc.Launcher$AppClassLoader@7f31245a,component=ContextSelector
2022-08-25 03:27:36,570 DEBUG Registering MBean org.apache.logging.log4j2:type=sun.misc.Launcher$AppClassLoader@7f31245a,component=Loggers,name=
2022-08-25 03:27:36,571 DEBUG Registering MBean org.apache.logging.log4j2:type=sun.misc.Launcher$AppClassLoader@7f31245a,component=Loggers,name=org.apache.logging.log4j.test2
2022-08-25 03:27:36,571 DEBUG Registering MBean org.apache.logging.log4j2:type=sun.misc.Launcher$AppClassLoader@7f31245a,component=Loggers,name=EventLogger
2022-08-25 03:27:36,572 DEBUG Registering MBean org.apache.logging.log4j2:type=sun.misc.Launcher$AppClassLoader@7f31245a,component=Appenders,name=EventLogger
2022-08-25 03:27:36,573 DEBUG Registering MBean org.apache.logging.log4j2:type=sun.misc.Launcher$AppClassLoader@7f31245a,component=Appenders,name=STDOUT
2022-08-25 03:27:36,573 DEBUG Registering MBean org.apache.logging.log4j2:type=sun.misc.Launcher$AppClassLoader@7f31245a,component=Appenders,name=List
2022-08-25 03:27:36,573 DEBUG Registering MBean org.apache.logging.log4j2:type=sun.misc.Launcher$AppClassLoader@7f31245a,component=Appenders,name=File
2022-08-25 03:27:36,574 DEBUG Reconfiguration completed
2022-08-25 03:27:36,626 DEBUG Reconfiguration started for context sun.misc.Launcher$AppClassLoader@7f31245a
2022-08-25 03:27:36,632 DEBUG ServletContext not present - WebLookup not added
2022-08-25 03:27:36,648 DEBUG Generated plugins in 0.015480428 seconds
2022-08-25 03:27:36,664 DEBUG Generated plugins in 0.014798303 seconds
2022-08-25 03:27:36,678 DEBUG Generated plugins in 0.014546328 seconds
2022-08-25 03:27:36,679 DEBUG Shutting down FileManager target/test.log
2022-08-25 03:27:36,679 DEBUG Unregistering MBean org.apache.logging.log4j2:type=sun.misc.Launcher$AppClassLoader@7f31245a
2022-08-25 03:27:36,680 DEBUG Unregistering MBean org.apache.logging.log4j2:type=sun.misc.Launcher$AppClassLoader@7f31245a,component=StatusLogger
2022-08-25 03:27:36,680 DEBUG Unregistering MBean org.apache.logging.log4j2:type=sun.misc.Launcher$AppClassLoader@7f31245a,component=ContextSelector
2022-08-25 03:27:36,680 DEBUG Unregistering MBean org.apache.logging.log4j2:type=sun.misc.Launcher$AppClassLoader@7f31245a,component=Loggers,name=org.apache.logging.log4j.test2
2022-08-25 03:27:36,681 DEBUG Unregistering MBean org.apache.logging.log4j2:type=sun.misc.Launcher$AppClassLoader@7f31245a,component=Loggers,name=EventLogger
2022-08-25 03:27:36,681 DEBUG Unregistering MBean org.apache.logging.log4j2:type=sun.misc.Launcher$AppClassLoader@7f31245a,component=Loggers,name=
2022-08-25 03:27:36,681 DEBUG Unregistering MBean org.apache.logging.log4j2:type=sun.misc.Launcher$AppClassLoader@7f31245a,component=Appenders,name=STDOUT
2022-08-25 03:27:36,681 DEBUG Unregistering MBean org.apache.logging.log4j2:type=sun.misc.Launcher$AppClassLoader@7f31245a,component=Appenders,name=List
2022-08-25 03:27:36,681 DEBUG Unregistering MBean org.apache.logging.log4j2:type=sun.misc.Launcher$AppClassLoader@7f31245a,component=Appenders,name=File
2022-08-25 03:27:36,682 DEBUG Unregistering MBean org.apache.logging.log4j2:type=sun.misc.Launcher$AppClassLoader@7f31245a,component=Appenders,name=EventLogger
2022-08-25 03:27:36,682 DEBUG Registering MBean org.apache.logging.log4j2:type=sun.misc.Launcher$AppClassLoader@7f31245a
2022-08-25 03:27:36,682 DEBUG Registering MBean org.apache.logging.log4j2:type=sun.misc.Launcher$AppClassLoader@7f31245a,component=StatusLogger
2022-08-25 03:27:36,683 DEBUG Registering MBean org.apache.logging.log4j2:type=sun.misc.Launcher$AppClassLoader@7f31245a,component=ContextSelector
2022-08-25 03:27:36,683 DEBUG Registering MBean org.apache.logging.log4j2:type=sun.misc.Launcher$AppClassLoader@7f31245a,component=Appenders,name=Console
2022-08-25 03:27:36,683 DEBUG Reconfiguration completed
Tests run: 11, Failures: 0, Errors: 0, Skipped: 0, Time elapsed: 0.54 sec - in org.apache.logging.slf4j.LoggerTest

Results :

Tests run: 13, Failures: 0, Errors: 0, Skipped: 0

[[1;34mINFO[m] 
[[1;34mINFO[m] [1m--- [0;32mmaven-surefire-plugin:2.16:test[m [1m(test-optional)[m @ [36mlog4j-slf4j-impl[0;1m ---[m
[[1;33mWARNING[m] The parameter forkMode is deprecated since version 2.14. Use forkCount and reuseForks instead.
[[1;34mINFO[m] Surefire report directory: /home/user/Reproducibility-Scanner/benchmarks/bugs-dot-jar/logging-log4j2/log4j-slf4j-impl/target/surefire-reports

-------------------------------------------------------
 T E S T S
-------------------------------------------------------

-------------------------------------------------------
 T E S T S
-------------------------------------------------------
Running org.apache.logging.slf4j.OptionalTest
2022-08-25 03:27:37,142 DEBUG Found Plugin Map at jar:file:/home/user/.m2/repository/org/apache/logging/log4j/log4j-core/2.0-rc2-SNAPSHOT/log4j-core-2.0-rc2-SNAPSHOT.jar!/org/apache/logging/log4j/core/config/plugins/Log4j2Plugins.dat
2022-08-25 03:27:37,167 DEBUG Generated plugins in 0.025655943 seconds
2022-08-25 03:27:37,183 DEBUG Generated plugins in 0.016066658 seconds
2022-08-25 03:27:37,189 DEBUG Calling createProperty on class org.apache.logging.log4j.core.config.Property for element property with params(name="filename", value="target/test.log")
2022-08-25 03:27:37,191 DEBUG Calling configureSubstitutor on class org.apache.logging.log4j.core.config.plugins.PropertiesPlugin for element properties with params(Properties={filename=target/test.log}, Configuration(LoggerTest))
2022-08-25 03:27:37,208 DEBUG Generated plugins in 0.016081022 seconds
2022-08-25 03:27:37,209 DEBUG Calling createFilter on class org.apache.logging.log4j.core.filter.ThresholdFilter for element ThresholdFilter with params(level="trace", onMatch="null", onMismatch="null")
2022-08-25 03:27:37,211 DEBUG Calling createLayout on class org.apache.logging.log4j.core.layout.PatternLayout for element PatternLayout with params(pattern="%C{1.} %m%n", Configuration(LoggerTest), null, charset="null", alwaysWriteExceptions="null", noConsoleNoAnsi="null")
2022-08-25 03:27:37,226 DEBUG Generated plugins in 0.015130011 seconds
2022-08-25 03:27:37,228 DEBUG Calling createAppender on class org.apache.logging.log4j.test.appender.ListAppender for element List with params(name="EventLogger", entryPerNewLine="null", raw="null", PatternLayout(%C{1.} %m%n), null)
2022-08-25 03:27:37,228 DEBUG Calling createLayout on class org.apache.logging.log4j.core.layout.PatternLayout for element PatternLayout with params(pattern="%C{1.} %m MDC%X%n", Configuration(LoggerTest), null, charset="null", alwaysWriteExceptions="null", noConsoleNoAnsi="null")
2022-08-25 03:27:37,229 DEBUG Calling createAppender on class org.apache.logging.log4j.core.appender.ConsoleAppender for element Console with params(PatternLayout(%C{1.} %m MDC%X%n), null, target="null", name="STDOUT", follow="null", ignoreExceptions="null")
2022-08-25 03:27:37,230 DEBUG Calling createLayout on class org.apache.logging.log4j.core.layout.PatternLayout for element PatternLayout with params(pattern="%d %p %C{1.} [%t] %m%n", Configuration(LoggerTest), null, charset="null", alwaysWriteExceptions="null", noConsoleNoAnsi="null")
2022-08-25 03:27:37,231 DEBUG Calling createAppender on class org.apache.logging.log4j.core.appender.FileAppender for element File with params(fileName="target/test.log", append="null", locking="null", name="File", immediateFlush="null", ignoreExceptions="null", bufferedIO="null", bufferSize="null", PatternLayout(%d %p %C{1.} [%t] %m%n), null, advertise="null", advertiseURI="null", Configuration(LoggerTest))
2022-08-25 03:27:37,232 DEBUG Starting FileManager target/test.log
2022-08-25 03:27:37,233 DEBUG Calling createLayout on class org.apache.logging.log4j.core.layout.PatternLayout for element PatternLayout with params(pattern="%C{1.} %m MDC%X%n%ex{0}", Configuration(LoggerTest), null, charset="null", alwaysWriteExceptions="null", noConsoleNoAnsi="null")
2022-08-25 03:27:37,237 DEBUG Calling createAppender on class org.apache.logging.log4j.test.appender.ListAppender for element List with params(name="List", entryPerNewLine="null", raw="null", PatternLayout(%C{1.} %m MDC%X%n%ex{0}), null)
2022-08-25 03:27:37,237 ERROR Appenders contains an invalid element or attribute "SLF4J"
2022-08-25 03:27:37,238 DEBUG Calling createAppenders on class org.apache.logging.log4j.core.config.plugins.AppendersPlugin for element Appenders with params(Appenders={EventLogger, STDOUT, File, List})
2022-08-25 03:27:37,238 DEBUG Calling createAppenderRef on class org.apache.logging.log4j.core.config.AppenderRef for element AppenderRef with params(ref="EventLogger", level="null", null)
2022-08-25 03:27:37,239 DEBUG Calling createLogger on class org.apache.logging.log4j.core.config.LoggerConfig for element Logger with params(additivity="false", level="info", name="EventLogger", includeLocation="null", AppenderRef={EventLogger}, Properties={}, Configuration(LoggerTest), null)
2022-08-25 03:27:37,240 DEBUG Calling createAppenderRef on class org.apache.logging.log4j.core.config.AppenderRef for element AppenderRef with params(ref="File", level="null", null)
2022-08-25 03:27:37,240 DEBUG Calling createLogger on class org.apache.logging.log4j.core.config.LoggerConfig for element Logger with params(additivity="false", level="debug", name="org.apache.logging.log4j.test2", includeLocation="null", AppenderRef={File}, Properties={}, Configuration(LoggerTest), null)
2022-08-25 03:27:37,241 DEBUG Calling createAppenderRef on class org.apache.logging.log4j.core.config.AppenderRef for element AppenderRef with params(ref="List", level="null", null)
2022-08-25 03:27:37,241 DEBUG Calling createLogger on class org.apache.logging.log4j.core.config.LoggerConfig$RootLogger for element Root with params(additivity="null", level="trace", includeLocation="null", AppenderRef={List}, Properties={}, Configuration(LoggerTest), null)
2022-08-25 03:27:37,242 DEBUG Calling createLoggers on class org.apache.logging.log4j.core.config.plugins.LoggersPlugin for element Loggers with params(Loggers={EventLogger, org.apache.logging.log4j.test2, root})
2022-08-25 03:27:37,346 DEBUG Registering MBean org.apache.logging.log4j2:type=sun.misc.Launcher$AppClassLoader@7f31245a
2022-08-25 03:27:37,348 DEBUG Registering MBean org.apache.logging.log4j2:type=sun.misc.Launcher$AppClassLoader@7f31245a,component=StatusLogger
2022-08-25 03:27:37,349 DEBUG Registering MBean org.apache.logging.log4j2:type=sun.misc.Launcher$AppClassLoader@7f31245a,component=ContextSelector
2022-08-25 03:27:37,350 DEBUG Registering MBean org.apache.logging.log4j2:type=sun.misc.Launcher$AppClassLoader@7f31245a,component=Loggers,name=
2022-08-25 03:27:37,351 DEBUG Registering MBean org.apache.logging.log4j2:type=sun.misc.Launcher$AppClassLoader@7f31245a,component=Loggers,name=org.apache.logging.log4j.test2
2022-08-25 03:27:37,351 DEBUG Registering MBean org.apache.logging.log4j2:type=sun.misc.Launcher$AppClassLoader@7f31245a,component=Loggers,name=EventLogger
2022-08-25 03:27:37,352 DEBUG Registering MBean org.apache.logging.log4j2:type=sun.misc.Launcher$AppClassLoader@7f31245a,component=Appenders,name=EventLogger
2022-08-25 03:27:37,353 DEBUG Registering MBean org.apache.logging.log4j2:type=sun.misc.Launcher$AppClassLoader@7f31245a,component=Appenders,name=STDOUT
2022-08-25 03:27:37,353 DEBUG Registering MBean org.apache.logging.log4j2:type=sun.misc.Launcher$AppClassLoader@7f31245a,component=Appenders,name=List
2022-08-25 03:27:37,353 DEBUG Registering MBean org.apache.logging.log4j2:type=sun.misc.Launcher$AppClassLoader@7f31245a,component=Appenders,name=File
2022-08-25 03:27:37,354 DEBUG Reconfiguration completed
2022-08-25 03:27:37,369 DEBUG Reconfiguration started for context sun.misc.Launcher$AppClassLoader@7f31245a
2022-08-25 03:27:37,374 DEBUG ServletContext not present - WebLookup not added
2022-08-25 03:27:37,389 DEBUG Generated plugins in 0.014742476 seconds
2022-08-25 03:27:37,404 DEBUG Generated plugins in 0.014586000 seconds
2022-08-25 03:27:37,419 DEBUG Generated plugins in 0.014532385 seconds
2022-08-25 03:27:37,419 DEBUG Shutting down FileManager target/test.log
2022-08-25 03:27:37,420 DEBUG Unregistering MBean org.apache.logging.log4j2:type=sun.misc.Launcher$AppClassLoader@7f31245a
2022-08-25 03:27:37,420 DEBUG Unregistering MBean org.apache.logging.log4j2:type=sun.misc.Launcher$AppClassLoader@7f31245a,component=StatusLogger
2022-08-25 03:27:37,420 DEBUG Unregistering MBean org.apache.logging.log4j2:type=sun.misc.Launcher$AppClassLoader@7f31245a,component=ContextSelector
2022-08-25 03:27:37,421 DEBUG Unregistering MBean org.apache.logging.log4j2:type=sun.misc.Launcher$AppClassLoader@7f31245a,component=Loggers,name=org.apache.logging.log4j.test2
2022-08-25 03:27:37,421 DEBUG Unregistering MBean org.apache.logging.log4j2:type=sun.misc.Launcher$AppClassLoader@7f31245a,component=Loggers,name=EventLogger
2022-08-25 03:27:37,421 DEBUG Unregistering MBean org.apache.logging.log4j2:type=sun.misc.Launcher$AppClassLoader@7f31245a,component=Loggers,name=
2022-08-25 03:27:37,422 DEBUG Unregistering MBean org.apache.logging.log4j2:type=sun.misc.Launcher$AppClassLoader@7f31245a,component=Appenders,name=STDOUT
2022-08-25 03:27:37,422 DEBUG Unregistering MBean org.apache.logging.log4j2:type=sun.misc.Launcher$AppClassLoader@7f31245a,component=Appenders,name=List
2022-08-25 03:27:37,422 DEBUG Unregistering MBean org.apache.logging.log4j2:type=sun.misc.Launcher$AppClassLoader@7f31245a,component=Appenders,name=File
2022-08-25 03:27:37,422 DEBUG Unregistering MBean org.apache.logging.log4j2:type=sun.misc.Launcher$AppClassLoader@7f31245a,component=Appenders,name=EventLogger
2022-08-25 03:27:37,423 DEBUG Registering MBean org.apache.logging.log4j2:type=sun.misc.Launcher$AppClassLoader@7f31245a
2022-08-25 03:27:37,423 DEBUG Registering MBean org.apache.logging.log4j2:type=sun.misc.Launcher$AppClassLoader@7f31245a,component=StatusLogger
2022-08-25 03:27:37,424 DEBUG Registering MBean org.apache.logging.log4j2:type=sun.misc.Launcher$AppClassLoader@7f31245a,component=ContextSelector
2022-08-25 03:27:37,424 DEBUG Registering MBean org.apache.logging.log4j2:type=sun.misc.Launcher$AppClassLoader@7f31245a,component=Appenders,name=Console
2022-08-25 03:27:37,424 DEBUG Reconfiguration completed
Tests run: 1, Failures: 0, Errors: 0, Skipped: 0, Time elapsed: 0.495 sec - in org.apache.logging.slf4j.OptionalTest

Results :

Tests run: 1, Failures: 0, Errors: 0, Skipped: 0

[[1;34mINFO[m] [1m------------------------------------------------------------------------[m
[[1;34mINFO[m] [1;32mBUILD SUCCESS[m
[[1;34mINFO[m] [1m------------------------------------------------------------------------[m
[[1;34mINFO[m] Total time:  4.696 s
[[1;34mINFO[m] Finished at: 2022-08-25T03:27:37-07:00
[[1;34mINFO[m] [1m------------------------------------------------------------------------[m