[[1;34mINFO[m] Scanning for projects...
[[1;34mINFO[m] [1m------------------------------------------------------------------------[m
[[1;34mINFO[m] [1mReactor Build Order:[m
[[1;34mINFO[m] 
[[1;34mINFO[m] Apache Log4j 2                                                     [pom]
[[1;34mINFO[m] Log4J API                                                          [jar]
[[1;34mINFO[m] Log4J2 Core                                                        [jar]
[[1;34mINFO[m] Log4J Compatibility API                                            [jar]
[[1;34mINFO[m] SLF4J Binding                                                      [jar]
[[1;34mINFO[m] Log4J2 Commons Logging                                             [jar]
[[1;34mINFO[m] 
[[1;34mINFO[m] [1m------------------< [0;36morg.apache.logging.rgoers:log4j2[0;1m >------------------[m
[[1;34mINFO[m] [1mBuilding Apache Log4j 2 1.99.0-SNAPSHOT                            [1/6][m
[[1;34mINFO[m] [1m--------------------------------[ pom ]---------------------------------[m
[[1;34mINFO[m] 
[[1;34mINFO[m] [1m--- [0;32mmaven-remote-resources-plugin:1.1:process[m [1m(default)[m @ [36mlog4j2[0;1m ---[m
[[1;34mINFO[m] Setting property: classpath.resource.loader.class => 'org.codehaus.plexus.velocity.ContextClassLoaderResourceLoader'.
[[1;34mINFO[m] Setting property: velocimacro.messages.on => 'false'.
[[1;34mINFO[m] Setting property: resource.loader => 'classpath'.
[[1;34mINFO[m] Setting property: resource.manager.logwhenfound => 'false'.
[[1;34mINFO[m] 
[[1;34mINFO[m] [1m--- [0;32mmaven-install-plugin:2.3.1:install[m [1m(default-install)[m @ [36mlog4j2[0;1m ---[m
[[1;34mINFO[m] Installing /home/user/Workspace/reproducibility/Reproducibility-Scanner/benchmarks/bugs-dot-jar/logging-log4j2/pom.xml to /home/user/.m2/repository/org/apache/logging/rgoers/log4j2/1.99.0-SNAPSHOT/log4j2-1.99.0-SNAPSHOT.pom
[[1;34mINFO[m] 
[[1;34mINFO[m] [1m----------------< [0;36morg.apache.logging.rgoers:log4j2-api[0;1m >----------------[m
[[1;34mINFO[m] [1mBuilding Log4J API 1.99.0-SNAPSHOT                                 [2/6][m
[[1;34mINFO[m] [1m--------------------------------[ jar ]---------------------------------[m
[[1;34mINFO[m] 
[[1;34mINFO[m] [1m--- [0;32mmaven-remote-resources-plugin:1.1:process[m [1m(default)[m @ [36mlog4j2-api[0;1m ---[m
[[1;34mINFO[m] 
[[1;34mINFO[m] [1m--- [0;32mmaven-resources-plugin:2.4.3:resources[m [1m(default-resources)[m @ [36mlog4j2-api[0;1m ---[m
[[1;34mINFO[m] Using 'UTF-8' encoding to copy filtered resources.
[[1;34mINFO[m] Copying 2 resources
[[1;34mINFO[m] Copying 3 resources
[[1;34mINFO[m] 
[[1;34mINFO[m] [1m--- [0;32mmaven-compiler-plugin:2.3.2:compile[m [1m(default-compile)[m @ [36mlog4j2-api[0;1m ---[m
[[1;34mINFO[m] Compiling 35 source files to /home/user/Workspace/reproducibility/Reproducibility-Scanner/benchmarks/bugs-dot-jar/logging-log4j2/log4j2-api/target/classes
[[1;34mINFO[m] 
[[1;34mINFO[m] [1m--- [0;32mmaven-resources-plugin:2.4.3:testResources[m [1m(default-testResources)[m @ [36mlog4j2-api[0;1m ---[m
[[1;34mINFO[m] Using 'UTF-8' encoding to copy filtered resources.
[[1;34mINFO[m] Copying 1 resource
[[1;34mINFO[m] Copying 3 resources
[[1;34mINFO[m] 
[[1;34mINFO[m] [1m--- [0;32mmaven-compiler-plugin:2.3.2:testCompile[m [1m(default-testCompile)[m @ [36mlog4j2-api[0;1m ---[m
[[1;34mINFO[m] Compiling 10 source files to /home/user/Workspace/reproducibility/Reproducibility-Scanner/benchmarks/bugs-dot-jar/logging-log4j2/log4j2-api/target/test-classes
[[1;34mINFO[m] 
[[1;34mINFO[m] [1m--- [0;32mmaven-surefire-plugin:2.7.2:test[m [1m(default-test)[m @ [36mlog4j2-api[0;1m ---[m
[[1;34mINFO[m] Tests are skipped.
[[1;34mINFO[m] 
[[1;34mINFO[m] [1m--- [0;32mmaven-jar-plugin:2.3.1:jar[m [1m(default-jar)[m @ [36mlog4j2-api[0;1m ---[m
[[1;34mINFO[m] Building jar: /home/user/Workspace/reproducibility/Reproducibility-Scanner/benchmarks/bugs-dot-jar/logging-log4j2/log4j2-api/target/log4j2-api-1.99.0-SNAPSHOT.jar
[[1;34mINFO[m] 
[[1;34mINFO[m] [1m--- [0;32mmaven-install-plugin:2.3.1:install[m [1m(default-install)[m @ [36mlog4j2-api[0;1m ---[m
[[1;34mINFO[m] Installing /home/user/Workspace/reproducibility/Reproducibility-Scanner/benchmarks/bugs-dot-jar/logging-log4j2/log4j2-api/target/log4j2-api-1.99.0-SNAPSHOT.jar to /home/user/.m2/repository/org/apache/logging/rgoers/log4j2-api/1.99.0-SNAPSHOT/log4j2-api-1.99.0-SNAPSHOT.jar
[[1;34mINFO[m] Installing /home/user/Workspace/reproducibility/Reproducibility-Scanner/benchmarks/bugs-dot-jar/logging-log4j2/log4j2-api/pom.xml to /home/user/.m2/repository/org/apache/logging/rgoers/log4j2-api/1.99.0-SNAPSHOT/log4j2-api-1.99.0-SNAPSHOT.pom
[[1;34mINFO[m] 
[[1;34mINFO[m] [1m---------------< [0;36morg.apache.logging.rgoers:log4j2-core[0;1m >----------------[m
[[1;34mINFO[m] [1mBuilding Log4J2 Core 1.99.0-SNAPSHOT                               [3/6][m
[[1;34mINFO[m] [1m--------------------------------[ jar ]---------------------------------[m
[[1;34mINFO[m] 
[[1;34mINFO[m] [1m--- [0;32mmaven-remote-resources-plugin:1.1:process[m [1m(default)[m @ [36mlog4j2-core[0;1m ---[m
[[1;34mINFO[m] 
[[1;34mINFO[m] [1m--- [0;32mmaven-resources-plugin:2.4.3:resources[m [1m(default-resources)[m @ [36mlog4j2-core[0;1m ---[m
[[1;34mINFO[m] Using 'UTF-8' encoding to copy filtered resources.
[[1;34mINFO[m] Copying 2 resources
[[1;34mINFO[m] Copying 3 resources
[[1;34mINFO[m] 
[[1;34mINFO[m] [1m--- [0;32mmaven-compiler-plugin:2.3.2:compile[m [1m(default-compile)[m @ [36mlog4j2-core[0;1m ---[m
[[1;34mINFO[m] Compiling 210 source files to /home/user/Workspace/reproducibility/Reproducibility-Scanner/benchmarks/bugs-dot-jar/logging-log4j2/log4j2-core/target/classes
[[1;34mINFO[m] -------------------------------------------------------------
[[1;31mERROR[m] COMPILATION ERROR : 
[[1;34mINFO[m] -------------------------------------------------------------
[[1;31mERROR[m] /home/user/Workspace/reproducibility/Reproducibility-Scanner/benchmarks/bugs-dot-jar/logging-log4j2/log4j2-core/src/main/java/org/apache/logging/log4j/core/appender/AbstractManager.java:[72,19] error: count has private access in AbstractManager
[[1;31mERROR[m] /home/user/Workspace/reproducibility/Reproducibility-Scanner/benchmarks/bugs-dot-jar/logging-log4j2/log4j2-core/src/main/java/org/apache/logging/log4j/core/appender/OutputStreamManager.java:[44,38] error: name clash: getManager(String,ManagerFactory<OutputStreamManager,Object>,Object) in OutputStreamManager and <T>getManager(String,ManagerFactory<T,Object>,Object) in AbstractManager have the same erasure, yet neither hides the other
[[1;31mERROR[m] 
    T extends AbstractManager declared in method <T>getManager(String,ManagerFactory<T,Object>,Object)
/home/user/Workspace/reproducibility/Reproducibility-Scanner/benchmarks/bugs-dot-jar/logging-log4j2/log4j2-core/src/main/java/org/apache/logging/log4j/core/impl/ThrowableProxy.java:[115,16] error: addSuppressed(Throwable) in ThrowableProxy cannot override addSuppressed(Throwable) in Throwable
[[1;31mERROR[m]   overridden method is final
/home/user/Workspace/reproducibility/Reproducibility-Scanner/benchmarks/bugs-dot-jar/logging-log4j2/log4j2-core/src/main/java/org/apache/logging/log4j/core/impl/ThrowableProxy.java:[123,23] error: getSuppressed() in ThrowableProxy cannot override getSuppressed() in Throwable
[[1;34mINFO[m] 4 errors 
[[1;34mINFO[m] -------------------------------------------------------------
[[1;34mINFO[m] 
[[1;34mINFO[m] [1m---------------< [0;36morg.apache.logging.rgoers:log4j12-api[0;1m >----------------[m
[[1;34mINFO[m] [1mBuilding Log4J Compatibility API 1.99.0-SNAPSHOT                   [4/6][m
[[1;34mINFO[m] [1m--------------------------------[ jar ]---------------------------------[m
[[1;34mINFO[m] 
[[1;34mINFO[m] [1m----------------< [0;36morg.apache.logging.rgoers:slf4j-impl[0;1m >----------------[m
[[1;34mINFO[m] [1mBuilding SLF4J Binding 1.99.0-SNAPSHOT                             [5/6][m
[[1;34mINFO[m] [1m--------------------------------[ jar ]---------------------------------[m
[[1;34mINFO[m] 
[[1;34mINFO[m] [1m----------------< [0;36morg.apache.logging.rgoers:log4j2-jcl[0;1m >----------------[m
[[1;34mINFO[m] [1mBuilding Log4J2 Commons Logging 1.99.0-SNAPSHOT                    [6/6][m
[[1;34mINFO[m] [1m--------------------------------[ jar ]---------------------------------[m
[[1;34mINFO[m] [1m------------------------------------------------------------------------[m
[[1;34mINFO[m] [1mReactor Summary for Apache Log4j 2 1.99.0-SNAPSHOT:[m
[[1;34mINFO[m] 
[[1;34mINFO[m] Apache Log4j 2 ..................................... [1;32mSUCCESS[m [  0.593 s]
[[1;34mINFO[m] Log4J API .......................................... [1;32mSUCCESS[m [  1.947 s]
[[1;34mINFO[m] Log4J2 Core ........................................ [1;31mFAILURE[m [  1.326 s]
[[1;34mINFO[m] Log4J Compatibility API ............................ [1;31mFAILURE[m [  0.013 s]
[[1;34mINFO[m] SLF4J Binding ...................................... [1;31mFAILURE[m [  0.004 s]
[[1;34mINFO[m] Log4J2 Commons Logging ............................. [1;31mFAILURE[m [  0.010 s]
[[1;34mINFO[m] [1m------------------------------------------------------------------------[m
[[1;34mINFO[m] [1;31mBUILD FAILURE[m
[[1;34mINFO[m] [1m------------------------------------------------------------------------[m
[[1;34mINFO[m] Total time:  4.090 s
[[1;34mINFO[m] Finished at: 2022-08-23T07:53:57-07:00
[[1;34mINFO[m] [1m------------------------------------------------------------------------[m
[[1;31mERROR[m] Failed to execute goal [32morg.apache.maven.plugins:maven-compiler-plugin:2.3.2:compile[m [1m(default-compile)[m on project [36mlog4j2-core[m: [1;31mCompilation failure[m: Compilation failure: 
[[1;31mERROR[m] /home/user/Workspace/reproducibility/Reproducibility-Scanner/benchmarks/bugs-dot-jar/logging-log4j2/log4j2-core/src/main/java/org/apache/logging/log4j/core/appender/AbstractManager.java:[72,19] error: count has private access in AbstractManager
[[1;31mERROR[m] /home/user/Workspace/reproducibility/Reproducibility-Scanner/benchmarks/bugs-dot-jar/logging-log4j2/log4j2-core/src/main/java/org/apache/logging/log4j/core/appender/OutputStreamManager.java:[44,38] error: name clash: getManager(String,ManagerFactory<OutputStreamManager,Object>,Object) in OutputStreamManager and <T>getManager(String,ManagerFactory<T,Object>,Object) in AbstractManager have the same erasure, yet neither hides the other
[[1;31mERROR[m] 
[[1;31mERROR[m]     T extends AbstractManager declared in method <T>getManager(String,ManagerFactory<T,Object>,Object)
[[1;31mERROR[m] /home/user/Workspace/reproducibility/Reproducibility-Scanner/benchmarks/bugs-dot-jar/logging-log4j2/log4j2-core/src/main/java/org/apache/logging/log4j/core/impl/ThrowableProxy.java:[115,16] error: addSuppressed(Throwable) in ThrowableProxy cannot override addSuppressed(Throwable) in Throwable
[[1;31mERROR[m]   overridden method is final
[[1;31mERROR[m] /home/user/Workspace/reproducibility/Reproducibility-Scanner/benchmarks/bugs-dot-jar/logging-log4j2/log4j2-core/src/main/java/org/apache/logging/log4j/core/impl/ThrowableProxy.java:[123,23] error: getSuppressed() in ThrowableProxy cannot override getSuppressed() in Throwable
[[1;31mERROR[m] -> [1m[Help 1][m
[[1;31mERROR[m] Failed to execute goal on project [36mlog4j12-api[m: [1;31mCould not resolve dependencies for project org.apache.logging.rgoers:log4j12-api:jar:1.99.0-SNAPSHOT: The following artifacts could not be resolved: org.apache.logging.rgoers:log4j2-core:jar:1.99.0-SNAPSHOT, org.apache.logging.rgoers:log4j2-core:jar:tests:1.99.0-SNAPSHOT: Failure to find org.apache.logging.rgoers:log4j2-core:jar:1.99.0-SNAPSHOT in http://repository.apache.org/snapshots was cached in the local repository, resolution will not be reattempted until the update interval of apache.snapshots has elapsed or updates are forced[m -> [1m[Help 2][m
[[1;31mERROR[m] Failed to execute goal on project [36mslf4j-impl[m: [1;31mCould not resolve dependencies for project org.apache.logging.rgoers:slf4j-impl:jar:1.99.0-SNAPSHOT: The following artifacts could not be resolved: org.apache.logging.rgoers:log4j2-core:jar:1.99.0-SNAPSHOT, org.apache.logging.rgoers:log4j2-core:jar:tests:1.99.0-SNAPSHOT: Failure to find org.apache.logging.rgoers:log4j2-core:jar:1.99.0-SNAPSHOT in http://repository.apache.org/snapshots was cached in the local repository, resolution will not be reattempted until the update interval of apache.snapshots has elapsed or updates are forced[m -> [1m[Help 2][m
[[1;31mERROR[m] Failed to execute goal on project [36mlog4j2-jcl[m: [1;31mCould not resolve dependencies for project org.apache.logging.rgoers:log4j2-jcl:jar:1.99.0-SNAPSHOT: The following artifacts could not be resolved: org.apache.logging.rgoers:log4j2-core:jar:1.99.0-SNAPSHOT, org.apache.logging.rgoers:log4j2-core:jar:tests:1.99.0-SNAPSHOT: Failure to find org.apache.logging.rgoers:log4j2-core:jar:1.99.0-SNAPSHOT in http://repository.apache.org/snapshots was cached in the local repository, resolution will not be reattempted until the update interval of apache.snapshots has elapsed or updates are forced[m -> [1m[Help 2][m
[[1;31mERROR[m] 
[[1;31mERROR[m] To see the full stack trace of the errors, re-run Maven with the [1m-e[m switch.
[[1;31mERROR[m] Re-run Maven using the [1m-X[m switch to enable full debug logging.
[[1;31mERROR[m] 
[[1;31mERROR[m] For more information about the errors and possible solutions, please read the following articles:
[[1;31mERROR[m] [1m[Help 1][m http://cwiki.apache.org/confluence/display/MAVEN/MojoFailureException
[[1;31mERROR[m] [1m[Help 2][m http://cwiki.apache.org/confluence/display/MAVEN/DependencyResolutionException
[[1;31mERROR[m] 
[[1;31mERROR[m] After correcting the problems, you can resume the build with the command
[[1;31mERROR[m]   [1mmvn <args> -rf :log4j2-core[m
[[1;34mINFO[m] Build failures were ignored.
[[1;34mINFO[m] Scanning for projects...
[[1;34mINFO[m] 
[[1;34mINFO[m] [1m----------------< [0;36morg.apache.logging.rgoers:log4j2-api[0;1m >----------------[m
[[1;34mINFO[m] [1mBuilding Log4J API 1.99.0-SNAPSHOT[m
[[1;34mINFO[m] [1m--------------------------------[ jar ]---------------------------------[m
[[1;34mINFO[m] 
[[1;34mINFO[m] [1m--- [0;32mmaven-remote-resources-plugin:1.1:process[m [1m(default)[m @ [36mlog4j2-api[0;1m ---[m
[[1;34mINFO[m] Setting property: classpath.resource.loader.class => 'org.codehaus.plexus.velocity.ContextClassLoaderResourceLoader'.
[[1;34mINFO[m] Setting property: velocimacro.messages.on => 'false'.
[[1;34mINFO[m] Setting property: resource.loader => 'classpath'.
[[1;34mINFO[m] Setting property: resource.manager.logwhenfound => 'false'.
[[1;34mINFO[m] 
[[1;34mINFO[m] [1m--- [0;32mmaven-resources-plugin:2.4.3:resources[m [1m(default-resources)[m @ [36mlog4j2-api[0;1m ---[m
[[1;34mINFO[m] Using 'UTF-8' encoding to copy filtered resources.
[[1;34mINFO[m] Copying 2 resources
[[1;34mINFO[m] Copying 3 resources
[[1;34mINFO[m] 
[[1;34mINFO[m] [1m--- [0;32mmaven-compiler-plugin:2.3.2:compile[m [1m(default-compile)[m @ [36mlog4j2-api[0;1m ---[m
[[1;34mINFO[m] Compiling 4 source files to /home/user/Workspace/reproducibility/Reproducibility-Scanner/benchmarks/bugs-dot-jar/logging-log4j2/log4j2-api/target/classes
[[1;34mINFO[m] 
[[1;34mINFO[m] [1m--- [0;32mmaven-resources-plugin:2.4.3:testResources[m [1m(default-testResources)[m @ [36mlog4j2-api[0;1m ---[m
[[1;34mINFO[m] Using 'UTF-8' encoding to copy filtered resources.
[[1;34mINFO[m] Copying 1 resource
[[1;34mINFO[m] Copying 3 resources
[[1;34mINFO[m] 
[[1;34mINFO[m] [1m--- [0;32mmaven-compiler-plugin:2.3.2:testCompile[m [1m(default-testCompile)[m @ [36mlog4j2-api[0;1m ---[m
[[1;34mINFO[m] Nothing to compile - all classes are up to date
[[1;34mINFO[m] 
[[1;34mINFO[m] [1m--- [0;32mmaven-surefire-plugin:2.7.2:test[m [1m(default-test)[m @ [36mlog4j2-api[0;1m ---[m
[[1;34mINFO[m] Surefire report directory: /home/user/Workspace/reproducibility/Reproducibility-Scanner/benchmarks/bugs-dot-jar/logging-log4j2/log4j2-api/target/surefire-reports

-------------------------------------------------------
 T E S T S
-------------------------------------------------------
Running org.apache.logging.log4j.LevelTest
Tests run: 2, Failures: 0, Errors: 0, Skipped: 0, Time elapsed: 0.024 sec
Running org.apache.logging.log4j.LoggerTest
Tests run: 9, Failures: 0, Errors: 0, Skipped: 0, Time elapsed: 0.078 sec
Running org.apache.logging.log4j.message.MapMessageTest
Tests run: 2, Failures: 0, Errors: 0, Skipped: 0, Time elapsed: 0.001 sec
Running org.apache.logging.log4j.message.ThreadDumpMessageTest
Tests run: 2, Failures: 0, Errors: 0, Skipped: 0, Time elapsed: 0.214 sec
Running org.apache.logging.log4j.message.StructuredDataMessageTest
Tests run: 1, Failures: 0, Errors: 0, Skipped: 0, Time elapsed: 0.002 sec
Running org.apache.logging.log4j.message.ParameterizedMessageTest
Tests run: 1, Failures: 0, Errors: 0, Skipped: 0, Time elapsed: 0.001 sec
Running org.apache.logging.log4j.EventLoggerTest
Tests run: 1, Failures: 0, Errors: 0, Skipped: 0, Time elapsed: 0.002 sec

Results :

Tests run: 18, Failures: 0, Errors: 0, Skipped: 0

[[1;34mINFO[m] [1m------------------------------------------------------------------------[m
[[1;34mINFO[m] [1;32mBUILD SUCCESS[m
[[1;34mINFO[m] [1m------------------------------------------------------------------------[m
[[1;34mINFO[m] Total time:  1.976 s
[[1;34mINFO[m] Finished at: 2022-08-23T07:54:01-07:00
[[1;34mINFO[m] [1m------------------------------------------------------------------------[m