travis_fold:start:worker_info
[0K[33;1mWorker information[0m
hostname: 6cb9744d-bdaf-4d51-88fd-d234b7263ef7@1.production-1-worker-org-gce-c46x
version: v6.2.0 https://github.com/travis-ci/worker/tree/5e5476e01646095f48eec13196fdb3faf8f5cbf7
instance: travis-job-6d66c47c-1410-490b-9578-81a12712bba1 travis-ci-garnet-trusty-1512502259-986baf0 (via amqp)
startup: 6.604016846s
travis_fold:end:worker_info
[0Ktravis_fold:start:system_info
[0K[33;1mBuild system information[0m
Build language: java
Build group: stable
Build dist: trusty
Build id: 549626450
Job id: 549626454
Runtime kernel version: 4.4.0-101-generic
travis-build version: 541266b83
[34m[1mBuild image provisioning date and time[0m
Tue Dec  5 19:58:13 UTC 2017
[34m[1mOperating System Details[0m
Distributor ID:	Ubuntu
Description:	Ubuntu 14.04.5 LTS
Release:	14.04
Codename:	trusty
[34m[1mCookbooks Version[0m
7c2c6a6 https://github.com/travis-ci/travis-cookbooks/tree/7c2c6a6
[34m[1mgit version[0m
git version 2.15.1
[34m[1mbash version[0m
GNU bash, version 4.3.11(1)-release (x86_64-pc-linux-gnu)
[34m[1mgcc version[0m
gcc (Ubuntu 4.8.4-2ubuntu1~14.04.3) 4.8.4
Copyright (C) 2013 Free Software Foundation, Inc.
This is free software; see the source for copying conditions.  There is NO
warranty; not even for MERCHANTABILITY or FITNESS FOR A PARTICULAR PURPOSE.

[34m[1mdocker version[0m
Client:
 Version:      17.09.0-ce
 API version:  1.32
 Go version:   go1.8.3
 Git commit:   afdb6d4
 Built:        Tue Sep 26 22:42:38 2017
 OS/Arch:      linux/amd64

Server:
 Version:      17.09.0-ce
 API version:  1.32 (minimum version 1.12)
 Go version:   go1.8.3
 Git commit:   afdb6d4
 Built:        Tue Sep 26 22:41:20 2017
 OS/Arch:      linux/amd64
 Experimental: false
[34m[1mclang version[0m
clang version 5.0.0 (tags/RELEASE_500/final)
Target: x86_64-unknown-linux-gnu
Thread model: posix
InstalledDir: /usr/local/clang-5.0.0/bin
[34m[1mjq version[0m
jq-1.5
[34m[1mbats version[0m
Bats 0.4.0
[34m[1mshellcheck version[0m
0.4.6
[34m[1mshfmt version[0m
v2.0.0
[34m[1mccache version[0m
ccache version 3.1.9

Copyright (C) 2002-2007 Andrew Tridgell
Copyright (C) 2009-2011 Joel Rosdahl

This program is free software; you can redistribute it and/or modify it under
the terms of the GNU General Public License as published by the Free Software
Foundation; either version 3 of the License, or (at your option) any later
version.
[34m[1mcmake version[0m
cmake version 3.9.2

CMake suite maintained and supported by Kitware (kitware.com/cmake).
[34m[1mheroku version[0m
heroku-cli/6.14.39-addc925 (linux-x64) node-v9.2.0
[34m[1mimagemagick version[0m
Version: ImageMagick 6.7.7-10 2017-07-31 Q16 http://www.imagemagick.org
[34m[1mmd5deep version[0m
4.2
[34m[1mmercurial version[0m
Mercurial Distributed SCM (version 4.2.2)
(see https://mercurial-scm.org for more information)

Copyright (C) 2005-2017 Matt Mackall and others
This is free software; see the source for copying conditions. There is NO
warranty; not even for MERCHANTABILITY or FITNESS FOR A PARTICULAR PURPOSE.
[34m[1mmysql version[0m
mysql  Ver 14.14 Distrib 5.6.33, for debian-linux-gnu (x86_64) using  EditLine wrapper
[34m[1mopenssl version[0m
OpenSSL 1.0.1f 6 Jan 2014
[34m[1mpacker version[0m
Packer v1.0.2

Your version of Packer is out of date! The latest version
is 1.1.2. You can update by downloading from www.packer.io
[34m[1mpostgresql client version[0m
psql (PostgreSQL) 9.6.6
[34m[1mragel version[0m
Ragel State Machine Compiler version 6.8 Feb 2013
Copyright (c) 2001-2009 by Adrian Thurston
[34m[1msubversion version[0m
svn, version 1.8.8 (r1568071)
   compiled Aug 10 2017, 17:20:39 on x86_64-pc-linux-gnu

Copyright (C) 2013 The Apache Software Foundation.
This software consists of contributions made by many people;
see the NOTICE file for more information.
Subversion is open source software, see http://subversion.apache.org/

The following repository access (RA) modules are available:

* ra_svn : Module for accessing a repository using the svn network protocol.
  - with Cyrus SASL authentication
  - handles 'svn' scheme
* ra_local : Module for accessing a repository on local disk.
  - handles 'file' scheme
* ra_serf : Module for accessing a repository via WebDAV protocol using serf.
  - using serf 1.3.3
  - handles 'http' scheme
  - handles 'https' scheme

[34m[1msudo version[0m
Sudo version 1.8.9p5
Configure options: --prefix=/usr -v --with-all-insults --with-pam --with-fqdn --with-logging=syslog --with-logfac=authpriv --with-env-editor --with-editor=/usr/bin/editor --with-timeout=15 --with-password-timeout=0 --with-passprompt=[sudo] password for %p:  --without-lecture --with-tty-tickets --disable-root-mailer --enable-admin-flag --with-sendmail=/usr/sbin/sendmail --with-timedir=/var/lib/sudo --mandir=/usr/share/man --libexecdir=/usr/lib/sudo --with-sssd --with-sssd-lib=/usr/lib/x86_64-linux-gnu --with-selinux
Sudoers policy plugin version 1.8.9p5
Sudoers file grammar version 43

Sudoers path: /etc/sudoers
Authentication methods: 'pam'
Syslog facility if syslog is being used for logging: authpriv
Syslog priority to use when user authenticates successfully: notice
Syslog priority to use when user authenticates unsuccessfully: alert
Send mail if the user is not in sudoers
Use a separate timestamp for each user/tty combo
Lecture user the first time they run sudo
Root may run sudo
Allow some information gathering to give useful error messages
Require fully-qualified hostnames in the sudoers file
Visudo will honor the EDITOR environment variable
Set the LOGNAME and USER environment variables
Length at which to wrap log file lines (0 for no wrap): 80
Authentication timestamp timeout: 15.0 minutes
Password prompt timeout: 0.0 minutes
Number of tries to enter a password: 3
Umask to use or 0777 to use user's: 022
Path to mail program: /usr/sbin/sendmail
Flags for mail program: -t
Address to send mail to: root
Subject line for mail messages: *** SECURITY information for %h ***
Incorrect password message: Sorry, try again.
Path to authentication timestamp dir: /var/lib/sudo
Default password prompt: [sudo] password for %p: 
Default user to run commands as: root
Value to override user's $PATH with: /usr/local/sbin:/usr/local/bin:/usr/sbin:/usr/bin:/sbin:/bin:/snap/bin
Path to the editor for use by visudo: /usr/bin/editor
When to require a password for 'list' pseudocommand: any
When to require a password for 'verify' pseudocommand: all
File descriptors >= 3 will be closed before executing a command
Environment variables to check for sanity:
	TZ
	TERM
	LINGUAS
	LC_*
	LANGUAGE
	LANG
	COLORTERM
Environment variables to remove:
	RUBYOPT
	RUBYLIB
	PYTHONUSERBASE
	PYTHONINSPECT
	PYTHONPATH
	PYTHONHOME
	TMPPREFIX
	ZDOTDIR
	READNULLCMD
	NULLCMD
	FPATH
	PERL5DB
	PERL5OPT
	PERL5LIB
	PERLLIB
	PERLIO_DEBUG 
	JAVA_TOOL_OPTIONS
	SHELLOPTS
	GLOBIGNORE
	PS4
	BASH_ENV
	ENV
	TERMCAP
	TERMPATH
	TERMINFO_DIRS
	TERMINFO
	_RLD*
	LD_*
	PATH_LOCALE
	NLSPATH
	HOSTALIASES
	RES_OPTIONS
	LOCALDOMAIN
	CDPATH
	IFS
Environment variables to preserve:
	JAVA_HOME
	TRAVIS
	CI
	DEBIAN_FRONTEND
	XAUTHORIZATION
	XAUTHORITY
	PS2
	PS1
	PATH
	LS_COLORS
	KRB5CCNAME
	HOSTNAME
	HOME
	DISPLAY
	COLORS
Locale to use while parsing sudoers: C
Directory in which to store input/output logs: /var/log/sudo-io
File in which to store the input/output log: %{seq}
Add an entry to the utmp/utmpx file when allocating a pty
PAM service name to use
PAM service name to use for login shells
Create a new PAM session for the command to run in
Maximum I/O log sequence number: 0

Local IP address and netmask pairs:
	10.240.0.28/255.255.255.255
	172.17.0.1/255.255.0.0

Sudoers I/O plugin version 1.8.9p5
[34m[1mgzip version[0m
gzip 1.6
Copyright (C) 2007, 2010, 2011 Free Software Foundation, Inc.
Copyright (C) 1993 Jean-loup Gailly.
This is free software.  You may redistribute copies of it under the terms of
the GNU General Public License <http://www.gnu.org/licenses/gpl.html>.
There is NO WARRANTY, to the extent permitted by law.

Written by Jean-loup Gailly.
[34m[1mzip version[0m
Copyright (c) 1990-2008 Info-ZIP - Type 'zip "-L"' for software license.
This is Zip 3.0 (July 5th 2008), by Info-ZIP.
Currently maintained by E. Gordon.  Please send bug reports to
the authors using the web page at www.info-zip.org; see README for details.

Latest sources and executables are at ftp://ftp.info-zip.org/pub/infozip,
as of above date; see http://www.info-zip.org/ for other sites.

Compiled with gcc 4.8.2 for Unix (Linux ELF) on Oct 21 2013.

Zip special compilation options:
	USE_EF_UT_TIME       (store Universal Time)
	BZIP2_SUPPORT        (bzip2 library version 1.0.6, 6-Sept-2010)
	    bzip2 code and library copyright (c) Julian R Seward
	    (See the bzip2 license for terms of use)
	SYMLINK_SUPPORT      (symbolic links supported)
	LARGE_FILE_SUPPORT   (can read and write large files on file system)
	ZIP64_SUPPORT        (use Zip64 to store large files in archives)
	UNICODE_SUPPORT      (store and read UTF-8 Unicode paths)
	STORE_UNIX_UIDs_GIDs (store UID/GID sizes/values using new extra field)
	UIDGID_NOT_16BIT     (old Unix 16-bit UID/GID extra field not used)
	[encryption, version 2.91 of 05 Jan 2007] (modified for Zip 3)

Encryption notice:
	The encryption code of this program is not copyrighted and is
	put in the public domain.  It was originally written in Europe
	and, to the best of our knowledge, can be freely distributed
	in both source and object forms from any country, including
	the USA under License Exception TSU of the U.S. Export
	Administration Regulations (section 740.13(e)) of 6 June 2002.

Zip environment options:
             ZIP:  [none]
          ZIPOPT:  [none]
[34m[1mvim version[0m
VIM - Vi IMproved 7.4 (2013 Aug 10, compiled Nov 24 2016 16:43:18)
Included patches: 1-52
Extra patches: 8.0.0056
Modified by pkg-vim-maintainers@lists.alioth.debian.org
Compiled by buildd@
Huge version without GUI.  Features included (+) or not (-):
+acl             +farsi           +mouse_netterm   +syntax
+arabic          +file_in_path    +mouse_sgr       +tag_binary
+autocmd         +find_in_path    -mouse_sysmouse  +tag_old_static
-balloon_eval    +float           +mouse_urxvt     -tag_any_white
-browse          +folding         +mouse_xterm     -tcl
++builtin_terms  -footer          +multi_byte      +terminfo
+byte_offset     +fork()          +multi_lang      +termresponse
+cindent         +gettext         -mzscheme        +textobjects
-clientserver    -hangul_input    +netbeans_intg   +title
-clipboard       +iconv           +path_extra      -toolbar
+cmdline_compl   +insert_expand   -perl            +user_commands
+cmdline_hist    +jumplist        +persistent_undo +vertsplit
+cmdline_info    +keymap          +postscript      +virtualedit
+comments        +langmap         +printer         +visual
+conceal         +libcall         +profile         +visualextra
+cryptv          +linebreak       +python          +viminfo
+cscope          +lispindent      -python3         +vreplace
+cursorbind      +listcmds        +quickfix        +wildignore
+cursorshape     +localmap        +reltime         +wildmenu
+dialog_con      -lua             +rightleft       +windows
+diff            +menu            -ruby            +writebackup
+digraphs        +mksession       +scrollbind      -X11
-dnd             +modify_fname    +signs           -xfontset
-ebcdic          +mouse           +smartindent     -xim
+emacs_tags      -mouseshape      -sniff           -xsmp
+eval            +mouse_dec       +startuptime     -xterm_clipboard
+ex_extra        +mouse_gpm       +statusline      -xterm_save
+extra_search    -mouse_jsbterm   -sun_workshop    -xpm
   system vimrc file: "$VIM/vimrc"
     user vimrc file: "$HOME/.vimrc"
 2nd user vimrc file: "~/.vim/vimrc"
      user exrc file: "$HOME/.exrc"
  fall-back for $VIM: "/usr/share/vim"
Compilation: gcc -c -I. -Iproto -DHAVE_CONFIG_H     -g -O2 -fstack-protector --param=ssp-buffer-size=4 -Wformat -Werror=format-security -U_FORTIFY_SOURCE -D_FORTIFY_SOURCE=1      
Linking: gcc   -Wl,-Bsymbolic-functions -Wl,-z,relro -Wl,--as-needed -o vim        -lm -ltinfo -lnsl  -lselinux  -lacl -lattr -lgpm -ldl    -L/usr/lib/python2.7/config-x86_64-linux-gnu -lpython2.7 -lpthread -ldl -lutil -lm -Xlinker -export-dynamic -Wl,-O1 -Wl,-Bsymbolic-functions      
[34m[1miptables version[0m
iptables v1.4.21
[34m[1mcurl version[0m
curl 7.35.0 (x86_64-pc-linux-gnu) libcurl/7.35.0 OpenSSL/1.0.1f zlib/1.2.8 libidn/1.28 librtmp/2.3
[34m[1mwget version[0m
GNU Wget 1.15 built on linux-gnu.
[34m[1mrsync version[0m
rsync  version 3.1.0  protocol version 31
[34m[1mgimme version[0m
v1.2.0
[34m[1mnvm version[0m
0.33.6
[34m[1mperlbrew version[0m
/home/travis/perl5/perlbrew/bin/perlbrew  - App::perlbrew/0.80
[34m[1mphpenv version[0m
rbenv 1.1.1-25-g6aa70b6
[34m[1mrvm version[0m
rvm 1.29.3 (latest) by Michal Papis, Piotr Kuczynski, Wayne E. Seguin [https://rvm.io]
[34m[1mdefault ruby version[0m
ruby 2.4.1p111 (2017-03-22 revision 58053) [x86_64-linux]
[34m[1mCouchDB version[0m
couchdb 1.6.1
[34m[1mElasticSearch version[0m
5.5.0
[34m[1mInstalled Firefox version[0m
firefox 56.0.2
[34m[1mMongoDB version[0m
MongoDB 3.4.10
[34m[1mPhantomJS version[0m
2.1.1
[34m[1mPre-installed PostgreSQL versions[0m
9.2.24
9.3.20
9.4.15
9.5.10
9.6.6
[34m[1mRabbitMQ Version[0m
3.6.14
[34m[1mRedis version[0m
redis-server 4.0.6
[34m[1mriak version[0m
2.2.3
[34m[1mPre-installed Go versions[0m
1.7.4
[34m[1mant version[0m
Apache Ant(TM) version 1.9.3 compiled on April 8 2014
[34m[1mmvn version[0m
Apache Maven 3.5.2 (138edd61fd100ec658bfa2d307c43b76940a5d7d; 2017-10-18T07:58:13Z)
Maven home: /usr/local/maven-3.5.2
Java version: 1.8.0_151, vendor: Oracle Corporation
Java home: /usr/lib/jvm/java-8-oracle/jre
Default locale: en_US, platform encoding: UTF-8
OS name: "linux", version: "4.4.0-98-generic", arch: "amd64", family: "unix"
[34m[1mgradle version[0m

------------------------------------------------------------
Gradle 4.0.1
------------------------------------------------------------

Build time:   2017-07-07 14:02:41 UTC
Revision:     38e5dc0f772daecca1d2681885d3d85414eb6826

Groovy:       2.4.11
Ant:          Apache Ant(TM) version 1.9.6 compiled on June 29 2015
JVM:          1.8.0_151 (Oracle Corporation 25.151-b12)
OS:           Linux 4.4.0-98-generic amd64

[34m[1mlein version[0m
Leiningen 2.8.1 on Java 1.8.0_151 Java HotSpot(TM) 64-Bit Server VM
[34m[1mPre-installed Node.js versions[0m
v4.8.6
v6.12.0
v6.12.1
v8.9
v8.9.1
[34m[1mphpenv versions[0m
  system
  5.6
* 5.6.32 (set by /home/travis/.phpenv/version)
  7.0
  7.0.25
  7.1
  7.1.11
  hhvm
  hhvm-stable
[34m[1mcomposer --version[0m
Composer version 1.5.2 2017-09-11 16:59:25
[34m[1mPre-installed Ruby versions[0m
ruby-2.2.7
ruby-2.3.4
ruby-2.4.1
travis_fold:end:system_info
[0K
travis_fold:start:docker_mtu
[0Kdocker stop/waiting
docker start/running, process 3696
travis_fold:end:docker_mtu
[0Ktravis_fold:start:resolvconf
[0Kresolvconf stop/waiting
resolvconf start/running
travis_fold:end:resolvconf
[0K
travis_fold:start:install_jdk
[0K[33;1mInstalling oraclejdk9[0m
$ jdk_switcher use "oraclejdk9"
Switching to Oracle JDK9 (java-9-oracle), JAVA_HOME will be set to /usr/lib/jvm/java-9-oracle
travis_fold:end:install_jdk
[0Ktravis_fold:start:postgresql
[0Ktravis_time:start:01b7f10b
[0K$ travis_setup_postgresql 9.6
[33;1mStarting PostgreSQL v9.6[0K
 * Stopping PostgreSQL 9.2 database server       [80G 
[74G[ OK ]
 * Stopping PostgreSQL 9.3 database server       [80G 
[74G[ OK ]
 * Stopping PostgreSQL 9.4 database server       [80G 
[74G[ OK ]
 * Stopping PostgreSQL 9.5 database server       [80G 
[74G[ OK ]
 * Stopping PostgreSQL 9.6 database server       [80G 
[74G[ OK ]
 * Starting PostgreSQL 9.6 database server       [80G 
[74G[ OK ]
sudo service postgresql start 9.6
travis_time:end:01b7f10b:start=1561365163063139346,finish=1561365166987939901,duration=3924800555
[0Ktravis_fold:end:postgresql
[0K
travis_fold:start:git.checkout
[0Ktravis_time:start:045e7dbb
[0K$ git clone --depth=50 https://github.com/pgjdbc/pgjdbc.git pgjdbc/pgjdbc
Cloning into 'pgjdbc/pgjdbc'...
remote: Enumerating objects: 1567, done.[K
remote: Counting objects:   0% (1/1567)   [K
remote: Counting objects:   1% (16/1567)   [K
remote: Counting objects:   2% (32/1567)   [K
remote: Counting objects:   3% (48/1567)   [K
remote: Counting objects:   4% (63/1567)   [K
remote: Counting objects:   5% (79/1567)   [K
remote: Counting objects:   6% (95/1567)   [K
remote: Counting objects:   7% (110/1567)   [K
remote: Counting objects:   8% (126/1567)   [K
remote: Counting objects:   9% (142/1567)   [K
remote: Counting objects:  10% (157/1567)   [K
remote: Counting objects:  11% (173/1567)   [K
remote: Counting objects:  12% (189/1567)   [K
remote: Counting objects:  13% (204/1567)   [K
remote: Counting objects:  14% (220/1567)   [K
remote: Counting objects:  15% (236/1567)   [K
remote: Counting objects:  16% (251/1567)   [K
remote: Counting objects:  17% (267/1567)   [K
remote: Counting objects:  18% (283/1567)   [K
remote: Counting objects:  19% (298/1567)   [K
remote: Counting objects:  20% (314/1567)   [K
remote: Counting objects:  21% (330/1567)   [K
remote: Counting objects:  22% (345/1567)   [K
remote: Counting objects:  23% (361/1567)   [K
remote: Counting objects:  24% (377/1567)   [K
remote: Counting objects:  25% (392/1567)   [K
remote: Counting objects:  26% (408/1567)   [K
remote: Counting objects:  27% (424/1567)   [K
remote: Counting objects:  28% (439/1567)   [K
remote: Counting objects:  29% (455/1567)   [K
remote: Counting objects:  30% (471/1567)   [K
remote: Counting objects:  31% (486/1567)   [K
remote: Counting objects:  32% (502/1567)   [K
remote: Counting objects:  33% (518/1567)   [K
remote: Counting objects:  34% (533/1567)   [K
remote: Counting objects:  35% (549/1567)   [K
remote: Counting objects:  36% (565/1567)   [K
remote: Counting objects:  37% (580/1567)   [K
remote: Counting objects:  38% (596/1567)   [K
remote: Counting objects:  39% (612/1567)   [K
remote: Counting objects:  40% (627/1567)   [K
remote: Counting objects:  41% (643/1567)   [K
remote: Counting objects:  42% (659/1567)   [K
remote: Counting objects:  43% (674/1567)   [K
remote: Counting objects:  44% (690/1567)   [K
remote: Counting objects:  45% (706/1567)   [K
remote: Counting objects:  46% (721/1567)   [K
remote: Counting objects:  47% (737/1567)   [K
remote: Counting objects:  48% (753/1567)   [K
remote: Counting objects:  49% (768/1567)   [K
remote: Counting objects:  50% (784/1567)   [K
remote: Counting objects:  51% (800/1567)   [K
remote: Counting objects:  52% (815/1567)   [K
remote: Counting objects:  53% (831/1567)   [K
remote: Counting objects:  54% (847/1567)   [K
remote: Counting objects:  55% (862/1567)   [K
remote: Counting objects:  56% (878/1567)   [K
remote: Counting objects:  57% (894/1567)   [K
remote: Counting objects:  58% (909/1567)   [K
remote: Counting objects:  59% (925/1567)   [K
remote: Counting objects:  60% (941/1567)   [K
remote: Counting objects:  61% (956/1567)   [K
remote: Counting objects:  62% (972/1567)   [K
remote: Counting objects:  63% (988/1567)   [K
remote: Counting objects:  64% (1003/1567)   [K
remote: Counting objects:  65% (1019/1567)   [K
remote: Counting objects:  66% (1035/1567)   [K
remote: Counting objects:  67% (1050/1567)   [K
remote: Counting objects:  68% (1066/1567)   [K
remote: Counting objects:  69% (1082/1567)   [K
remote: Counting objects:  70% (1097/1567)   [K
remote: Counting objects:  71% (1113/1567)   [K
remote: Counting objects:  72% (1129/1567)   [K
remote: Counting objects:  73% (1144/1567)   [K
remote: Counting objects:  74% (1160/1567)   [K
remote: Counting objects:  75% (1176/1567)   [K
remote: Counting objects:  76% (1191/1567)   [K
remote: Counting objects:  77% (1207/1567)   [K
remote: Counting objects:  78% (1223/1567)   [K
remote: Counting objects:  79% (1238/1567)   [K
remote: Counting objects:  80% (1254/1567)   [K
remote: Counting objects:  81% (1270/1567)   [K
remote: Counting objects:  82% (1285/1567)   [K
remote: Counting objects:  83% (1301/1567)   [K
remote: Counting objects:  84% (1317/1567)   [K
remote: Counting objects:  85% (1332/1567)   [K
remote: Counting objects:  86% (1348/1567)   [K
remote: Counting objects:  87% (1364/1567)   [K
remote: Counting objects:  88% (1379/1567)   [K
remote: Counting objects:  89% (1395/1567)   [K
remote: Counting objects:  90% (1411/1567)   [K
remote: Counting objects:  91% (1426/1567)   [K
remote: Counting objects:  92% (1442/1567)   [K
remote: Counting objects:  93% (1458/1567)   [K
remote: Counting objects:  94% (1473/1567)   [K
remote: Counting objects:  95% (1489/1567)   [K
remote: Counting objects:  96% (1505/1567)   [K
remote: Counting objects:  97% (1520/1567)   [K
remote: Counting objects:  98% (1536/1567)   [K
remote: Counting objects:  99% (1552/1567)   [K
remote: Counting objects: 100% (1567/1567)   [K
remote: Counting objects: 100% (1567/1567), done.[K
remote: Compressing objects:   0% (1/1039)   [K
remote: Compressing objects:   1% (11/1039)   [K
remote: Compressing objects:   2% (21/1039)   [K
remote: Compressing objects:   3% (32/1039)   [K
remote: Compressing objects:   4% (42/1039)   [K
remote: Compressing objects:   5% (52/1039)   [K
remote: Compressing objects:   6% (63/1039)   [K
remote: Compressing objects:   7% (73/1039)   [K
remote: Compressing objects:   8% (84/1039)   [K
remote: Compressing objects:   9% (94/1039)   [K
remote: Compressing objects:  10% (104/1039)   [K
remote: Compressing objects:  11% (115/1039)   [K
remote: Compressing objects:  12% (125/1039)   [K
remote: Compressing objects:  13% (136/1039)   [K
remote: Compressing objects:  14% (146/1039)   [K
remote: Compressing objects:  15% (156/1039)   [K
remote: Compressing objects:  16% (167/1039)   [K
remote: Compressing objects:  17% (177/1039)   [K
remote: Compressing objects:  18% (188/1039)   [K
remote: Compressing objects:  19% (198/1039)   [K
remote: Compressing objects:  20% (208/1039)   [K
remote: Compressing objects:  21% (219/1039)   [K
remote: Compressing objects:  22% (229/1039)   [K
remote: Compressing objects:  23% (239/1039)   [K
remote: Compressing objects:  24% (250/1039)   [K
remote: Compressing objects:  25% (260/1039)   [K
remote: Compressing objects:  26% (271/1039)   [K
remote: Compressing objects:  27% (281/1039)   [K
remote: Compressing objects:  28% (291/1039)   [K
remote: Compressing objects:  29% (302/1039)   [K
remote: Compressing objects:  30% (312/1039)   [K
remote: Compressing objects:  31% (323/1039)   [K
remote: Compressing objects:  32% (333/1039)   [K
remote: Compressing objects:  33% (343/1039)   [K
remote: Compressing objects:  34% (354/1039)   [K
remote: Compressing objects:  35% (364/1039)   [K
remote: Compressing objects:  36% (375/1039)   [K
remote: Compressing objects:  37% (385/1039)   [K
remote: Compressing objects:  38% (395/1039)   [K
remote: Compressing objects:  39% (406/1039)   [K
remote: Compressing objects:  40% (416/1039)   [K
remote: Compressing objects:  41% (426/1039)   [K
remote: Compressing objects:  42% (437/1039)   [K
remote: Compressing objects:  43% (447/1039)   [K
remote: Compressing objects:  44% (458/1039)   [K
remote: Compressing objects:  45% (468/1039)   [K
remote: Compressing objects:  46% (478/1039)   [K
remote: Compressing objects:  47% (489/1039)   [K
remote: Compressing objects:  48% (499/1039)   [K
remote: Compressing objects:  49% (510/1039)   [K
remote: Compressing objects:  50% (520/1039)   [K
remote: Compressing objects:  51% (530/1039)   [K
remote: Compressing objects:  52% (541/1039)   [K
remote: Compressing objects:  53% (551/1039)   [K
remote: Compressing objects:  54% (562/1039)   [K
remote: Compressing objects:  55% (572/1039)   [K
remote: Compressing objects:  56% (582/1039)   [K
remote: Compressing objects:  57% (593/1039)   [K
remote: Compressing objects:  58% (603/1039)   [K
remote: Compressing objects:  59% (614/1039)   [K
remote: Compressing objects:  60% (624/1039)   [K
remote: Compressing objects:  61% (634/1039)   [K
remote: Compressing objects:  62% (645/1039)   [K
remote: Compressing objects:  63% (655/1039)   [K
remote: Compressing objects:  64% (665/1039)   [K
remote: Compressing objects:  65% (676/1039)   [K
remote: Compressing objects:  66% (686/1039)   [K
remote: Compressing objects:  67% (697/1039)   [K
remote: Compressing objects:  68% (707/1039)   [K
remote: Compressing objects:  69% (717/1039)   [K
remote: Compressing objects:  70% (728/1039)   [K
remote: Compressing objects:  71% (738/1039)   [K
remote: Compressing objects:  72% (749/1039)   [K
remote: Compressing objects:  73% (759/1039)   [K
remote: Compressing objects:  74% (769/1039)   [K
remote: Compressing objects:  75% (780/1039)   [K
remote: Compressing objects:  76% (790/1039)   [K
remote: Compressing objects:  77% (801/1039)   [K
remote: Compressing objects:  78% (811/1039)   [K
remote: Compressing objects:  79% (821/1039)   [K
remote: Compressing objects:  80% (832/1039)   [K
remote: Compressing objects:  81% (842/1039)   [K
remote: Compressing objects:  82% (852/1039)   [K
remote: Compressing objects:  83% (863/1039)   [K
remote: Compressing objects:  84% (873/1039)   [K
remote: Compressing objects:  85% (884/1039)   [K
remote: Compressing objects:  86% (894/1039)   [K
remote: Compressing objects:  87% (904/1039)   [K
remote: Compressing objects:  88% (915/1039)   [K
remote: Compressing objects:  89% (925/1039)   [K
remote: Compressing objects:  90% (936/1039)   [K
remote: Compressing objects:  91% (946/1039)   [K
remote: Compressing objects:  92% (956/1039)   [K
remote: Compressing objects:  93% (967/1039)   [K
remote: Compressing objects:  94% (977/1039)   [K
remote: Compressing objects:  95% (988/1039)   [K
remote: Compressing objects:  96% (998/1039)   [K
remote: Compressing objects:  97% (1008/1039)   [K
remote: Compressing objects:  98% (1019/1039)   [K
remote: Compressing objects:  99% (1029/1039)   [K
remote: Compressing objects: 100% (1039/1039)   [K
remote: Compressing objects: 100% (1039/1039), done.[K
Receiving objects:   0% (1/1567)   
Receiving objects:   1% (16/1567)   
Receiving objects:   2% (32/1567)   
Receiving objects:   3% (48/1567)   
Receiving objects:   4% (63/1567)   
Receiving objects:   5% (79/1567)   
Receiving objects:   6% (95/1567)   
Receiving objects:   7% (110/1567)   
Receiving objects:   8% (126/1567)   
Receiving objects:   9% (142/1567)   
Receiving objects:  10% (157/1567)   
Receiving objects:  11% (173/1567)   
Receiving objects:  12% (189/1567)   
Receiving objects:  13% (204/1567)   
Receiving objects:  14% (220/1567)   
Receiving objects:  15% (236/1567)   
Receiving objects:  16% (251/1567)   
Receiving objects:  17% (267/1567)   
Receiving objects:  18% (283/1567)   
Receiving objects:  19% (298/1567)   
Receiving objects:  20% (314/1567)   
Receiving objects:  21% (330/1567)   
Receiving objects:  22% (345/1567)   
Receiving objects:  23% (361/1567)   
Receiving objects:  24% (377/1567)   
Receiving objects:  25% (392/1567)   
Receiving objects:  26% (408/1567)   
Receiving objects:  27% (424/1567)   
Receiving objects:  28% (439/1567)   
Receiving objects:  29% (455/1567)   
Receiving objects:  30% (471/1567)   
Receiving objects:  31% (486/1567)   
Receiving objects:  32% (502/1567)   
Receiving objects:  33% (518/1567)   
Receiving objects:  34% (533/1567)   
Receiving objects:  35% (549/1567)   
Receiving objects:  36% (565/1567)   
Receiving objects:  37% (580/1567)   
Receiving objects:  38% (596/1567)   
Receiving objects:  39% (612/1567)   
Receiving objects:  40% (627/1567)   
Receiving objects:  41% (643/1567)   
Receiving objects:  42% (659/1567)   
Receiving objects:  43% (674/1567)   
Receiving objects:  44% (690/1567)   
Receiving objects:  45% (706/1567)   
Receiving objects:  46% (721/1567)   
Receiving objects:  47% (737/1567)   
Receiving objects:  48% (753/1567)   
Receiving objects:  49% (768/1567)   
Receiving objects:  50% (784/1567)   
Receiving objects:  51% (800/1567)   
Receiving objects:  52% (815/1567)   
Receiving objects:  53% (831/1567)   
Receiving objects:  54% (847/1567)   
Receiving objects:  55% (862/1567)   
Receiving objects:  56% (878/1567)   
Receiving objects:  57% (894/1567)   
Receiving objects:  58% (909/1567)   
Receiving objects:  59% (925/1567)   
Receiving objects:  60% (941/1567)   
Receiving objects:  61% (956/1567)   
Receiving objects:  62% (972/1567)   
Receiving objects:  63% (988/1567)   
Receiving objects:  64% (1003/1567)   
Receiving objects:  65% (1019/1567)   
Receiving objects:  66% (1035/1567)   
Receiving objects:  67% (1050/1567)   
Receiving objects:  68% (1066/1567)   
Receiving objects:  69% (1082/1567)   
Receiving objects:  70% (1097/1567)   
Receiving objects:  71% (1113/1567)   
Receiving objects:  72% (1129/1567)   
Receiving objects:  73% (1144/1567)   
Receiving objects:  74% (1160/1567)   
Receiving objects:  75% (1176/1567)   
Receiving objects:  76% (1191/1567)   
Receiving objects:  77% (1207/1567)   
Receiving objects:  78% (1223/1567)   
Receiving objects:  79% (1238/1567)   
Receiving objects:  80% (1254/1567)   
Receiving objects:  81% (1270/1567)   
Receiving objects:  82% (1285/1567)   
Receiving objects:  83% (1301/1567)   
Receiving objects:  84% (1317/1567)   
Receiving objects:  85% (1332/1567)   
Receiving objects:  86% (1348/1567)   
Receiving objects:  87% (1364/1567)   
Receiving objects:  88% (1379/1567)   
Receiving objects:  89% (1395/1567)   
Receiving objects:  90% (1411/1567)   
Receiving objects:  91% (1426/1567)   
Receiving objects:  92% (1442/1567)   
Receiving objects:  93% (1458/1567)   
remote: Total 1567 (delta 602), reused 1045 (delta 405), pack-reused 0[K
Receiving objects:  94% (1473/1567)   
Receiving objects:  95% (1489/1567)   
Receiving objects:  96% (1505/1567)   
Receiving objects:  97% (1520/1567)   
Receiving objects:  98% (1536/1567)   
Receiving objects:  99% (1552/1567)   
Receiving objects: 100% (1567/1567)   
Receiving objects: 100% (1567/1567), 1.51 MiB | 11.23 MiB/s, done.
Resolving deltas:   0% (0/602)   
Resolving deltas:   4% (30/602)   
Resolving deltas:   5% (32/602)   
Resolving deltas:   6% (37/602)   
Resolving deltas:   7% (44/602)   
Resolving deltas:   8% (50/602)   
Resolving deltas:   9% (55/602)   
Resolving deltas:  13% (79/602)   
Resolving deltas:  14% (85/602)   
Resolving deltas:  16% (98/602)   
Resolving deltas:  20% (126/602)   
Resolving deltas:  21% (132/602)   
Resolving deltas:  22% (134/602)   
Resolving deltas:  23% (141/602)   
Resolving deltas:  24% (145/602)   
Resolving deltas:  25% (153/602)   
Resolving deltas:  26% (160/602)   
Resolving deltas:  27% (163/602)   
Resolving deltas:  30% (183/602)   
Resolving deltas:  32% (196/602)   
Resolving deltas:  34% (206/602)   
Resolving deltas:  35% (211/602)   
Resolving deltas:  36% (220/602)   
Resolving deltas:  37% (224/602)   
Resolving deltas:  38% (229/602)   
Resolving deltas:  39% (238/602)   
Resolving deltas:  40% (241/602)   
Resolving deltas:  41% (247/602)   
Resolving deltas:  42% (253/602)   
Resolving deltas:  43% (259/602)   
Resolving deltas:  44% (265/602)   
Resolving deltas:  45% (271/602)   
Resolving deltas:  46% (277/602)   
Resolving deltas:  47% (286/602)   
Resolving deltas:  48% (292/602)   
Resolving deltas:  49% (295/602)   
Resolving deltas:  50% (301/602)   
Resolving deltas:  51% (308/602)   
Resolving deltas:  52% (314/602)   
Resolving deltas:  53% (320/602)   
Resolving deltas:  54% (326/602)   
Resolving deltas:  55% (333/602)   
Resolving deltas:  56% (338/602)   
Resolving deltas:  57% (345/602)   
Resolving deltas:  58% (351/602)   
Resolving deltas:  59% (357/602)   
Resolving deltas:  60% (362/602)   
Resolving deltas:  61% (368/602)   
Resolving deltas:  63% (382/602)   
Resolving deltas:  64% (386/602)   
Resolving deltas:  65% (392/602)   
Resolving deltas:  66% (398/602)   
Resolving deltas:  67% (405/602)   
Resolving deltas:  68% (410/602)   
Resolving deltas:  69% (418/602)   
Resolving deltas:  70% (422/602)   
Resolving deltas:  74% (447/602)   
Resolving deltas:  75% (453/602)   
Resolving deltas:  76% (460/602)   
Resolving deltas:  77% (464/602)   
Resolving deltas:  78% (471/602)   
Resolving deltas:  79% (477/602)   
Resolving deltas:  80% (482/602)   
Resolving deltas:  81% (488/602)   
Resolving deltas:  82% (495/602)   
Resolving deltas:  83% (502/602)   
Resolving deltas:  84% (507/602)   
Resolving deltas:  85% (512/602)   
Resolving deltas:  86% (518/602)   
Resolving deltas:  87% (526/602)   
Resolving deltas:  88% (530/602)   
Resolving deltas:  89% (536/602)   
Resolving deltas:  90% (542/602)   
Resolving deltas:  91% (550/602)   
Resolving deltas:  92% (557/602)   
Resolving deltas:  93% (561/602)   
Resolving deltas:  94% (569/602)   
Resolving deltas:  95% (573/602)   
Resolving deltas:  96% (578/602)   
Resolving deltas:  97% (584/602)   
Resolving deltas:  98% (590/602)   
Resolving deltas:  99% (599/602)   
Resolving deltas: 100% (602/602)   
Resolving deltas: 100% (602/602), done.
travis_time:end:045e7dbb:start=1561365166992491647,finish=1561365168114448098,duration=1121956451
[0K$ cd pgjdbc/pgjdbc
travis_time:start:01dd31b8
[0K$ git fetch origin +refs/pull/1457/merge:
remote: Enumerating objects: 195, done.[K
remote: Counting objects:   0% (1/178)   [K
remote: Counting objects:   1% (2/178)   [K
remote: Counting objects:   2% (4/178)   [K
remote: Counting objects:   3% (6/178)   [K
remote: Counting objects:   4% (8/178)   [K
remote: Counting objects:   5% (9/178)   [K
remote: Counting objects:   6% (11/178)   [K
remote: Counting objects:   7% (13/178)   [K
remote: Counting objects:   8% (15/178)   [K
remote: Counting objects:   9% (17/178)   [K
remote: Counting objects:  10% (18/178)   [K
remote: Counting objects:  11% (20/178)   [K
remote: Counting objects:  12% (22/178)   [K
remote: Counting objects:  13% (24/178)   [K
remote: Counting objects:  14% (25/178)   [K
remote: Counting objects:  15% (27/178)   [K
remote: Counting objects:  16% (29/178)   [K
remote: Counting objects:  17% (31/178)   [K
remote: Counting objects:  18% (33/178)   [K
remote: Counting objects:  19% (34/178)   [K
remote: Counting objects:  20% (36/178)   [K
remote: Counting objects:  21% (38/178)   [K
remote: Counting objects:  22% (40/178)   [K
remote: Counting objects:  23% (41/178)   [K
remote: Counting objects:  24% (43/178)   [K
remote: Counting objects:  25% (45/178)   [K
remote: Counting objects:  26% (47/178)   [K
remote: Counting objects:  27% (49/178)   [K
remote: Counting objects:  28% (50/178)   [K
remote: Counting objects:  29% (52/178)   [K
remote: Counting objects:  30% (54/178)   [K
remote: Counting objects:  31% (56/178)   [K
remote: Counting objects:  32% (57/178)   [K
remote: Counting objects:  33% (59/178)   [K
remote: Counting objects:  34% (61/178)   [K
remote: Counting objects:  35% (63/178)   [K
remote: Counting objects:  36% (65/178)   [K
remote: Counting objects:  37% (66/178)   [K
remote: Counting objects:  38% (68/178)   [K
remote: Counting objects:  39% (70/178)   [K
remote: Counting objects:  40% (72/178)   [K
remote: Counting objects:  41% (73/178)   [K
remote: Counting objects:  42% (75/178)   [K
remote: Counting objects:  43% (77/178)   [K
remote: Counting objects:  44% (79/178)   [K
remote: Counting objects:  45% (81/178)   [K
remote: Counting objects:  46% (82/178)   [K
remote: Counting objects:  47% (84/178)   [K
remote: Counting objects:  48% (86/178)   [K
remote: Counting objects:  49% (88/178)   [K
remote: Counting objects:  50% (89/178)   
remote: Counting objects:  51% (91/178)   [K
remote: Counting objects:  52% (93/178)   [K
remote: Counting objects:  53% (95/178)   [K
remote: Counting objects:  54% (97/178)   [K
remote: Counting objects:  55% (98/178)   [K
remote: Counting objects:  56% (100/178)   [K
remote: Counting objects:  57% (102/178)   [K
remote: Counting objects:  58% (104/178)   [K
remote: Counting objects:  59% (106/178)   [K
remote: Counting objects:  60% (107/178)   [K
remote: Counting objects:  61% (109/178)   [K
remote: Counting objects:  62% (111/178)   [K
remote: Counting objects:  63% (113/178)   [K
remote: Counting objects:  64% (114/178)   [K
remote: Counting objects:  65% (116/178)   [K
remote: Counting objects:  66% (118/178)   [K
remote: Counting objects:  67% (120/178)   [K
remote: Counting objects:  68% (122/178)   [K
remote: Counting objects:  69% (123/178)   [K
remote: Counting objects:  70% (125/178)   [K
remote: Counting objects:  71% (127/178)   [K
remote: Counting objects:  72% (129/178)   [K
remote: Counting objects:  73% (130/178)   [K
remote: Counting objects:  74% (132/178)   [K
remote: Counting objects:  75% (134/178)   [K
remote: Counting objects:  76% (136/178)   [K
remote: Counting objects:  77% (138/178)   [K
remote: Counting objects:  78% (139/178)   [K
remote: Counting objects:  79% (141/178)   [K
remote: Counting objects:  80% (143/178)   [K
remote: Counting objects:  81% (145/178)   [K
remote: Counting objects:  82% (146/178)   [K
remote: Counting objects:  83% (148/178)   [K
remote: Counting objects:  84% (150/178)   [K
remote: Counting objects:  85% (152/178)   [K
remote: Counting objects:  86% (154/178)   [K
remote: Counting objects:  87% (155/178)   [K
remote: Counting objects:  88% (157/178)   [K
remote: Counting objects:  89% (159/178)   [K
remote: Counting objects:  90% (161/178)   [K
remote: Counting objects:  91% (162/178)   [K
remote: Counting objects:  92% (164/178)   [K
remote: Counting objects:  93% (166/178)   [K
remote: Counting objects:  94% (168/178)   [K
remote: Counting objects:  95% (170/178)   [K
remote: Counting objects:  96% (171/178)   [K
remote: Counting objects:  97% (173/178)   [K
remote: Counting objects:  98% (175/178)   [K
remote: Counting objects:  99% (177/178)   [K
remote: Counting objects: 100% (178/178)   [K
remote: Counting objects: 100% (178/178), done.[K
remote: Compressing objects:   1% (1/86)   [K
remote: Compressing objects:   2% (2/86)   [K
remote: Compressing objects:   3% (3/86)   [K
remote: Compressing objects:   4% (4/86)   [K
remote: Compressing objects:   5% (5/86)   [K
remote: Compressing objects:   6% (6/86)   [K
remote: Compressing objects:   8% (7/86)   [K
remote: Compressing objects:   9% (8/86)   [K
remote: Compressing objects:  10% (9/86)   [K
remote: Compressing objects:  11% (10/86)   [K
remote: Compressing objects:  12% (11/86)   [K
remote: Compressing objects:  13% (12/86)   [K
remote: Compressing objects:  15% (13/86)   [K
remote: Compressing objects:  16% (14/86)   [K
remote: Compressing objects:  17% (15/86)   [K
remote: Compressing objects:  18% (16/86)   [K
remote: Compressing objects:  19% (17/86)   [K
remote: Compressing objects:  20% (18/86)   [K
remote: Compressing objects:  22% (19/86)   [K
remote: Compressing objects:  23% (20/86)   [K
remote: Compressing objects:  24% (21/86)   [K
remote: Compressing objects:  25% (22/86)   [K
remote: Compressing objects:  26% (23/86)   [K
remote: Compressing objects:  27% (24/86)   [K
remote: Compressing objects:  29% (25/86)   [K
remote: Compressing objects:  30% (26/86)   [K
remote: Compressing objects:  31% (27/86)   [K
remote: Compressing objects:  32% (28/86)   [K
remote: Compressing objects:  33% (29/86)   [K
remote: Compressing objects:  34% (30/86)   [K
remote: Compressing objects:  36% (31/86)   [K
remote: Compressing objects:  37% (32/86)   [K
remote: Compressing objects:  38% (33/86)   [K
remote: Compressing objects:  39% (34/86)   [K
remote: Compressing objects:  40% (35/86)   [K
remote: Compressing objects:  41% (36/86)   [K
remote: Compressing objects:  43% (37/86)   [K
remote: Compressing objects:  44% (38/86)   [K
remote: Compressing objects:  45% (39/86)   [K
remote: Compressing objects:  46% (40/86)   [K
remote: Compressing objects:  47% (41/86)   [K
remote: Compressing objects:  48% (42/86)   [K
remote: Compressing objects:  50% (43/86)   [K
remote: Compressing objects:  51% (44/86)   [K
remote: Compressing objects:  52% (45/86)   [K
remote: Compressing objects:  53% (46/86)   [K
remote: Compressing objects:  54% (47/86)   [K
remote: Compressing objects:  55% (48/86)   [K
remote: Compressing objects:  56% (49/86)   [K
remote: Compressing objects:  58% (50/86)   [K
remote: Compressing objects:  59% (51/86)   [K
remote: Compressing objects:  60% (52/86)   [K
remote: Compressing objects:  61% (53/86)   [K
remote: Compressing objects:  62% (54/86)   [K
remote: Compressing objects:  63% (55/86)   [K
remote: Compressing objects:  65% (56/86)   [K
remote: Compressing objects:  66% (57/86)   [K
remote: Compressing objects:  67% (58/86)   [K
remote: Compressing objects:  68% (59/86)   [K
remote: Compressing objects:  69% (60/86)   [K
remote: Compressing objects:  70% (61/86)   [K
remote: Compressing objects:  72% (62/86)   [K
remote: Compressing objects:  73% (63/86)   [K
remote: Compressing objects:  74% (64/86)   [K
remote: Compressing objects:  75% (65/86)   [K
remote: Compressing objects:  76% (66/86)   [K
remote: Compressing objects:  77% (67/86)   [K
remote: Compressing objects:  79% (68/86)   [K
remote: Compressing objects:  80% (69/86)   [K
remote: Compressing objects:  81% (70/86)   [K
remote: Compressing objects:  82% (71/86)   [K
remote: Compressing objects:  83% (72/86)   [K
remote: Compressing objects:  84% (73/86)   [K
remote: Compressing objects:  86% (74/86)   [K
remote: Compressing objects:  87% (75/86)   [K
remote: Compressing objects:  88% (76/86)   [K
remote: Compressing objects:  89% (77/86)   [K
remote: Compressing objects:  90% (78/86)   [K
remote: Compressing objects:  91% (79/86)   [K
remote: Compressing objects:  93% (80/86)   [K
remote: Compressing objects:  94% (81/86)   [K
remote: Compressing objects:  95% (82/86)   [K
remote: Compressing objects:  96% (83/86)   [K
remote: Compressing objects:  97% (84/86)   [K
remote: Compressing objects:  98% (85/86)   [K
remote: Compressing objects: 100% (86/86)   [K
remote: Compressing objects: 100% (86/86), done.[K
remote: Total 144 (delta 64), reused 98 (delta 29), pack-reused 0[K
Receiving objects:   0% (1/144)   
Receiving objects:   1% (2/144)   
Receiving objects:   2% (3/144)   
Receiving objects:   3% (5/144)   
Receiving objects:   4% (6/144)   
Receiving objects:   5% (8/144)   
Receiving objects:   6% (9/144)   
Receiving objects:   7% (11/144)   
Receiving objects:   8% (12/144)   
Receiving objects:   9% (13/144)   
Receiving objects:  10% (15/144)   
Receiving objects:  11% (16/144)   
Receiving objects:  12% (18/144)   
Receiving objects:  13% (19/144)   
Receiving objects:  14% (21/144)   
Receiving objects:  15% (22/144)   
Receiving objects:  16% (24/144)   
Receiving objects:  17% (25/144)   
Receiving objects:  18% (26/144)   
Receiving objects:  19% (28/144)   
Receiving objects:  20% (29/144)   
Receiving objects:  21% (31/144)   
Receiving objects:  22% (32/144)   
Receiving objects:  23% (34/144)   
Receiving objects:  24% (35/144)   
Receiving objects:  25% (36/144)   
Receiving objects:  26% (38/144)   
Receiving objects:  27% (39/144)   
Receiving objects:  28% (41/144)   
Receiving objects:  29% (42/144)   
Receiving objects:  30% (44/144)   
Receiving objects:  31% (45/144)   
Receiving objects:  32% (47/144)   
Receiving objects:  33% (48/144)   
Receiving objects:  34% (49/144)   
Receiving objects:  35% (51/144)   
Receiving objects:  36% (52/144)   
Receiving objects:  37% (54/144)   
Receiving objects:  38% (55/144)   
Receiving objects:  39% (57/144)   
Receiving objects:  40% (58/144)   
Receiving objects:  41% (60/144)   
Receiving objects:  42% (61/144)   
Receiving objects:  43% (62/144)   
Receiving objects:  44% (64/144)   
Receiving objects:  45% (65/144)   
Receiving objects:  46% (67/144)   
Receiving objects:  47% (68/144)   
Receiving objects:  48% (70/144)   
Receiving objects:  49% (71/144)   
Receiving objects:  50% (72/144)   
Receiving objects:  51% (74/144)   
Receiving objects:  52% (75/144)   
Receiving objects:  53% (77/144)   
Receiving objects:  54% (78/144)   
Receiving objects:  55% (80/144)   
Receiving objects:  56% (81/144)   
Receiving objects:  57% (83/144)   
Receiving objects:  58% (84/144)   
Receiving objects:  59% (85/144)   
Receiving objects:  60% (87/144)   
Receiving objects:  61% (88/144)   
Receiving objects:  62% (90/144)   
Receiving objects:  63% (91/144)   
Receiving objects:  64% (93/144)   
Receiving objects:  65% (94/144)   
Receiving objects:  66% (96/144)   
Receiving objects:  67% (97/144)   
Receiving objects:  68% (98/144)   
Receiving objects:  69% (100/144)   
Receiving objects:  70% (101/144)   
Receiving objects:  71% (103/144)   
Receiving objects:  72% (104/144)   
Receiving objects:  73% (106/144)   
Receiving objects:  74% (107/144)   
Receiving objects:  75% (108/144)   
Receiving objects:  76% (110/144)   
Receiving objects:  77% (111/144)   
Receiving objects:  78% (113/144)   
Receiving objects:  79% (114/144)   
Receiving objects:  80% (116/144)   
Receiving objects:  81% (117/144)   
Receiving objects:  82% (119/144)   
Receiving objects:  83% (120/144)   
Receiving objects:  84% (121/144)   
Receiving objects:  85% (123/144)   
Receiving objects:  86% (124/144)   
Receiving objects:  87% (126/144)   
Receiving objects:  88% (127/144)   
Receiving objects:  89% (129/144)   
Receiving objects:  90% (130/144)   
Receiving objects:  91% (132/144)   
Receiving objects:  92% (133/144)   
Receiving objects:  93% (134/144)   
Receiving objects:  94% (136/144)   
Receiving objects:  95% (137/144)   
Receiving objects:  96% (139/144)   
Receiving objects:  97% (140/144)   
Receiving objects:  98% (142/144)   
Receiving objects:  99% (143/144)   
Receiving objects: 100% (144/144)   
Receiving objects: 100% (144/144), 13.97 KiB | 6.98 MiB/s, done.
Resolving deltas:   0% (0/64)   
Resolving deltas:   4% (3/64)   
Resolving deltas:  12% (8/64)   
Resolving deltas:  14% (9/64)   
Resolving deltas:  15% (10/64)   
Resolving deltas:  17% (11/64)   
Resolving deltas:  28% (18/64)   
Resolving deltas:  29% (19/64)   
Resolving deltas:  31% (20/64)   
Resolving deltas:  40% (26/64)   
Resolving deltas:  54% (35/64)   
Resolving deltas:  64% (41/64)   
Resolving deltas:  73% (47/64)   
Resolving deltas:  82% (53/64)   
Resolving deltas:  92% (59/64)   
Resolving deltas: 100% (64/64)   
Resolving deltas: 100% (64/64), completed with 13 local objects.
From https://github.com/pgjdbc/pgjdbc
 * branch            refs/pull/1457/merge -> FETCH_HEAD
travis_time:end:01dd31b8:start=1561365168119081337,finish=1561365168789609196,duration=670527859
[0K$ git checkout -qf FETCH_HEAD
travis_fold:end:git.checkout
[0K

[33;1mEncrypted environment variables have been removed for security reasons.[0m
[33;1mSee https://docs.travis-ci.com/user/pull-requests/#pull-requests-and-security-restrictions[0m

[33;1mSetting environment variables from .travis.yml[0m
$ export PG_VERSION=9.6
$ export JDK=9
$ export TZ=America/New_York

travis_fold:start:cache.1
[0KSetting up build cache
$ export CASHER_DIR=${TRAVIS_HOME}/.casher
travis_time:start:254d6942
[0K$ Installing caching utilities
travis_time:end:254d6942:start=1561365173627005801,finish=1561365173779392802,duration=152387001
[0Ktravis_time:start:0277b63f
[0Ktravis_time:end:0277b63f:start=1561365173784772734,finish=1561365173787886283,duration=3113549
[0Ktravis_time:start:1295b6be
[0Kattempting to download cache archive[0m
[32;1mfetching PR.1457/cache-linux-trusty-3b197abaa2476015dde18702ffa2236c31d336f79be4f439a62de896083a18fd--jdk-oraclejdk9.tgz[0m
[32;1mfetching PR.1457/cache--jdk-oraclejdk9.tgz[0m
[32;1mfetching master/cache-linux-trusty-3b197abaa2476015dde18702ffa2236c31d336f79be4f439a62de896083a18fd--jdk-oraclejdk9.tgz[0m
[32;1mfound cache[0m
travis_time:end:1295b6be:start=1561365173791743194,finish=1561365175540489571,duration=1748746377
[0Ktravis_time:start:061e5644
[0Ktravis_time:end:061e5644:start=1561365175544588503,finish=1561365175547509527,duration=2921024
[0Ktravis_time:start:2bf0a63d
[0Kadding /home/travis/.m2/repository to cache[0m
creating directory /home/travis/.m2/repository[0m
adding /home/travis/.ivy2/cache to cache[0m
creating directory /home/travis/.ivy2/cache[0m
adding /home/travis/.sbt/boot to cache[0m
creating directory /home/travis/.sbt/boot[0m
travis_time:end:2bf0a63d:start=1561365175551170312,finish=1561365177154384271,duration=1603213959
[0Ktravis_fold:end:cache.1
[0K
$ java -Xmx32m -version
java version "9.0.1"
Java(TM) SE Runtime Environment (build 9.0.1+11)
Java HotSpot(TM) 64-Bit Server VM (build 9.0.1+11, mixed mode)
$ javac -J-Xmx32m -version
javac 9.0.1
travis_fold:start:before_install.1
[0Ktravis_time:start:01d0075a
[0K$ ./.travis/travis_install_zulu.sh
+[[ true == \t\r\u\e ]]
+[[ -n '' ]]
travis_time:end:01d0075a:start=1561365177871734919,finish=1561365177876712694,duration=4977775
[0Ktravis_fold:end:before_install.1
[0Ktravis_fold:start:before_install.2
[0Ktravis_time:start:347b7018
[0K$ test -z "${ZULU_JDK}" || export JDK${ZULU_JDK}_HOME=/usr/lib/jvm/zulu-${ZULU_JDK}-amd64
travis_time:end:347b7018:start=1561365177880963046,finish=1561365177883581659,duration=2618613
[0Ktravis_fold:end:before_install.2
[0Ktravis_fold:start:before_install.3
[0Ktravis_time:start:1a20ac14
[0K$ unset _JAVA_OPTIONS
travis_time:end:1a20ac14:start=1561365177887878744,finish=1561365177890387986,duration=2509242
[0Ktravis_fold:end:before_install.3
[0Ktravis_fold:start:install
[0Ktravis_time:start:16ea664a
[0K$ true
travis_time:end:16ea664a:start=1561365177894420138,finish=1561365177896961665,duration=2541527
[0Ktravis_fold:end:install
[0Ktravis_fold:start:before_script.1
[0Ktravis_time:start:0b787cdb
[0K$ test $(grep "after_n_builds" codecov.yml | tr -d '[:space:]' | cut -d":" -f2) -eq $(grep -e "COVERAGE=Y$" .travis.yml | wc -l) || exit 1
travis_time:end:0b787cdb:start=1561365177901093186,finish=1561365177910256874,duration=9163688
[0Ktravis_fold:end:before_script.1
[0Ktravis_fold:start:before_script.2
[0Ktravis_time:start:0bda675d
[0K$ export PG_DATADIR="/etc/postgresql/${PG_VERSION}/main"
travis_time:end:0bda675d:start=1561365177914077893,finish=1561365177916673877,duration=2595984
[0Ktravis_fold:end:before_script.2
[0Ktravis_fold:start:before_script.3
[0Ktravis_time:start:0a5228b2
[0K$ export PG_SLAVE1_DATADIR="/etc/postgresql/${PG_VERSION}/slave1"
travis_time:end:0a5228b2:start=1561365177920694266,finish=1561365177923254829,duration=2560563
[0Ktravis_fold:end:before_script.3
[0Ktravis_fold:start:before_script.4
[0Ktravis_time:start:329e80e2
[0K$ export PG_SLAVE2_DATADIR="/etc/postgresql/${PG_VERSION}/slave2"
travis_time:end:329e80e2:start=1561365177927127927,finish=1561365177929583150,duration=2455223
[0Ktravis_fold:end:before_script.4
[0Ktravis_fold:start:before_script.5
[0Ktravis_time:start:058d0493
[0K$ ./.travis/travis_install_postgres.sh
+'[' -z 9.6 ']'
+'[' 9.6 = HEAD ']'
+'[' '!' -d /etc/postgresql/9.6/main ']'
travis_time:end:058d0493:start=1561365177933367076,finish=1561365177938081624,duration=4714548
[0Ktravis_fold:end:before_script.5
[0Ktravis_fold:start:before_script.6
[0Ktravis_time:start:0b976874
[0K$ test "x$XA" == 'x' || ./.travis/travis_configure_xa.sh
travis_time:end:0b976874:start=1561365177942098223,finish=1561365177944823151,duration=2724928
[0Ktravis_fold:end:before_script.6
[0Ktravis_fold:start:before_script.7
[0Ktravis_time:start:1f0b9510
[0K$ test "x$REPLICATION" == 'x' || ./.travis/travis_configure_replication.sh
travis_time:end:1f0b9510:start=1561365177948847490,finish=1561365177951422453,duration=2574963
[0Ktravis_fold:end:before_script.7
[0Ktravis_fold:start:before_script.8
[0Ktravis_time:start:289a703c
[0K$ test "x$SSLTEST" == 'x' || ./.travis/travis_configure_ssl.sh
travis_time:end:289a703c:start=1561365177955293875,finish=1561365177957974672,duration=2680797
[0Ktravis_fold:end:before_script.8
[0Ktravis_fold:start:before_script.9
[0Ktravis_time:start:2fab27d0
[0K$ ./.travis/travis_start_postgres.sh
+'[' -z 9.6 ']'
+'[' x9.6 = xHEAD ']'
+'[' '' = true ']'
+'[' '' = Y ']'
+'[' '' = Y ']'
travis_time:end:2fab27d0:start=1561365177962163540,finish=1561365177967382086,duration=5218546
[0Ktravis_fold:end:before_script.9
[0Ktravis_fold:start:before_script.10
[0Ktravis_time:start:14eda26c
[0K$ test "x$PG_VERSION" != 'xHEAD' || psql -U postgres -c "set password_encryption='scram-sha-256'; create user test with password 'test';"
travis_time:end:14eda26c:start=1561365177971583717,finish=1561365177974356471,duration=2772754
[0Ktravis_fold:end:before_script.10
[0Ktravis_fold:start:before_script.11
[0Ktravis_time:start:2ce3bd05
[0K$ test "x$PG_VERSION" = 'xHEAD' || psql -U postgres -c "create user test with password 'test';"
CREATE ROLE
travis_time:end:2ce3bd05:start=1561365177978466115,finish=1561365177989068978,duration=10602863
[0Ktravis_fold:end:before_script.11
[0Ktravis_fold:start:before_script.12
[0Ktravis_time:start:1b0ff9e4
[0K$ test "x$REPLICATION" == 'x' || psql -U postgres -c "alter user test with replication;"
travis_time:end:1b0ff9e4:start=1561365177993383769,finish=1561365177996131712,duration=2747943
[0Ktravis_fold:end:before_script.12
[0Ktravis_fold:start:before_script.13
[0Ktravis_time:start:047113b0
[0K$ psql -c 'create database test owner test;' -U postgres
CREATE DATABASE
travis_time:end:047113b0:start=1561365178000087853,finish=1561365178218509589,duration=218421736
[0Ktravis_fold:end:before_script.13
[0Ktravis_fold:start:before_script.14
[0Ktravis_time:start:047062c4
[0K$ test "x$SSLTEST" == 'x' || ./.travis/travis_ssl_users.sh
travis_time:end:047062c4:start=1561365178223107889,finish=1561365178225929319,duration=2821430
[0Ktravis_fold:end:before_script.14
[0Ktravis_fold:start:before_script.15
[0Ktravis_time:start:04afa660
[0K$ test "x$REPLICATION" == 'x' || ./.travis/travis_create_slaves.sh
travis_time:end:04afa660:start=1561365178230041054,finish=1561365178232729375,duration=2688321
[0Ktravis_fold:end:before_script.15
[0Ktravis_fold:start:before_script.16
[0Ktravis_time:start:2a51295e
[0K$ if [[ $TRAVIS_BRANCH == release/* ]]; then echo "MAVEN_OPTS='-Xmx1g'" > ~/.mavenrc; else echo "MAVEN_OPTS='-Xmx1g -Dgpg.skip=true'" > ~/.mavenrc; fi
travis_time:end:2a51295e:start=1561365178236830007,finish=1561365178239936476,duration=3106469
[0Ktravis_fold:end:before_script.16
[0Ktravis_fold:start:before_script.17
[0Ktravis_time:start:0564c07d
[0K$ test "x$PG_VERSION" == 'x' || test "x$NO_HSTORE" == 'xY' || psql test -c 'CREATE EXTENSION hstore;' -U postgres
CREATE EXTENSION
travis_time:end:0564c07d:start=1561365178244116385,finish=1561365178275557973,duration=31441588
[0Ktravis_fold:end:before_script.17
[0Ktravis_fold:start:before_script.18
[0Ktravis_time:start:38ece5b8
[0K$ test "x$PG_VERSION" == 'x' || test "x$CREATE_PLPGSQL" == 'x' || createlang -U postgres plpgsql test
travis_time:end:38ece5b8:start=1561365178280044756,finish=1561365178282695987,duration=2651231
[0Ktravis_fold:end:before_script.18
[0Ktravis_time:start:01571563
[0K$ rm -rf $HOME/.m2/repository/org/postgresql || true
travis_time:end:01571563:start=1561365178286797480,finish=1561365178290533715,duration=3736235
[0K[32;1mThe command "rm -rf $HOME/.m2/repository/org/postgresql || true" exited with 0.[0m

travis_time:start:12114baf
[0K$ test -d "${JDK6_HOME}" || export JDK6_HOME=$(jdk_switcher home openjdk6)
travis_time:end:12114baf:start=1561365178294516545,finish=1561365178298713789,duration=4197244
[0K[32;1mThe command "test -d "${JDK6_HOME}" || export JDK6_HOME=$(jdk_switcher home openjdk6)" exited with 0.[0m

travis_time:start:1afa82f8
[0K$ test -d "${JDK7_HOME}" || export JDK7_HOME=$(jdk_switcher home openjdk7)
travis_time:end:1afa82f8:start=1561365178302702911,finish=1561365178307005247,duration=4302336
[0K[32;1mThe command "test -d "${JDK7_HOME}" || export JDK7_HOME=$(jdk_switcher home openjdk7)" exited with 0.[0m

travis_time:start:0c7d3c10
[0K$ test -d "${JDK8_HOME}" || export JDK8_HOME=$(jdk_switcher home oraclejdk8)
travis_time:end:0c7d3c10:start=1561365178311019678,finish=1561365178315187495,duration=4167817
[0K[32;1mThe command "test -d "${JDK8_HOME}" || export JDK8_HOME=$(jdk_switcher home oraclejdk8)" exited with 0.[0m

travis_time:start:008ac3fc
[0K$ test -d "${JDK9_HOME}" || export JDK9_HOME=$(jdk_switcher home oraclejdk9)
travis_time:end:008ac3fc:start=1561365178319047006,finish=1561365178323373380,duration=4326374
[0K[32;1mThe command "test -d "${JDK9_HOME}" || export JDK9_HOME=$(jdk_switcher home oraclejdk9)" exited with 0.[0m

travis_time:start:04784dc0
[0K$ test -d "${JDK9_HOME}" || export JDK9_HOME=$(jdk_switcher home oraclejdk8)
travis_time:end:04784dc0:start=1561365178327351362,finish=1561365178330003373,duration=2652011
[0K[32;1mThe command "test -d "${JDK9_HOME}" || export JDK9_HOME=$(jdk_switcher home oraclejdk8)" exited with 0.[0m

travis_time:start:013b9e8e
[0K$ envsubst < toolchains.xml > ~/.m2/toolchains.xml
travis_time:end:013b9e8e:start=1561365178333797044,finish=1561365178339992122,duration=6195078
[0K[32;1mThe command "envsubst < toolchains.xml > ~/.m2/toolchains.xml" exited with 0.[0m

travis_time:start:00addf30
[0K$ test ${JDK} -eq 9 || jdk_switcher use oraclejdk8
travis_time:end:00addf30:start=1561365178343921708,finish=1561365178346479222,duration=2557514
[0K[32;1mThe command "test ${JDK} -eq 9 || jdk_switcher use oraclejdk8" exited with 0.[0m

travis_time:start:0474bce8
[0K$ test -z "${ZULU_JDK}" || export TRAVIS_JDK_VERSION=zulujdk${ZULU_JDK}
travis_time:end:0474bce8:start=1561365178350347642,finish=1561365178352898634,duration=2550992
[0K[32;1mThe command "test -z "${ZULU_JDK}" || export TRAVIS_JDK_VERSION=zulujdk${ZULU_JDK}" exited with 0.[0m

travis_time:start:0ff0993e
[0K$ if [[ $TRAVIS_BRANCH == release/* ]]; then .travis/travis_release.sh; else ./.travis/travis_build.sh; fi
+[[ '' == *\Y ]]
+MVN_ARGS='clean package -B -V '
+MVN_PROFILES=release
+[[ '' == *\Y* ]]
+[[ x == *\x* ]]
+MVN_ARGS='clean package -B -V  -DpreferQueryMode='
+[[ '' == *\Y* ]]
+[[ 9 == *\9* ]]
+export MAVEN_SKIP_RC=true
+MAVEN_SKIP_RC=true
+MVN_ARGS='clean package -B -V  -DpreferQueryMode= -Dcurrent.jdk=1.9 -Djavac.target=1.9'
+[[ '' == *\Y* ]]
+[[ oraclejdk9 == *\j\d\k\6* ]]
+[[ oraclejdk9 == *\j\d\k\7* ]]
+mvn clean package -B -V -DpreferQueryMode= -Dcurrent.jdk=1.9 -Djavac.target=1.9 -P release
Apache Maven 3.5.2 (138edd61fd100ec658bfa2d307c43b76940a5d7d; 2017-10-18T03:58:13-04:00)
Maven home: /usr/local/maven-3.5.2
Java version: 9.0.1, vendor: Oracle Corporation
Java home: /usr/lib/jvm/java-9-oracle
Default locale: en_US, platform encoding: UTF-8
OS name: "linux", version: "4.4.0-101-generic", arch: "amd64", family: "unix"
[INFO] Scanning for projects...
[INFO] Downloading from central: http://repo.maven.apache.org/maven2/org/postgresql/pgjdbc-versions/1.1.6/pgjdbc-versions-1.1.6.pom
[INFO] Downloaded from central: http://repo.maven.apache.org/maven2/org/postgresql/pgjdbc-versions/1.1.6/pgjdbc-versions-1.1.6.pom (23 kB at 114 kB/s)
[INFO] Downloading from central: http://repo.maven.apache.org/maven2/org/postgresql/pgjdbc-core-parent/1.1.5/pgjdbc-core-parent-1.1.5.pom
[INFO] Downloaded from central: http://repo.maven.apache.org/maven2/org/postgresql/pgjdbc-core-parent/1.1.5/pgjdbc-core-parent-1.1.5.pom (18 kB at 459 kB/s)
[INFO] Downloading from central: http://repo.maven.apache.org/maven2/org/postgresql/pgjdbc-versions/1.1.5/pgjdbc-versions-1.1.5.pom
[INFO] Downloaded from central: http://repo.maven.apache.org/maven2/org/postgresql/pgjdbc-versions/1.1.5/pgjdbc-versions-1.1.5.pom (23 kB at 724 kB/s)
[INFO] ------------------------------------------------------------------------
[INFO] Reactor Build Order:
[INFO] 
[INFO] PostgreSQL JDBC Driver - JDBC 4.2
[INFO] PostgreSQL JDBC Driver aggregate
[INFO] 
[INFO] ------------------------------------------------------------------------
[INFO] Building PostgreSQL JDBC Driver - JDBC 4.2 42.2.7-SNAPSHOT
[INFO] ------------------------------------------------------------------------
[INFO] 
[INFO] --- maven-clean-plugin:2.5:clean (default-clean) @ postgresql ---
[INFO] 
[INFO] --- maven-enforcer-plugin:1.3.1:enforce (enforce-java) @ postgresql ---
[INFO] Skipping Rule Enforcement.
[INFO] 
[INFO] --- maven-toolchains-plugin:1.1:toolchain (default) @ postgresql ---
[INFO] Required toolchain: jdk [ version='1.9' ]
[INFO] Found matching toolchain for type jdk: JDK[/usr/lib/jvm/java-9-oracle]
[INFO] 
[INFO] --- build-helper-maven-plugin:1.5:parse-version (parse-version) @ postgresql ---
[INFO] 
[INFO] --- properties-maven-plugin:1.0-alpha-2:read-project-properties (default) @ postgresql ---
[WARNING] Ignoring missing properties file: /home/travis/build/pgjdbc/pgjdbc/pgjdbc/../build.local.properties
[INFO] 
[INFO] --- maven-antrun-plugin:1.7:run (create-unzipjdkant.xml) @ postgresql ---
[INFO] Executing tasks

main:
     [echo] Generating /home/travis/build/pgjdbc/pgjdbc/pgjdbc/target/unzip-jdk-ant.xml
[INFO] Executed tasks
[INFO] 
[INFO] --- exec-maven-plugin:1.4.0:exec (unzip-jdk-src) @ postgresql ---
[INFO] skipping execute as per configuraion
[INFO] 
[INFO] --- jcp:6.0.1:preprocess (preprocessSources) @ postgresql ---
[INFO] Added MAVEN property mvn.project.name=PostgreSQL JDBC Driver - JDBC 4.2
[INFO] Added MAVEN property mvn.project.version=42.2.7-SNAPSHOT
[INFO] Added MAVEN property mvn.project.url=https://github.com/pgjdbc/pgjdbc
[INFO] Added MAVEN property mvn.project.packaging=bundle
[INFO] Added MAVEN property mvn.project.modelversion=4.0.0
[INFO] Added MAVEN property mvn.project.inceptionyear=
[INFO] Added MAVEN property mvn.project.id=org.postgresql:postgresql:bundle:42.2.7-SNAPSHOT
[INFO] Added MAVEN property mvn.project.groupid=org.postgresql
[INFO] Added MAVEN property mvn.project.description=Java JDBC 4.2 (JRE 8+) driver for PostgreSQL database
[INFO] Added MAVEN property mvn.project.artifact.id=org.postgresql:postgresql:bundle:42.2.7-SNAPSHOT
[INFO] Added MAVEN property mvn.project.artifact.artifactid=postgresql
[INFO] Added MAVEN property mvn.project.artifact.baseversion=42.2.7-SNAPSHOT
[INFO] Added MAVEN property mvn.project.artifact.dependencyconflictid=org.postgresql:postgresql:bundle
[INFO] Added MAVEN property mvn.project.artifact.downloadurl=
[INFO] Added MAVEN property mvn.project.artifact.groupid=org.postgresql
[INFO] Added MAVEN property mvn.project.artifact.scope=
[INFO] Added MAVEN property mvn.project.artifact.type=bundle
[INFO] Added MAVEN property mvn.project.artifact.version=42.2.7-SNAPSHOT
[INFO] Added MAVEN property mvn.project.build.directory=/home/travis/build/pgjdbc/pgjdbc/pgjdbc/target
[INFO] Added MAVEN property mvn.project.build.defaultgoal=
[INFO] Added MAVEN property mvn.project.build.outputdirectory=/home/travis/build/pgjdbc/pgjdbc/pgjdbc/target/classes
[INFO] Added MAVEN property mvn.project.build.scriptsourcedirectory=/home/travis/build/pgjdbc/pgjdbc/pgjdbc/src/main/scripts
[INFO] Added MAVEN property mvn.project.build.sourcedirectory=/home/travis/build/pgjdbc/pgjdbc/pgjdbc/src/main/java
[INFO] Added MAVEN property mvn.project.build.testoutputdirectory=/home/travis/build/pgjdbc/pgjdbc/pgjdbc/target/test-classes
[INFO] Added MAVEN property mvn.project.build.testsourcedirectory=/home/travis/build/pgjdbc/pgjdbc/pgjdbc/src/test/java
[INFO] Added MAVEN property mvn.project.organization.name=PostgreSQL Global Development Group
[INFO] Added MAVEN property mvn.project.organization.url=https://jdbc.postgresql.org/
[INFO] Added MAVEN property mvn.project.activeprofiles=jdk9-workarounds;standard-with-extra-repos
[INFO] Added MAVEN property mvn.project.property.jdbc.specification.version=4.2
[INFO] Added MAVEN property mvn.project.property.server=localhost
[INFO] Added MAVEN property mvn.project.property.sslpassword=***** [hidden because may contain private info]
[INFO] Added MAVEN property mvn.project.property.osgienabled=true
[INFO] Added MAVEN property mvn.project.property.parsedversion.osgiversion=42.2.7.SNAPSHOT
[INFO] Added MAVEN property mvn.project.property.loggerfile=target/pgjdbc-tests.log
[INFO] Added MAVEN property mvn.project.property.unzip.jdk.ant.build.xml=/home/travis/build/pgjdbc/pgjdbc/pgjdbc/target/unzip-jdk-ant.xml
[INFO] Added MAVEN property mvn.project.property.sspiusername=testsspi
[INFO] Added MAVEN property mvn.project.property.template.default.pg.port=5432
[INFO] Added MAVEN property mvn.project.property.parsedversion.minorversion=2
[INFO] Added MAVEN property mvn.project.property.jdbc.specification.version.nodot=42
[INFO] Added MAVEN property mvn.project.property.postgresql.jdbc.spec=JDBC4.2
[INFO] Added MAVEN property mvn.project.property.database=test
[INFO] Added MAVEN property mvn.project.property.password=***** [hidden because may contain private info]
[INFO] Added MAVEN property mvn.project.property.postgresql.enforce.jdk.version=1.8
[INFO] Added MAVEN property mvn.project.property.parsedversion.buildnumber=0
[INFO] Added MAVEN property mvn.project.property.project.build.sourceencoding=UTF-8
[INFO] Added MAVEN property mvn.project.property.preparethreshold=5
[INFO] Added MAVEN property mvn.project.property.secondaryport2=5434
[INFO] Added MAVEN property mvn.project.property.protocolversion=0
[INFO] Added MAVEN property mvn.project.property.secondaryport1=5433
[INFO] Added MAVEN property mvn.project.property.privilegeduser=postgres
[INFO] Added MAVEN property mvn.project.property.build.properties.relative.path=/home/travis/build/pgjdbc/pgjdbc/pgjdbc/..
[INFO] Added MAVEN property mvn.project.property.skip.assembly=false
[INFO] Added MAVEN property mvn.project.property.postgresql.preprocessed.sources.directory=/home/travis/build/pgjdbc/pgjdbc/pgjdbc/target/gen-src
[INFO] Added MAVEN property mvn.project.property.loggerlevel=OFF
[INFO] Added MAVEN property mvn.project.property.waffleenabled=true
[INFO] Added MAVEN property mvn.project.property.privilegedpassword=***** [hidden because may contain private info]
[INFO] Added MAVEN property mvn.project.property.javac.target=1.8
[INFO] Added MAVEN property mvn.project.property.postgresql.preprocessed.test.sources.directory=/home/travis/build/pgjdbc/pgjdbc/pgjdbc/target/gen-test-src
[INFO] Added MAVEN property mvn.project.property.parsedversion.qualifier=SNAPSHOT
[INFO] Added MAVEN property mvn.project.property.waffle-jna.version=1.7.5
[INFO] Added MAVEN property mvn.project.property.checkstyle.version=[8.18,)
[INFO] Added MAVEN property mvn.project.property.secondaryserver2=localhost
[INFO] Added MAVEN property mvn.project.property.parsedversion.incrementalversion=7
[INFO] Added MAVEN property mvn.project.property.skip.unzip-jdk-src=true
[INFO] Added MAVEN property mvn.project.property.port=5432
[INFO] Added MAVEN property mvn.project.property.secondaryserver1=localhost
[INFO] Added MAVEN property mvn.project.property.postgresql.driver.fullversion=PostgreSQL JDBC4.2
[INFO] Added MAVEN property mvn.project.property.parsedversion.majorversion=42
[INFO] Added MAVEN property mvn.project.property.argline=-Xmx512m
[INFO] Added MAVEN property mvn.project.property.username=test
[INFO] Preprocess sources : /home/travis/build/pgjdbc/pgjdbc/pgjdbc/src/main/java
[INFO] Preprocess destination : /home/travis/build/pgjdbc/pgjdbc/pgjdbc/target/gen-src
[INFO] -----------------------------------------------------------------
[INFO] Completed, preprocessed 237 files, copied 16 files, elapsed time 693ms
[INFO] A Compile source root has been removed from the root list [/home/travis/build/pgjdbc/pgjdbc/pgjdbc/src/main/java]
[INFO] The New compile source root has been added into the list [/home/travis/build/pgjdbc/pgjdbc/pgjdbc/target/gen-src]
[INFO] 
[INFO] --- maven-clean-plugin:2.5:clean (remove-future-jre-sources) @ postgresql ---
[INFO] 
[INFO] --- maven-resources-plugin:2.6:resources (default-resources) @ postgresql ---
[INFO] Using 'UTF-8' encoding to copy filtered resources.
[INFO] Copying 2 resources
[INFO] 
[INFO] --- maven-compiler-plugin:3.3:compile (default-compile) @ postgresql ---
[INFO] Toolchain in maven-compiler-plugin: JDK[/usr/lib/jvm/java-9-oracle]
[INFO] Changes detected - recompiling the module!
[INFO] Compiling 237 source files to /home/travis/build/pgjdbc/pgjdbc/pgjdbc/target/classes
[INFO] 
[INFO] --- jcp:6.0.1:preprocess (preprocessTestSources) @ postgresql ---
[INFO] Added MAVEN property mvn.project.name=PostgreSQL JDBC Driver - JDBC 4.2
[INFO] Added MAVEN property mvn.project.version=42.2.7-SNAPSHOT
[INFO] Added MAVEN property mvn.project.url=https://github.com/pgjdbc/pgjdbc
[INFO] Added MAVEN property mvn.project.packaging=bundle
[INFO] Added MAVEN property mvn.project.modelversion=4.0.0
[INFO] Added MAVEN property mvn.project.inceptionyear=
[INFO] Added MAVEN property mvn.project.id=org.postgresql:postgresql:bundle:42.2.7-SNAPSHOT
[INFO] Added MAVEN property mvn.project.groupid=org.postgresql
[INFO] Added MAVEN property mvn.project.description=Java JDBC 4.2 (JRE 8+) driver for PostgreSQL database
[INFO] Added MAVEN property mvn.project.artifact.id=org.postgresql:postgresql:bundle:42.2.7-SNAPSHOT
[INFO] Added MAVEN property mvn.project.artifact.artifactid=postgresql
[INFO] Added MAVEN property mvn.project.artifact.baseversion=42.2.7-SNAPSHOT
[INFO] Added MAVEN property mvn.project.artifact.dependencyconflictid=org.postgresql:postgresql:bundle
[INFO] Added MAVEN property mvn.project.artifact.downloadurl=
[INFO] Added MAVEN property mvn.project.artifact.groupid=org.postgresql
[INFO] Added MAVEN property mvn.project.artifact.scope=
[INFO] Added MAVEN property mvn.project.artifact.type=bundle
[INFO] Added MAVEN property mvn.project.artifact.version=42.2.7-SNAPSHOT
[INFO] Added MAVEN property mvn.project.build.directory=/home/travis/build/pgjdbc/pgjdbc/pgjdbc/target
[INFO] Added MAVEN property mvn.project.build.defaultgoal=
[INFO] Added MAVEN property mvn.project.build.outputdirectory=/home/travis/build/pgjdbc/pgjdbc/pgjdbc/target/classes
[INFO] Added MAVEN property mvn.project.build.scriptsourcedirectory=/home/travis/build/pgjdbc/pgjdbc/pgjdbc/src/main/scripts
[INFO] Added MAVEN property mvn.project.build.sourcedirectory=/home/travis/build/pgjdbc/pgjdbc/pgjdbc/src/main/java
[INFO] Added MAVEN property mvn.project.build.testoutputdirectory=/home/travis/build/pgjdbc/pgjdbc/pgjdbc/target/test-classes
[INFO] Added MAVEN property mvn.project.build.testsourcedirectory=/home/travis/build/pgjdbc/pgjdbc/pgjdbc/src/test/java
[INFO] Added MAVEN property mvn.project.organization.name=PostgreSQL Global Development Group
[INFO] Added MAVEN property mvn.project.organization.url=https://jdbc.postgresql.org/
[INFO] Added MAVEN property mvn.project.activeprofiles=jdk9-workarounds;standard-with-extra-repos
[INFO] Added MAVEN property mvn.project.property.jdbc.specification.version=4.2
[INFO] Added MAVEN property mvn.project.property.server=localhost
[INFO] Added MAVEN property mvn.project.property.sslpassword=***** [hidden because may contain private info]
[INFO] Added MAVEN property mvn.project.property.osgienabled=true
[INFO] Added MAVEN property mvn.project.property.parsedversion.osgiversion=42.2.7.SNAPSHOT
[INFO] Added MAVEN property mvn.project.property.loggerfile=target/pgjdbc-tests.log
[INFO] Added MAVEN property mvn.project.property.unzip.jdk.ant.build.xml=/home/travis/build/pgjdbc/pgjdbc/pgjdbc/target/unzip-jdk-ant.xml
[INFO] Added MAVEN property mvn.project.property.sspiusername=testsspi
[INFO] Added MAVEN property mvn.project.property.template.default.pg.port=5432
[INFO] Added MAVEN property mvn.project.property.parsedversion.minorversion=2
[INFO] Added MAVEN property mvn.project.property.jdbc.specification.version.nodot=42
[INFO] Added MAVEN property mvn.project.property.postgresql.jdbc.spec=JDBC4.2
[INFO] Added MAVEN property mvn.project.property.database=test
[INFO] Added MAVEN property mvn.project.property.password=***** [hidden because may contain private info]
[INFO] Added MAVEN property mvn.project.property.postgresql.enforce.jdk.version=1.8
[INFO] Added MAVEN property mvn.project.property.parsedversion.buildnumber=0
[INFO] Added MAVEN property mvn.project.property.project.build.sourceencoding=UTF-8
[INFO] Added MAVEN property mvn.project.property.preparethreshold=5
[INFO] Added MAVEN property mvn.project.property.secondaryport2=5434
[INFO] Added MAVEN property mvn.project.property.protocolversion=0
[INFO] Added MAVEN property mvn.project.property.secondaryport1=5433
[INFO] Added MAVEN property mvn.project.property.privilegeduser=postgres
[INFO] Added MAVEN property mvn.project.property.build.properties.relative.path=/home/travis/build/pgjdbc/pgjdbc/pgjdbc/..
[INFO] Added MAVEN property mvn.project.property.skip.assembly=false
[INFO] Added MAVEN property mvn.project.property.postgresql.preprocessed.sources.directory=/home/travis/build/pgjdbc/pgjdbc/pgjdbc/target/gen-src
[INFO] Added MAVEN property mvn.project.property.loggerlevel=OFF
[INFO] Added MAVEN property mvn.project.property.waffleenabled=true
[INFO] Added MAVEN property mvn.project.property.privilegedpassword=***** [hidden because may contain private info]
[INFO] Added MAVEN property mvn.project.property.javac.target=1.8
[INFO] Added MAVEN property mvn.project.property.postgresql.preprocessed.test.sources.directory=/home/travis/build/pgjdbc/pgjdbc/pgjdbc/target/gen-test-src
[INFO] Added MAVEN property mvn.project.property.parsedversion.qualifier=SNAPSHOT
[INFO] Added MAVEN property mvn.project.property.waffle-jna.version=1.7.5
[INFO] Added MAVEN property mvn.project.property.checkstyle.version=[8.18,)
[INFO] Added MAVEN property mvn.project.property.secondaryserver2=localhost
[INFO] Added MAVEN property mvn.project.property.parsedversion.incrementalversion=7
[INFO] Added MAVEN property mvn.project.property.skip.unzip-jdk-src=true
[INFO] Added MAVEN property mvn.project.property.port=5432
[INFO] Added MAVEN property mvn.project.property.secondaryserver1=localhost
[INFO] Added MAVEN property mvn.project.property.postgresql.driver.fullversion=PostgreSQL JDBC4.2
[INFO] Added MAVEN property mvn.project.property.parsedversion.majorversion=42
[INFO] Added MAVEN property mvn.project.property.argline=-Xmx512m
[INFO] Added MAVEN property mvn.project.property.username=test
[INFO] Preprocess sources : /home/travis/build/pgjdbc/pgjdbc/pgjdbc/src/test/java
[INFO] Preprocess destination : /home/travis/build/pgjdbc/pgjdbc/pgjdbc/target/gen-test-src
[INFO] -----------------------------------------------------------------
[INFO] Completed, preprocessed 167 files, copied 1 files, elapsed time 159ms
[INFO] A Compile source root has been removed from the root list [/home/travis/build/pgjdbc/pgjdbc/pgjdbc/src/test/java]
[INFO] The New compile source root has been added into the list [/home/travis/build/pgjdbc/pgjdbc/pgjdbc/target/gen-test-src]
[INFO] 
[INFO] --- maven-clean-plugin:2.5:clean (remove-future-jre-test-sources) @ postgresql ---
[INFO] 
[INFO] --- maven-resources-plugin:2.6:testResources (default-testResources) @ postgresql ---
[INFO] Using 'UTF-8' encoding to copy filtered resources.
[INFO] Copying 1 resource
[INFO] 
[INFO] --- maven-compiler-plugin:3.3:testCompile (default-testCompile) @ postgresql ---
[INFO] Toolchain in maven-compiler-plugin: JDK[/usr/lib/jvm/java-9-oracle]
[INFO] Changes detected - recompiling the module!
[INFO] Compiling 167 source files to /home/travis/build/pgjdbc/pgjdbc/pgjdbc/target/test-classes
[INFO] 
[INFO] --- maven-surefire-plugin:2.18.1:test (default-test) @ postgresql ---
[INFO] Toolchain in maven-surefire-plugin: JDK[/usr/lib/jvm/java-9-oracle]
[INFO] Surefire report directory: /home/travis/build/pgjdbc/pgjdbc/pgjdbc/target/surefire-reports

-------------------------------------------------------
 T E S T S
-------------------------------------------------------
Configuration file /home/travis/build/pgjdbc/pgjdbc/pgjdbc/../build.local.properties does not exist. Consider adding it to specify test db host and login
Skipping SingleCertSocketFactoryTests. To enable set the property testsinglecertfactory=true in the ssltest.properties file.
Configuration file /home/travis/build/pgjdbc/pgjdbc/pgjdbc/../ssltest.local.properties does not exist. Consider adding it to specify test db host and login
enableSslTests is null, skipping SSL tests
Running org.postgresql.replication.ReplicationTestSuite
Configuration file /home/travis/build/pgjdbc/pgjdbc/pgjdbc/../build.local.properties does not exist. Consider adding it to specify test db host and login
Tests run: 1, Failures: 0, Errors: 0, Skipped: 1, Time elapsed: 0.609 sec - in org.postgresql.replication.ReplicationTestSuite
Running org.postgresql.test.ssl.SingleCertValidatingFactoryTestSuite
Skipping SingleCertSocketFactoryTests. To enable set the property testsinglecertfactory=true in the ssltest.properties file.
Tests run: 0, Failures: 0, Errors: 0, Skipped: 0, Time elapsed: 0 sec - in org.postgresql.test.ssl.SingleCertValidatingFactoryTestSuite
Running org.postgresql.test.ssl.SslTestSuite
Configuration file /home/travis/build/pgjdbc/pgjdbc/pgjdbc/../ssltest.local.properties does not exist. Consider adding it to specify test db host and login
enableSslTests is null, skipping SSL tests
Tests run: 25, Failures: 0, Errors: 0, Skipped: 0, Time elapsed: 0.008 sec - in org.postgresql.test.ssl.SslTestSuite
Running org.postgresql.test.hostchooser.MultiHostTestSuite
Tests run: 1, Failures: 0, Errors: 0, Skipped: 1, Time elapsed: 0.021 sec - in org.postgresql.test.hostchooser.MultiHostTestSuite
Running org.postgresql.test.socketfactory.SocketFactoryTestSuite
Tests run: 1, Failures: 0, Errors: 0, Skipped: 0, Time elapsed: 0.054 sec - in org.postgresql.test.socketfactory.SocketFactoryTestSuite
Running org.postgresql.test.xa.XATestSuite
Tests run: 28, Failures: 0, Errors: 0, Skipped: 28, Time elapsed: 1.086 sec - in org.postgresql.test.xa.XATestSuite
Running org.postgresql.test.jdbc42.Jdbc42TestSuite
Tests run: 60, Failures: 0, Errors: 0, Skipped: 3, Time elapsed: 16.079 sec - in org.postgresql.test.jdbc42.Jdbc42TestSuite
Running org.postgresql.test.osgi.OsgiTestSuite
Tests run: 8, Failures: 0, Errors: 0, Skipped: 0, Time elapsed: 0.011 sec - in org.postgresql.test.osgi.OsgiTestSuite
Running org.postgresql.test.jdbc2.AutoRollbackTestSuite
Tests run: 984, Failures: 0, Errors: 0, Skipped: 0, Time elapsed: 20.293 sec - in org.postgresql.test.jdbc2.AutoRollbackTestSuite
Running org.postgresql.test.jdbc2.Jdbc2TestSuite
java.version = 9.0.1, JavaVersion.getRuntimeVersion() = other
[testFastCloses] total counts for each sql state: {0=247, 55000=753}
Using seed = 1561365348510 for StrangeInputStream. Set -DStrangeInputStream.seed=1561365348510 to reproduce the test
Using seed = 1561365348798 for StrangeInputStream. Set -DStrangeInputStream.seed=1561365348798 to reproduce the test
Using seed = 1561365349038 for StrangeInputStream. Set -DStrangeInputStream.seed=1561365349038 to reproduce the test
Using seed = 1561365349274 for StrangeInputStream. Set -DStrangeInputStream.seed=1561365349274 to reproduce the test
Using seed = 1561365349506 for StrangeInputStream. Set -DStrangeInputStream.seed=1561365349506 to reproduce the test
Using seed = 1561365349745 for StrangeInputStream. Set -DStrangeInputStream.seed=1561365349745 to reproduce the test
Using seed = 1561365349990 for StrangeInputStream. Set -DStrangeInputStream.seed=1561365349990 to reproduce the test
Using seed = 1561365350227 for StrangeInputStream. Set -DStrangeInputStream.seed=1561365350227 to reproduce the test
Using seed = 1561365350464 for StrangeInputStream. Set -DStrangeInputStream.seed=1561365350464 to reproduce the test
Using seed = 1561365350692 for StrangeInputStream. Set -DStrangeInputStream.seed=1561365350692 to reproduce the test
Tests run: 4163, Failures: 0, Errors: 0, Skipped: 11, Time elapsed: 111.125 sec - in org.postgresql.test.jdbc2.Jdbc2TestSuite
Running org.postgresql.test.jdbc2.optional.OptionalTestSuite
Tests run: 59, Failures: 0, Errors: 0, Skipped: 1, Time elapsed: 2.71 sec - in org.postgresql.test.jdbc2.optional.OptionalTestSuite
Running org.postgresql.test.jre8.core.Jre8TestSuite
Tests run: 1, Failures: 0, Errors: 0, Skipped: 0, Time elapsed: 0.019 sec - in org.postgresql.test.jre8.core.Jre8TestSuite
Running org.postgresql.test.jdbc3.Jdbc3TestSuite
Tests run: 260, Failures: 0, Errors: 0, Skipped: 6, Time elapsed: 5.073 sec - in org.postgresql.test.jdbc3.Jdbc3TestSuite
Running org.postgresql.test.jdbc4.jdbc41.Jdbc41TestSuite
JUnit used jdk.internal.loader.ClassLoaders$AppClassLoader@ba8a1dc
SeparateClassLoaderInvokeMethod used jdk.internal.loader.ClassLoaders$AppClassLoader@ba8a1dc
se.jiderhamn.classloader.RedefiningClassLoader[org.postgresql.test.jdbc4.jdbc41.SharedTimerClassLoaderLeakTest.sharedTimerDoesNotCauseLeak]@2b6133ca is being finalized
Tests run: 59, Failures: 0, Errors: 0, Skipped: 1, Time elapsed: 2.794 sec - in org.postgresql.test.jdbc4.jdbc41.Jdbc41TestSuite
Running org.postgresql.test.jdbc4.Jdbc4TestSuite
Tests run: 131, Failures: 0, Errors: 0, Skipped: 0, Time elapsed: 292.707 sec - in org.postgresql.test.jdbc4.Jdbc4TestSuite
Running org.postgresql.test.extensions.ExtensionsTestSuite
Tests run: 5, Failures: 0, Errors: 0, Skipped: 0, Time elapsed: 0.111 sec - in org.postgresql.test.extensions.ExtensionsTestSuite

Results :

Tests run: 5786, Failures: 0, Errors: 0, Skipped: 52

[INFO] 
[INFO] --- maven-bundle-plugin:2.5.3:bundle (default-bundle) @ postgresql ---
[INFO] 
[INFO] --- maven-shade-plugin:3.1.0:shade (default) @ postgresql ---
[INFO] Including com.ongres.scram:client:jar:1.0.0-beta.2 in the shaded jar.
[INFO] Including com.ongres.scram:common:jar:1.0.0-beta.2 in the shaded jar.
[INFO] Including com.github.dblock.waffle:waffle-jna:jar:1.7.5 in the shaded jar.
[INFO] Including net.java.dev.jna:jna:jar:4.2.1 in the shaded jar.
[INFO] Including net.java.dev.jna:jna-platform:jar:4.2.1 in the shaded jar.
[INFO] Including org.slf4j:jcl-over-slf4j:jar:1.7.12 in the shaded jar.
[INFO] No artifact matching filter com.github.waffle:waffle-jna
[INFO] Minimizing jar org.postgresql:postgresql:bundle:42.2.7-SNAPSHOT
[INFO] Minimized 420 -> 391 (93%)
[INFO] Replacing original artifact with shaded artifact.
[INFO] Replacing /home/travis/build/pgjdbc/pgjdbc/pgjdbc/target/postgresql-42.2.7-SNAPSHOT.jar with /home/travis/build/pgjdbc/pgjdbc/pgjdbc/target/postgresql-42.2.7-SNAPSHOT-shaded.jar
[INFO] Dependency-reduced POM written at: /home/travis/build/pgjdbc/pgjdbc/pgjdbc/dependency-reduced-pom.xml
[INFO] 
[INFO] ------------------------------------------------------------------------
[INFO] Building PostgreSQL JDBC Driver aggregate 42.2.7-SNAPSHOT
[INFO] ------------------------------------------------------------------------
[INFO] 
[INFO] --- maven-clean-plugin:2.5:clean (default-clean) @ pgjdbc-aggregate ---
[INFO] 
[INFO] --- maven-antrun-plugin:1.7:run (create-unzipjdkant.xml) @ pgjdbc-aggregate ---
[INFO] Executing tasks

main:
     [echo] Generating /home/travis/build/pgjdbc/pgjdbc/target/unzip-jdk-ant.xml
[INFO] Executed tasks
[INFO] ------------------------------------------------------------------------
[INFO] Reactor Summary:
[INFO] 
[INFO] PostgreSQL JDBC Driver - JDBC 4.2 .................. SUCCESS [07:55 min]
[INFO] PostgreSQL JDBC Driver aggregate ................... SUCCESS [  0.320 s]
[INFO] ------------------------------------------------------------------------
[INFO] BUILD SUCCESS
[INFO] ------------------------------------------------------------------------
[INFO] Total time: 07:58 min
[INFO] Finished at: 2019-06-24T04:40:59-04:00
[INFO] Final Memory: 24M/81M
[INFO] ------------------------------------------------------------------------
+[[ '' == \Y ]]
+[[ '' == *\Y ]]
travis_time:end:0ff0993e:start=1561365178356616243,finish=1561365659550198936,duration=481193582693
[0K[32;1mThe command "if [[ $TRAVIS_BRANCH == release/* ]]; then .travis/travis_release.sh; else ./.travis/travis_build.sh; fi" exited with 0.[0m

travis_time:start:001693ec
[0K$ ./.travis/travis_check_postgres_health.sh
travis_time:end:001693ec:start=1561365659557947331,finish=1561365659567647038,duration=9699707
[0K[32;1mThe command "./.travis/travis_check_postgres_health.sh" exited with 0.[0m

travis_fold:start:before_cache.1
[0Ktravis_time:start:175f64b0
[0K$ rm -rf $HOME/.m2/repository/org/postgresql
travis_time:end:175f64b0:start=1561365659574664036,finish=1561365659579596779,duration=4932743
[0Ktravis_fold:end:before_cache.1
[0Ktravis_fold:start:before_cache.2
[0Ktravis_time:start:0d2fa54e
[0K$ find $HOME/.ivy2 -name "ivydata-*.properties" -delete
travis_time:end:0d2fa54e:start=1561365659585513622,finish=1561365659591425436,duration=5911814
[0Ktravis_fold:end:before_cache.2
[0Ktravis_fold:start:before_cache.3
[0Ktravis_time:start:0d135869
[0K$ find $HOME/.sbt -name "*.lock" -delete
travis_time:end:0d135869:start=1561365659597212687,finish=1561365659602496696,duration=5284009
[0Ktravis_fold:end:before_cache.3
[0Ktravis_fold:start:cache.2
[0Kstore build cache
travis_time:start:0db2f724
[0Ktravis_time:end:0db2f724:start=1561365659610031823,finish=1561365659614361182,duration=4329359
[0Ktravis_time:start:26b2b8a4
[0K[32;1mnothing changed[0m
travis_time:end:26b2b8a4:start=1561365659621584693,finish=1561365660926090429,duration=1304505736
[0Ktravis_fold:end:cache.2
[0K
travis_fold:start:after_success
[0Ktravis_time:start:15422cd9
[0K$ test $TRAVIS_PULL_REQUEST == 'false' && test $TRAVIS_BRANCH == 'master' && test $MCENTRAL == 'Y' && ./.travis/travis_deploy.sh
travis_time:end:15422cd9:start=1561365660933605363,finish=1561365660938679890,duration=5074527
[0Ktravis_fold:end:after_success
[0K
Done. Your build exited with 0.
